INFO  2017-03-24 20:05:41,045 (Saros.java:220) Starting Saros 14.10.31 running:
  Java Version: 1.8.0_101
  Java Vendor: Oracle Corporation
  Eclipse Runtime Version: 3.12.0.v20160606-1342
  Operating System: Windows 10 (10.0)
  Hardware Architecture: amd64
INFO  2017-03-24 20:05:41,090 (SarosContext.java:153) creating Saros runtime context...
DEBUG 2017-03-24 20:05:41,154 (XMPPAccountStore.java:117) loading accounts from file: C:\Users\xyzer\.saros\config.dat
DEBUG 2017-03-24 20:05:41,358 (XMPPAccountStore.java:176) loaded 1 account(s)
INFO  2017-03-24 20:05:41,595 (SarosContext.java:199) successfully created Saros runtime context
DEBUG 2017-03-24 20:05:41,625 (DataTransferManager.java:467) used transport order for the current XMPP connection: [XMPP-Socks5-Transport, XMPP-IBB-Transport]
INFO  2017-03-24 20:05:41,658 (PreferenceInitializer.java:50) initializing preference default values
DEBUG 2017-03-24 20:05:41,707 (SarosAnnotation.java:117) resetting annotation colors
DEBUG 2017-03-24 20:05:41,715 (Saros.java:430) skipping conversion of old XMPP accounts, because there are already new ones
DEBUG 2017-03-24 20:05:49,380 (SharedDocumentProvider.java:77) SharedDocumentProvider created by Eclipse
DEBUG 2017-03-24 20:05:57,374 (WhiteboardManager.java:194) WhiteboardManager instantiated
DEBUG 2017-03-24 20:05:57,471 (DocumentRecord.java:93) Added Node: attr(149038235746717071) name=svg
DEBUG 2017-03-24 20:05:57,670 (XMPPConnectionService.java:439) started Socks5 proxy on port: 7777 [listening on all interfaces]
DEBUG 2017-03-24 20:06:00,134 (XMPPConnectionService.java:459) using autodetected addresses: [192.168.2.110, 2001:0:9d38:78cf:1ccf:24aa:a20b:74a8, fe80:0:0:0:1ccf:24aa:a20b:74a8%net1, fe80:0:0:0:50fa:8586:2f83:e7%eth1]
DEBUG 2017-03-24 20:06:00,141 (XMPPConnectionService.java:398)  new connection state == CONNECTING
DEBUG 2017-03-24 20:06:01,610 (XMPPConnectionService.java:398) xzer@saros-con.imp.fu-berlin.de/Saros new connection state == CONNECTED
DEBUG 2017-03-24 20:06:01,611 (DataTransferManager.java:467) used transport order for the current XMPP connection: [XMPP-Socks5-Transport, XMPP-IBB-Transport]
DEBUG 2017-03-24 20:06:01,614 (SkypeManager.java:289) Refreshing Skype username cache...
WARN  2017-03-24 20:06:11,670 (StunServiceImpl.java:420) received no response from STUN server stunserver.org/69.172.201.153:3478 at local address /192.168.2.110:0
