INFO  2021-02-04 23:02:06,408 (Saros.java:220) Starting Saros 14.10.31 running:
  Java Version: 1.8.0_101
  Java Vendor: Oracle Corporation
  Eclipse Runtime Version: 3.12.0.v20160606-1342
  Operating System: Windows 10 (10.0)
  Hardware Architecture: amd64
INFO  2021-02-04 23:02:06,428 (SarosContext.java:153) creating Saros runtime context...
DEBUG 2021-02-04 23:02:06,464 (XMPPAccountStore.java:117) loading accounts from file: C:\Users\xyzer\.saros\config.dat
DEBUG 2021-02-04 23:02:06,702 (XMPPAccountStore.java:176) loaded 1 account(s)
INFO  2021-02-04 23:02:06,815 (SarosContext.java:199) successfully created Saros runtime context
DEBUG 2021-02-04 23:02:06,829 (DataTransferManager.java:467) used transport order for the current XMPP connection: [XMPP-Socks5-Transport, XMPP-IBB-Transport]
INFO  2021-02-04 23:02:06,844 (PreferenceInitializer.java:50) initializing preference default values
DEBUG 2021-02-04 23:02:06,869 (SarosAnnotation.java:117) resetting annotation colors
DEBUG 2021-02-04 23:02:06,876 (Saros.java:430) skipping conversion of old XMPP accounts, because there are already new ones
DEBUG 2021-02-04 23:02:14,799 (SharedDocumentProvider.java:77) SharedDocumentProvider created by Eclipse
DEBUG 2021-02-04 23:02:29,894 (WhiteboardManager.java:194) WhiteboardManager instantiated
DEBUG 2021-02-04 23:02:30,135 (DocumentRecord.java:93) Added Node: attr(16124761501334420) name=svg
DEBUG 2021-02-04 23:02:30,237 (XMPPConnectionService.java:439) started Socks5 proxy on port: 7777 [listening on all interfaces]
DEBUG 2021-02-04 23:02:31,454 (XMPPConnectionService.java:459) using autodetected addresses: [192.168.2.111, fe80:0:0:0:3825:1d6e:3ae2:61c4%eth0]
DEBUG 2021-02-04 23:02:31,459 (XMPPConnectionService.java:398)  new connection state == CONNECTING
DEBUG 2021-02-04 23:02:31,914 (XMPPConnectionService.java:398) xzer@saros-con.imp.fu-berlin.de/Saros new connection state == CONNECTED
DEBUG 2021-02-04 23:02:31,914 (DataTransferManager.java:467) used transport order for the current XMPP connection: [XMPP-Socks5-Transport, XMPP-IBB-Transport]
DEBUG 2021-02-04 23:02:31,916 (SkypeManager.java:289) Refreshing Skype username cache...
ERROR 2021-02-04 23:02:32,282 (ThreadUtils.java:40) Internal Error:
java.lang.NullPointerException
	at de.fu_berlin.inf.dpp.serviceProviders.SarosSourceProvider.refreshUIElements(SarosSourceProvider.java:153)
	at de.fu_berlin.inf.dpp.serviceProviders.SarosSourceProvider.access$3(SarosSourceProvider.java:150)
	at de.fu_berlin.inf.dpp.serviceProviders.SarosSourceProvider$3.run(SarosSourceProvider.java:128)
	at de.fu_berlin.inf.dpp.util.ThreadUtils$1.run(ThreadUtils.java:38)
	at org.eclipse.swt.widgets.RunnableLock.run(RunnableLock.java:35)
	at org.eclipse.swt.widgets.Synchronizer.runAsyncMessages(Synchronizer.java:182)
	at org.eclipse.swt.widgets.Display.runAsyncMessages(Display.java:4203)
	at org.eclipse.swt.widgets.Display.readAndDispatch(Display.java:3819)
	at org.eclipse.jface.operation.ModalContext$ModalContextThread.block(ModalContext.java:165)
	at org.eclipse.jface.operation.ModalContext.run(ModalContext.java:369)
	at org.eclipse.jface.dialogs.ProgressMonitorDialog.run(ProgressMonitorDialog.java:481)
	at org.eclipse.ui.internal.progress.ProgressMonitorJobsDialog.run(ProgressMonitorJobsDialog.java:242)
	at org.eclipse.ui.internal.ide.application.IDEWorkbenchAdvisor.disconnectFromWorkspace(IDEWorkbenchAdvisor.java:463)
	at org.eclipse.ui.internal.ide.application.IDEWorkbenchAdvisor.postShutdown(IDEWorkbenchAdvisor.java:309)
	at org.eclipse.ui.internal.Workbench.shutdown(Workbench.java:3111)
	at org.eclipse.ui.internal.Workbench.busyClose(Workbench.java:1200)
	at org.eclipse.ui.internal.Workbench.access$22(Workbench.java:1112)
	at org.eclipse.ui.internal.Workbench$19.run(Workbench.java:1453)
	at org.eclipse.swt.custom.BusyIndicator.showWhile(BusyIndicator.java:70)
	at org.eclipse.ui.internal.Workbench.close(Workbench.java:1450)
	at org.eclipse.ui.internal.Workbench.restart(Workbench.java:2658)
	at org.eclipse.ui.internal.ide.actions.OpenWorkspaceAction.restart(OpenWorkspaceAction.java:250)
	at org.eclipse.ui.internal.ide.actions.OpenWorkspaceAction.access$0(OpenWorkspaceAction.java:242)
	at org.eclipse.ui.internal.ide.actions.OpenWorkspaceAction$WorkspaceMRUAction.run(OpenWorkspaceAction.java:91)
	at org.eclipse.jface.action.Action.runWithEvent(Action.java:473)
	at org.eclipse.jface.action.ActionContributionItem.handleWidgetSelection(ActionContributionItem.java:565)
	at org.eclipse.jface.action.ActionContributionItem.lambda$4(ActionContributionItem.java:397)
	at org.eclipse.swt.widgets.EventTable.sendEvent(EventTable.java:84)
	at org.eclipse.swt.widgets.Display.sendEvent(Display.java:4410)
	at org.eclipse.swt.widgets.Widget.sendEvent(Widget.java:1079)
	at org.eclipse.swt.widgets.Widget.sendEvent(Widget.java:1103)
	at org.eclipse.swt.widgets.Widget.sendEvent(Widget.java:1088)
	at org.eclipse.swt.widgets.Widget.notifyListeners(Widget.java:802)
	at org.eclipse.jface.action.ActionContributionItem.lambda$8(ActionContributionItem.java:1258)
	at org.eclipse.swt.widgets.EventTable.sendEvent(EventTable.java:84)
	at org.eclipse.swt.widgets.Display.sendEvent(Display.java:4410)
	at org.eclipse.swt.widgets.Widget.sendEvent(Widget.java:1079)
	at org.eclipse.swt.widgets.Display.runDeferredEvents(Display.java:4228)
	at org.eclipse.swt.widgets.Display.readAndDispatch(Display.java:3816)
	at org.eclipse.e4.ui.internal.workbench.swt.PartRenderingEngine$4.run(PartRenderingEngine.java:1121)
	at org.eclipse.core.databinding.observable.Realm.runWithDefault(Realm.java:336)
	at org.eclipse.e4.ui.internal.workbench.swt.PartRenderingEngine.run(PartRenderingEngine.java:1022)
	at org.eclipse.e4.ui.internal.workbench.E4Workbench.createAndRunUI(E4Workbench.java:150)
	at org.eclipse.ui.internal.Workbench$5.run(Workbench.java:687)
	at org.eclipse.core.databinding.observable.Realm.runWithDefault(Realm.java:336)
	at org.eclipse.ui.internal.Workbench.createAndRunWorkbench(Workbench.java:604)
	at org.eclipse.ui.PlatformUI.createAndRunWorkbench(PlatformUI.java:148)
	at org.eclipse.ui.internal.ide.application.IDEApplication.start(IDEApplication.java:138)
	at org.eclipse.equinox.internal.app.EclipseAppHandle.run(EclipseAppHandle.java:196)
	at org.eclipse.core.runtime.internal.adaptor.EclipseAppLauncher.runApplication(EclipseAppLauncher.java:134)
	at org.eclipse.core.runtime.internal.adaptor.EclipseAppLauncher.start(EclipseAppLauncher.java:104)
	at org.eclipse.core.runtime.adaptor.EclipseStarter.run(EclipseStarter.java:388)
	at org.eclipse.core.runtime.adaptor.EclipseStarter.run(EclipseStarter.java:243)
	at sun.reflect.NativeMethodAccessorImpl.invoke0(Native Method)
	at sun.reflect.NativeMethodAccessorImpl.invoke(Unknown Source)
	at sun.reflect.DelegatingMethodAccessorImpl.invoke(Unknown Source)
	at java.lang.reflect.Method.invoke(Unknown Source)
	at org.eclipse.equinox.launcher.Main.invokeFramework(Main.java:673)
	at org.eclipse.equinox.launcher.Main.basicRun(Main.java:610)
	at org.eclipse.equinox.launcher.Main.run(Main.java:1519)
ERROR 2021-02-04 23:02:32,320 (ThreadUtils.java:41) Original caller:
StackTrace:
	at de.fu_berlin.inf.dpp.util.ThreadUtils.wrapSafe(ThreadUtils.java:32)
	at de.fu_berlin.inf.dpp.ui.util.SWTUtils.runSafeSWTAsync(SWTUtils.java:139)
	at de.fu_berlin.inf.dpp.serviceProviders.SarosSourceProvider.connectionChanged(SarosSourceProvider.java:124)
	at de.fu_berlin.inf.dpp.serviceProviders.SarosSourceProvider.access$0(SarosSourceProvider.java:123)
	at de.fu_berlin.inf.dpp.serviceProviders.SarosSourceProvider$1.connectionStateChanged(SarosSourceProvider.java:70)
	at de.fu_berlin.inf.dpp.communication.connection.ConnectionHandler.setConnectionState(ConnectionHandler.java:397)
	at de.fu_berlin.inf.dpp.communication.connection.ConnectionHandler.access$1(ConnectionHandler.java:389)
	at de.fu_berlin.inf.dpp.communication.connection.ConnectionHandler$1.connectionStateChanged(ConnectionHandler.java:79)
	at de.fu_berlin.inf.dpp.net.xmpp.XMPPConnectionService.setConnectionState(XMPPConnectionService.java:405)
	at de.fu_berlin.inf.dpp.net.xmpp.XMPPConnectionService.connect(XMPPConnectionService.java:280)
	at de.fu_berlin.inf.dpp.communication.connection.ConnectionHandler.connectXMPPInternal(ConnectionHandler.java:332)
	at de.fu_berlin.inf.dpp.communication.connection.ConnectionHandler.connect(ConnectionHandler.java:190)
	at de.fu_berlin.inf.dpp.StartupSaros$1.run(StartupSaros.java:113)
	at de.fu_berlin.inf.dpp.util.ThreadUtils$1.run(ThreadUtils.java:38)
	at java.lang.Thread.run(Unknown Source)
DEBUG 2021-02-04 23:02:32,966 (XMPPConnectionService.java:398) xzer@saros-con.imp.fu-berlin.de/Saros new connection state == DISCONNECTING
DEBUG 2021-02-04 23:02:33,134 (XMPPConnectionService.java:398)  new connection state == NOT_CONNECTED
DEBUG 2021-02-04 23:02:33,136 (UPnPServiceImpl.java:295) deleting existing port mappings
