INFO  2017-07-29 13:04:32,373 (Saros.java:220) Starting Saros 14.10.31 running:
  Java Version: 1.8.0_101
  Java Vendor: Oracle Corporation
  Eclipse Runtime Version: 3.12.0.v20160606-1342
  Operating System: Windows 10 (10.0)
  Hardware Architecture: amd64
INFO  2017-07-29 13:04:32,406 (SarosContext.java:153) creating Saros runtime context...
DEBUG 2017-07-29 13:04:32,467 (XMPPAccountStore.java:117) loading accounts from file: C:\Users\xyzer\.saros\config.dat
DEBUG 2017-07-29 13:04:32,650 (XMPPAccountStore.java:176) loaded 1 account(s)
INFO  2017-07-29 13:04:32,851 (SarosContext.java:199) successfully created Saros runtime context
DEBUG 2017-07-29 13:04:32,876 (DataTransferManager.java:467) used transport order for the current XMPP connection: [XMPP-Socks5-Transport, XMPP-IBB-Transport]
INFO  2017-07-29 13:04:32,902 (PreferenceInitializer.java:50) initializing preference default values
DEBUG 2017-07-29 13:04:32,950 (SarosAnnotation.java:117) resetting annotation colors
DEBUG 2017-07-29 13:04:32,959 (Saros.java:430) skipping conversion of old XMPP accounts, because there are already new ones
DEBUG 2017-07-29 13:04:38,052 (SharedDocumentProvider.java:77) SharedDocumentProvider created by Eclipse
DEBUG 2017-07-29 13:04:53,047 (WhiteboardManager.java:194) WhiteboardManager instantiated
DEBUG 2017-07-29 13:04:53,235 (DocumentRecord.java:93) Added Node: attr(150132629323163700) name=svg
DEBUG 2017-07-29 13:04:53,406 (XMPPConnectionService.java:439) started Socks5 proxy on port: 7777 [listening on all interfaces]
DEBUG 2017-07-29 13:04:55,841 (XMPPConnectionService.java:459) using autodetected addresses: [192.168.2.105, fe80:0:0:0:50fa:8586:2f83:e7%eth3]
DEBUG 2017-07-29 13:04:55,850 (XMPPConnectionService.java:398)  new connection state == CONNECTING
DEBUG 2017-07-29 13:04:56,762 (XMPPConnectionService.java:398) xzer@saros-con.imp.fu-berlin.de/Saros new connection state == CONNECTED
DEBUG 2017-07-29 13:04:56,763 (DataTransferManager.java:467) used transport order for the current XMPP connection: [XMPP-Socks5-Transport, XMPP-IBB-Transport]
DEBUG 2017-07-29 13:04:56,765 (SkypeManager.java:289) Refreshing Skype username cache...
WARN  2017-07-29 13:05:06,219 (StunServiceImpl.java:420) received no response from STUN server stunserver.org/67.227.226.240:3478 at local address /192.168.2.105:0
DEBUG 2017-07-29 13:22:44,963 (XMPPConnectionService.java:398) xzer@saros-con.imp.fu-berlin.de/Saros new connection state == DISCONNECTING
DEBUG 2017-07-29 13:22:45,125 (XMPPConnectionService.java:398)  new connection state == NOT_CONNECTED
DEBUG 2017-07-29 13:22:45,130 (UPnPServiceImpl.java:295) deleting existing port mappings
