INFO  2017-02-11 23:34:51,395 (Saros.java:220) Starting Saros 14.10.31 running:
  Java Version: 1.8.0_101
  Java Vendor: Oracle Corporation
  Eclipse Runtime Version: 3.12.0.v20160606-1342
  Operating System: Windows 10 (10.0)
  Hardware Architecture: amd64
INFO  2017-02-11 23:34:51,516 (SarosContext.java:153) creating Saros runtime context...
DEBUG 2017-02-11 23:34:51,787 (XMPPAccountStore.java:117) loading accounts from file: C:\Users\xyzer\.saros\config.dat
DEBUG 2017-02-11 23:34:52,542 (XMPPAccountStore.java:176) loaded 1 account(s)
INFO  2017-02-11 23:34:52,898 (SarosContext.java:199) successfully created Saros runtime context
DEBUG 2017-02-11 23:34:52,938 (DataTransferManager.java:467) used transport order for the current XMPP connection: [XMPP-Socks5-Transport, XMPP-IBB-Transport]
INFO  2017-02-11 23:34:52,996 (PreferenceInitializer.java:50) initializing preference default values
DEBUG 2017-02-11 23:34:53,066 (SarosAnnotation.java:117) resetting annotation colors
DEBUG 2017-02-11 23:34:53,101 (Saros.java:430) skipping conversion of old XMPP accounts, because there are already new ones
DEBUG 2017-02-11 23:35:02,953 (SharedDocumentProvider.java:77) SharedDocumentProvider created by Eclipse
DEBUG 2017-02-11 23:35:13,707 (WhiteboardManager.java:194) WhiteboardManager instantiated
DEBUG 2017-02-11 23:35:13,769 (DocumentRecord.java:93) Added Node: attr(148685251376250112) name=svg
DEBUG 2017-02-11 23:35:14,163 (XMPPConnectionService.java:439) started Socks5 proxy on port: 7777 [listening on all interfaces]
DEBUG 2017-02-11 23:35:17,221 (XMPPConnectionService.java:459) using autodetected addresses: [192.168.2.110, fe80:0:0:0:50fa:8586:2f83:e7%eth2, 2001:0:34ae:348:1455:a01:a20a:4d75, fe80:0:0:0:1455:a01:a20a:4d75%net3]
DEBUG 2017-02-11 23:35:17,237 (XMPPConnectionService.java:398)  new connection state == CONNECTING
DEBUG 2017-02-11 23:35:18,829 (XMPPConnectionService.java:398) xzer@saros-con.imp.fu-berlin.de/Saros new connection state == CONNECTED
DEBUG 2017-02-11 23:35:18,832 (DataTransferManager.java:467) used transport order for the current XMPP connection: [XMPP-Socks5-Transport, XMPP-IBB-Transport]
DEBUG 2017-02-11 23:35:18,835 (SkypeManager.java:289) Refreshing Skype username cache...
WARN  2017-02-11 23:35:28,237 (StunServiceImpl.java:420) received no response from STUN server stunserver.org/69.172.201.153:3478 at local address /192.168.2.110:0
