INFO  2017-02-11 13:52:17,731 (Saros.java:220) Starting Saros 14.10.31 running:
  Java Version: 1.8.0_101
  Java Vendor: Oracle Corporation
  Eclipse Runtime Version: 3.12.0.v20160606-1342
  Operating System: Windows 10 (10.0)
  Hardware Architecture: amd64
INFO  2017-02-11 13:52:17,864 (SarosContext.java:153) creating Saros runtime context...
DEBUG 2017-02-11 13:52:18,050 (XMPPAccountStore.java:117) loading accounts from file: C:\Users\xyzer\.saros\config.dat
DEBUG 2017-02-11 13:52:18,397 (XMPPAccountStore.java:176) loaded 1 account(s)
INFO  2017-02-11 13:52:18,875 (SarosContext.java:199) successfully created Saros runtime context
DEBUG 2017-02-11 13:52:18,907 (DataTransferManager.java:467) used transport order for the current XMPP connection: [XMPP-Socks5-Transport, XMPP-IBB-Transport]
INFO  2017-02-11 13:52:18,955 (PreferenceInitializer.java:50) initializing preference default values
DEBUG 2017-02-11 13:52:19,068 (SarosAnnotation.java:117) resetting annotation colors
DEBUG 2017-02-11 13:52:19,080 (Saros.java:430) skipping conversion of old XMPP accounts, because there are already new ones
DEBUG 2017-02-11 13:52:31,776 (SharedDocumentProvider.java:77) SharedDocumentProvider created by Eclipse
DEBUG 2017-02-11 13:52:43,116 (WhiteboardManager.java:194) WhiteboardManager instantiated
DEBUG 2017-02-11 13:52:43,162 (DocumentRecord.java:93) Added Node: attr(148681756314061805) name=svg
DEBUG 2017-02-11 13:52:43,849 (XMPPConnectionService.java:439) started Socks5 proxy on port: 7777 [listening on all interfaces]
DEBUG 2017-02-11 13:52:46,358 (XMPPConnectionService.java:459) using autodetected addresses: [192.168.2.110, fe80:0:0:0:50fa:8586:2f83:e7%eth2, 2001:0:34ae:348:1455:a01:a20a:4d75, fe80:0:0:0:1455:a01:a20a:4d75%net3]
DEBUG 2017-02-11 13:52:46,374 (XMPPConnectionService.java:398)  new connection state == CONNECTING
DEBUG 2017-02-11 13:52:48,853 (XMPPConnectionService.java:398) xzer@saros-con.imp.fu-berlin.de/Saros new connection state == CONNECTED
DEBUG 2017-02-11 13:52:48,853 (DataTransferManager.java:467) used transport order for the current XMPP connection: [XMPP-Socks5-Transport, XMPP-IBB-Transport]
DEBUG 2017-02-11 13:52:48,855 (SkypeManager.java:289) Refreshing Skype username cache...
WARN  2017-02-11 13:52:58,733 (StunServiceImpl.java:420) received no response from STUN server stunserver.org/69.172.201.153:3478 at local address /192.168.2.110:0
DEBUG 2017-02-11 16:05:10,507 (XMPPConnectionService.java:398) xzer@saros-con.imp.fu-berlin.de/Saros new connection state == DISCONNECTING
DEBUG 2017-02-11 16:05:10,661 (XMPPConnectionService.java:398)  new connection state == NOT_CONNECTED
DEBUG 2017-02-11 16:05:10,662 (UPnPServiceImpl.java:295) deleting existing port mappings
