INFO  2017-02-11 16:32:11,601 (Saros.java:220) Starting Saros 14.10.31 running:
  Java Version: 1.8.0_101
  Java Vendor: Oracle Corporation
  Eclipse Runtime Version: 3.12.0.v20160606-1342
  Operating System: Windows 10 (10.0)
  Hardware Architecture: amd64
INFO  2017-02-11 16:32:11,650 (SarosContext.java:153) creating Saros runtime context...
DEBUG 2017-02-11 16:32:11,728 (XMPPAccountStore.java:117) loading accounts from file: C:\Users\xyzer\.saros\config.dat
DEBUG 2017-02-11 16:32:11,983 (XMPPAccountStore.java:176) loaded 1 account(s)
INFO  2017-02-11 16:32:12,238 (SarosContext.java:199) successfully created Saros runtime context
DEBUG 2017-02-11 16:32:12,273 (DataTransferManager.java:467) used transport order for the current XMPP connection: [XMPP-Socks5-Transport, XMPP-IBB-Transport]
INFO  2017-02-11 16:32:12,315 (PreferenceInitializer.java:50) initializing preference default values
DEBUG 2017-02-11 16:32:12,374 (SarosAnnotation.java:117) resetting annotation colors
DEBUG 2017-02-11 16:32:12,386 (Saros.java:430) skipping conversion of old XMPP accounts, because there are already new ones
DEBUG 2017-02-11 16:32:20,177 (SharedDocumentProvider.java:77) SharedDocumentProvider created by Eclipse
DEBUG 2017-02-11 16:32:33,990 (WhiteboardManager.java:194) WhiteboardManager instantiated
DEBUG 2017-02-11 16:32:34,010 (DocumentRecord.java:93) Added Node: attr(148682715400862742) name=svg
DEBUG 2017-02-11 16:32:34,168 (XMPPConnectionService.java:439) started Socks5 proxy on port: 7777 [listening on all interfaces]
DEBUG 2017-02-11 16:32:38,607 (XMPPConnectionService.java:459) using autodetected addresses: [192.168.2.110, fe80:0:0:0:50fa:8586:2f83:e7%eth2, 2001:0:34ae:348:1455:a01:a20a:4d75, fe80:0:0:0:1455:a01:a20a:4d75%net3]
DEBUG 2017-02-11 16:32:38,627 (XMPPConnectionService.java:398)  new connection state == CONNECTING
DEBUG 2017-02-11 16:32:39,640 (XMPPConnectionService.java:398) xzer@saros-con.imp.fu-berlin.de/Saros new connection state == CONNECTED
DEBUG 2017-02-11 16:32:39,641 (DataTransferManager.java:467) used transport order for the current XMPP connection: [XMPP-Socks5-Transport, XMPP-IBB-Transport]
DEBUG 2017-02-11 16:32:39,644 (SkypeManager.java:289) Refreshing Skype username cache...
WARN  2017-02-11 16:32:49,613 (StunServiceImpl.java:420) received no response from STUN server stunserver.org/69.172.201.153:3478 at local address /192.168.2.110:0
