INFO  2017-02-09 15:10:34,707 (Saros.java:220) Starting Saros 14.10.31 running:
  Java Version: 1.8.0_101
  Java Vendor: Oracle Corporation
  Eclipse Runtime Version: 3.12.0.v20160606-1342
  Operating System: Windows 10 (10.0)
  Hardware Architecture: amd64
INFO  2017-02-09 15:10:34,756 (SarosContext.java:153) creating Saros runtime context...
DEBUG 2017-02-09 15:10:34,813 (XMPPAccountStore.java:117) loading accounts from file: C:\Users\xyzer\.saros\config.dat
DEBUG 2017-02-09 15:10:35,177 (XMPPAccountStore.java:176) loaded 1 account(s)
INFO  2017-02-09 15:10:35,344 (SarosContext.java:199) successfully created Saros runtime context
DEBUG 2017-02-09 15:10:35,368 (DataTransferManager.java:467) used transport order for the current XMPP connection: [XMPP-Socks5-Transport, XMPP-IBB-Transport]
INFO  2017-02-09 15:10:35,394 (PreferenceInitializer.java:50) initializing preference default values
DEBUG 2017-02-09 15:10:35,432 (SarosAnnotation.java:117) resetting annotation colors
DEBUG 2017-02-09 15:10:35,439 (Saros.java:430) skipping conversion of old XMPP accounts, because there are already new ones
DEBUG 2017-02-09 15:10:40,843 (SharedDocumentProvider.java:77) SharedDocumentProvider created by Eclipse
DEBUG 2017-02-09 15:10:54,142 (WhiteboardManager.java:194) WhiteboardManager instantiated
DEBUG 2017-02-09 15:10:54,170 (DocumentRecord.java:93) Added Node: attr(148664945416260036) name=svg
DEBUG 2017-02-09 15:10:54,265 (XMPPConnectionService.java:439) started Socks5 proxy on port: 7777 [listening on all interfaces]
DEBUG 2017-02-09 15:10:56,825 (XMPPConnectionService.java:459) using autodetected addresses: [192.168.2.110, fe80:0:0:0:50fa:8586:2f83:e7%eth2]
DEBUG 2017-02-09 15:10:56,835 (XMPPConnectionService.java:398)  new connection state == CONNECTING
DEBUG 2017-02-09 15:10:57,820 (XMPPConnectionService.java:398) xzer@saros-con.imp.fu-berlin.de/Saros new connection state == CONNECTED
DEBUG 2017-02-09 15:10:57,821 (DataTransferManager.java:467) used transport order for the current XMPP connection: [XMPP-Socks5-Transport, XMPP-IBB-Transport]
DEBUG 2017-02-09 15:10:57,826 (SkypeManager.java:289) Refreshing Skype username cache...
WARN  2017-02-09 15:11:07,282 (StunServiceImpl.java:420) received no response from STUN server stunserver.org/69.172.201.153:3478 at local address /192.168.2.110:0
DEBUG 2017-02-09 17:34:53,822 (XMPPConnectionService.java:398) xzer@saros-con.imp.fu-berlin.de/Saros new connection state == DISCONNECTING
DEBUG 2017-02-09 17:34:53,976 (XMPPConnectionService.java:398)  new connection state == NOT_CONNECTED
DEBUG 2017-02-09 17:34:53,978 (UPnPServiceImpl.java:295) deleting existing port mappings
