INFO  2017-08-08 15:49:14,610 (Saros.java:220) Starting Saros 14.10.31 running:
  Java Version: 1.8.0_101
  Java Vendor: Oracle Corporation
  Eclipse Runtime Version: 3.12.0.v20160606-1342
  Operating System: Windows 10 (10.0)
  Hardware Architecture: amd64
INFO  2017-08-08 15:49:14,644 (SarosContext.java:153) creating Saros runtime context...
DEBUG 2017-08-08 15:49:14,692 (XMPPAccountStore.java:117) loading accounts from file: C:\Users\xyzer\.saros\config.dat
DEBUG 2017-08-08 15:49:14,875 (XMPPAccountStore.java:176) loaded 1 account(s)
INFO  2017-08-08 15:49:15,076 (SarosContext.java:199) successfully created Saros runtime context
DEBUG 2017-08-08 15:49:15,098 (DataTransferManager.java:467) used transport order for the current XMPP connection: [XMPP-Socks5-Transport, XMPP-IBB-Transport]
INFO  2017-08-08 15:49:15,123 (PreferenceInitializer.java:50) initializing preference default values
DEBUG 2017-08-08 15:49:15,169 (SarosAnnotation.java:117) resetting annotation colors
DEBUG 2017-08-08 15:49:15,175 (Saros.java:430) skipping conversion of old XMPP accounts, because there are already new ones
DEBUG 2017-08-08 15:49:23,779 (WhiteboardManager.java:194) WhiteboardManager instantiated
DEBUG 2017-08-08 15:49:23,971 (XMPPConnectionService.java:439) started Socks5 proxy on port: 7777 [listening on all interfaces]
DEBUG 2017-08-08 15:49:23,991 (DocumentRecord.java:93) Added Node: attr(150220016398873218) name=svg
DEBUG 2017-08-08 15:49:26,688 (XMPPConnectionService.java:459) using autodetected addresses: [192.168.2.105, fe80:0:0:0:50fa:8586:2f83:e7%eth3, 2001:0:9d38:78cf:1c9a:2172:a87b:d0c0, fe80:0:0:0:1c9a:2172:a87b:d0c0%net4]
DEBUG 2017-08-08 15:49:26,768 (XMPPConnectionService.java:398)  new connection state == CONNECTING
DEBUG 2017-08-08 15:49:28,233 (XMPPConnectionService.java:398) xzer@saros-con.imp.fu-berlin.de/Saros new connection state == CONNECTED
DEBUG 2017-08-08 15:49:28,234 (DataTransferManager.java:467) used transport order for the current XMPP connection: [XMPP-Socks5-Transport, XMPP-IBB-Transport]
DEBUG 2017-08-08 15:49:28,236 (SkypeManager.java:289) Refreshing Skype username cache...
WARN  2017-08-08 15:49:38,351 (StunServiceImpl.java:420) received no response from STUN server stunserver.org/67.227.226.240:3478 at local address /192.168.2.105:0
DEBUG 2017-08-08 15:50:08,079 (SharedDocumentProvider.java:77) SharedDocumentProvider created by Eclipse
DEBUG 2017-08-08 16:31:35,783 (XMPPConnectionService.java:398) xzer@saros-con.imp.fu-berlin.de/Saros new connection state == DISCONNECTING
DEBUG 2017-08-08 16:31:35,943 (XMPPConnectionService.java:398)  new connection state == NOT_CONNECTED
DEBUG 2017-08-08 16:31:35,945 (UPnPServiceImpl.java:295) deleting existing port mappings
