INFO  2017-07-23 18:19:57,636 (Saros.java:220) Starting Saros 14.10.31 running:
  Java Version: 1.8.0_101
  Java Vendor: Oracle Corporation
  Eclipse Runtime Version: 3.12.0.v20160606-1342
  Operating System: Windows 10 (10.0)
  Hardware Architecture: amd64
INFO  2017-07-23 18:19:57,682 (SarosContext.java:153) creating Saros runtime context...
DEBUG 2017-07-23 18:19:57,760 (XMPPAccountStore.java:117) loading accounts from file: C:\Users\xyzer\.saros\config.dat
DEBUG 2017-07-23 18:19:57,987 (XMPPAccountStore.java:176) loaded 1 account(s)
INFO  2017-07-23 18:19:58,235 (SarosContext.java:199) successfully created Saros runtime context
DEBUG 2017-07-23 18:19:58,265 (DataTransferManager.java:467) used transport order for the current XMPP connection: [XMPP-Socks5-Transport, XMPP-IBB-Transport]
INFO  2017-07-23 18:19:58,295 (PreferenceInitializer.java:50) initializing preference default values
DEBUG 2017-07-23 18:19:58,366 (SarosAnnotation.java:117) resetting annotation colors
DEBUG 2017-07-23 18:19:58,377 (Saros.java:430) skipping conversion of old XMPP accounts, because there are already new ones
DEBUG 2017-07-23 18:20:05,496 (SharedDocumentProvider.java:77) SharedDocumentProvider created by Eclipse
DEBUG 2017-07-23 18:20:14,350 (WhiteboardManager.java:194) WhiteboardManager instantiated
DEBUG 2017-07-23 18:20:14,368 (DocumentRecord.java:93) Added Node: attr(150082681436675518) name=svg
DEBUG 2017-07-23 18:20:14,449 (XMPPConnectionService.java:439) started Socks5 proxy on port: 7777 [listening on all interfaces]
DEBUG 2017-07-23 18:20:15,216 (XMPPConnectionService.java:459) using autodetected addresses: [192.168.2.105, fe80:0:0:0:50fa:8586:2f83:e7%eth3, 2001:0:9d38:78cf:2c12:2172:a87b:9476, fe80:0:0:0:2c12:2172:a87b:9476%net4]
DEBUG 2017-07-23 18:20:15,234 (XMPPConnectionService.java:398)  new connection state == CONNECTING
DEBUG 2017-07-23 18:20:16,434 (XMPPConnectionService.java:398) xzer@saros-con.imp.fu-berlin.de/Saros new connection state == CONNECTED
DEBUG 2017-07-23 18:20:16,435 (DataTransferManager.java:467) used transport order for the current XMPP connection: [XMPP-Socks5-Transport, XMPP-IBB-Transport]
DEBUG 2017-07-23 18:20:16,529 (SkypeManager.java:289) Refreshing Skype username cache...
WARN  2017-07-23 18:20:27,188 (StunServiceImpl.java:420) received no response from STUN server stunserver.org/184.168.221.96:3478 at local address /192.168.2.105:0
DEBUG 2017-07-23 19:46:43,327 (XMPPConnectionService.java:398) xzer@saros-con.imp.fu-berlin.de/Saros new connection state == DISCONNECTING
DEBUG 2017-07-23 19:46:43,504 (XMPPConnectionService.java:398)  new connection state == NOT_CONNECTED
DEBUG 2017-07-23 19:46:43,515 (UPnPServiceImpl.java:295) deleting existing port mappings
