[21:43:21] [Client thread/INFO]: Setting user: Player695
[21:43:21] [Client thread/INFO]: (Session ID is token:0:Player695)
[21:43:22] [Client thread/INFO]: LWJGL Version: 2.9.1
[21:43:23] [Client thread/INFO]: Reloading ResourceManager: Default, Code-Bold x512.zip
[21:43:23] [Sound Library Loader/INFO]: Starting up SoundSystem...
[21:43:24] [Thread-7/INFO]: Initializing LWJGL OpenAL
[21:43:24] [Thread-7/INFO]: (The LWJGL binding of OpenAL.  For more information, see http://www.lwjgl.org)
[21:43:24] [Thread-7/INFO]: OpenAL initialized.
[21:43:24] [Sound Library Loader/INFO]: Sound engine started
[21:43:31] [Client thread/ERROR]: Using missing texture, unable to load minecraft:mcpatcher/ctm/default/empty.png, java.io.FileNotFoundException
[21:43:32] [Client thread/INFO]: Created: 512x512 textures-atlas
[21:43:32] [Client thread/INFO]: Logging in with username & password
[21:44:13] [Client thread/INFO]: Connecting to play.gommehd.net., 25565
[21:44:14] [Client thread/INFO]: [CHAT] A new §eOptiFine§f version is available: §eHD Ultra null§f
[21:45:08] [Chunk Batcher 1/WARN]: Needed to grow BufferBuilder buffer: Old size 524288 bytes, new size 2621440 bytes.
[21:45:08] [Chunk Batcher 1/WARN]: Needed to grow BufferBuilder buffer: Old size 524288 bytes, new size 2621440 bytes.
[21:45:08] [Chunk Batcher 0/WARN]: Needed to grow BufferBuilder buffer: Old size 524288 bytes, new size 2621440 bytes.
[21:45:10] [Client thread/INFO]: [CHAT] Already connecting to this server!
[21:45:11] [Client thread/INFO]: [CHAT] Already connecting to this server!
[21:45:12] [Chunk Batcher 0/WARN]: Needed to grow BufferBuilder buffer: Old size 524288 bytes, new size 2621440 bytes.
[21:45:12] [Client thread/INFO]: [CHAT] Already connecting to this server!
[21:45:16] [Client thread/INFO]: [CHAT] Already connecting to this server!
[21:45:32] [Chunk Batcher 1/WARN]: Needed to grow BufferBuilder buffer: Old size 524288 bytes, new size 2621440 bytes.
[21:45:39] [Client thread/INFO]: [CHAT] Exception Connecting:ReadTimeoutException : null
[21:45:41] [Client thread/INFO]: [CHAT] Exception Connecting:ReadTimeoutException : null
[21:45:43] [Client thread/INFO]: [CHAT] Exception Connecting:ReadTimeoutException : null
[21:45:44] [Client thread/INFO]: [CHAT] Exception Connecting:ReadTimeoutException : null
[21:45:44] [Client thread/INFO]: [CHAT] Exception Connecting:ReadTimeoutException : null
[21:45:45] [Client thread/INFO]: [CHAT] Exception Connecting:ReadTimeoutException : null
[21:45:50] [Client thread/INFO]: [CHAT] Teams sind in dieser Runde VERBOTEN und werden mit einem Ban bestraft!
[21:46:08] [Client thread/INFO]: [CHAT] xVenox: Lass mal alle regenieren?
[21:46:14] [Client thread/INFO]: [CHAT] xVenox: und dann nue go?
[21:46:42] [Client thread/INFO]: [CHAT] Vairex: macht 1v1
[21:46:44] [Client thread/INFO]: [CHAT] xThePunch: stone?
[21:46:46] [Client thread/INFO]: [CHAT] Vairex: ohne abstauben
[21:46:47] [Client thread/INFO]: [CHAT] xVenox: Kk
[21:46:51] [Client thread/INFO]: [CHAT] xVenox: go?
[21:47:16] [Client thread/INFO]: [CHAT] [SurvivalGames] xThePunch wurde von xVenox getötet
[21:47:16] [Client thread/INFO]: [CHAT] [SurvivalGames] 2 verbleibende Spieler
[21:47:21] [Client thread/INFO]: [CHAT] xVenox: GG
[21:47:28] [Client thread/INFO]: [CHAT] Vairex: sag wann du full bisch
[21:47:32] [Client thread/INFO]: [CHAT] xVenox: Kk
[21:47:35] [Client thread/INFO]: [CHAT] xVenox: Thx, bro
[21:47:40] [Client thread/INFO]: [CHAT] xVenox: 9hp go
[21:48:09] [Client thread/INFO]: [CHAT] Vairex: wow
[21:48:18] [Client thread/INFO]: [CHAT] » winemedineme hat das Spiel betreten
[21:48:18] [Client thread/INFO]: [CHAT] Teams sind in dieser Runde VERBOTEN und werden mit einem Ban bestraft!
[21:48:21] [Client thread/INFO]: [CHAT] » zaphier hat das Spiel betreten
[21:48:22] [Client thread/INFO]: [CHAT] winemedineme: endlich
[21:48:27] [Client thread/INFO]: [CHAT] [SurvivalGames] Warten auf weitere Spieler
[21:48:28] [Client thread/INFO]: [CHAT] winemedineme: gomme ist so schei*e
[21:48:29] [Client thread/INFO]: [CHAT] » sandrocraft hat das Spiel betreten
[21:48:33] [Client thread/INFO]: [CHAT] » JosseCakeCraft hat das Spiel betreten
[21:48:34] [Client thread/INFO]: [CHAT] [SurvivalGames] Die Runde beginnt in 40 Sekunden
[21:48:40] [Client thread/INFO]: [CHAT] AAC 3.0.0: Haxor rekker (~konsolas)
[21:48:44] [Client thread/INFO]: [CHAT] [SurvivalGames] Spieler online: 9/20
[21:48:44] [Client thread/INFO]: [CHAT] [SurvivalGames] Map: Gommunity von: Krümelmonster
[21:48:44] [Client thread/INFO]: [CHAT] [SurvivalGames] Die Runde beginnt in 30 Sekunden
[21:48:49] [Client thread/INFO]: [CHAT] » prxyz hat das Spiel betreten
[21:48:53] [Client thread/INFO]: [CHAT] » Lustig hat das Spiel betreten
[21:48:54] [Client thread/INFO]: [CHAT] » BIG_PEC_HD hat das Spiel betreten
[21:48:54] [Client thread/INFO]: [CHAT] [SurvivalGames] Die Runde beginnt in 20 Sekunden
[21:48:55] [Client thread/INFO]: [CHAT] » Timung hat das Spiel betreten
[21:48:56] [Client thread/INFO]: [CHAT] » RazunYT hat das Spiel betreten
[21:48:57] [Client thread/INFO]: [CHAT] » ImZwicki hat das Spiel betreten
[21:48:59] [Client thread/INFO]: [CHAT] [SurvivalGames] Die Runde beginnt in 15 Sekunden
[21:49:04] [Client thread/INFO]: [CHAT] » pluto1001 hat das Spiel betreten
[21:49:04] [Client thread/INFO]: [CHAT] [SurvivalGames] Die Runde beginnt in 10 Sekunden
[21:49:07] [Client thread/INFO]: [CHAT] ImZwicki: Timung :D
[21:49:08] [Client thread/INFO]: [CHAT] » papierman8000 hat das Spiel betreten
[21:49:09] [Client thread/INFO]: [CHAT] [SurvivalGames] Spieler online: 17/20
[21:49:09] [Client thread/INFO]: [CHAT] [SurvivalGames] Map: Gommunity von: Krümelmonster
[21:49:09] [Client thread/INFO]: [CHAT] [SurvivalGames] Die Runde beginnt in 5 Sekunden
[21:49:09] [Client thread/INFO]: [CHAT] » tareax hat das Spiel betreten
[21:49:10] [Client thread/INFO]: [CHAT] [SurvivalGames] Die Runde beginnt in 4 Sekunden
[21:49:11] [Client thread/INFO]: [CHAT] [SurvivalGames] Die Runde beginnt in 3 Sekunden
[21:49:12] [Client thread/INFO]: [CHAT] [SurvivalGames] Die Runde beginnt in 2 Sekunden
[21:49:12] [Client thread/INFO]: [CHAT] AAC 3.0.0: Haxor rekker (~konsolas)
[21:49:13] [Client thread/INFO]: [CHAT] [SurvivalGames] Die Runde beginnt in 1 Sekunden
[21:49:14] [Client thread/INFO]: [CHAT] [SurvivalGames] Alle werden in die Arena teleportiert!
[21:49:14] [Client thread/INFO]: [CHAT] Teams sind in dieser Runde VERBOTEN und werden mit einem Ban bestraft!
[21:49:14] [Client thread/INFO]: [CHAT] [SurvivalGames] Die SurvivalGames starten in 10 Sekunden
[21:49:19] [Client thread/INFO]: [CHAT] [SurvivalGames] Die SurvivalGames starten in 5 Sekunden
[21:49:20] [Client thread/INFO]: [CHAT] [SurvivalGames] Die SurvivalGames starten in 4 Sekunden
[21:49:21] [Client thread/INFO]: [CHAT] [SurvivalGames] Die SurvivalGames starten in 3 Sekunden
[21:49:22] [Client thread/INFO]: [CHAT] [SurvivalGames] Die SurvivalGames starten in 2 Sekunden
[21:49:22] [Client thread/INFO]: [CHAT] ImZwicki: hast die meisten deaths auf bd :D
[21:49:23] [Client thread/INFO]: [CHAT] [SurvivalGames] Die SurvivalGames starten in 1 Sekunden
[21:49:24] [Client thread/INFO]: [CHAT] [SurvivalGames] Die Spiele beginnen! Sammle Kisten und überlebe!
[21:49:24] [Client thread/INFO]: [CHAT] [SurvivalGames] Die Schutzzeit ist beendet!
[21:49:33] [Client thread/INFO]: [CHAT] [SurvivalGames] JosseCakeCraft wurde von prxyz getötet
[21:49:33] [Client thread/INFO]: [CHAT] [SurvivalGames] 17 verbleibende Spieler
[21:49:37] [Client thread/INFO]: [CHAT] [SurvivalGames] BIG_PEC_HD wurde von Surviox getötet
[21:49:37] [Client thread/INFO]: [CHAT] [SurvivalGames] 16 verbleibende Spieler
[21:49:37] [Client thread/INFO]: [CHAT] [SurvivalGames] ImZwicki wurde von Dominik2912 getötet
[21:49:37] [Client thread/INFO]: [CHAT] [SurvivalGames] 15 verbleibende Spieler
[21:49:44] [Client thread/INFO]: [CHAT] [SurvivalGames] sandrocraft wurde von Shadow_Line504 getötet
[21:49:44] [Client thread/INFO]: [CHAT] [SurvivalGames] 14 verbleibende Spieler
[21:49:45] [Client thread/INFO]: [CHAT] [SurvivalGames] DrNo wurde von prxyz getötet
[21:49:45] [Client thread/INFO]: [CHAT] [SurvivalGames] 13 verbleibende Spieler
[21:49:45] [Client thread/INFO]: [CHAT] [SurvivalGames] RazunYT wurde von tareax getötet
[21:49:46] [Client thread/INFO]: [CHAT] [SurvivalGames] 12 verbleibende Spieler
[21:49:48] [Client thread/INFO]: [CHAT] [SurvivalGames] THePlAYer_15 wurde von Surviox getötet
[21:49:48] [Client thread/INFO]: [CHAT] [SurvivalGames] 11 verbleibende Spieler
[21:49:50] [Client thread/INFO]: [CHAT] [SurvivalGames] Timung wurde von zaphier getötet
[21:49:50] [Client thread/INFO]: [CHAT] [SurvivalGames] 10 verbleibende Spieler
[21:49:50] [Client thread/INFO]: [CHAT] [SurvivalGames] Lustig wurde von Surviox getötet
[21:49:50] [Client thread/INFO]: [CHAT] [SurvivalGames] 9 verbleibende Spieler
[21:49:52] [Client thread/INFO]: [CHAT] [SurvivalGames] winemedineme wurde von papierman8000 getötet
[21:49:52] [Client thread/INFO]: [CHAT] Leben von papierman8000: ??????????
[21:49:52] [Client thread/INFO]: [CHAT] [SurvivalGames] 8 verbleibende Spieler
[21:49:52] [Client thread/INFO]: [CHAT] [CoinSystem] +16 Coins
[21:49:55] [Client thread/INFO]: [CHAT] [SurvivalGames] Dominik2912 wurde von tareax getötet
[21:49:55] [Client thread/INFO]: [CHAT] [SurvivalGames] 7 verbleibende Spieler
[21:50:01] [Client thread/INFO]: [CHAT] [SurvivalGames] pluto1001 ist gestorben!
[21:50:01] [Client thread/INFO]: [CHAT] [SurvivalGames] 6 verbleibende Spieler
[21:50:07] [Client thread/INFO]: [CHAT] [SurvivalGames] papierman8000 wurde von Surviox getötet
[21:50:07] [Client thread/INFO]: [CHAT] [SurvivalGames] 5 verbleibende Spieler
[21:50:14] [Client thread/INFO]: [CHAT] [SurvivalGames] prxyz wurde von Surviox getötet
[21:50:14] [Client thread/INFO]: [CHAT] [SurvivalGames] 4 verbleibende Spieler
[21:50:14] [Client thread/INFO]: [CHAT] [SurvivalGames] Das Deathmatch startet in 60 Sekunden
[21:50:24] [Client thread/INFO]: [CHAT] [SurvivalGames] Das Deathmatch startet in 50 Sekunden
[21:50:32] [Client thread/INFO]: [CHAT] tareax: hackert
[21:50:32] [Client thread/ERROR]: Item entity 295 has no item?!
[21:50:32] [Client thread/ERROR]: Item entity 295 has no item?!
[21:50:34] [Client thread/INFO]: [CHAT] tareax: ist drin
[21:50:34] [Client thread/INFO]: [CHAT] [SurvivalGames] Das Deathmatch startet in 40 Sekunden
[21:50:38] [Client thread/INFO]: [CHAT] [SurvivalGames] Shadow_Line504 wurde von Surviox getötet
[21:50:38] [Client thread/INFO]: [CHAT] [SurvivalGames] 3 verbleibende Spieler
[21:50:40] [Client thread/INFO]: [CHAT] tareax: Surviox
[21:50:44] [Client thread/INFO]: [CHAT] [SurvivalGames] Das Deathmatch startet in 30 Sekunden
[21:50:54] [Client thread/INFO]: [CHAT] [SurvivalGames] Das Deathmatch startet in 20 Sekunden
[21:50:58] [Client thread/INFO]: [CHAT] [SurvivalGames] Surviox wurde von tareax getötet
[21:50:58] [Client thread/INFO]: [CHAT] [SurvivalGames] 2 verbleibende Spieler
[21:50:59] [Client thread/INFO]: [CHAT] [SurvivalGames] Das Deathmatch startet in 15 Sekunden
[21:51:04] [Client thread/INFO]: [CHAT] [SurvivalGames] Das Deathmatch startet in 10 Sekunden
[21:51:09] [Client thread/INFO]: [CHAT] [SurvivalGames] Das Deathmatch startet in 5 Sekunden
[21:51:10] [Client thread/INFO]: [CHAT] [SurvivalGames] Das Deathmatch startet in 4 Sekunden
[21:51:11] [Client thread/INFO]: [CHAT] [SurvivalGames] Das Deathmatch startet in 3 Sekunden
[21:51:12] [Client thread/INFO]: [CHAT] [SurvivalGames] Das Deathmatch startet in 2 Sekunden
[21:51:13] [Client thread/INFO]: [CHAT] [SurvivalGames] Das Deathmatch startet in 1 Sekunden
[21:51:14] [Client thread/INFO]: [CHAT] [SurvivalGames] Das Deathmatch beginnt!
[21:51:57] [Client thread/INFO]: [CHAT] tareax: üpls
[21:51:58] [Client thread/INFO]: [CHAT] [SurvivalGames] tareax wurde von zaphier getötet
[21:51:58] [Client thread/INFO]: [CHAT] [SurvivalGames] zaphier hat die SurvivalGames gewonnen
[21:52:01] [Client thread/INFO]: [CHAT] tareax: kys
[21:52:03] [Client thread/INFO]: [CHAT] [SurvivalGames] Der Server startet in 15 Sekunden neu
[21:52:04] [Client thread/INFO]: [CHAT] tareax: 1er
[21:52:07] [Client thread/INFO]: [CHAT] tareax: du
[21:52:08] [Client thread/INFO]: [CHAT] [SurvivalGames] Der Server startet in 10 Sekunden neu
[21:52:11] [Client thread/INFO]: [CHAT] tareax: untermensch
[21:52:13] [Client thread/INFO]: [CHAT] [SurvivalGames] Der Server startet in 5 Sekunden neu
[21:52:14] [Client thread/INFO]: [CHAT] [SurvivalGames] Der Server startet in 4 Sekunden neu
[21:52:15] [Client thread/INFO]: [CHAT] [SurvivalGames] Der Server startet in 3 Sekunden neu
[21:52:15] [Client thread/INFO]: [CHAT] tareax: 1er kd
[21:52:16] [Client thread/INFO]: [CHAT] [SurvivalGames] Der Server startet in 2 Sekunden neu
[21:52:17] [Client thread/INFO]: [CHAT] [SurvivalGames] Der Server startet in 1 Sekunden neu
[21:52:18] [Client thread/INFO]: [CHAT] 
[21:53:22] [Client thread/INFO]: [CHAT] ImmortalUru: verkaufe minecraft alts bei interesse mich adden
[21:53:59] [Client thread/INFO]: [CHAT] » winemedineme hat das Spiel betreten
[21:53:59] [Client thread/INFO]: [CHAT] Teams sind in dieser Runde VERBOTEN und werden mit einem Ban bestraft!
[21:54:00] [Client thread/INFO]: [CHAT] » SuchNastyYT hat das Spiel betreten
[21:54:01] [Client thread/INFO]: [CHAT] » tareax hat das Spiel betreten
[21:54:02] [Client thread/INFO]: [CHAT] » angeschissen hat das Spiel betreten
[21:54:04] [Client thread/INFO]: [CHAT] [SurvivalGames] Warten auf weitere Spieler
[21:54:04] [Client thread/INFO]: [CHAT] » KarmaRaidAlerts hat das Spiel betreten
[21:54:04] [Client thread/INFO]: [CHAT] » Piicta hat das Spiel betreten
[21:54:12] [Client thread/INFO]: [CHAT] » SubVerbrxnnt hat das Spiel betreten
[21:54:15] [Client thread/INFO]: [CHAT] KarmaRaidAlerts: 11er K/D E!Z
[21:54:18] [Client thread/INFO]: [CHAT] [SurvivalGames] Die Runde beginnt in 40 Sekunden
[21:54:19] [Client thread/INFO]: [CHAT] » PayCode hat das Spiel betreten
[21:54:19] [Client thread/INFO]: [CHAT] » WeltHass_Jonny hat das Spiel betreten
[21:54:20] [Client thread/INFO]: [CHAT] » flawless99 hat das Spiel betreten
[21:54:22] [Client thread/INFO]: [CHAT] » Alvi hat das Spiel betreten
[21:54:22] [Client thread/INFO]: [CHAT] » Veldex hat das Spiel betreten
[21:54:22] [Client thread/INFO]: [CHAT] N/A
[21:54:24] [Client thread/INFO]: [CHAT] » Runtex hat das Spiel betreten
[21:54:24] [Client thread/INFO]: [CHAT] » KugganRenn hat das Spiel betreten
[21:54:26] [Client thread/INFO]: [CHAT] » Smoker hat das Spiel betreten
[21:54:26] [Client thread/INFO]: [CHAT] » IchDerPaul hat das Spiel betreten
[21:54:26] [Client thread/INFO]: [CHAT] » Kohlendioxid hat das Spiel betreten
[21:54:26] [Client thread/INFO]: [CHAT] » YunqJuli2K hat das Spiel betreten
[21:54:26] [Client thread/INFO]: [CHAT] N/A
[21:54:28] [Client thread/INFO]: [CHAT] [SurvivalGames] Spieler online: 19/20
[21:54:28] [Client thread/INFO]: [CHAT] [SurvivalGames] Map: BabyRoom von: LeBlueShadow
[21:54:28] [Client thread/INFO]: [CHAT] [SurvivalGames] Die Runde beginnt in 30 Sekunden
[21:54:28] [Client thread/INFO]: [CHAT] N/A
[21:54:29] [Client thread/INFO]: [CHAT] N/A
[21:54:29] [Client thread/INFO]: [CHAT] N/A
[21:54:32] [Client thread/INFO]: [CHAT] Runtex: KarmaRaidAlerts hackt
[21:54:33] [Client thread/INFO]: [CHAT] » _UnlegitQSG_ hat das Spiel betreten
[21:54:34] [Client thread/INFO]: [CHAT] [SurvivalGames] Die Runde beginnt in 3 Sekunden
[21:54:34] [Client thread/INFO]: [CHAT] N/A
[21:54:34] [Client thread/INFO]: [CHAT] « KarmaRaidAlerts hat das Spiel verlassen
[21:54:35] [Client thread/INFO]: [CHAT] » YouBetterGoAfk hat das Spiel betreten
[21:54:35] [Client thread/INFO]: [CHAT] [SurvivalGames] Die Runde beginnt in 2 Sekunden
[21:54:36] [Client thread/INFO]: [CHAT] [SurvivalGames] Die Runde beginnt in 1 Sekunden
[21:54:37] [Client thread/INFO]: [CHAT] [SurvivalGames] Alle werden in die Arena teleportiert!
[21:54:37] [Client thread/INFO]: [CHAT] Teams sind in dieser Runde VERBOTEN und werden mit einem Ban bestraft!
[21:54:37] [Client thread/INFO]: [CHAT] [SurvivalGames] Die SurvivalGames starten in 10 Sekunden
[21:54:39] [Client thread/INFO]: [CHAT] N/A
[21:54:42] [Client thread/INFO]: [CHAT] [SurvivalGames] Die SurvivalGames starten in 5 Sekunden
[21:54:43] [Client thread/INFO]: [CHAT] [SurvivalGames] Die SurvivalGames starten in 4 Sekunden
[21:54:44] [Client thread/INFO]: [CHAT] [SurvivalGames] Die SurvivalGames starten in 3 Sekunden
[21:54:45] [Client thread/INFO]: [CHAT] [SurvivalGames] Die SurvivalGames starten in 2 Sekunden
[21:54:46] [Client thread/INFO]: [CHAT] [SurvivalGames] Die SurvivalGames starten in 1 Sekunden
[21:54:47] [Client thread/INFO]: [CHAT] [SurvivalGames] Die Spiele beginnen! Sammle Kisten und überlebe!
[21:54:47] [Client thread/INFO]: [CHAT] [SurvivalGames] Die Schutzzeit ist beendet!
[21:54:54] [Client thread/INFO]: [CHAT] [SurvivalGames] winemedineme wurde von flawless99 getötet
[21:54:54] [Client thread/INFO]: [CHAT] Leben von flawless99: ??????????
[21:54:54] [Client thread/INFO]: [CHAT] [SurvivalGames] 19 verbleibende Spieler
[21:54:54] [Client thread/INFO]: [CHAT] [CoinSystem] +10 Coins
[21:54:56] [Client thread/INFO]: [CHAT] [SurvivalGames] Alvi wurde von angeschissen getötet
[21:54:56] [Client thread/INFO]: [CHAT] [SurvivalGames] 18 verbleibende Spieler
[21:54:56] [Client thread/INFO]: [CHAT] [SurvivalGames] _UnlegitQSG_ wurde von YouBetterGoAfk getötet
[21:54:56] [Client thread/INFO]: [CHAT] [SurvivalGames] 17 verbleibende Spieler
[21:54:58] [Client thread/INFO]: [CHAT] [SurvivalGames] flawless99 wurde von YouBetterGoAfk getötet
[21:54:58] [Client thread/INFO]: [CHAT] [SurvivalGames] 16 verbleibende Spieler
[21:55:00] [Client thread/INFO]: [CHAT] [SurvivalGames] YunqJuli2K wurde von IchDerPaul getötet
[21:55:00] [Client thread/INFO]: [CHAT] [SurvivalGames] 15 verbleibende Spieler
[21:55:01] [Client thread/INFO]: [CHAT] [SurvivalGames] WeltHass_Jonny wurde von Smoker getötet
[21:55:01] [Client thread/INFO]: [CHAT] [SurvivalGames] 14 verbleibende Spieler
[21:55:01] [Client thread/INFO]: [CHAT] [SurvivalGames] Kohlendioxid wurde von angeschissen getötet
[21:55:01] [Client thread/INFO]: [CHAT] [SurvivalGames] 13 verbleibende Spieler
[21:55:02] [Client thread/INFO]: [CHAT] [SurvivalGames] PayCode wurde von Veldex getötet
[21:55:02] [Client thread/INFO]: [CHAT] [SurvivalGames] 12 verbleibende Spieler
[21:55:02] [Client thread/INFO]: [CHAT] [SurvivalGames] Runtex wurde von SubVerbrxnnt getötet
[21:55:02] [Client thread/INFO]: [CHAT] [SurvivalGames] 11 verbleibende Spieler
[21:55:02] [Client thread/ERROR]: Item entity 149 has no item?!
[21:55:07] [Client thread/INFO]: [CHAT] [SurvivalGames] PutinWladimir wurde von Piicta getötet
[21:55:07] [Client thread/INFO]: [CHAT] [SurvivalGames] 10 verbleibende Spieler
[21:55:10] [Client thread/INFO]: [CHAT] [SurvivalGames] Smoker wurde von SuchNastyYT getötet
[21:55:10] [Client thread/INFO]: [CHAT] [SurvivalGames] 9 verbleibende Spieler
[21:55:10] [Client thread/ERROR]: Item entity 172 has no item?!
[21:55:12] [Client thread/INFO]: [CHAT] [SurvivalGames] SubVerbrxnnt wurde von tareax getötet
[21:55:12] [Client thread/INFO]: [CHAT] [SurvivalGames] 8 verbleibende Spieler
[21:55:12] [Client thread/INFO]: [CHAT] [SurvivalGames] IchDerPaul wurde von YouBetterGoAfk getötet
[21:55:12] [Client thread/INFO]: [CHAT] [SurvivalGames] 7 verbleibende Spieler
[21:55:23] [Client thread/INFO]: [CHAT] [SurvivalGames] Veldex wurde von tareax getötet
[21:55:24] [Client thread/INFO]: [CHAT] [SurvivalGames] 6 verbleibende Spieler
[21:55:30] [Client thread/INFO]: [CHAT] [SurvivalGames] Piicta wurde von angeschissen getötet
[21:55:30] [Client thread/INFO]: [CHAT] [SurvivalGames] 5 verbleibende Spieler
[21:55:49] [Client thread/INFO]: [CHAT] [SurvivalGames] YouBetterGoAfk wurde von KugganRenn getötet
[21:55:49] [Client thread/INFO]: [CHAT] [SurvivalGames] 4 verbleibende Spieler
[21:55:49] [Client thread/INFO]: [CHAT] [SurvivalGames] Das Deathmatch startet in 60 Sekunden
[21:55:50] [Client thread/INFO]: [CHAT] [SurvivalGames] angeschissen wurde von KugganRenn getötet
[21:55:50] [Client thread/INFO]: [CHAT] [SurvivalGames] 3 verbleibende Spieler
[21:55:58] [Client thread/INFO]: [CHAT] » winemedineme hat das Spiel betreten
[21:55:58] [Client thread/INFO]: [CHAT] Teams sind in dieser Runde VERBOTEN und werden mit einem Ban bestraft!
[21:55:58] [Client thread/INFO]: [CHAT] » Flumox12 hat das Spiel betreten
[21:56:00] [Client thread/INFO]: [CHAT] » PayCode hat das Spiel betreten
[21:56:00] [Client thread/INFO]: [CHAT] [SurvivalGames] Die Runde beginnt in 3 Sekunden
[21:56:00] [Client thread/INFO]: [CHAT] KrixCrafter: gl
[21:56:00] [Client thread/INFO]: [CHAT] « EntenName hat das Spiel verlassen
[21:56:00] [Client thread/INFO]: [CHAT] » Ph4ntomPvP hat das Spiel betreten
[21:56:00] [Client thread/INFO]: [CHAT] [SurvivalGames] Die Runde beginnt in 2 Sekunden
[21:56:00] [Client thread/INFO]: [CHAT] ToxiZzGamerQSG: Omfg
[21:56:00] [Client thread/INFO]: [CHAT] « sureCreepy1337 hat das Spiel verlassen
[21:56:00] [Client thread/INFO]: [CHAT] » YouBetterGoAfk hat das Spiel betreten
[21:56:00] [Client thread/INFO]: [CHAT] [SurvivalGames] Die Runde beginnt in 1 Sekunden
[21:56:01] [Client thread/INFO]: [CHAT] [SurvivalGames] Alle werden in die Arena teleportiert!
[21:56:01] [Client thread/INFO]: [CHAT] Teams sind in dieser Runde VERBOTEN und werden mit einem Ban bestraft!
[21:56:01] [Client thread/INFO]: [CHAT] [SurvivalGames] Die SurvivalGames starten in 10 Sekunden
[21:56:03] [Client thread/INFO]: [CHAT] InvivedPaul: ?
[21:56:06] [Client thread/INFO]: [CHAT] [SurvivalGames] Die SurvivalGames starten in 5 Sekunden
[21:56:07] [Client thread/INFO]: [CHAT] N/A
[21:56:07] [Client thread/INFO]: [CHAT] [SurvivalGames] Die SurvivalGames starten in 4 Sekunden
[21:56:08] [Client thread/INFO]: [CHAT] N/A
[21:56:08] [Client thread/INFO]: [CHAT] N/A
[21:56:08] [Client thread/INFO]: [CHAT] [SurvivalGames] Die SurvivalGames starten in 3 Sekunden
[21:56:09] [Client thread/INFO]: [CHAT] N/A
[21:56:09] [Client thread/INFO]: [CHAT] N/A
[21:56:09] [Client thread/INFO]: [CHAT] N/A
[21:56:09] [Client thread/INFO]: [CHAT] [SurvivalGames] Die SurvivalGames starten in 2 Sekunden
[21:56:10] [Client thread/INFO]: [CHAT] KrixCrafter: XD
[21:56:10] [Client thread/INFO]: [CHAT] [SurvivalGames] Die SurvivalGames starten in 1 Sekunden
[21:56:11] [Client thread/INFO]: [CHAT] [SurvivalGames] Die Spiele beginnen! Sammle Kisten und überlebe!
[21:56:11] [Client thread/INFO]: [CHAT] [SurvivalGames] Die Schutzzeit ist beendet!
[21:56:12] [Client thread/INFO]: [CHAT] KrixCrafter: lag
[21:56:22] [Client thread/INFO]: [CHAT] [SurvivalGames] MrsGamerattek wurde von AbiiDubii getötet
[21:56:22] [Client thread/INFO]: [CHAT] [SurvivalGames] 19 verbleibende Spieler
[21:56:25] [Client thread/INFO]: [CHAT] [SurvivalGames] iTs_Fre3ky wurde von TheGoldenSentury getötet
[21:56:25] [Client thread/INFO]: [CHAT] [SurvivalGames] 18 verbleibende Spieler
[21:56:32] [Client thread/INFO]: [CHAT] [SurvivalGames] iTzBeastixPvP wurde von Flumox12 getötet
[21:56:32] [Client thread/INFO]: [CHAT] [SurvivalGames] 17 verbleibende Spieler
[21:56:37] [Client thread/INFO]: [CHAT] [SurvivalGames] ImZetix wurde von AbiiDubii getötet
[21:56:37] [Client thread/INFO]: [CHAT] [SurvivalGames] 16 verbleibende Spieler
[21:56:41] [Client thread/INFO]: [CHAT] [SurvivalGames] PayCode wurde von AbiiDubii getötet
[21:56:41] [Client thread/INFO]: [CHAT] [SurvivalGames] 15 verbleibende Spieler
[21:56:45] [Client thread/INFO]: [CHAT] [SurvivalGames] ouviii wurde von YouBetterGoAfk getötet
[21:56:45] [Client thread/INFO]: [CHAT] [SurvivalGames] 14 verbleibende Spieler
[21:56:53] [Client thread/INFO]: [CHAT] [SurvivalGames] definitivDanny wurde von Ph4ntomPvP getötet
[21:56:53] [Client thread/INFO]: [CHAT] [SurvivalGames] 13 verbleibende Spieler
[21:56:55] [Client thread/INFO]: [CHAT] [SurvivalGames] winemedineme wurde von AbiiDubii getötet
[21:56:55] [Client thread/INFO]: [CHAT] Leben von AbiiDubii: ??????????
[21:56:55] [Client thread/INFO]: [CHAT] [SurvivalGames] 12 verbleibende Spieler
[21:56:55] [Client thread/ERROR]: Item entity 413 has no item?!
[21:56:55] [Client thread/INFO]: [CHAT] [CoinSystem] +30 Coins
[21:57:02] [Client thread/INFO]: [CHAT] [SurvivalGames] Ebrithil_Shadow wurde von ToxiZzGamerQSG getötet
[21:57:02] [Client thread/INFO]: [CHAT] [SurvivalGames] 11 verbleibende Spieler
[21:57:08] [Client thread/INFO]: [CHAT] [SurvivalGames] KrixCrafter wurde von YouBetterGoAfk getötet
[21:57:08] [Client thread/INFO]: [CHAT] [SurvivalGames] 10 verbleibende Spieler
[21:57:13] [Client thread/INFO]: [CHAT] [SurvivalGames] Untod wurde von InvivedPaul getötet
[21:57:13] [Client thread/INFO]: [CHAT] [SurvivalGames] 9 verbleibende Spieler
[21:57:17] [Client thread/INFO]: [CHAT] [SurvivalGames] VincySohn wurde von AbiiDubii getötet
[21:57:17] [Client thread/INFO]: [CHAT] [SurvivalGames] 8 verbleibende Spieler
[21:57:35] [Client thread/INFO]: [CHAT] [SurvivalGames] YouBetterGoAfk wurde von InvivedPaul getötet
[21:57:35] [Client thread/INFO]: [CHAT] [SurvivalGames] 7 verbleibende Spieler
[21:58:10] [Client thread/INFO]: [CHAT] [SurvivalGames] Ph4ntomPvP wurde von InvivedPaul getötet
[21:58:10] [Client thread/INFO]: [CHAT] [SurvivalGames] 6 verbleibende Spieler
[21:58:14] [Client thread/INFO]: [CHAT] [SurvivalGames] Flumox12 wurde von InvivedPaul getötet
[21:58:14] [Client thread/INFO]: [CHAT] [SurvivalGames] 5 verbleibende Spieler
[21:58:21] [Client thread/INFO]: [CHAT] [SurvivalGames] TheGoldenSentury wurde von InvivedPaul getötet
[21:58:21] [Client thread/INFO]: [CHAT] [SurvivalGames] 4 verbleibende Spieler
[21:58:22] [Client thread/INFO]: [CHAT] [SurvivalGames] Das Deathmatch startet in 60 Sekunden
[21:58:32] [Client thread/INFO]: [CHAT] [SurvivalGames] Das Deathmatch startet in 50 Sekunden
[21:58:42] [Client thread/INFO]: [CHAT] [SurvivalGames] Das Deathmatch startet in 40 Sekunden
[21:58:52] [Client thread/INFO]: [CHAT] [SurvivalGames] Das Deathmatch startet in 30 Sekunden
[21:59:02] [Client thread/INFO]: [CHAT] [SurvivalGames] Das Deathmatch startet in 20 Sekunden
[21:59:07] [Client thread/INFO]: [CHAT] [SurvivalGames] ToxiZzGamerQSG wurde von AbiiDubii getötet
[21:59:07] [Client thread/INFO]: [CHAT] [SurvivalGames] 3 verbleibende Spieler
[21:59:07] [Client thread/INFO]: [CHAT] [SurvivalGames] Das Deathmatch startet in 15 Sekunden
[21:59:11] [Client thread/INFO]: [CHAT] [SurvivalGames] Das Deathmatch startet in 10 Sekunden
[21:59:17] [Client thread/INFO]: [CHAT] [SurvivalGames] Das Deathmatch startet in 5 Sekunden
[21:59:18] [Client thread/INFO]: [CHAT] [SurvivalGames] Das Deathmatch startet in 4 Sekunden
[21:59:19] [Client thread/INFO]: [CHAT] [SurvivalGames] Das Deathmatch startet in 3 Sekunden
[21:59:20] [Client thread/INFO]: [CHAT] [SurvivalGames] Das Deathmatch startet in 2 Sekunden
[21:59:20] [Client thread/INFO]: [CHAT] [SurvivalGames] Das Deathmatch startet in 1 Sekunden
[21:59:22] [Client thread/INFO]: [CHAT] [SurvivalGames] Das Deathmatch beginnt!
[21:59:37] [Client thread/INFO]: [CHAT] Du wurdest als abwesend markiert.
[21:59:40] [Client thread/INFO]: [CHAT] InvivedPaul: stone rod bow
[21:59:51] [Client thread/INFO]: [CHAT] AbiiDubii: jo
[22:00:00] [Client thread/INFO]: [CHAT] AbiiDubii: wo ist
[22:00:33] [Client thread/INFO]: [CHAT] [SurvivalGames] BOOSTVIBES wurde von AbiiDubii getötet
[22:00:33] [Client thread/INFO]: [CHAT] [SurvivalGames] 2 verbleibende Spieler
[22:00:33] [Client thread/ERROR]: Item entity 907 has no item?!
[22:00:37] [Client thread/INFO]: [CHAT] AbiiDubii: sod
[22:00:42] [Client thread/INFO]: [CHAT] InvivedPaul: go?
[22:00:44] [Client thread/INFO]: [CHAT] AbiiDubii: go
[22:00:50] [Client thread/INFO]: [CHAT] [?] BOOSTVIBES: teamer aber ist ja normal
[22:01:06] [Client thread/INFO]: [CHAT] [SurvivalGames] InvivedPaul wurde von AbiiDubii getötet
[22:01:06] [Client thread/INFO]: [CHAT] [SurvivalGames] AbiiDubii hat die SurvivalGames gewonnen
[22:01:06] [Client thread/ERROR]: Item entity 969 has no item?!
[22:01:06] [Client thread/ERROR]: Item entity 969 has no item?!
[22:01:06] [Client thread/ERROR]: Item entity 985 has no item?!
[22:01:06] [Client thread/ERROR]: Item entity 985 has no item?!
[22:01:07] [Client thread/INFO]: [CHAT] AbiiDubii: gg
[22:01:07] [Client thread/INFO]: [CHAT] InvivedPaul: gg
[22:01:09] [Client thread/INFO]: [CHAT] « InvivedPaul hat das Spiel verlassen
[22:01:10] [Client thread/INFO]: [CHAT] [SurvivalGames] Der Server startet in 15 Sekunden neu
[22:01:11] [Client thread/INFO]: [CHAT] « AbiiDubii hat das Spiel verlassen
[22:01:15] [Client thread/INFO]: [CHAT] [SurvivalGames] Der Server startet in 10 Sekunden neu
[22:01:20] [Client thread/INFO]: [CHAT] [SurvivalGames] Der Server startet in 5 Sekunden neu
[22:01:21] [Client thread/INFO]: [CHAT] « BOOSTVIBES hat das Spiel verlassen
[22:01:21] [Client thread/INFO]: [CHAT] [SurvivalGames] Der Server startet in 4 Sekunden neu
[22:01:22] [Client thread/INFO]: [CHAT] [SurvivalGames] Der Server startet in 3 Sekunden neu
[22:01:23] [Client thread/INFO]: [CHAT] [SurvivalGames] Der Server startet in 2 Sekunden neu
[22:01:24] [Client thread/INFO]: [CHAT] [SurvivalGames] Der Server startet in 1 Sekunden neu
[22:01:25] [Client thread/INFO]: [CHAT] 
[22:01:26] [Client thread/INFO]: [CHAT] Du bist nun nicht mehr abwesend.
[22:02:42] [Client thread/INFO]: [CHAT] mine_Fox28: t
[22:02:55] [Client thread/INFO]: [CHAT] mine_Fox28: Oky
[22:03:05] [Client thread/INFO]: [CHAT] mine_Fox28: t
[22:03:42] [Client thread/INFO]: [CHAT] Du wurdest als abwesend markiert.
[22:04:21] [Client thread/INFO]: [CHAT] Du bist nun nicht mehr abwesend.
[22:06:17] [Client thread/INFO]: [CHAT] Unknown command. Type "/help" for help.
[22:06:17] [Client thread/INFO]: [CHAT] Unknown command. Type "/help" for help.
[22:06:18] [Client thread/INFO]: [CHAT] Unknown command. Type "/help" for help.
[22:06:19] [Client thread/INFO]: [CHAT] Unknown command. Type "/help" for help.
[22:06:24] [Client thread/INFO]: [CHAT] Unknown command. Type "/help" for help.
[22:06:49] [Client thread/INFO]: [CHAT] Unknown command. Type "/help" for help.
[22:06:50] [Client thread/INFO]: [CHAT] Unknown command. Type "/help" for help.
[22:06:52] [Client thread/INFO]: [CHAT] » winemedineme hat das Spiel betreten
[22:06:52] [Client thread/INFO]: [CHAT] Teams sind in dieser Runde VERBOTEN und werden mit einem Ban bestraft!
[22:06:53] [Client thread/INFO]: [CHAT] « Mondhund hat das Spiel verlassen
[22:06:53] [Client thread/INFO]: [CHAT] » aktiverPuncher hat das Spiel betreten
[22:06:53] [Client thread/INFO]: [CHAT] [SurvivalGames] Die Runde beginnt in 3 Sekunden
[22:06:53] [Client thread/INFO]: [CHAT] [SurvivalGames] Die Runde beginnt in 2 Sekunden
[22:06:54] [Client thread/INFO]: [CHAT] [SurvivalGames] Die Runde beginnt in 1 Sekunden
[22:06:55] [Client thread/INFO]: [CHAT] « TheChrom3r hat das Spiel verlassen
[22:06:55] [Client thread/INFO]: [CHAT] « xX_Philion_Xx hat das Spiel verlassen
[22:06:55] [Client thread/INFO]: [CHAT] [SurvivalGames] Alle werden in die Arena teleportiert!
[22:06:55] [Client thread/INFO]: [CHAT] Teams sind in dieser Runde VERBOTEN und werden mit einem Ban bestraft!
[22:06:55] [Client thread/INFO]: [CHAT] [SurvivalGames] Die SurvivalGames starten in 10 Sekunden
[22:07:01] [Client thread/INFO]: [CHAT] [SurvivalGames] Die SurvivalGames starten in 5 Sekunden
[22:07:01] [Client thread/INFO]: [CHAT] [SurvivalGames] Die SurvivalGames starten in 4 Sekunden
[22:07:02] [Client thread/INFO]: [CHAT] [SurvivalGames] Die SurvivalGames starten in 3 Sekunden
[22:07:03] [Client thread/INFO]: [CHAT] [SurvivalGames] Die SurvivalGames starten in 2 Sekunden
[22:07:04] [Client thread/INFO]: [CHAT] [SurvivalGames] Die SurvivalGames starten in 1 Sekunden
[22:07:05] [Client thread/INFO]: [CHAT] [SurvivalGames] Die Spiele beginnen! Sammle Kisten und überlebe!
[22:07:05] [Client thread/INFO]: [CHAT] [SurvivalGames] Die Schutzzeit ist beendet!
[22:07:06] [Client thread/INFO]: [CHAT] N/A
[22:07:08] [Client thread/INFO]: [CHAT] N/A
[22:07:16] [Client thread/INFO]: [CHAT] [SurvivalGames] AimLikeShaddler wurde von Taris_Bear getötet
[22:07:16] [Client thread/INFO]: [CHAT] [SurvivalGames] 17 verbleibende Spieler
[22:07:19] [Client thread/INFO]: [CHAT] [SurvivalGames] Nikelmo02 wurde von KeqzYT getötet
[22:07:19] [Client thread/INFO]: [CHAT] [SurvivalGames] 16 verbleibende Spieler
[22:07:31] [Client thread/INFO]: [CHAT] [SurvivalGames] Raphtastic1 wurde von alech69 getötet
[22:07:31] [Client thread/INFO]: [CHAT] [SurvivalGames] 15 verbleibende Spieler
[22:07:31] [Client thread/INFO]: [CHAT] [SurvivalGames] ImPaulGHG wurde von Jailynxoxo getötet
[22:07:31] [Client thread/INFO]: [CHAT] [SurvivalGames] 14 verbleibende Spieler
[22:07:32] [Client thread/INFO]: [CHAT] [SurvivalGames] Unsortiert wurde von ActiveLeon getötet
[22:07:32] [Client thread/INFO]: [CHAT] [SurvivalGames] 13 verbleibende Spieler
[22:07:34] [Client thread/INFO]: [CHAT] [SurvivalGames] SypanicM wurde von vito12345678901 getötet
[22:07:34] [Client thread/INFO]: [CHAT] [SurvivalGames] 12 verbleibende Spieler
[22:07:36] [Client thread/INFO]: [CHAT] N/A
[22:07:39] [Client thread/INFO]: [CHAT] N/A
[22:07:40] [Client thread/INFO]: [CHAT] N/A
[22:07:40] [Client thread/INFO]: [CHAT] N/A
[22:07:44] [Client thread/INFO]: [CHAT] N/A
[22:07:44] [Client thread/INFO]: [CHAT] [SurvivalGames] KeqzYT wurde von sueperluek getötet
[22:07:44] [Client thread/INFO]: [CHAT] [SurvivalGames] 11 verbleibende Spieler
[22:07:44] [Client thread/INFO]: [CHAT] N/A
[22:07:45] [Client thread/INFO]: [CHAT] N/A
[22:07:46] [Client thread/INFO]: [CHAT] [SurvivalGames] Jailynxoxo wurde von KeqzYT getötet
[22:07:46] [Client thread/INFO]: [CHAT] [SurvivalGames] 10 verbleibende Spieler
[22:07:56] [Client thread/INFO]: [CHAT] [SurvivalGames] ActiveLeon wurde von 4ms_Arab_Mohamed getötet
[22:07:56] [Client thread/INFO]: [CHAT] [SurvivalGames] 9 verbleibende Spieler
[22:08:00] [Client thread/INFO]: [CHAT] [SurvivalGames] aktiverPuncher wurde von alech69 getötet
[22:08:00] [Client thread/INFO]: [CHAT] [SurvivalGames] 8 verbleibende Spieler
[22:08:03] [Client thread/INFO]: [CHAT] [SurvivalGames] LegiasKamaji wurde von Taris_Bear getötet
[22:08:03] [Client thread/INFO]: [CHAT] [SurvivalGames] 7 verbleibende Spieler
[22:08:14] [Client thread/INFO]: [CHAT] N/A
[22:08:15] [Client thread/INFO]: [CHAT] N/A
[22:08:17] [Client thread/INFO]: [CHAT] [SurvivalGames] niiqk wurde von Taris_Bear getötet
[22:08:17] [Client thread/INFO]: [CHAT] [SurvivalGames] 6 verbleibende Spieler
[22:08:23] [Client thread/INFO]: [CHAT] N/A
[22:08:24] [Client thread/INFO]: [CHAT] N/A
[22:08:24] [Client thread/INFO]: [CHAT] N/A
[22:08:27] [Client thread/INFO]: [CHAT] N/A
[22:08:27] [Client thread/INFO]: [CHAT] N/A
[22:08:28] [Client thread/INFO]: [CHAT] N/A
[22:08:29] [Client thread/INFO]: [CHAT] N/A
[22:08:30] [Client thread/INFO]: [CHAT] N/A
[22:08:30] [Client thread/ERROR]: Item entity 157 has no item?!
[22:08:31] [Client thread/INFO]: [CHAT] N/A
[22:08:31] [Client thread/ERROR]: Item entity 169 has no item?!
[22:08:32] [Client thread/INFO]: [CHAT] N/A
[22:08:42] [Client thread/INFO]: [CHAT] [SurvivalGames] Taris_Bear wurde von sueperluek getötet
[22:08:42] [Client thread/INFO]: [CHAT] [SurvivalGames] 5 verbleibende Spieler
[22:08:44] [Client thread/INFO]: [CHAT] [SurvivalGames] winemedineme wurde von 4ms_Arab_Mohamed getötet
[22:08:44] [Client thread/INFO]: [CHAT] Leben von 4ms_Arab_Mohamed: ??????????
[22:08:44] [Client thread/INFO]: [CHAT] [SurvivalGames] 4 verbleibende Spieler
[22:08:44] [Client thread/INFO]: [CHAT] [CoinSystem] +41 Coins
[22:08:44] [Client thread/INFO]: [CHAT] [SurvivalGames] Das Deathmatch startet in 60 Sekunden
[22:08:51] [Client thread/INFO]: [CHAT] [?] ImZetix: aktiverPuncher wer von den ist xthepunch xd :D
[22:08:54] [Client thread/INFO]: [CHAT] [SurvivalGames] Das Deathmatch startet in 50 Sekunden
[22:09:00] [Client thread/INFO]: [CHAT] [?] aktiverPuncher: sag ich nicht xD
[22:09:04] [Client thread/INFO]: [CHAT] [SurvivalGames] Das Deathmatch startet in 40 Sekunden
[22:09:13] [Client thread/INFO]: [CHAT] [?] ImZetix: Bist du mit ihm Ts
[22:09:14] [Client thread/INFO]: [CHAT] [SurvivalGames] Das Deathmatch startet in 30 Sekunden
[22:09:15] [Client thread/INFO]: [CHAT] [?] ActiveLeon: 4ms_arab_mohamed bitte nimm dia fa an wäre voll cool PRMUS bester Clan eu
[22:09:16] [Client thread/INFO]: [CHAT] [?] aktiverPuncher: ne
[22:09:17] [Client thread/INFO]: [CHAT] [SurvivalGames] sueperluek wurde von 4ms_Arab_Mohamed getötet
[22:09:17] [Client thread/INFO]: [CHAT] [SurvivalGames] 3 verbleibende Spieler
[22:09:20] [Client thread/INFO]: [CHAT] [?] aktiverPuncher: weiss es trotzdem
[22:09:24] [Client thread/INFO]: [CHAT] [SurvivalGames] Das Deathmatch startet in 20 Sekunden
[22:09:25] [Client thread/INFO]: [CHAT] [?] aktiverPuncher: aber friend list
[22:09:25] [Client thread/INFO]: [CHAT] [?] ActiveLeon: .
[22:09:29] [Client thread/INFO]: [CHAT] [?] ImZetix: vito
[22:09:29] [Client thread/INFO]: [CHAT] [SurvivalGames] Das Deathmatch startet in 15 Sekunden
[22:09:31] [Client thread/INFO]: [CHAT] [?] aktiverPuncher: ja
[22:09:33] [Client thread/INFO]: [CHAT] [?] aktiverPuncher: xD
[22:09:34] [Client thread/INFO]: [CHAT] [SurvivalGames] Das Deathmatch startet in 10 Sekunden
[22:09:37] [Client thread/INFO]: [CHAT] [?] ImZetix: DAT name
[22:09:39] [Client thread/INFO]: [CHAT] [SurvivalGames] Das Deathmatch startet in 5 Sekunden
[22:09:40] [Client thread/INFO]: [CHAT] [SurvivalGames] Das Deathmatch startet in 4 Sekunden
[22:09:40] [Client thread/INFO]: [CHAT] [?] ImZetix: 123345
[22:09:41] [Client thread/INFO]: [CHAT] [SurvivalGames] Das Deathmatch startet in 3 Sekunden
[22:09:42] [Client thread/INFO]: [CHAT] [SurvivalGames] Das Deathmatch startet in 2 Sekunden
[22:09:43] [Client thread/INFO]: [CHAT] [?] aktiverPuncher: woher wusstest du
[22:09:43] [Client thread/INFO]: [CHAT] [SurvivalGames] Das Deathmatch startet in 1 Sekunden
[22:09:44] [Client thread/INFO]: [CHAT] [SurvivalGames] Das Deathmatch beginnt!
[22:09:51] [Client thread/INFO]: [CHAT] [?] aktiverPuncher: das er in der runde ist?
[17:37:35] [Client thread/INFO]: Setting user: Player996
[17:37:36] [Client thread/INFO]: (Session ID is token:0:Player996)
