[20:10:24] [Client thread/INFO]: Setting user: Player999
[20:10:24] [Client thread/INFO]: (Session ID is token:0:Player999)
[20:10:26] [Client thread/INFO]: LWJGL Version: 2.9.1
[20:10:27] [Client thread/INFO]: Reloading ResourceManager: Default, Code-Bold x512.zip
[20:10:27] [Sound Library Loader/INFO]: Starting up SoundSystem...
[20:10:27] [Thread-7/INFO]: Initializing LWJGL OpenAL
[20:10:27] [Thread-7/INFO]: (The LWJGL binding of OpenAL.  For more information, see http://www.lwjgl.org)
[20:10:27] [Thread-7/INFO]: OpenAL initialized.
[20:10:28] [Sound Library Loader/INFO]: Sound engine started
[20:10:31] [Client thread/ERROR]: Using missing texture, unable to load minecraft:mcpatcher/ctm/default/empty.png, java.io.FileNotFoundException
[20:10:32] [Client thread/INFO]: Created: 512x512 textures-atlas
[20:10:32] [Client thread/INFO]: Logging in with username & password
[20:11:06] [Server thread/INFO]: Starting integrated minecraft server version 1.8
[20:11:06] [Server thread/INFO]: Generating keypair
[20:11:06] [Server thread/INFO]: Preparing start region for level 0
[20:11:06] [Server thread/INFO]: Changing view distance to 13, from 10
[20:11:07] [Server thread/INFO]: Diggerwolf[local:E:08a70795] logged in with entity id 86 at (-91.5, 4.0, 166.5)
[20:11:07] [Server thread/INFO]: Diggerwolf joined the game
[20:11:08] [Client thread/INFO]: [CHAT] A new §eOptiFine§f version is available: §eHD Ultra null§f
[20:11:14] [Server thread/INFO]: Diggerwolf has just earned the achievement [Taking Inventory]
[20:11:14] [Client thread/INFO]: [CHAT] Diggerwolf has just earned the achievement [Taking Inventory]
[20:13:12] [Server thread/INFO]: Saving and pausing game...
[20:13:12] [Server thread/INFO]: Saving chunks for level 'New World'/Overworld
[20:13:13] [Server thread/INFO]: Saving chunks for level 'New World'/Nether
[20:13:13] [Server thread/INFO]: Saving chunks for level 'New World'/The End
[20:13:15] [Server thread/INFO]: Stopping server
[20:13:15] [Server thread/INFO]: Saving players
[20:13:15] [Server thread/INFO]: Saving worlds
[20:13:15] [Server thread/INFO]: Saving chunks for level 'New World'/Overworld
[20:13:15] [Server thread/INFO]: Saving chunks for level 'New World'/Nether
[20:13:15] [Server thread/INFO]: Saving chunks for level 'New World'/The End
[20:13:20] [Server thread/INFO]: Starting integrated minecraft server version 1.8
[20:13:20] [Server thread/INFO]: Generating keypair
[20:13:20] [Server thread/INFO]: Preparing start region for level 0
[20:13:21] [Server thread/INFO]: Changing view distance to 13, from 10
[20:13:21] [Server thread/INFO]: Diggerwolf[local:E:c8f84474] logged in with entity id 735701 at (-92.82139531680131, 5.166109260938214, 192.96113279663933)
[20:13:21] [Server thread/INFO]: Diggerwolf joined the game
[20:13:22] [Server thread/INFO]: Saving and pausing game...
[20:13:22] [Server thread/INFO]: Saving chunks for level 'New World'/Overworld
[20:13:22] [Server thread/INFO]: Saving chunks for level 'New World'/Nether
[20:13:22] [Server thread/INFO]: Saving chunks for level 'New World'/The End
[20:13:26] [Server thread/INFO]: Changing difficulty to PEACEFUL, from NORMAL
