INFO  2018-01-28 18:55:35,992 (Saros.java:220) Starting Saros 14.10.31 running:
  Java Version: 1.8.0_101
  Java Vendor: Oracle Corporation
  Eclipse Runtime Version: 3.12.0.v20160606-1342
  Operating System: Windows 10 (10.0)
  Hardware Architecture: amd64
INFO  2018-01-28 18:55:36,014 (SarosContext.java:153) creating Saros runtime context...
DEBUG 2018-01-28 18:55:36,047 (XMPPAccountStore.java:117) loading accounts from file: C:\Users\xyzer\.saros\config.dat
DEBUG 2018-01-28 18:55:36,175 (XMPPAccountStore.java:176) loaded 1 account(s)
INFO  2018-01-28 18:55:36,311 (SarosContext.java:199) successfully created Saros runtime context
DEBUG 2018-01-28 18:55:36,339 (DataTransferManager.java:467) used transport order for the current XMPP connection: [XMPP-Socks5-Transport, XMPP-IBB-Transport]
INFO  2018-01-28 18:55:36,363 (PreferenceInitializer.java:50) initializing preference default values
DEBUG 2018-01-28 18:55:36,390 (SarosAnnotation.java:117) resetting annotation colors
DEBUG 2018-01-28 18:55:36,394 (Saros.java:430) skipping conversion of old XMPP accounts, because there are already new ones
DEBUG 2018-01-28 18:55:39,397 (SharedDocumentProvider.java:77) SharedDocumentProvider created by Eclipse
DEBUG 2018-01-28 18:55:43,284 (WhiteboardManager.java:194) WhiteboardManager instantiated
DEBUG 2018-01-28 18:55:43,371 (DocumentRecord.java:93) Added Node: attr(151716214335617728) name=svg
DEBUG 2018-01-28 18:55:43,533 (XMPPConnectionService.java:439) started Socks5 proxy on port: 7777 [listening on all interfaces]
DEBUG 2018-01-28 18:55:44,693 (XMPPConnectionService.java:459) using autodetected addresses: [192.168.2.107, 2003:d5:e3ef:4745:3825:1d6e:3ae2:61c4, 2003:d5:e3ef:4745:401f:eab9:e750:2cc8, fe80:0:0:0:3825:1d6e:3ae2:61c4%eth2]
DEBUG 2018-01-28 18:55:44,697 (XMPPConnectionService.java:398)  new connection state == CONNECTING
DEBUG 2018-01-28 18:55:45,594 (XMPPConnectionService.java:398) xzer@saros-con.imp.fu-berlin.de/Saros new connection state == CONNECTED
DEBUG 2018-01-28 18:55:45,594 (DataTransferManager.java:467) used transport order for the current XMPP connection: [XMPP-Socks5-Transport, XMPP-IBB-Transport]
DEBUG 2018-01-28 18:55:45,604 (SkypeManager.java:289) Refreshing Skype username cache...
WARN  2018-01-28 18:55:54,914 (StunServiceImpl.java:420) received no response from STUN server stunserver.org/67.227.226.240:3478 at local address /192.168.2.107:0
