INFO  2016-12-21 18:51:35,989 (Saros.java:220) Starting Saros 14.10.31 running:
  Java Version: 1.8.0_101
  Java Vendor: Oracle Corporation
  Eclipse Runtime Version: 3.12.0.v20160606-1342
  Operating System: Windows 10 (10.0)
  Hardware Architecture: amd64
INFO  2016-12-21 18:51:36,021 (SarosContext.java:153) creating Saros runtime context...
INFO  2016-12-21 18:51:36,254 (SarosContext.java:199) successfully created Saros runtime context
DEBUG 2016-12-21 18:51:36,294 (DataTransferManager.java:467) used transport order for the current XMPP connection: [XMPP-Socks5-Transport, XMPP-IBB-Transport]
INFO  2016-12-21 18:51:36,322 (PreferenceInitializer.java:50) initializing preference default values
DEBUG 2016-12-21 18:51:36,357 (SarosAnnotation.java:117) resetting annotation colors
DEBUG 2016-12-21 18:51:36,366 (Saros.java:264) autogenerated favorite color id is: 3
INFO  2016-12-21 18:51:36,383 (XMPPAccountStore.java:106) loaded 0 accounts
DEBUG 2016-12-21 18:51:44,895 (WhiteboardManager.java:194) WhiteboardManager instantiated
DEBUG 2016-12-21 18:51:45,059 (DocumentRecord.java:93) Added Node: attr(148234270503154125) name=svg
DEBUG 2016-12-21 18:52:31,060 (CreateXMPPAccountWizard.java:135) Account creation succeeded: username=XZER, server=saros-con.imp.fu-berlin.de
DEBUG 2016-12-21 18:52:31,128 (XMPPAccountStore.java:232) saved 1 account(s)
DEBUG 2016-12-21 18:52:31,131 (XMPPAccountStore.java:232) saved 1 account(s)
DEBUG 2016-12-21 18:52:31,193 (XMPPConnectionService.java:439) started Socks5 proxy on port: 7777 [listening on all interfaces]
DEBUG 2016-12-21 18:52:31,807 (XMPPConnectionService.java:459) using autodetected addresses: [192.168.2.108, fe80:0:0:0:50fa:8586:2f83:e7%eth3]
DEBUG 2016-12-21 18:52:31,809 (XMPPConnectionService.java:398)  new connection state == CONNECTING
DEBUG 2016-12-21 18:52:32,779 (XMPPConnectionService.java:398) xzer@saros-con.imp.fu-berlin.de/Saros new connection state == CONNECTED
DEBUG 2016-12-21 18:52:32,780 (DataTransferManager.java:467) used transport order for the current XMPP connection: [XMPP-Socks5-Transport, XMPP-IBB-Transport]
DEBUG 2016-12-21 18:52:32,782 (SkypeManager.java:289) Refreshing Skype username cache...
INFO  2016-12-21 18:52:32,832 (SingleUserChatService.java:84) chat created between xzer@saros-con.imp.fu-berlin.de/Saros <->saros-con.imp.fu-berlin.de, created local: false
WARN  2016-12-21 18:52:42,216 (StunServiceImpl.java:420) received no response from STUN server stunserver.org/69.172.201.153:3478 at local address /192.168.2.108:0
WARN  2016-12-21 18:55:21,213 (AddContactWizard.java:237) Problem while adding a contact. User decided to add contact anyway. Problem:
No response from the server.
WARN  2016-12-21 18:55:21,319 (SubscriptionHandler.java:148) received error presence package from eazyclient@outlook.de, condition: remote-server-not-found, message: null
WARN  2016-12-21 18:56:31,935 (AddContactWizard.java:237) Problem while adding a contact. User decided to add contact anyway. Problem:
service-unavailable(503)
DEBUG 2016-12-21 18:56:44,300 (SubscriptionHandler.java:152) contact subscribed to us: eazycode@saros-con.imp.fu-berlin.de
DEBUG 2016-12-21 18:56:45,108 (SubscriptionHandler.java:160) contact requests to subscribe to us: eazycode@saros-con.imp.fu-berlin.de
DEBUG 2016-12-21 18:56:45,109 (DiscoveryManager.java:382) Inserted DiscoveryInfo into Cache for: eazycode@saros-con.imp.fu-berlin.de/Saros
DEBUG 2016-12-21 18:56:47,270 (DiscoveryManager.java:98) clearing cache entry of contact eazycode@saros-con.imp.fu-berlin.de/Saros: <query xmlns="http://jabber.org/protocol/disco#info"><identity category="client" name="Smack" type="pc"/><feature var="http://jabber.org/protocol/disco#items"/><feature var="http://jabber.org/protocol/bytestreams"/><feature var="http://jabber.org/protocol/ibb"/><feature var="http://jabber.org/protocol/si"/><feature var="http://jabber.org/protocol/xhtml-im"/><feature var="http://jabber.org/protocol/chatstates"/><feature var="http://jabber.org/protocol/si/profile/file-transfer"/><feature var="urn:xmpp:ping"/><feature var="jabber:iq:last"/><feature var="http://jabber.org/protocol/commands"/><feature var="http://jabber.org/protocol/muc"/><feature var="de.fu_berlin.inf.dpp"/><feature var="http://jabber.org/protocol/disco#info"/></query>
DEBUG 2016-12-21 18:56:47,627 (DiscoveryManager.java:382) Inserted DiscoveryInfo into Cache for: eazycode@saros-con.imp.fu-berlin.de/Saros
DEBUG 2016-12-21 18:56:58,232 (VersionManager.java:90) received version request from eazycode@saros-con.imp.fu-berlin.de/Saros
DEBUG 2016-12-21 18:56:58,236 (VersionManager.java:160) send version response to eazycode@saros-con.imp.fu-berlin.de/Saros
INFO  2016-12-21 18:56:58,790 (InvitationHandler.java:115) received invitation from eazycode@saros-con.imp.fu-berlin.de/Saros [invitation id: -6944618214244918201, session id: 297567666, version: 14.10.31]
DEBUG 2016-12-21 18:57:02,494 (IncomingSessionNegotiation.java:103) ISN [remote side: eazycode@saros-con.imp.fu-berlin.de/Saros] : invitation accepted
DEBUG 2016-12-21 18:57:02,496 (IncomingSessionNegotiation.java:188) ISN [remote side: eazycode@saros-con.imp.fu-berlin.de/Saros] : sending invitation accepted confirmation
DEBUG 2016-12-21 18:57:02,497 (IncomingSessionNegotiation.java:219) ISN [remote side: eazycode@saros-con.imp.fu-berlin.de/Saros] : sending session negotiation data
DEBUG 2016-12-21 18:57:02,497 (IncomingSessionNegotiation.java:232) ISN [remote side: eazycode@saros-con.imp.fu-berlin.de/Saros] : waiting for host's session parameters
DEBUG 2016-12-21 18:57:03,316 (IncomingSessionNegotiation.java:252) ISN [remote side: eazycode@saros-con.imp.fu-berlin.de/Saros] : received host's session parameters
DEBUG 2016-12-21 18:57:03,316 (IncomingSessionNegotiation.java:265) ISN [remote side: eazycode@saros-con.imp.fu-berlin.de/Saros] : initializing session
DEBUG 2016-12-21 18:57:03,317 (MUCNegotiationManager.java:143) Got hosts Communication Config: server conference.saros-con.imp.fu-berlin.de room SAROS_297567666 pw 1289570250
INFO  2016-12-21 18:57:03,348 (StatisticManager.java:184) Current feedback settings:
  Feedback disabled: false
  Feedback interval: 5
  Statistic submission allowed: false
  Pseudonym submission allowed: false
INFO  2016-12-21 18:57:03,358 (ErrorLogManager.java:257) Current error log settings:
  Error log submission allowed: false
  Full Error log submission allowed: false
INFO  2016-12-21 18:57:03,366 (SarosSessionManager.java:281) joined uninitialized Saros session
INFO  2016-12-21 18:57:03,368 (DataTransferManager.java:409) establishing connection to eazycode@saros-con.imp.fu-berlin.de/Saros from xzer@saros-con.imp.fu-berlin.de/Saros using transport XMPP-Socks5-Transport
DEBUG 2016-12-21 18:57:03,368 (ByteStreamTransport.java:45) establishing bytestream connection to eazycode@saros-con.imp.fu-berlin.de/Saros
DEBUG 2016-12-21 18:57:03,369 (Socks5Transport.java:493) [SOCKS5Transport] establishing connection to eazycode@saros-con.imp.fu-berlin.de/Saroswith local SOCKS5 proxy running [port=7777, configured streamhosts=[192.168.2.108, fe80:0:0:0:50fa:8586:2f83:e7%eth3]]...
DEBUG 2016-12-21 18:57:07,558 (ByteStreamTransport.java:72) received request to establish a  bytestream connection to eazycode@saros-con.imp.fu-berlin.de/Saros [de.fu_berlin.inf.dpp.net.internal.ByteStreamTransport$1@41a95b2d]
DEBUG 2016-12-21 18:57:07,559 (Socks5Transport.java:311) [SOCKS5Transport] receiving response connection from eazycode@saros-con.imp.fu-berlin.de/Saroswith local SOCKS5 proxy running [port=7777, configured streamhosts=[192.168.2.108, fe80:0:0:0:50fa:8586:2f83:e7%eth3]]
WARN  2016-12-21 18:57:14,618 (Socks5Transport.java:544) [SOCKS5Transport] could not establish a connection to eazycode@saros-con.imp.fu-berlin.de/Saros, remote side could not connect to any offered stream hosts: item-not-found(404) Could not establish socket with any provided host
DEBUG 2016-12-21 18:57:14,630 (Socks5Transport.java:567) [SOCKS5Transport] waiting for eazycode@saros-con.imp.fu-berlin.de/Saros to establish a connection...
ERROR 2016-12-21 18:57:17,743 (ByteStreamTransport.java:105) could not establish bytestream connection to eazycode@saros-con.imp.fu-berlin.de/Saros
Could not establish socket with any provided host: item-not-found(404) Could not establish socket with any provided host
	at org.jivesoftware.smackx.bytestreams.socks5.Socks5BytestreamRequest.cancelRequest(Socks5BytestreamRequest.java:277)
	at org.jivesoftware.smackx.bytestreams.socks5.Socks5BytestreamRequest.accept(Socks5BytestreamRequest.java:247)
	at org.jivesoftware.smackx.bytestreams.socks5.Socks5BytestreamRequest.accept(Socks5BytestreamRequest.java:34)
	at de.fu_berlin.inf.dpp.net.internal.Socks5Transport.handleResponse(Socks5Transport.java:315)
	at de.fu_berlin.inf.dpp.net.internal.Socks5Transport.acceptRequest(Socks5Transport.java:471)
	at de.fu_berlin.inf.dpp.net.internal.ByteStreamTransport$1.incomingBytestreamRequest(ByteStreamTransport.java:77)
	at org.jivesoftware.smackx.bytestreams.socks5.InitiationListener.processRequest(InitiationListener.java:91)
	at org.jivesoftware.smackx.bytestreams.socks5.InitiationListener.access$000(InitiationListener.java:37)
	at org.jivesoftware.smackx.bytestreams.socks5.InitiationListener$1.run(InitiationListener.java:63)
	at java.util.concurrent.ThreadPoolExecutor.runWorker(Unknown Source)
	at java.util.concurrent.ThreadPoolExecutor$Worker.run(Unknown Source)
	at java.lang.Thread.run(Unknown Source)
WARN  2016-12-21 18:57:44,631 (DataTransferManager.java:415) failed to connect to eazycode@saros-con.imp.fu-berlin.de/Saros using transport: XMPP-Socks5-Transport
java.io.IOException: [SOCKS5Transport] waiting for a response session timed out (30000ms) and could not establish a connection from this side, too:
	at de.fu_berlin.inf.dpp.net.internal.Socks5Transport.establishBinaryChannel(Socks5Transport.java:592)
	at de.fu_berlin.inf.dpp.net.internal.ByteStreamTransport.connect(ByteStreamTransport.java:48)
	at de.fu_berlin.inf.dpp.net.internal.DataTransferManager.connectInternal(DataTransferManager.java:412)
	at de.fu_berlin.inf.dpp.net.internal.DataTransferManager.connect(DataTransferManager.java:297)
	at de.fu_berlin.inf.dpp.negotiation.IncomingSessionNegotiation.accept(IncomingSessionNegotiation.java:167)
	at de.fu_berlin.inf.dpp.ui.wizards.JoinSessionWizard$2.run(JoinSessionWizard.java:128)
	at org.eclipse.jface.operation.ModalContext$ModalContextThread.run(ModalContext.java:119)
Caused by: item-not-found(404) Could not establish socket with any provided host
	at org.jivesoftware.smack.util.SyncPacketSend.getReply(SyncPacketSend.java:54)
	at org.jivesoftware.smackx.bytestreams.socks5.Socks5BytestreamManager.establishSession(Socks5BytestreamManager.java:481)
	at org.jivesoftware.smackx.bytestreams.socks5.Socks5BytestreamManager.establishSession(Socks5BytestreamManager.java:83)
	at de.fu_berlin.inf.dpp.net.internal.Socks5Transport.establishBinaryChannel(Socks5Transport.java:512)
	... 6 more
INFO  2016-12-21 18:57:44,639 (DataTransferManager.java:409) establishing connection to eazycode@saros-con.imp.fu-berlin.de/Saros from xzer@saros-con.imp.fu-berlin.de/Saros using transport XMPP-IBB-Transport
DEBUG 2016-12-21 18:57:44,640 (ByteStreamTransport.java:45) establishing bytestream connection to eazycode@saros-con.imp.fu-berlin.de/Saros
DEBUG 2016-12-21 18:57:44,950 (DataTransferManager.java:136) bytestream connection changed [mode=IBB, id=saros-main-session] eazycode@saros-con.imp.fu-berlin.de/Saros, inc=false, pool id=saros-main-session:out:eazycode@saros-con.imp.fu-berlin.de/Saros]
DEBUG 2016-12-21 18:57:44,952 (IncomingSessionNegotiation.java:304) ISN [remote side: eazycode@saros-con.imp.fu-berlin.de/Saros] : starting session
DEBUG 2016-12-21 18:57:44,952 (BinaryChannelConnection.java:103) [mode=IBB, id=saros-main-session] eazycode@saros-con.imp.fu-berlin.de/Saros ReceiverThread started.
INFO  2016-12-21 18:57:44,956 (StatisticManager.java:163) Session count: 1
DEBUG 2016-12-21 18:57:44,956 (MultiUserChatService.java:100) Joining MUC...
INFO  2016-12-21 18:57:44,957 (ParticipantCollector.java:134) Session started: Current number of participants: 2
DEBUG 2016-12-21 18:57:44,960 (XStreamExtensionProvider.java:149) Registering new converter of class de.fu_berlin.inf.dpp.misc.xstream.SPathConverter
DEBUG 2016-12-21 18:57:44,960 (ActivityHandler.java:89) activity dispatcher started
DEBUG 2016-12-21 18:57:44,960 (XStreamExtensionProvider.java:194) Registering new converter of class de.fu_berlin.inf.dpp.misc.xstream.UserConverter
DEBUG 2016-12-21 18:57:44,963 (MultiUserChat.java:264) Trying to create room on server conference.saros-con.imp.fu-berlin.de
DEBUG 2016-12-21 18:57:44,968 (WhiteboardManager.java:108) Preparing Whiteboard for receiving an invitation
DEBUG 2016-12-21 18:57:44,979 (ColorUtils.java:21) set foregroundcolor RGB {237, 237, 169}
DEBUG 2016-12-21 18:57:44,986 (ConsistencyAction.java:173) Inconsistency indicator goes: off
DEBUG 2016-12-21 18:57:44,988 (IncomingSessionNegotiation.java:318) ISN [remote side: eazycode@saros-con.imp.fu-berlin.de/Saros] : invitation has completed successfully
WARN  2016-12-21 18:57:45,042 (SubscriptionHandler.java:148) received error presence package from saros_297567666@conference.saros-con.imp.fu-berlin.de/xzer@saros-con.imp.fu-berlin.de/Saros, condition: not-authorized, message: A password is required to enter this room
DEBUG 2016-12-21 18:57:45,495 (MultiUserChat.java:297) MUC joined. Server: conference.saros-con.imp.fu-berlin.de Room: SAROS_297567666 Password 1289570250
DEBUG 2016-12-21 18:57:45,697 (MultiUserChatStateManager.java:101) Incoming Message from saros_297567666@conference.saros-con.imp.fu-berlin.de/xzer@saros-con.imp.fu-berlin.de/Saros with state: active
DEBUG 2016-12-21 18:57:45,698 (MultiUserChat.java:79) stateChanged fired with state: active
DEBUG 2016-12-21 18:57:45,699 (MultiUserChat.java:133) processPacket called
DEBUG 2016-12-21 18:57:45,734 (IncomingSessionNegotiation.java:331) ISN [remote side: eazycode@saros-con.imp.fu-berlin.de/Saros] : invitation complete confirmation sent
DEBUG 2016-12-21 18:57:46,558 (UserInformationHandler.java:293) received user list from eazycode@saros-con.imp.fu-berlin.de/Saros
DEBUG 2016-12-21 18:57:46,558 (UserInformationHandler.java:317) updating permissions for user: xzer@saros-con.imp.fu-berlin.de/Saros [WRITE_ACCESS]
DEBUG 2016-12-21 18:57:46,559 (UserInformationHandler.java:317) updating permissions for user: eazycode@saros-con.imp.fu-berlin.de/Saros [WRITE_ACCESS]
DEBUG 2016-12-21 18:57:46,559 (UserInformationHandler.java:347) sending user list received confirmation to eazycode@saros-con.imp.fu-berlin.de/Saros
DEBUG 2016-12-21 18:57:47,948 (ActivitySequencer.java:546) rcvd (001) eazycode@saros-con.imp.fu-berlin.de/Saros
DEBUG 2016-12-21 18:57:47,950 (ChangeColorManager.java:238) received color id change fo user : eazycode@saros-con.imp.fu-berlin.de/Saros [1]
DEBUG 2016-12-21 18:57:47,955 (ChangeColorManager.java:634) updating color id set: [xzer@saros-con.imp.fu-berlin.de, eazycode@saros-con.imp.fu-berlin.de]
DEBUG 2016-12-21 18:57:48,730 (CancelableProcess.java:353) process ISN [remote side: eazycode@saros-con.imp.fu-berlin.de/Saros] exit status: OK
DEBUG 2016-12-21 18:57:49,751 (ActivitySequencer.java:546) rcvd (001) eazycode@saros-con.imp.fu-berlin.de/Saros
DEBUG 2016-12-21 18:57:49,752 (ChangeColorManager.java:238) received color id change fo user : xzer@saros-con.imp.fu-berlin.de/Saros [3]
DEBUG 2016-12-21 18:57:49,754 (ChangeColorManager.java:634) updating color id set: [xzer@saros-con.imp.fu-berlin.de, eazycode@saros-con.imp.fu-berlin.de]
DEBUG 2016-12-21 18:57:49,947 (ByteStreamTransport.java:72) received request to establish a  bytestream connection to eazycode@saros-con.imp.fu-berlin.de/Saros [de.fu_berlin.inf.dpp.net.internal.ByteStreamTransport$1@41a95b2d]
DEBUG 2016-12-21 18:57:49,947 (Socks5Transport.java:368) [SOCKS5Transport] receiving request from eazycode@saros-con.imp.fu-berlin.de/Saroswith local SOCKS5 proxy running [port=7777, configured streamhosts=[192.168.2.108, fe80:0:0:0:50fa:8586:2f83:e7%eth3]]
DEBUG 2016-12-21 18:57:49,948 (Socks5Transport.java:624) [SOCKS5Transport] Start to establish new response connection
WARN  2016-12-21 18:58:00,119 (Socks5Transport.java:411) [SOCKS5Transport] Couldn't accept request but still trying to establish a response connection: Could not establish socket with any provided host
ERROR 2016-12-21 18:58:01,460 (Socks5Transport.java:440) An error occurred while establishing a response connection 
item-not-found(404) Could not establish socket with any provided host
	at org.jivesoftware.smack.util.SyncPacketSend.getReply(SyncPacketSend.java:54)
	at org.jivesoftware.smackx.bytestreams.socks5.Socks5BytestreamManager.establishSession(Socks5BytestreamManager.java:481)
	at org.jivesoftware.smackx.bytestreams.socks5.Socks5BytestreamManager.establishSession(Socks5BytestreamManager.java:83)
	at de.fu_berlin.inf.dpp.net.internal.Socks5Transport.establishResponseSession(Socks5Transport.java:631)
	at de.fu_berlin.inf.dpp.net.internal.Socks5Transport$1.call(Socks5Transport.java:108)
	at de.fu_berlin.inf.dpp.net.internal.Socks5Transport$1.call(Socks5Transport.java:1)
	at java.util.concurrent.FutureTask.run(Unknown Source)
	at java.util.concurrent.ThreadPoolExecutor.runWorker(Unknown Source)
	at java.util.concurrent.ThreadPoolExecutor$Worker.run(Unknown Source)
	at java.lang.Thread.run(Unknown Source)
ERROR 2016-12-21 18:58:01,471 (ByteStreamTransport.java:105) could not establish bytestream connection to eazycode@saros-con.imp.fu-berlin.de/Saros
java.io.IOException: [SOCKS5Transport] Neither connection could be established. 
	at de.fu_berlin.inf.dpp.net.internal.Socks5Transport.acceptNewRequest(Socks5Transport.java:446)
	at de.fu_berlin.inf.dpp.net.internal.Socks5Transport.acceptRequest(Socks5Transport.java:474)
	at de.fu_berlin.inf.dpp.net.internal.ByteStreamTransport$1.incomingBytestreamRequest(ByteStreamTransport.java:77)
	at org.jivesoftware.smackx.bytestreams.socks5.InitiationListener.processRequest(InitiationListener.java:91)
	at org.jivesoftware.smackx.bytestreams.socks5.InitiationListener.access$000(InitiationListener.java:37)
	at org.jivesoftware.smackx.bytestreams.socks5.InitiationListener$1.run(InitiationListener.java:63)
	at java.util.concurrent.ThreadPoolExecutor.runWorker(Unknown Source)
	at java.util.concurrent.ThreadPoolExecutor$Worker.run(Unknown Source)
	at java.lang.Thread.run(Unknown Source)
DEBUG 2016-12-21 18:58:02,424 (MultiUserChatStateManager.java:101) Incoming Message from saros_297567666@conference.saros-con.imp.fu-berlin.de/xzer@saros-con.imp.fu-berlin.de/Saros with state: composing
DEBUG 2016-12-21 18:58:02,425 (MultiUserChat.java:79) stateChanged fired with state: composing
DEBUG 2016-12-21 18:58:02,426 (MultiUserChat.java:133) processPacket called
DEBUG 2016-12-21 18:58:02,475 (MultiUserChat.java:133) processPacket called
DEBUG 2016-12-21 18:58:02,476 (MultiUserChatStateManager.java:101) Incoming Message from saros_297567666@conference.saros-con.imp.fu-berlin.de/xzer@saros-con.imp.fu-berlin.de/Saros with state: inactive
DEBUG 2016-12-21 18:58:02,476 (MultiUserChat.java:79) stateChanged fired with state: inactive
DEBUG 2016-12-21 18:58:02,476 (MultiUserChat.java:133) processPacket called
DEBUG 2016-12-21 18:58:04,924 (ActivitySequencer.java:546) rcvd (001) eazycode@saros-con.imp.fu-berlin.de/Saros
DEBUG 2016-12-21 18:58:04,924 (FollowingActivitiesManager.java:66) received new follow mode from: eazycode@saros-con.imp.fu-berlin.de/Saros , followed: xzer@saros-con.imp.fu-berlin.de/Saros
DEBUG 2016-12-21 18:58:12,459 (MultiUserChatStateManager.java:101) Incoming Message from saros_297567666@conference.saros-con.imp.fu-berlin.de/eazycode@saros-con.imp.fu-berlin.de/Saros with state: composing
DEBUG 2016-12-21 18:58:12,460 (MultiUserChat.java:79) stateChanged fired with state: composing
DEBUG 2016-12-21 18:58:12,460 (MultiUserChat.java:133) processPacket called
DEBUG 2016-12-21 18:58:12,509 (MultiUserChat.java:133) processPacket called
DEBUG 2016-12-21 18:58:12,509 (MultiUserChatStateManager.java:101) Incoming Message from saros_297567666@conference.saros-con.imp.fu-berlin.de/eazycode@saros-con.imp.fu-berlin.de/Saros with state: inactive
DEBUG 2016-12-21 18:58:12,510 (MultiUserChat.java:79) stateChanged fired with state: inactive
DEBUG 2016-12-21 18:58:12,511 (MultiUserChat.java:133) processPacket called
DEBUG 2016-12-21 18:58:14,474 (MultiUserChatStateManager.java:101) Incoming Message from saros_297567666@conference.saros-con.imp.fu-berlin.de/xzer@saros-con.imp.fu-berlin.de/Saros with state: composing
DEBUG 2016-12-21 18:58:14,475 (MultiUserChat.java:79) stateChanged fired with state: composing
DEBUG 2016-12-21 18:58:14,475 (MultiUserChat.java:133) processPacket called
DEBUG 2016-12-21 18:58:15,258 (MultiUserChat.java:133) processPacket called
DEBUG 2016-12-21 18:58:15,259 (MultiUserChatStateManager.java:101) Incoming Message from saros_297567666@conference.saros-con.imp.fu-berlin.de/xzer@saros-con.imp.fu-berlin.de/Saros with state: inactive
DEBUG 2016-12-21 18:58:15,259 (MultiUserChat.java:79) stateChanged fired with state: inactive
DEBUG 2016-12-21 18:58:15,260 (MultiUserChat.java:133) processPacket called
DEBUG 2016-12-21 18:58:15,717 (MultiUserChatStateManager.java:101) Incoming Message from saros_297567666@conference.saros-con.imp.fu-berlin.de/xzer@saros-con.imp.fu-berlin.de/Saros with state: composing
DEBUG 2016-12-21 18:58:15,717 (MultiUserChat.java:79) stateChanged fired with state: composing
DEBUG 2016-12-21 18:58:15,718 (MultiUserChat.java:133) processPacket called
DEBUG 2016-12-21 18:58:16,925 (MultiUserChat.java:133) processPacket called
DEBUG 2016-12-21 18:58:16,928 (MultiUserChatStateManager.java:101) Incoming Message from saros_297567666@conference.saros-con.imp.fu-berlin.de/xzer@saros-con.imp.fu-berlin.de/Saros with state: inactive
DEBUG 2016-12-21 18:58:16,931 (MultiUserChat.java:79) stateChanged fired with state: inactive
DEBUG 2016-12-21 18:58:16,932 (MultiUserChat.java:133) processPacket called
DEBUG 2016-12-21 18:58:17,117 (MultiUserChatStateManager.java:101) Incoming Message from saros_297567666@conference.saros-con.imp.fu-berlin.de/eazycode@saros-con.imp.fu-berlin.de/Saros with state: composing
DEBUG 2016-12-21 18:58:17,117 (MultiUserChat.java:79) stateChanged fired with state: composing
DEBUG 2016-12-21 18:58:17,117 (MultiUserChat.java:133) processPacket called
DEBUG 2016-12-21 18:58:17,715 (MultiUserChat.java:133) processPacket called
DEBUG 2016-12-21 18:58:17,715 (MultiUserChatStateManager.java:101) Incoming Message from saros_297567666@conference.saros-con.imp.fu-berlin.de/eazycode@saros-con.imp.fu-berlin.de/Saros with state: inactive
DEBUG 2016-12-21 18:58:17,716 (MultiUserChat.java:79) stateChanged fired with state: inactive
DEBUG 2016-12-21 18:58:17,716 (MultiUserChat.java:133) processPacket called
DEBUG 2016-12-21 18:58:22,140 (MultiUserChatStateManager.java:101) Incoming Message from saros_297567666@conference.saros-con.imp.fu-berlin.de/eazycode@saros-con.imp.fu-berlin.de/Saros with state: composing
DEBUG 2016-12-21 18:58:22,141 (MultiUserChat.java:79) stateChanged fired with state: composing
DEBUG 2016-12-21 18:58:22,141 (MultiUserChat.java:133) processPacket called
DEBUG 2016-12-21 18:58:22,143 (MultiUserChat.java:133) processPacket called
DEBUG 2016-12-21 18:58:22,143 (MultiUserChatStateManager.java:101) Incoming Message from saros_297567666@conference.saros-con.imp.fu-berlin.de/eazycode@saros-con.imp.fu-berlin.de/Saros with state: inactive
DEBUG 2016-12-21 18:58:22,144 (MultiUserChat.java:79) stateChanged fired with state: inactive
DEBUG 2016-12-21 18:58:22,144 (MultiUserChat.java:133) processPacket called
DEBUG 2016-12-21 18:58:22,144 (MultiUserChatStateManager.java:101) Incoming Message from saros_297567666@conference.saros-con.imp.fu-berlin.de/eazycode@saros-con.imp.fu-berlin.de/Saros with state: composing
DEBUG 2016-12-21 18:58:22,145 (MultiUserChat.java:79) stateChanged fired with state: composing
DEBUG 2016-12-21 18:58:22,146 (MultiUserChat.java:133) processPacket called
DEBUG 2016-12-21 18:58:22,146 (MultiUserChat.java:133) processPacket called
DEBUG 2016-12-21 18:58:22,147 (MultiUserChatStateManager.java:101) Incoming Message from saros_297567666@conference.saros-con.imp.fu-berlin.de/eazycode@saros-con.imp.fu-berlin.de/Saros with state: inactive
DEBUG 2016-12-21 18:58:22,148 (MultiUserChat.java:79) stateChanged fired with state: inactive
DEBUG 2016-12-21 18:58:22,148 (MultiUserChat.java:133) processPacket called
DEBUG 2016-12-21 18:58:22,148 (MultiUserChatStateManager.java:101) Incoming Message from saros_297567666@conference.saros-con.imp.fu-berlin.de/eazycode@saros-con.imp.fu-berlin.de/Saros with state: composing
DEBUG 2016-12-21 18:58:22,149 (MultiUserChat.java:79) stateChanged fired with state: composing
DEBUG 2016-12-21 18:58:22,149 (MultiUserChat.java:133) processPacket called
DEBUG 2016-12-21 18:58:22,150 (MultiUserChat.java:133) processPacket called
DEBUG 2016-12-21 18:58:22,151 (MultiUserChatStateManager.java:101) Incoming Message from saros_297567666@conference.saros-con.imp.fu-berlin.de/eazycode@saros-con.imp.fu-berlin.de/Saros with state: inactive
DEBUG 2016-12-21 18:58:22,152 (MultiUserChat.java:79) stateChanged fired with state: inactive
DEBUG 2016-12-21 18:58:22,152 (MultiUserChat.java:133) processPacket called
DEBUG 2016-12-21 18:58:22,154 (MultiUserChatStateManager.java:101) Incoming Message from saros_297567666@conference.saros-con.imp.fu-berlin.de/eazycode@saros-con.imp.fu-berlin.de/Saros with state: composing
DEBUG 2016-12-21 18:58:22,154 (MultiUserChat.java:79) stateChanged fired with state: composing
DEBUG 2016-12-21 18:58:22,155 (MultiUserChat.java:133) processPacket called
DEBUG 2016-12-21 18:58:22,186 (MultiUserChat.java:133) processPacket called
DEBUG 2016-12-21 18:58:22,187 (MultiUserChatStateManager.java:101) Incoming Message from saros_297567666@conference.saros-con.imp.fu-berlin.de/eazycode@saros-con.imp.fu-berlin.de/Saros with state: inactive
DEBUG 2016-12-21 18:58:22,188 (MultiUserChat.java:79) stateChanged fired with state: inactive
DEBUG 2016-12-21 18:58:22,193 (MultiUserChat.java:133) processPacket called
DEBUG 2016-12-21 18:58:22,193 (MultiUserChatStateManager.java:101) Incoming Message from saros_297567666@conference.saros-con.imp.fu-berlin.de/eazycode@saros-con.imp.fu-berlin.de/Saros with state: composing
DEBUG 2016-12-21 18:58:22,193 (MultiUserChat.java:79) stateChanged fired with state: composing
DEBUG 2016-12-21 18:58:22,194 (MultiUserChat.java:133) processPacket called
DEBUG 2016-12-21 18:58:22,786 (MultiUserChat.java:133) processPacket called
DEBUG 2016-12-21 18:58:22,786 (MultiUserChatStateManager.java:101) Incoming Message from saros_297567666@conference.saros-con.imp.fu-berlin.de/eazycode@saros-con.imp.fu-berlin.de/Saros with state: inactive
DEBUG 2016-12-21 18:58:22,786 (MultiUserChat.java:79) stateChanged fired with state: inactive
DEBUG 2016-12-21 18:58:22,787 (MultiUserChat.java:133) processPacket called
DEBUG 2016-12-21 18:58:22,787 (MultiUserChatStateManager.java:101) Incoming Message from saros_297567666@conference.saros-con.imp.fu-berlin.de/eazycode@saros-con.imp.fu-berlin.de/Saros with state: composing
DEBUG 2016-12-21 18:58:22,788 (MultiUserChat.java:79) stateChanged fired with state: composing
DEBUG 2016-12-21 18:58:22,788 (MultiUserChat.java:133) processPacket called
DEBUG 2016-12-21 18:58:22,789 (MultiUserChat.java:133) processPacket called
DEBUG 2016-12-21 18:58:22,789 (MultiUserChatStateManager.java:101) Incoming Message from saros_297567666@conference.saros-con.imp.fu-berlin.de/eazycode@saros-con.imp.fu-berlin.de/Saros with state: inactive
DEBUG 2016-12-21 18:58:22,791 (MultiUserChat.java:79) stateChanged fired with state: inactive
DEBUG 2016-12-21 18:58:22,792 (MultiUserChat.java:133) processPacket called
DEBUG 2016-12-21 18:58:22,792 (MultiUserChatStateManager.java:101) Incoming Message from saros_297567666@conference.saros-con.imp.fu-berlin.de/eazycode@saros-con.imp.fu-berlin.de/Saros with state: composing
DEBUG 2016-12-21 18:58:22,792 (MultiUserChat.java:79) stateChanged fired with state: composing
DEBUG 2016-12-21 18:58:22,793 (MultiUserChat.java:133) processPacket called
DEBUG 2016-12-21 18:58:22,793 (MultiUserChat.java:133) processPacket called
DEBUG 2016-12-21 18:58:22,801 (MultiUserChatStateManager.java:101) Incoming Message from saros_297567666@conference.saros-con.imp.fu-berlin.de/eazycode@saros-con.imp.fu-berlin.de/Saros with state: inactive
DEBUG 2016-12-21 18:58:22,802 (MultiUserChat.java:79) stateChanged fired with state: inactive
DEBUG 2016-12-21 18:58:22,802 (MultiUserChat.java:133) processPacket called
DEBUG 2016-12-21 18:58:24,075 (MultiUserChatStateManager.java:101) Incoming Message from saros_297567666@conference.saros-con.imp.fu-berlin.de/eazycode@saros-con.imp.fu-berlin.de/Saros with state: composing
DEBUG 2016-12-21 18:58:24,076 (MultiUserChat.java:79) stateChanged fired with state: composing
DEBUG 2016-12-21 18:58:24,076 (MultiUserChat.java:133) processPacket called
DEBUG 2016-12-21 18:58:24,077 (MultiUserChat.java:133) processPacket called
DEBUG 2016-12-21 18:58:24,077 (MultiUserChatStateManager.java:101) Incoming Message from saros_297567666@conference.saros-con.imp.fu-berlin.de/eazycode@saros-con.imp.fu-berlin.de/Saros with state: inactive
DEBUG 2016-12-21 18:58:24,077 (MultiUserChat.java:79) stateChanged fired with state: inactive
DEBUG 2016-12-21 18:58:24,078 (MultiUserChat.java:133) processPacket called
DEBUG 2016-12-21 18:58:24,078 (MultiUserChatStateManager.java:101) Incoming Message from saros_297567666@conference.saros-con.imp.fu-berlin.de/eazycode@saros-con.imp.fu-berlin.de/Saros with state: composing
DEBUG 2016-12-21 18:58:24,078 (MultiUserChat.java:79) stateChanged fired with state: composing
DEBUG 2016-12-21 18:58:24,078 (MultiUserChat.java:133) processPacket called
DEBUG 2016-12-21 18:58:24,079 (MultiUserChat.java:133) processPacket called
DEBUG 2016-12-21 18:58:24,079 (MultiUserChatStateManager.java:101) Incoming Message from saros_297567666@conference.saros-con.imp.fu-berlin.de/eazycode@saros-con.imp.fu-berlin.de/Saros with state: inactive
DEBUG 2016-12-21 18:58:24,079 (MultiUserChat.java:79) stateChanged fired with state: inactive
DEBUG 2016-12-21 18:58:24,079 (MultiUserChat.java:133) processPacket called
DEBUG 2016-12-21 18:58:24,080 (MultiUserChatStateManager.java:101) Incoming Message from saros_297567666@conference.saros-con.imp.fu-berlin.de/eazycode@saros-con.imp.fu-berlin.de/Saros with state: composing
DEBUG 2016-12-21 18:58:24,080 (MultiUserChat.java:79) stateChanged fired with state: composing
DEBUG 2016-12-21 18:58:24,080 (MultiUserChat.java:133) processPacket called
DEBUG 2016-12-21 18:58:25,236 (MultiUserChat.java:133) processPacket called
DEBUG 2016-12-21 18:58:25,236 (MultiUserChatStateManager.java:101) Incoming Message from saros_297567666@conference.saros-con.imp.fu-berlin.de/eazycode@saros-con.imp.fu-berlin.de/Saros with state: inactive
DEBUG 2016-12-21 18:58:25,237 (MultiUserChat.java:79) stateChanged fired with state: inactive
DEBUG 2016-12-21 18:58:25,237 (MultiUserChat.java:133) processPacket called
DEBUG 2016-12-21 18:58:25,238 (MultiUserChatStateManager.java:101) Incoming Message from saros_297567666@conference.saros-con.imp.fu-berlin.de/eazycode@saros-con.imp.fu-berlin.de/Saros with state: composing
DEBUG 2016-12-21 18:58:25,239 (MultiUserChat.java:79) stateChanged fired with state: composing
DEBUG 2016-12-21 18:58:25,239 (MultiUserChat.java:133) processPacket called
DEBUG 2016-12-21 18:58:25,240 (MultiUserChat.java:133) processPacket called
DEBUG 2016-12-21 18:58:25,240 (MultiUserChatStateManager.java:101) Incoming Message from saros_297567666@conference.saros-con.imp.fu-berlin.de/eazycode@saros-con.imp.fu-berlin.de/Saros with state: inactive
DEBUG 2016-12-21 18:58:25,240 (MultiUserChat.java:79) stateChanged fired with state: inactive
DEBUG 2016-12-21 18:58:25,241 (MultiUserChat.java:133) processPacket called
DEBUG 2016-12-21 18:58:25,241 (MultiUserChatStateManager.java:101) Incoming Message from saros_297567666@conference.saros-con.imp.fu-berlin.de/eazycode@saros-con.imp.fu-berlin.de/Saros with state: composing
DEBUG 2016-12-21 18:58:25,241 (MultiUserChat.java:79) stateChanged fired with state: composing
DEBUG 2016-12-21 18:58:25,243 (MultiUserChat.java:133) processPacket called
DEBUG 2016-12-21 18:58:26,216 (MultiUserChat.java:133) processPacket called
DEBUG 2016-12-21 18:58:26,216 (MultiUserChatStateManager.java:101) Incoming Message from saros_297567666@conference.saros-con.imp.fu-berlin.de/eazycode@saros-con.imp.fu-berlin.de/Saros with state: inactive
DEBUG 2016-12-21 18:58:26,217 (MultiUserChat.java:79) stateChanged fired with state: inactive
DEBUG 2016-12-21 18:58:26,217 (MultiUserChat.java:133) processPacket called
DEBUG 2016-12-21 18:58:26,217 (MultiUserChatStateManager.java:101) Incoming Message from saros_297567666@conference.saros-con.imp.fu-berlin.de/eazycode@saros-con.imp.fu-berlin.de/Saros with state: composing
DEBUG 2016-12-21 18:58:26,218 (MultiUserChat.java:79) stateChanged fired with state: composing
DEBUG 2016-12-21 18:58:26,218 (MultiUserChat.java:133) processPacket called
DEBUG 2016-12-21 18:58:26,218 (MultiUserChat.java:133) processPacket called
DEBUG 2016-12-21 18:58:26,218 (MultiUserChatStateManager.java:101) Incoming Message from saros_297567666@conference.saros-con.imp.fu-berlin.de/eazycode@saros-con.imp.fu-berlin.de/Saros with state: inactive
DEBUG 2016-12-21 18:58:26,219 (MultiUserChat.java:79) stateChanged fired with state: inactive
DEBUG 2016-12-21 18:58:26,219 (MultiUserChat.java:133) processPacket called
DEBUG 2016-12-21 18:58:26,219 (MultiUserChatStateManager.java:101) Incoming Message from saros_297567666@conference.saros-con.imp.fu-berlin.de/eazycode@saros-con.imp.fu-berlin.de/Saros with state: composing
DEBUG 2016-12-21 18:58:26,220 (MultiUserChat.java:79) stateChanged fired with state: composing
DEBUG 2016-12-21 18:58:26,220 (MultiUserChat.java:133) processPacket called
DEBUG 2016-12-21 18:58:26,221 (MultiUserChat.java:133) processPacket called
DEBUG 2016-12-21 18:58:26,221 (MultiUserChatStateManager.java:101) Incoming Message from saros_297567666@conference.saros-con.imp.fu-berlin.de/eazycode@saros-con.imp.fu-berlin.de/Saros with state: inactive
DEBUG 2016-12-21 18:58:26,222 (MultiUserChat.java:79) stateChanged fired with state: inactive
DEBUG 2016-12-21 18:58:26,223 (MultiUserChat.java:133) processPacket called
DEBUG 2016-12-21 18:58:27,563 (MultiUserChatStateManager.java:101) Incoming Message from saros_297567666@conference.saros-con.imp.fu-berlin.de/eazycode@saros-con.imp.fu-berlin.de/Saros with state: composing
DEBUG 2016-12-21 18:58:27,564 (MultiUserChat.java:79) stateChanged fired with state: composing
DEBUG 2016-12-21 18:58:27,564 (MultiUserChat.java:133) processPacket called
DEBUG 2016-12-21 18:58:27,567 (MultiUserChat.java:133) processPacket called
DEBUG 2016-12-21 18:58:27,568 (MultiUserChatStateManager.java:101) Incoming Message from saros_297567666@conference.saros-con.imp.fu-berlin.de/eazycode@saros-con.imp.fu-berlin.de/Saros with state: inactive
DEBUG 2016-12-21 18:58:27,568 (MultiUserChat.java:79) stateChanged fired with state: inactive
DEBUG 2016-12-21 18:58:27,569 (MultiUserChat.java:133) processPacket called
DEBUG 2016-12-21 18:58:27,569 (MultiUserChatStateManager.java:101) Incoming Message from saros_297567666@conference.saros-con.imp.fu-berlin.de/eazycode@saros-con.imp.fu-berlin.de/Saros with state: composing
DEBUG 2016-12-21 18:58:27,569 (MultiUserChat.java:79) stateChanged fired with state: composing
DEBUG 2016-12-21 18:58:27,570 (MultiUserChat.java:133) processPacket called
DEBUG 2016-12-21 18:58:27,570 (MultiUserChat.java:133) processPacket called
DEBUG 2016-12-21 18:58:27,570 (MultiUserChatStateManager.java:101) Incoming Message from saros_297567666@conference.saros-con.imp.fu-berlin.de/eazycode@saros-con.imp.fu-berlin.de/Saros with state: inactive
DEBUG 2016-12-21 18:58:27,571 (MultiUserChat.java:79) stateChanged fired with state: inactive
DEBUG 2016-12-21 18:58:27,571 (MultiUserChat.java:133) processPacket called
DEBUG 2016-12-21 18:58:27,571 (MultiUserChatStateManager.java:101) Incoming Message from saros_297567666@conference.saros-con.imp.fu-berlin.de/eazycode@saros-con.imp.fu-berlin.de/Saros with state: composing
DEBUG 2016-12-21 18:58:27,572 (MultiUserChat.java:79) stateChanged fired with state: composing
DEBUG 2016-12-21 18:58:27,572 (MultiUserChat.java:133) processPacket called
DEBUG 2016-12-21 18:58:28,747 (MultiUserChat.java:133) processPacket called
DEBUG 2016-12-21 18:58:28,748 (MultiUserChatStateManager.java:101) Incoming Message from saros_297567666@conference.saros-con.imp.fu-berlin.de/eazycode@saros-con.imp.fu-berlin.de/Saros with state: inactive
DEBUG 2016-12-21 18:58:28,769 (MultiUserChat.java:79) stateChanged fired with state: inactive
DEBUG 2016-12-21 18:58:28,772 (MultiUserChat.java:133) processPacket called
DEBUG 2016-12-21 18:58:28,773 (MultiUserChatStateManager.java:101) Incoming Message from saros_297567666@conference.saros-con.imp.fu-berlin.de/eazycode@saros-con.imp.fu-berlin.de/Saros with state: composing
DEBUG 2016-12-21 18:58:28,774 (MultiUserChat.java:79) stateChanged fired with state: composing
DEBUG 2016-12-21 18:58:28,788 (MultiUserChat.java:133) processPacket called
DEBUG 2016-12-21 18:58:28,788 (MultiUserChat.java:133) processPacket called
DEBUG 2016-12-21 18:58:28,807 (MultiUserChatStateManager.java:101) Incoming Message from saros_297567666@conference.saros-con.imp.fu-berlin.de/eazycode@saros-con.imp.fu-berlin.de/Saros with state: inactive
DEBUG 2016-12-21 18:58:28,809 (MultiUserChat.java:79) stateChanged fired with state: inactive
DEBUG 2016-12-21 18:58:28,809 (MultiUserChat.java:133) processPacket called
DEBUG 2016-12-21 18:58:28,810 (MultiUserChatStateManager.java:101) Incoming Message from saros_297567666@conference.saros-con.imp.fu-berlin.de/eazycode@saros-con.imp.fu-berlin.de/Saros with state: composing
DEBUG 2016-12-21 18:58:28,816 (MultiUserChat.java:79) stateChanged fired with state: composing
DEBUG 2016-12-21 18:58:28,817 (MultiUserChat.java:133) processPacket called
DEBUG 2016-12-21 18:58:29,647 (MultiUserChat.java:133) processPacket called
DEBUG 2016-12-21 18:58:29,648 (MultiUserChatStateManager.java:101) Incoming Message from saros_297567666@conference.saros-con.imp.fu-berlin.de/eazycode@saros-con.imp.fu-berlin.de/Saros with state: inactive
DEBUG 2016-12-21 18:58:29,648 (MultiUserChat.java:79) stateChanged fired with state: inactive
DEBUG 2016-12-21 18:58:29,648 (MultiUserChat.java:133) processPacket called
DEBUG 2016-12-21 18:58:29,649 (MultiUserChatStateManager.java:101) Incoming Message from saros_297567666@conference.saros-con.imp.fu-berlin.de/eazycode@saros-con.imp.fu-berlin.de/Saros with state: composing
DEBUG 2016-12-21 18:58:29,649 (MultiUserChat.java:79) stateChanged fired with state: composing
DEBUG 2016-12-21 18:58:29,650 (MultiUserChat.java:133) processPacket called
DEBUG 2016-12-21 18:58:29,651 (MultiUserChat.java:133) processPacket called
DEBUG 2016-12-21 18:58:29,651 (MultiUserChatStateManager.java:101) Incoming Message from saros_297567666@conference.saros-con.imp.fu-berlin.de/eazycode@saros-con.imp.fu-berlin.de/Saros with state: inactive
DEBUG 2016-12-21 18:58:29,651 (MultiUserChat.java:79) stateChanged fired with state: inactive
DEBUG 2016-12-21 18:58:29,651 (MultiUserChat.java:133) processPacket called
DEBUG 2016-12-21 18:58:29,652 (MultiUserChatStateManager.java:101) Incoming Message from saros_297567666@conference.saros-con.imp.fu-berlin.de/eazycode@saros-con.imp.fu-berlin.de/Saros with state: composing
DEBUG 2016-12-21 18:58:29,652 (MultiUserChat.java:79) stateChanged fired with state: composing
DEBUG 2016-12-21 18:58:29,653 (MultiUserChat.java:133) processPacket called
DEBUG 2016-12-21 18:58:29,654 (MultiUserChat.java:133) processPacket called
DEBUG 2016-12-21 18:58:29,654 (MultiUserChatStateManager.java:101) Incoming Message from saros_297567666@conference.saros-con.imp.fu-berlin.de/eazycode@saros-con.imp.fu-berlin.de/Saros with state: inactive
DEBUG 2016-12-21 18:58:29,655 (MultiUserChat.java:79) stateChanged fired with state: inactive
DEBUG 2016-12-21 18:58:29,655 (MultiUserChat.java:133) processPacket called
DEBUG 2016-12-21 18:58:30,934 (MultiUserChatStateManager.java:101) Incoming Message from saros_297567666@conference.saros-con.imp.fu-berlin.de/eazycode@saros-con.imp.fu-berlin.de/Saros with state: composing
DEBUG 2016-12-21 18:58:30,935 (MultiUserChat.java:79) stateChanged fired with state: composing
DEBUG 2016-12-21 18:58:30,935 (MultiUserChat.java:133) processPacket called
DEBUG 2016-12-21 18:58:30,936 (MultiUserChat.java:133) processPacket called
DEBUG 2016-12-21 18:58:30,937 (MultiUserChatStateManager.java:101) Incoming Message from saros_297567666@conference.saros-con.imp.fu-berlin.de/eazycode@saros-con.imp.fu-berlin.de/Saros with state: inactive
DEBUG 2016-12-21 18:58:30,937 (MultiUserChat.java:79) stateChanged fired with state: inactive
DEBUG 2016-12-21 18:58:30,938 (MultiUserChat.java:133) processPacket called
DEBUG 2016-12-21 18:58:30,939 (MultiUserChatStateManager.java:101) Incoming Message from saros_297567666@conference.saros-con.imp.fu-berlin.de/eazycode@saros-con.imp.fu-berlin.de/Saros with state: composing
DEBUG 2016-12-21 18:58:30,940 (MultiUserChat.java:79) stateChanged fired with state: composing
DEBUG 2016-12-21 18:58:30,941 (MultiUserChat.java:133) processPacket called
DEBUG 2016-12-21 18:58:30,942 (MultiUserChat.java:133) processPacket called
DEBUG 2016-12-21 18:58:30,942 (MultiUserChatStateManager.java:101) Incoming Message from saros_297567666@conference.saros-con.imp.fu-berlin.de/eazycode@saros-con.imp.fu-berlin.de/Saros with state: inactive
DEBUG 2016-12-21 18:58:30,943 (MultiUserChat.java:79) stateChanged fired with state: inactive
DEBUG 2016-12-21 18:58:30,943 (MultiUserChat.java:133) processPacket called
DEBUG 2016-12-21 18:58:30,944 (MultiUserChatStateManager.java:101) Incoming Message from saros_297567666@conference.saros-con.imp.fu-berlin.de/eazycode@saros-con.imp.fu-berlin.de/Saros with state: composing
DEBUG 2016-12-21 18:58:30,944 (MultiUserChat.java:79) stateChanged fired with state: composing
DEBUG 2016-12-21 18:58:30,944 (MultiUserChat.java:133) processPacket called
DEBUG 2016-12-21 18:58:31,813 (MultiUserChatStateManager.java:101) Incoming Message from saros_297567666@conference.saros-con.imp.fu-berlin.de/xzer@saros-con.imp.fu-berlin.de/Saros with state: composing
DEBUG 2016-12-21 18:58:31,813 (MultiUserChat.java:79) stateChanged fired with state: composing
DEBUG 2016-12-21 18:58:31,814 (MultiUserChat.java:133) processPacket called
DEBUG 2016-12-21 18:58:32,098 (MultiUserChat.java:133) processPacket called
DEBUG 2016-12-21 18:58:32,106 (MultiUserChatStateManager.java:101) Incoming Message from saros_297567666@conference.saros-con.imp.fu-berlin.de/eazycode@saros-con.imp.fu-berlin.de/Saros with state: inactive
DEBUG 2016-12-21 18:58:32,106 (MultiUserChat.java:79) stateChanged fired with state: inactive
DEBUG 2016-12-21 18:58:32,107 (MultiUserChat.java:133) processPacket called
DEBUG 2016-12-21 18:58:32,107 (MultiUserChatStateManager.java:101) Incoming Message from saros_297567666@conference.saros-con.imp.fu-berlin.de/eazycode@saros-con.imp.fu-berlin.de/Saros with state: composing
DEBUG 2016-12-21 18:58:32,107 (MultiUserChat.java:79) stateChanged fired with state: composing
DEBUG 2016-12-21 18:58:32,107 (MultiUserChat.java:133) processPacket called
DEBUG 2016-12-21 18:58:32,108 (ByteStreamTransport.java:72) received request to establish a  bytestream connection to eazycode@saros-con.imp.fu-berlin.de/Saros [de.fu_berlin.inf.dpp.net.internal.ByteStreamTransport$1@170e707d]
DEBUG 2016-12-21 18:58:32,108 (MultiUserChat.java:133) processPacket called
DEBUG 2016-12-21 18:58:32,108 (DataTransferManager.java:136) bytestream connection changed [mode=IBB, id=default] eazycode@saros-con.imp.fu-berlin.de/Saros, inc=true, pool id=default:in:eazycode@saros-con.imp.fu-berlin.de/Saros]
DEBUG 2016-12-21 18:58:32,109 (BinaryChannelConnection.java:103) [mode=IBB, id=default] eazycode@saros-con.imp.fu-berlin.de/Saros ReceiverThread started.
DEBUG 2016-12-21 18:58:32,110 (MultiUserChatStateManager.java:101) Incoming Message from saros_297567666@conference.saros-con.imp.fu-berlin.de/eazycode@saros-con.imp.fu-berlin.de/Saros with state: inactive
DEBUG 2016-12-21 18:58:32,110 (MultiUserChat.java:79) stateChanged fired with state: inactive
DEBUG 2016-12-21 18:58:32,110 (MultiUserChat.java:133) processPacket called
DEBUG 2016-12-21 18:58:32,508 (MultiUserChat.java:133) processPacket called
DEBUG 2016-12-21 18:58:32,510 (MultiUserChatStateManager.java:101) Incoming Message from saros_297567666@conference.saros-con.imp.fu-berlin.de/xzer@saros-con.imp.fu-berlin.de/Saros with state: inactive
DEBUG 2016-12-21 18:58:32,510 (MultiUserChat.java:79) stateChanged fired with state: inactive
DEBUG 2016-12-21 18:58:32,511 (MultiUserChat.java:133) processPacket called
DEBUG 2016-12-21 18:58:34,211 (SXEIncomingSynchronizationProcess.java:65) SXE(1495) invitation from eazycode@saros-con.imp.fu-berlin.de/Saros received
DEBUG 2016-12-21 18:58:34,212 (SXEController.java:537) Whiteboard state changed from INIT to CONNECTING
DEBUG 2016-12-21 18:58:34,213 (SXEIncomingSynchronizationProcess.java:87) SXE(1495) queue incoming records from now
DEBUG 2016-12-21 18:58:34,213 (SarosSXETransmitter.java:151) SXE send accept-state to eazycode@saros-con.imp.fu-berlin.de/Saros waiting for [state]
DEBUG 2016-12-21 18:58:34,610 (MultiUserChatStateManager.java:101) Incoming Message from saros_297567666@conference.saros-con.imp.fu-berlin.de/xzer@saros-con.imp.fu-berlin.de/Saros with state: composing
DEBUG 2016-12-21 18:58:34,610 (MultiUserChat.java:79) stateChanged fired with state: composing
DEBUG 2016-12-21 18:58:34,611 (MultiUserChat.java:133) processPacket called
DEBUG 2016-12-21 18:58:35,336 (SXEIncomingSynchronizationProcess.java:99) SXE(1495) state received
DEBUG 2016-12-21 18:58:35,337 (SXEController.java:137) SXE (1495): receive state and start session at invitee side
DEBUG 2016-12-21 18:58:35,337 (DocumentRecord.java:93) Added Node: attr(148234299559390029) name=svg
DEBUG 2016-12-21 18:58:39,086 (MultiUserChat.java:133) processPacket called
DEBUG 2016-12-21 18:58:39,091 (MultiUserChatStateManager.java:101) Incoming Message from saros_297567666@conference.saros-con.imp.fu-berlin.de/xzer@saros-con.imp.fu-berlin.de/Saros with state: inactive
DEBUG 2016-12-21 18:58:39,091 (MultiUserChat.java:79) stateChanged fired with state: inactive
DEBUG 2016-12-21 18:58:39,092 (MultiUserChat.java:133) processPacket called
DEBUG 2016-12-21 18:58:39,332 (MultiUserChatStateManager.java:101) Incoming Message from saros_297567666@conference.saros-con.imp.fu-berlin.de/xzer@saros-con.imp.fu-berlin.de/Saros with state: composing
DEBUG 2016-12-21 18:58:39,333 (MultiUserChat.java:79) stateChanged fired with state: composing
DEBUG 2016-12-21 18:58:39,333 (MultiUserChat.java:133) processPacket called
DEBUG 2016-12-21 18:58:39,376 (MultiUserChat.java:133) processPacket called
DEBUG 2016-12-21 18:58:39,380 (MultiUserChatStateManager.java:101) Incoming Message from saros_297567666@conference.saros-con.imp.fu-berlin.de/xzer@saros-con.imp.fu-berlin.de/Saros with state: inactive
DEBUG 2016-12-21 18:58:39,381 (MultiUserChat.java:79) stateChanged fired with state: inactive
DEBUG 2016-12-21 18:58:39,382 (MultiUserChat.java:133) processPacket called
DEBUG 2016-12-21 18:58:39,631 (MultiUserChatStateManager.java:101) Incoming Message from saros_297567666@conference.saros-con.imp.fu-berlin.de/xzer@saros-con.imp.fu-berlin.de/Saros with state: composing
DEBUG 2016-12-21 18:58:39,632 (MultiUserChat.java:79) stateChanged fired with state: composing
DEBUG 2016-12-21 18:58:39,632 (MultiUserChat.java:133) processPacket called
DEBUG 2016-12-21 18:58:39,738 (MultiUserChat.java:133) processPacket called
DEBUG 2016-12-21 18:58:39,739 (MultiUserChatStateManager.java:101) Incoming Message from saros_297567666@conference.saros-con.imp.fu-berlin.de/xzer@saros-con.imp.fu-berlin.de/Saros with state: inactive
DEBUG 2016-12-21 18:58:39,739 (MultiUserChat.java:79) stateChanged fired with state: inactive
DEBUG 2016-12-21 18:58:39,739 (MultiUserChat.java:133) processPacket called
DEBUG 2016-12-21 18:58:40,153 (MultiUserChatStateManager.java:101) Incoming Message from saros_297567666@conference.saros-con.imp.fu-berlin.de/xzer@saros-con.imp.fu-berlin.de/Saros with state: composing
DEBUG 2016-12-21 18:58:40,153 (MultiUserChat.java:79) stateChanged fired with state: composing
DEBUG 2016-12-21 18:58:40,154 (MultiUserChat.java:133) processPacket called
DEBUG 2016-12-21 18:58:40,240 (MultiUserChat.java:133) processPacket called
DEBUG 2016-12-21 18:58:40,241 (MultiUserChatStateManager.java:101) Incoming Message from saros_297567666@conference.saros-con.imp.fu-berlin.de/xzer@saros-con.imp.fu-berlin.de/Saros with state: inactive
DEBUG 2016-12-21 18:58:40,241 (MultiUserChat.java:79) stateChanged fired with state: inactive
DEBUG 2016-12-21 18:58:40,241 (MultiUserChat.java:133) processPacket called
DEBUG 2016-12-21 18:58:40,537 (MultiUserChat.java:133) processPacket called
DEBUG 2016-12-21 18:58:40,688 (MultiUserChatStateManager.java:101) Incoming Message from saros_297567666@conference.saros-con.imp.fu-berlin.de/xzer@saros-con.imp.fu-berlin.de/Saros with state: composing
DEBUG 2016-12-21 18:58:40,689 (MultiUserChat.java:79) stateChanged fired with state: composing
DEBUG 2016-12-21 18:58:40,689 (MultiUserChat.java:133) processPacket called
DEBUG 2016-12-21 18:58:40,871 (MultiUserChat.java:133) processPacket called
DEBUG 2016-12-21 18:58:40,872 (MultiUserChatStateManager.java:101) Incoming Message from saros_297567666@conference.saros-con.imp.fu-berlin.de/xzer@saros-con.imp.fu-berlin.de/Saros with state: inactive
DEBUG 2016-12-21 18:58:40,872 (MultiUserChat.java:79) stateChanged fired with state: inactive
DEBUG 2016-12-21 18:58:40,875 (MultiUserChat.java:133) processPacket called
DEBUG 2016-12-21 18:58:41,158 (MultiUserChatStateManager.java:101) Incoming Message from saros_297567666@conference.saros-con.imp.fu-berlin.de/xzer@saros-con.imp.fu-berlin.de/Saros with state: composing
DEBUG 2016-12-21 18:58:41,158 (MultiUserChat.java:79) stateChanged fired with state: composing
DEBUG 2016-12-21 18:58:41,160 (MultiUserChat.java:133) processPacket called
DEBUG 2016-12-21 18:58:41,160 (MultiUserChat.java:133) processPacket called
DEBUG 2016-12-21 18:58:41,161 (MultiUserChatStateManager.java:101) Incoming Message from saros_297567666@conference.saros-con.imp.fu-berlin.de/xzer@saros-con.imp.fu-berlin.de/Saros with state: inactive
DEBUG 2016-12-21 18:58:41,161 (MultiUserChat.java:79) stateChanged fired with state: inactive
DEBUG 2016-12-21 18:58:41,161 (MultiUserChat.java:133) processPacket called
DEBUG 2016-12-21 18:58:41,645 (MultiUserChatStateManager.java:101) Incoming Message from saros_297567666@conference.saros-con.imp.fu-berlin.de/xzer@saros-con.imp.fu-berlin.de/Saros with state: composing
DEBUG 2016-12-21 18:58:41,646 (MultiUserChat.java:79) stateChanged fired with state: composing
DEBUG 2016-12-21 18:58:41,646 (MultiUserChat.java:133) processPacket called
DEBUG 2016-12-21 18:58:41,647 (MultiUserChat.java:133) processPacket called
DEBUG 2016-12-21 18:58:41,647 (MultiUserChatStateManager.java:101) Incoming Message from saros_297567666@conference.saros-con.imp.fu-berlin.de/xzer@saros-con.imp.fu-berlin.de/Saros with state: inactive
DEBUG 2016-12-21 18:58:41,647 (MultiUserChat.java:79) stateChanged fired with state: inactive
DEBUG 2016-12-21 18:58:41,648 (MultiUserChat.java:133) processPacket called
DEBUG 2016-12-21 18:58:41,648 (MultiUserChat.java:133) processPacket called
DEBUG 2016-12-21 18:58:42,261 (MultiUserChatStateManager.java:101) Incoming Message from saros_297567666@conference.saros-con.imp.fu-berlin.de/xzer@saros-con.imp.fu-berlin.de/Saros with state: composing
DEBUG 2016-12-21 18:58:42,262 (MultiUserChat.java:79) stateChanged fired with state: composing
DEBUG 2016-12-21 18:58:42,263 (MultiUserChat.java:133) processPacket called
DEBUG 2016-12-21 18:58:42,264 (MultiUserChat.java:133) processPacket called
DEBUG 2016-12-21 18:58:42,267 (MultiUserChatStateManager.java:101) Incoming Message from saros_297567666@conference.saros-con.imp.fu-berlin.de/xzer@saros-con.imp.fu-berlin.de/Saros with state: inactive
DEBUG 2016-12-21 18:58:42,267 (MultiUserChat.java:79) stateChanged fired with state: inactive
DEBUG 2016-12-21 18:58:42,267 (MultiUserChat.java:133) processPacket called
DEBUG 2016-12-21 18:58:42,268 (MultiUserChatStateManager.java:101) Incoming Message from saros_297567666@conference.saros-con.imp.fu-berlin.de/xzer@saros-con.imp.fu-berlin.de/Saros with state: composing
DEBUG 2016-12-21 18:58:42,268 (MultiUserChat.java:79) stateChanged fired with state: composing
DEBUG 2016-12-21 18:58:42,268 (MultiUserChat.java:133) processPacket called
DEBUG 2016-12-21 18:58:42,268 (MultiUserChat.java:133) processPacket called
DEBUG 2016-12-21 18:58:42,269 (MultiUserChatStateManager.java:101) Incoming Message from saros_297567666@conference.saros-con.imp.fu-berlin.de/xzer@saros-con.imp.fu-berlin.de/Saros with state: inactive
DEBUG 2016-12-21 18:58:42,269 (MultiUserChat.java:79) stateChanged fired with state: inactive
DEBUG 2016-12-21 18:58:42,270 (MultiUserChat.java:133) processPacket called
INFO  2016-12-21 18:59:25,081 (InvitationHandler.java:179) received project negotiation from eazycode@saros-con.imp.fu-berlin.de/Saros with session id: 297567666 and negotiation id: -3695823467387954332
INFO  2016-12-21 18:59:25,100 (ProjectNegotiationObservable.java:51) This is ProjectNegotiation number 1 in this session. There are 0 process(es) in this session
DEBUG 2016-12-21 18:59:41,409 (IncomingProjectNegotiation.java:388) compute required files for project de.fu_berlin.inf.dpp.filesystem.EclipseProjectImpl@42d373b1 - P/EaZyClient with ID: 1992305384
DEBUG 2016-12-21 18:59:41,430 (IncomingProjectNegotiation.java:612) IPN [remote side: eazycode@saros-con.imp.fu-berlin.de/Saros] : computing file list difference
DEBUG 2016-12-21 18:59:41,450 (IncomingProjectNegotiation.java:583) IPN [remote side: eazycode@saros-con.imp.fu-berlin.de/Saros] : 2996 file(s) must be synchronized
DEBUG 2016-12-21 18:59:55,135 (ActivitySequencer.java:546) rcvd (001) eazycode@saros-con.imp.fu-berlin.de/Saros
DEBUG 2016-12-21 18:59:55,137 (EditorManager.java:1697) locking all editors
DEBUG 2016-12-21 18:59:55,139 (ActivitySequencer.java:496) send (001) eazycode@saros-con.imp.fu-berlin.de/Saros
DEBUG 2016-12-21 18:59:56,409 (SarosProjectMapper.java:179) added project de.fu_berlin.inf.dpp.filesystem.EclipseProjectImpl@42d373b1 - P/EaZyClient with ID 1992305384 [completely shared:false]
DEBUG 2016-12-21 18:59:57,293 (IncomingProjectNegotiation.java:865) waiting for incoming archive stream request
DEBUG 2016-12-21 19:00:02,707 (IncomingProjectNegotiation.java:882) IPN [remote side: eazycode@saros-con.imp.fu-berlin.de/Saros] : receiving archive
DEBUG 2016-12-21 19:00:03,138 (ActivitySequencer.java:546) rcvd (001) eazycode@saros-con.imp.fu-berlin.de/Saros
DEBUG 2016-12-21 19:00:03,138 (EditorManager.java:1697) unlocking all editors
DEBUG 2016-12-21 19:00:03,139 (ActivitySequencer.java:496) send (001) eazycode@saros-con.imp.fu-berlin.de/Saros
DEBUG 2016-12-21 19:00:14,594 (ActivitySequencer.java:546) rcvd (002) eazycode@saros-con.imp.fu-berlin.de/Saros
DEBUG 2016-12-21 19:00:21,293 (ActivitySequencer.java:546) rcvd (001) eazycode@saros-con.imp.fu-berlin.de/Saros
DEBUG 2016-12-21 19:00:27,920 (ActivitySequencer.java:546) rcvd (003) eazycode@saros-con.imp.fu-berlin.de/Saros
DEBUG 2016-12-21 19:00:35,048 (ActivitySequencer.java:546) rcvd (003) eazycode@saros-con.imp.fu-berlin.de/Saros
DEBUG 2016-12-21 19:00:44,847 (ActivitySequencer.java:546) rcvd (001) eazycode@saros-con.imp.fu-berlin.de/Saros
DEBUG 2016-12-21 19:00:51,494 (ActivitySequencer.java:546) rcvd (002) eazycode@saros-con.imp.fu-berlin.de/Saros
DEBUG 2016-12-21 19:00:58,192 (ActivitySequencer.java:546) rcvd (003) eazycode@saros-con.imp.fu-berlin.de/Saros
DEBUG 2016-12-21 19:01:04,931 (ActivitySequencer.java:546) rcvd (003) eazycode@saros-con.imp.fu-berlin.de/Saros
DEBUG 2016-12-21 19:01:41,703 (BinaryChannelConnection.java:112) [mode=IBB, id=saros-main-session] eazycode@saros-con.imp.fu-berlin.de/Saros connection closed remotely:null
DEBUG 2016-12-21 19:02:41,670 (DataTransferManager.java:330) closed connection [pool id=saros-main-session:out:eazycode@saros-con.imp.fu-berlin.de/Saros]: [mode=IBB, id=saros-main-session] eazycode@saros-con.imp.fu-berlin.de/Saros
ERROR 2016-12-21 19:02:41,671 (DataTransferManager.java:270) failed to send TransferDescription [elementName=pong, namespace=de.fu_berlin.inf.dpp, recipient=eazycode@saros-con.imp.fu-berlin.de/Saros, sender=xzer@saros-con.imp.fu-berlin.de/Saros, compress=true], connection=[mode=IBB, id=saros-main-session] eazycode@saros-con.imp.fu-berlin.de/Saros:Error while closing stream: No response from server.
java.io.IOException: Error while closing stream: No response from server.
	at org.jivesoftware.smackx.bytestreams.ibb.InBandBytestreamSession.closeByLocal(InBandBytestreamSession.java:213)
	at org.jivesoftware.smackx.bytestreams.ibb.InBandBytestreamSession.close(InBandBytestreamSession.java:154)
	at org.jivesoftware.smackx.bytestreams.ibb.InBandBytestreamSession$IQIBBOutputStream.writeToXML(InBandBytestreamSession.java:768)
	at org.jivesoftware.smackx.bytestreams.ibb.InBandBytestreamSession$IBBOutputStream.flushBuffer(InBandBytestreamSession.java:707)
	at org.jivesoftware.smackx.bytestreams.ibb.InBandBytestreamSession$IBBOutputStream.flush(InBandBytestreamSession.java:691)
	at java.io.BufferedOutputStream.flush(Unknown Source)
	at java.io.DataOutputStream.flush(Unknown Source)
	at de.fu_berlin.inf.dpp.net.internal.BinaryChannelConnection.sendTransferDescription(BinaryChannelConnection.java:544)
	at de.fu_berlin.inf.dpp.net.internal.BinaryChannelConnection.send(BinaryChannelConnection.java:322)
	at de.fu_berlin.inf.dpp.net.internal.DataTransferManager.sendInternal(DataTransferManager.java:268)
	at de.fu_berlin.inf.dpp.net.internal.DataTransferManager.sendData(DataTransferManager.java:216)
	at de.fu_berlin.inf.dpp.net.internal.XMPPTransmitter.send(XMPPTransmitter.java:90)
	at de.fu_berlin.inf.dpp.project.internal.timeout.ClientSessionTimeoutHandler$2.run(ClientSessionTimeoutHandler.java:89)
	at de.fu_berlin.inf.dpp.util.ThreadUtils$1.run(ThreadUtils.java:38)
	at java.lang.Thread.run(Unknown Source)
ERROR 2016-12-21 19:02:41,694 (ClientSessionTimeoutHandler.java:93) failed to send pong
java.io.IOException: Error while closing stream: No response from server.
	at org.jivesoftware.smackx.bytestreams.ibb.InBandBytestreamSession.closeByLocal(InBandBytestreamSession.java:213)
	at org.jivesoftware.smackx.bytestreams.ibb.InBandBytestreamSession.close(InBandBytestreamSession.java:154)
	at org.jivesoftware.smackx.bytestreams.ibb.InBandBytestreamSession$IQIBBOutputStream.writeToXML(InBandBytestreamSession.java:768)
	at org.jivesoftware.smackx.bytestreams.ibb.InBandBytestreamSession$IBBOutputStream.flushBuffer(InBandBytestreamSession.java:707)
	at org.jivesoftware.smackx.bytestreams.ibb.InBandBytestreamSession$IBBOutputStream.flush(InBandBytestreamSession.java:691)
	at java.io.BufferedOutputStream.flush(Unknown Source)
	at java.io.DataOutputStream.flush(Unknown Source)
	at de.fu_berlin.inf.dpp.net.internal.BinaryChannelConnection.sendTransferDescription(BinaryChannelConnection.java:544)
	at de.fu_berlin.inf.dpp.net.internal.BinaryChannelConnection.send(BinaryChannelConnection.java:322)
	at de.fu_berlin.inf.dpp.net.internal.DataTransferManager.sendInternal(DataTransferManager.java:268)
	at de.fu_berlin.inf.dpp.net.internal.DataTransferManager.sendData(DataTransferManager.java:216)
	at de.fu_berlin.inf.dpp.net.internal.XMPPTransmitter.send(XMPPTransmitter.java:90)
	at de.fu_berlin.inf.dpp.project.internal.timeout.ClientSessionTimeoutHandler$2.run(ClientSessionTimeoutHandler.java:89)
	at de.fu_berlin.inf.dpp.util.ThreadUtils$1.run(ThreadUtils.java:38)
	at java.lang.Thread.run(Unknown Source)
DEBUG 2016-12-21 19:02:41,706 (SarosSessionManager.java:330) terminating all running negotiation processes
DEBUG 2016-12-21 19:02:41,707 (CancelableProcess.java:156) process IPN [remote side: eazycode@saros-con.imp.fu-berlin.de/Saros] was cancelled by the local side, error: none
DEBUG 2016-12-21 19:02:41,720 (CancelableProcess.java:401) process IPN [remote side: eazycode@saros-con.imp.fu-berlin.de/Saros] was cancelled manually by the local user
DEBUG 2016-12-21 19:02:41,720 (ProjectNegotiation.java:137) notifying remote contact eazycode@saros-con.imp.fu-berlin.de/Saros of the local project negotiation cancellation
DEBUG 2016-12-21 19:02:41,721 (CancelableProcess.java:349) executing cancellation for process IPN [remote side: eazycode@saros-con.imp.fu-berlin.de/Saros]
DEBUG 2016-12-21 19:02:41,722 (SarosProjectMapper.java:208) removed project de.fu_berlin.inf.dpp.filesystem.EclipseProjectImpl@42d373b1 - P/EaZyClient with ID 1992305384
INFO  2016-12-21 19:02:41,730 (ConsistencyWatchdogClient.java:455) Inconsistencies have been detected
DEBUG 2016-12-21 19:02:41,730 (ConsistencyAction.java:173) Inconsistency indicator goes: on
DEBUG 2016-12-21 19:02:41,732 (ConsistencyAction.java:173) Inconsistency indicator goes: on
DEBUG 2016-12-21 19:02:41,733 (ConsistencyAction.java:173) Inconsistency indicator goes: on
DEBUG 2016-12-21 19:02:41,809 (SarosSessionManager.java:337) Leave message sent.
DEBUG 2016-12-21 19:02:41,810 (ActivityHandler.java:109) activity dispatcher stopped
INFO  2016-12-21 19:02:41,811 (FeedbackManager.java:104) Session lasted 4 min 56 s
DEBUG 2016-12-21 19:02:41,812 (FollowModeCollector.java:177) Processing follow mode changes took 0.0 s
INFO  2016-12-21 19:02:41,813 (ParticipantCollector.java:145) Session ended: Current number of participants: 2
DEBUG 2016-12-21 19:02:41,820 (StatisticManager.java:329) Session statistic:
  auto.followmode.enabled=false
  data_transfer.IBB.average_throughput_kbs=0.2
  data_transfer.IBB.number_of_events=37
  data_transfer.IBB.total_size_kb=60
  data_transfer.IBB.total_time_ms=339669
  feedback.disabled=false
  feedback.survey.interval=5
  followmode.time.percent=0
  followmode.time.total=0.0
  followmode.toggles=0
  gesture.count=0
  java.version=1.8.0_101
  jumped.count=0
  jumped.driver.count=0
  jumped.observer.count=0
  observer.selection.count.witnessed=0
  observer.selection.count=0
  os.name=Windows 10
  platform.version=3.12.0.v20160606-1342
  random.user.id=2016-12-21_19-02-41_1789355881
  role.1.duration=4.95
  role.1=write_access
  role.changes=0
  role.driver.duration=4.95
  role.driver.percent=100
  role.observer.duration=0.0
  role.observer.percent=0
  saros.version=14.10.31
  session.count=1
  session.id=297567666
  session.local.start=2016-12-21T18:02:41Z
  session.shared.project.complete.count=0
  session.shared.project.partial.count=0
  session.shared.project.partial.files.count=0
  session.time.users.2.percent=100
  session.time.users.2=4.95
  session.time=4.95
  session.users.total=2
  textedits.chars=0
  textedits.count=0
  textedits.nonparallel.chars=0
  textedits.nonparallel.percent=0
  textedits.pastes.chars=0
  textedits.pastes=0
  user.is.host=false
INFO  2016-12-21 19:02:41,820 (StatisticManager.java:243) User does not allow to submit session statistics
DEBUG 2016-12-21 19:02:42,454 (EditorManager.java:1697) unlocking all editors
WARN  2016-12-21 19:02:42,455 (SarosSession.java:655) failed to notify user eazycode@saros-con.imp.fu-berlin.de/Saros about local session stop
java.io.IOException: not connected to eazycode@saros-con.imp.fu-berlin.de/Saros [connection identifier=saros-main-session]
	at de.fu_berlin.inf.dpp.net.internal.DataTransferManager.sendData(DataTransferManager.java:206)
	at de.fu_berlin.inf.dpp.net.internal.XMPPTransmitter.send(XMPPTransmitter.java:90)
	at de.fu_berlin.inf.dpp.project.internal.SarosSession.stop(SarosSession.java:651)
	at de.fu_berlin.inf.dpp.project.SarosSessionManager.stopSarosSession(SarosSessionManager.java:340)
	at de.fu_berlin.inf.dpp.project.internal.timeout.SessionTimeoutHandler$3.run(SessionTimeoutHandler.java:115)
	at de.fu_berlin.inf.dpp.util.ThreadUtils$1.run(ThreadUtils.java:38)
	at java.lang.Thread.run(Unknown Source)
DEBUG 2016-12-21 19:02:42,466 (XStreamExtensionProvider.java:169) Unregistering (resetting) converter of class de.fu_berlin.inf.dpp.misc.xstream.SPathConverter
DEBUG 2016-12-21 19:02:42,467 (XStreamExtensionProvider.java:216) Unregistering (resetting) converter of class de.fu_berlin.inf.dpp.misc.xstream.UserConverter
DEBUG 2016-12-21 19:02:42,469 (SharedProjectDecorator.java:93) clearing project decoration for all shared projects
DEBUG 2016-12-21 19:02:42,471 (DocumentRecord.java:93) Added Node: attr(148234336247165425) name=svg
DEBUG 2016-12-21 19:02:42,497 (MultiUserChatService.java:135) leaving multi user chat de.fu_berlin.inf.dpp.communication.chat.muc.MultiUserChat@1545c5ef
INFO  2016-12-21 19:02:42,500 (SarosSessionManager.java:351) session stopped
DEBUG 2016-12-21 19:02:42,501 (CancelableProcess.java:353) process IPN [remote side: eazycode@saros-con.imp.fu-berlin.de/Saros] exit status: CANCEL
DEBUG 2016-12-21 19:05:31,596 (DiscoveryManager.java:98) clearing cache entry of contact eazycode@saros-con.imp.fu-berlin.de/Saros: <query xmlns="http://jabber.org/protocol/disco#info"><identity category="client" name="Smack" type="pc"/><feature var="http://jabber.org/protocol/disco#items"/><feature var="http://jabber.org/protocol/bytestreams"/><feature var="http://jabber.org/protocol/ibb"/><feature var="http://jabber.org/protocol/si"/><feature var="http://jabber.org/protocol/xhtml-im"/><feature var="http://jabber.org/protocol/chatstates"/><feature var="http://jabber.org/protocol/si/profile/file-transfer"/><feature var="urn:xmpp:ping"/><feature var="jabber:iq:last"/><feature var="http://jabber.org/protocol/commands"/><feature var="http://jabber.org/protocol/muc"/><feature var="de.fu_berlin.inf.dpp"/><feature var="http://jabber.org/protocol/disco#info"/></query>
DEBUG 2016-12-21 19:05:31,744 (DiscoveryManager.java:382) Inserted DiscoveryInfo into Cache for: eazycode@saros-con.imp.fu-berlin.de/Saros
DEBUG 2016-12-21 19:05:37,199 (VersionManager.java:90) received version request from eazycode@saros-con.imp.fu-berlin.de/Saros
DEBUG 2016-12-21 19:05:37,200 (VersionManager.java:160) send version response to eazycode@saros-con.imp.fu-berlin.de/Saros
INFO  2016-12-21 19:05:38,292 (InvitationHandler.java:115) received invitation from eazycode@saros-con.imp.fu-berlin.de/Saros [invitation id: 5972093022559137301, session id: 270237509, version: 14.10.31]
DEBUG 2016-12-21 19:05:52,401 (CancelInviteHandler.java:57) Inveazycode@saros-con.imp.fu-berlin.de/Saros : Received invitation cancel message
DEBUG 2016-12-21 19:05:52,402 (CancelableProcess.java:189) process ISN [remote side: eazycode@saros-con.imp.fu-berlin.de/Saros] was cancelled by the remote side, error: none
DEBUG 2016-12-21 19:05:52,403 (CancelableProcess.java:416) process ISN [remote side: eazycode@saros-con.imp.fu-berlin.de/Saros] was cancelled manually by the remote side
DEBUG 2016-12-21 19:05:52,405 (CancelableProcess.java:349) executing cancellation for process ISN [remote side: eazycode@saros-con.imp.fu-berlin.de/Saros]
DEBUG 2016-12-21 19:05:52,405 (CancelableProcess.java:353) process ISN [remote side: eazycode@saros-con.imp.fu-berlin.de/Saros] exit status: REMOTE_CANCEL
DEBUG 2016-12-21 19:06:13,189 (VersionManager.java:90) received version request from eazycode@saros-con.imp.fu-berlin.de/Saros
DEBUG 2016-12-21 19:06:13,190 (VersionManager.java:160) send version response to eazycode@saros-con.imp.fu-berlin.de/Saros
INFO  2016-12-21 19:06:14,283 (InvitationHandler.java:115) received invitation from eazycode@saros-con.imp.fu-berlin.de/Saros [invitation id: -4311660188457987292, session id: 1916836570, version: 14.10.31]
DEBUG 2016-12-21 19:06:17,382 (CancelInviteHandler.java:57) Inveazycode@saros-con.imp.fu-berlin.de/Saros : Received invitation cancel message
DEBUG 2016-12-21 19:06:17,383 (CancelableProcess.java:189) process ISN [remote side: eazycode@saros-con.imp.fu-berlin.de/Saros] was cancelled by the remote side, error: none
DEBUG 2016-12-21 19:06:17,384 (CancelableProcess.java:416) process ISN [remote side: eazycode@saros-con.imp.fu-berlin.de/Saros] was cancelled manually by the remote side
DEBUG 2016-12-21 19:06:17,385 (CancelableProcess.java:349) executing cancellation for process ISN [remote side: eazycode@saros-con.imp.fu-berlin.de/Saros]
DEBUG 2016-12-21 19:06:17,396 (CancelableProcess.java:353) process ISN [remote side: eazycode@saros-con.imp.fu-berlin.de/Saros] exit status: REMOTE_CANCEL
DEBUG 2016-12-21 19:14:24,683 (VersionManager.java:90) received version request from eazycode@saros-con.imp.fu-berlin.de/Saros
DEBUG 2016-12-21 19:14:24,684 (VersionManager.java:160) send version response to eazycode@saros-con.imp.fu-berlin.de/Saros
INFO  2016-12-21 19:14:25,807 (InvitationHandler.java:115) received invitation from eazycode@saros-con.imp.fu-berlin.de/Saros [invitation id: 8086316139796303851, session id: 303253111, version: 14.10.31]
DEBUG 2016-12-21 19:14:57,016 (CancelInviteHandler.java:57) Inveazycode@saros-con.imp.fu-berlin.de/Saros : Received invitation cancel message
DEBUG 2016-12-21 19:14:57,017 (CancelableProcess.java:189) process ISN [remote side: eazycode@saros-con.imp.fu-berlin.de/Saros] was cancelled by the remote side, error: none
DEBUG 2016-12-21 19:14:57,018 (CancelableProcess.java:416) process ISN [remote side: eazycode@saros-con.imp.fu-berlin.de/Saros] was cancelled manually by the remote side
DEBUG 2016-12-21 19:14:57,018 (CancelableProcess.java:349) executing cancellation for process ISN [remote side: eazycode@saros-con.imp.fu-berlin.de/Saros]
DEBUG 2016-12-21 19:14:57,019 (CancelableProcess.java:353) process ISN [remote side: eazycode@saros-con.imp.fu-berlin.de/Saros] exit status: REMOTE_CANCEL
DEBUG 2016-12-21 19:18:08,131 (DiscoveryManager.java:98) clearing cache entry of contact eazycode@saros-con.imp.fu-berlin.de/Saros: <query xmlns="http://jabber.org/protocol/disco#info"><identity category="client" name="Smack" type="pc"/><feature var="http://jabber.org/protocol/disco#items"/><feature var="urn:xmpp:ping"/><feature var="jabber:iq:last"/><feature var="http://jabber.org/protocol/commands"/><feature var="http://jabber.org/protocol/muc"/><feature var="http://jabber.org/protocol/bytestreams"/><feature var="http://jabber.org/protocol/xhtml-im"/><feature var="de.fu_berlin.inf.dpp"/><feature var="http://jabber.org/protocol/chatstates"/><feature var="http://jabber.org/protocol/disco#info"/></query>
DEBUG 2016-12-21 19:53:47,253 (XMPPConnectionService.java:398) xzer@saros-con.imp.fu-berlin.de/Saros new connection state == DISCONNECTING
ERROR 2016-12-21 19:53:47,298 (BinaryChannelConnection.java:176) failed to gracefully close connection [mode=IBB, id=default] eazycode@saros-con.imp.fu-berlin.de/Saros
java.io.IOException: Error while closing stream: service-unavailable(503)
	at org.jivesoftware.smackx.bytestreams.ibb.InBandBytestreamSession.closeByLocal(InBandBytestreamSession.java:213)
	at org.jivesoftware.smackx.bytestreams.ibb.InBandBytestreamSession.close(InBandBytestreamSession.java:154)
	at de.fu_berlin.inf.dpp.net.internal.XMPPByteStreamAdapter.close(XMPPByteStreamAdapter.java:32)
	at de.fu_berlin.inf.dpp.net.internal.BinaryChannelConnection.close(BinaryChannelConnection.java:174)
	at de.fu_berlin.inf.dpp.net.internal.ConnectionPool.close(ConnectionPool.java:50)
	at de.fu_berlin.inf.dpp.net.internal.DataTransferManager.disposeConnection(DataTransferManager.java:510)
	at de.fu_berlin.inf.dpp.net.internal.DataTransferManager.connectionStateChanged(DataTransferManager.java:520)
	at de.fu_berlin.inf.dpp.net.xmpp.XMPPConnectionService.setConnectionState(XMPPConnectionService.java:405)
	at de.fu_berlin.inf.dpp.net.xmpp.XMPPConnectionService.disconnect(XMPPConnectionService.java:304)
	at de.fu_berlin.inf.dpp.communication.connection.ConnectionHandler.disconnectXMPPInternal(ConnectionHandler.java:225)
	at de.fu_berlin.inf.dpp.communication.connection.ConnectionHandler.disconnect(ConnectionHandler.java:211)
	at de.fu_berlin.inf.dpp.Saros$1.run(Saros.java:304)
	at de.fu_berlin.inf.dpp.util.ThreadUtils$1.run(ThreadUtils.java:38)
	at java.lang.Thread.run(Unknown Source)
DEBUG 2016-12-21 19:53:47,855 (BinaryChannelConnection.java:112) [mode=IBB, id=default] eazycode@saros-con.imp.fu-berlin.de/Saros connection closed remotely:null
DEBUG 2016-12-21 19:53:47,856 (ConnectionPool.java:52) closed connection [id=default:in:eazycode@saros-con.imp.fu-berlin.de/Saros]: [mode=IBB, id=default] eazycode@saros-con.imp.fu-berlin.de/Saros
WARN  2016-12-21 19:53:47,856 (SWTUtils.java:144) could not execute runnable de.fu_berlin.inf.dpp.ui.widgets.chat.ChatControl$5$4@667878f5, UI thread is not available
StackTrace:
	at de.fu_berlin.inf.dpp.ui.util.SWTUtils.runSafeSWTAsync(SWTUtils.java:145)
	at de.fu_berlin.inf.dpp.ui.widgets.chat.ChatControl$5.disconnected(ChatControl.java:301)
	at de.fu_berlin.inf.dpp.communication.chat.AbstractChat.notifyJIDDisconnected(AbstractChat.java:72)
	at de.fu_berlin.inf.dpp.communication.chat.single.SingleUserChat.setConnected(SingleUserChat.java:125)
	at de.fu_berlin.inf.dpp.communication.chat.single.SingleUserChatService$1.connectionStateChanged(SingleUserChatService.java:60)
	at de.fu_berlin.inf.dpp.net.xmpp.XMPPConnectionService.setConnectionState(XMPPConnectionService.java:405)
	at de.fu_berlin.inf.dpp.net.xmpp.XMPPConnectionService.disconnect(XMPPConnectionService.java:304)
	at de.fu_berlin.inf.dpp.communication.connection.ConnectionHandler.disconnectXMPPInternal(ConnectionHandler.java:225)
	at de.fu_berlin.inf.dpp.communication.connection.ConnectionHandler.disconnect(ConnectionHandler.java:211)
	at de.fu_berlin.inf.dpp.Saros$1.run(Saros.java:304)
	at de.fu_berlin.inf.dpp.util.ThreadUtils$1.run(ThreadUtils.java:38)
	at java.lang.Thread.run(Unknown Source)
WARN  2016-12-21 19:53:47,865 (SWTUtils.java:144) could not execute runnable de.fu_berlin.inf.dpp.ui.widgets.chat.ChatControl$5$4@4cf03e6f, UI thread is not available
StackTrace:
	at de.fu_berlin.inf.dpp.ui.util.SWTUtils.runSafeSWTAsync(SWTUtils.java:145)
	at de.fu_berlin.inf.dpp.ui.widgets.chat.ChatControl$5.disconnected(ChatControl.java:301)
	at de.fu_berlin.inf.dpp.communication.chat.AbstractChat.notifyJIDDisconnected(AbstractChat.java:72)
	at de.fu_berlin.inf.dpp.communication.chat.single.SingleUserChat.setConnected(SingleUserChat.java:126)
	at de.fu_berlin.inf.dpp.communication.chat.single.SingleUserChatService$1.connectionStateChanged(SingleUserChatService.java:60)
	at de.fu_berlin.inf.dpp.net.xmpp.XMPPConnectionService.setConnectionState(XMPPConnectionService.java:405)
	at de.fu_berlin.inf.dpp.net.xmpp.XMPPConnectionService.disconnect(XMPPConnectionService.java:304)
	at de.fu_berlin.inf.dpp.communication.connection.ConnectionHandler.disconnectXMPPInternal(ConnectionHandler.java:225)
	at de.fu_berlin.inf.dpp.communication.connection.ConnectionHandler.disconnect(ConnectionHandler.java:211)
	at de.fu_berlin.inf.dpp.Saros$1.run(Saros.java:304)
	at de.fu_berlin.inf.dpp.util.ThreadUtils$1.run(ThreadUtils.java:38)
	at java.lang.Thread.run(Unknown Source)
WARN  2016-12-21 19:53:47,874 (SWTUtils.java:144) could not execute runnable de.fu_berlin.inf.dpp.ui.widgets.chat.ChatControl$5$4@57043a1, UI thread is not available
StackTrace:
	at de.fu_berlin.inf.dpp.ui.util.SWTUtils.runSafeSWTAsync(SWTUtils.java:145)
	at de.fu_berlin.inf.dpp.ui.widgets.chat.ChatControl$5.disconnected(ChatControl.java:301)
	at de.fu_berlin.inf.dpp.communication.chat.AbstractChat.notifyJIDDisconnected(AbstractChat.java:72)
	at de.fu_berlin.inf.dpp.communication.chat.single.SingleUserChat.setConnected(SingleUserChat.java:125)
	at de.fu_berlin.inf.dpp.communication.chat.single.SingleUserChatService$1.connectionStateChanged(SingleUserChatService.java:60)
	at de.fu_berlin.inf.dpp.net.xmpp.XMPPConnectionService.setConnectionState(XMPPConnectionService.java:405)
	at de.fu_berlin.inf.dpp.net.xmpp.XMPPConnectionService.disconnect(XMPPConnectionService.java:304)
	at de.fu_berlin.inf.dpp.communication.connection.ConnectionHandler.disconnectXMPPInternal(ConnectionHandler.java:225)
	at de.fu_berlin.inf.dpp.communication.connection.ConnectionHandler.disconnect(ConnectionHandler.java:211)
	at de.fu_berlin.inf.dpp.Saros$1.run(Saros.java:304)
	at de.fu_berlin.inf.dpp.util.ThreadUtils$1.run(ThreadUtils.java:38)
	at java.lang.Thread.run(Unknown Source)
WARN  2016-12-21 19:53:47,885 (SWTUtils.java:144) could not execute runnable de.fu_berlin.inf.dpp.ui.widgets.chat.ChatControl$5$4@3f49006, UI thread is not available
StackTrace:
	at de.fu_berlin.inf.dpp.ui.util.SWTUtils.runSafeSWTAsync(SWTUtils.java:145)
	at de.fu_berlin.inf.dpp.ui.widgets.chat.ChatControl$5.disconnected(ChatControl.java:301)
	at de.fu_berlin.inf.dpp.communication.chat.AbstractChat.notifyJIDDisconnected(AbstractChat.java:72)
	at de.fu_berlin.inf.dpp.communication.chat.single.SingleUserChat.setConnected(SingleUserChat.java:126)
	at de.fu_berlin.inf.dpp.communication.chat.single.SingleUserChatService$1.connectionStateChanged(SingleUserChatService.java:60)
	at de.fu_berlin.inf.dpp.net.xmpp.XMPPConnectionService.setConnectionState(XMPPConnectionService.java:405)
	at de.fu_berlin.inf.dpp.net.xmpp.XMPPConnectionService.disconnect(XMPPConnectionService.java:304)
	at de.fu_berlin.inf.dpp.communication.connection.ConnectionHandler.disconnectXMPPInternal(ConnectionHandler.java:225)
	at de.fu_berlin.inf.dpp.communication.connection.ConnectionHandler.disconnect(ConnectionHandler.java:211)
	at de.fu_berlin.inf.dpp.Saros$1.run(Saros.java:304)
	at de.fu_berlin.inf.dpp.util.ThreadUtils$1.run(ThreadUtils.java:38)
	at java.lang.Thread.run(Unknown Source)
WARN  2016-12-21 19:53:47,896 (SWTUtils.java:144) could not execute runnable de.fu_berlin.inf.dpp.ui.widgets.chat.ChatControl$5$4@561da2a, UI thread is not available
StackTrace:
	at de.fu_berlin.inf.dpp.ui.util.SWTUtils.runSafeSWTAsync(SWTUtils.java:145)
	at de.fu_berlin.inf.dpp.ui.widgets.chat.ChatControl$5.disconnected(ChatControl.java:301)
	at de.fu_berlin.inf.dpp.communication.chat.AbstractChat.notifyJIDDisconnected(AbstractChat.java:72)
	at de.fu_berlin.inf.dpp.communication.chat.single.SingleUserChat.setConnected(SingleUserChat.java:125)
	at de.fu_berlin.inf.dpp.communication.chat.single.SingleUserChatService$1.connectionStateChanged(SingleUserChatService.java:60)
	at de.fu_berlin.inf.dpp.net.xmpp.XMPPConnectionService.setConnectionState(XMPPConnectionService.java:405)
	at de.fu_berlin.inf.dpp.net.xmpp.XMPPConnectionService.disconnect(XMPPConnectionService.java:304)
	at de.fu_berlin.inf.dpp.communication.connection.ConnectionHandler.disconnectXMPPInternal(ConnectionHandler.java:225)
	at de.fu_berlin.inf.dpp.communication.connection.ConnectionHandler.disconnect(ConnectionHandler.java:211)
	at de.fu_berlin.inf.dpp.Saros$1.run(Saros.java:304)
	at de.fu_berlin.inf.dpp.util.ThreadUtils$1.run(ThreadUtils.java:38)
	at java.lang.Thread.run(Unknown Source)
WARN  2016-12-21 19:53:47,906 (SWTUtils.java:144) could not execute runnable de.fu_berlin.inf.dpp.ui.widgets.chat.ChatControl$5$4@27cccab9, UI thread is not available
StackTrace:
	at de.fu_berlin.inf.dpp.ui.util.SWTUtils.runSafeSWTAsync(SWTUtils.java:145)
	at de.fu_berlin.inf.dpp.ui.widgets.chat.ChatControl$5.disconnected(ChatControl.java:301)
	at de.fu_berlin.inf.dpp.communication.chat.AbstractChat.notifyJIDDisconnected(AbstractChat.java:72)
	at de.fu_berlin.inf.dpp.communication.chat.single.SingleUserChat.setConnected(SingleUserChat.java:126)
	at de.fu_berlin.inf.dpp.communication.chat.single.SingleUserChatService$1.connectionStateChanged(SingleUserChatService.java:60)
	at de.fu_berlin.inf.dpp.net.xmpp.XMPPConnectionService.setConnectionState(XMPPConnectionService.java:405)
	at de.fu_berlin.inf.dpp.net.xmpp.XMPPConnectionService.disconnect(XMPPConnectionService.java:304)
	at de.fu_berlin.inf.dpp.communication.connection.ConnectionHandler.disconnectXMPPInternal(ConnectionHandler.java:225)
	at de.fu_berlin.inf.dpp.communication.connection.ConnectionHandler.disconnect(ConnectionHandler.java:211)
	at de.fu_berlin.inf.dpp.Saros$1.run(Saros.java:304)
	at de.fu_berlin.inf.dpp.util.ThreadUtils$1.run(ThreadUtils.java:38)
	at java.lang.Thread.run(Unknown Source)
DEBUG 2016-12-21 19:53:48,068 (XMPPConnectionService.java:398)  new connection state == NOT_CONNECTED
DEBUG 2016-12-21 19:53:48,069 (UPnPServiceImpl.java:295) deleting existing port mappings
