INFO  2016-12-21 20:41:30,640 (Saros.java:220) Starting Saros 14.10.31 running:
  Java Version: 1.8.0_101
  Java Vendor: Oracle Corporation
  Eclipse Runtime Version: 3.12.0.v20160606-1342
  Operating System: Windows 10 (10.0)
  Hardware Architecture: amd64
INFO  2016-12-21 20:41:30,739 (SarosContext.java:153) creating Saros runtime context...
DEBUG 2016-12-21 20:41:30,856 (XMPPAccountStore.java:117) loading accounts from file: C:\Users\xyzer\.saros\config.dat
DEBUG 2016-12-21 20:41:31,362 (XMPPAccountStore.java:176) loaded 1 account(s)
INFO  2016-12-21 20:41:31,737 (SarosContext.java:199) successfully created Saros runtime context
DEBUG 2016-12-21 20:41:31,772 (DataTransferManager.java:467) used transport order for the current XMPP connection: [XMPP-Socks5-Transport, XMPP-IBB-Transport]
INFO  2016-12-21 20:41:31,856 (PreferenceInitializer.java:50) initializing preference default values
DEBUG 2016-12-21 20:41:31,932 (SarosAnnotation.java:117) resetting annotation colors
DEBUG 2016-12-21 20:41:31,946 (Saros.java:430) skipping conversion of old XMPP accounts, because there are already new ones
DEBUG 2016-12-21 20:41:43,569 (WhiteboardManager.java:194) WhiteboardManager instantiated
DEBUG 2016-12-21 20:41:43,652 (DocumentRecord.java:93) Added Node: attr(148234930364421929) name=svg
DEBUG 2016-12-21 20:41:44,064 (XMPPConnectionService.java:439) started Socks5 proxy on port: 7777 [listening on all interfaces]
DEBUG 2016-12-21 20:41:46,909 (XMPPConnectionService.java:459) using autodetected addresses: [192.168.2.108, fe80:0:0:0:50fa:8586:2f83:e7%eth3]
DEBUG 2016-12-21 20:41:46,914 (XMPPConnectionService.java:398)  new connection state == CONNECTING
DEBUG 2016-12-21 20:41:48,203 (XMPPConnectionService.java:398) xzer@saros-con.imp.fu-berlin.de/Saros new connection state == CONNECTED
DEBUG 2016-12-21 20:41:48,204 (DataTransferManager.java:467) used transport order for the current XMPP connection: [XMPP-Socks5-Transport, XMPP-IBB-Transport]
DEBUG 2016-12-21 20:41:48,206 (SkypeManager.java:289) Refreshing Skype username cache...
DEBUG 2016-12-21 20:41:48,473 (DiscoveryManager.java:382) Inserted DiscoveryInfo into Cache for: eazycode@saros-con.imp.fu-berlin.de/Saros
DEBUG 2016-12-21 20:41:48,760 (ByteStreamTransport.java:72) received request to establish a  bytestream connection to eazycode@saros-con.imp.fu-berlin.de/Saros [de.fu_berlin.inf.dpp.net.internal.ByteStreamTransport$1@72bc5a7b]
DEBUG 2016-12-21 20:41:48,777 (DataTransferManager.java:136) bytestream connection changed [mode=IBB, id=default] eazycode@saros-con.imp.fu-berlin.de/Saros, inc=true, pool id=default:in:eazycode@saros-con.imp.fu-berlin.de/Saros]
DEBUG 2016-12-21 20:41:48,786 (BinaryChannelConnection.java:103) [mode=IBB, id=default] eazycode@saros-con.imp.fu-berlin.de/Saros ReceiverThread started.
WARN  2016-12-21 20:41:49,860 (XMPPReceiver.java:171) could not deserialize transfer object because no provider with namespace 'urn:xmpp:sxe:0' and element name 'sxe' is installed
WARN  2016-12-21 20:41:57,556 (StunServiceImpl.java:420) received no response from STUN server stunserver.org/69.172.201.153:3478 at local address /192.168.2.108:0
DEBUG 2016-12-21 20:42:30,704 (DiscoveryManager.java:98) clearing cache entry of contact eazycode@saros-con.imp.fu-berlin.de/Saros: <query xmlns="http://jabber.org/protocol/disco#info"><identity category="client" name="Smack" type="pc"/><feature var="http://jabber.org/protocol/disco#items"/><feature var="http://jabber.org/protocol/bytestreams"/><feature var="http://jabber.org/protocol/ibb"/><feature var="http://jabber.org/protocol/si"/><feature var="http://jabber.org/protocol/xhtml-im"/><feature var="http://jabber.org/protocol/chatstates"/><feature var="http://jabber.org/protocol/si/profile/file-transfer"/><feature var="urn:xmpp:ping"/><feature var="jabber:iq:last"/><feature var="http://jabber.org/protocol/commands"/><feature var="http://jabber.org/protocol/muc"/><feature var="de.fu_berlin.inf.dpp"/><feature var="http://jabber.org/protocol/disco#info"/></query>
DEBUG 2016-12-21 20:42:30,907 (BinaryChannelConnection.java:112) [mode=IBB, id=default] eazycode@saros-con.imp.fu-berlin.de/Saros connection closed remotely:null
ERROR 2016-12-21 20:42:30,954 (BinaryChannelConnection.java:176) failed to gracefully close connection [mode=IBB, id=default] eazycode@saros-con.imp.fu-berlin.de/Saros
java.io.IOException: Error while closing stream: service-unavailable(503)
	at org.jivesoftware.smackx.bytestreams.ibb.InBandBytestreamSession.closeByLocal(InBandBytestreamSession.java:213)
	at org.jivesoftware.smackx.bytestreams.ibb.InBandBytestreamSession.close(InBandBytestreamSession.java:153)
	at de.fu_berlin.inf.dpp.net.internal.XMPPByteStreamAdapter.close(XMPPByteStreamAdapter.java:32)
	at de.fu_berlin.inf.dpp.net.internal.BinaryChannelConnection.close(BinaryChannelConnection.java:174)
	at de.fu_berlin.inf.dpp.net.internal.BinaryChannelConnection$ReceiverThread.run(BinaryChannelConnection.java:119)
DEBUG 2016-12-21 20:42:30,980 (DataTransferManager.java:336) closed connection [pool id=default:in:eazycode@saros-con.imp.fu-berlin.de/Saros]: [mode=IBB, id=default] eazycode@saros-con.imp.fu-berlin.de/Saros
DEBUG 2016-12-21 20:53:39,367 (XMPPConnectionService.java:398) xzer@saros-con.imp.fu-berlin.de/Saros new connection state == DISCONNECTING
WARN  2016-12-21 20:53:39,370 (SWTUtils.java:144) could not execute runnable de.fu_berlin.inf.dpp.ui.widgets.chat.ChatControl$5$4@a1ce8a5, UI thread is not available
StackTrace:
	at de.fu_berlin.inf.dpp.ui.util.SWTUtils.runSafeSWTAsync(SWTUtils.java:145)
	at de.fu_berlin.inf.dpp.ui.widgets.chat.ChatControl$5.disconnected(ChatControl.java:301)
	at de.fu_berlin.inf.dpp.communication.chat.AbstractChat.notifyJIDDisconnected(AbstractChat.java:72)
	at de.fu_berlin.inf.dpp.communication.chat.single.SingleUserChat.setConnected(SingleUserChat.java:125)
	at de.fu_berlin.inf.dpp.communication.chat.single.SingleUserChatService$1.connectionStateChanged(SingleUserChatService.java:60)
	at de.fu_berlin.inf.dpp.net.xmpp.XMPPConnectionService.setConnectionState(XMPPConnectionService.java:405)
	at de.fu_berlin.inf.dpp.net.xmpp.XMPPConnectionService.disconnect(XMPPConnectionService.java:304)
	at de.fu_berlin.inf.dpp.communication.connection.ConnectionHandler.disconnectXMPPInternal(ConnectionHandler.java:225)
	at de.fu_berlin.inf.dpp.communication.connection.ConnectionHandler.disconnect(ConnectionHandler.java:211)
	at de.fu_berlin.inf.dpp.Saros$1.run(Saros.java:304)
	at de.fu_berlin.inf.dpp.util.ThreadUtils$1.run(ThreadUtils.java:38)
	at java.lang.Thread.run(Unknown Source)
WARN  2016-12-21 20:53:39,389 (SWTUtils.java:144) could not execute runnable de.fu_berlin.inf.dpp.ui.widgets.chat.ChatControl$5$4@7078e6f, UI thread is not available
StackTrace:
	at de.fu_berlin.inf.dpp.ui.util.SWTUtils.runSafeSWTAsync(SWTUtils.java:145)
	at de.fu_berlin.inf.dpp.ui.widgets.chat.ChatControl$5.disconnected(ChatControl.java:301)
	at de.fu_berlin.inf.dpp.communication.chat.AbstractChat.notifyJIDDisconnected(AbstractChat.java:72)
	at de.fu_berlin.inf.dpp.communication.chat.single.SingleUserChat.setConnected(SingleUserChat.java:126)
	at de.fu_berlin.inf.dpp.communication.chat.single.SingleUserChatService$1.connectionStateChanged(SingleUserChatService.java:60)
	at de.fu_berlin.inf.dpp.net.xmpp.XMPPConnectionService.setConnectionState(XMPPConnectionService.java:405)
	at de.fu_berlin.inf.dpp.net.xmpp.XMPPConnectionService.disconnect(XMPPConnectionService.java:304)
	at de.fu_berlin.inf.dpp.communication.connection.ConnectionHandler.disconnectXMPPInternal(ConnectionHandler.java:225)
	at de.fu_berlin.inf.dpp.communication.connection.ConnectionHandler.disconnect(ConnectionHandler.java:211)
	at de.fu_berlin.inf.dpp.Saros$1.run(Saros.java:304)
	at de.fu_berlin.inf.dpp.util.ThreadUtils$1.run(ThreadUtils.java:38)
	at java.lang.Thread.run(Unknown Source)
DEBUG 2016-12-21 20:53:39,566 (XMPPConnectionService.java:398)  new connection state == NOT_CONNECTED
DEBUG 2016-12-21 20:53:39,567 (UPnPServiceImpl.java:295) deleting existing port mappings
