INFO  2016-12-21 20:39:24,506 (Saros.java:220) Starting Saros 14.10.31 running:
  Java Version: 1.8.0_101
  Java Vendor: Oracle Corporation
  Eclipse Runtime Version: 3.12.0.v20160606-1342
  Operating System: Windows 10 (10.0)
  Hardware Architecture: amd64
INFO  2016-12-21 20:39:24,546 (SarosContext.java:153) creating Saros runtime context...
DEBUG 2016-12-21 20:39:24,612 (XMPPAccountStore.java:117) loading accounts from file: C:\Users\xyzer\.saros\config.dat
DEBUG 2016-12-21 20:39:24,863 (XMPPAccountStore.java:176) loaded 1 account(s)
INFO  2016-12-21 20:39:25,096 (SarosContext.java:199) successfully created Saros runtime context
DEBUG 2016-12-21 20:39:25,126 (DataTransferManager.java:467) used transport order for the current XMPP connection: [XMPP-Socks5-Transport, XMPP-IBB-Transport]
INFO  2016-12-21 20:39:25,155 (PreferenceInitializer.java:50) initializing preference default values
DEBUG 2016-12-21 20:39:25,208 (SarosAnnotation.java:117) resetting annotation colors
DEBUG 2016-12-21 20:39:25,217 (Saros.java:430) skipping conversion of old XMPP accounts, because there are already new ones
DEBUG 2016-12-21 20:39:44,789 (WhiteboardManager.java:194) WhiteboardManager instantiated
DEBUG 2016-12-21 20:39:45,007 (DocumentRecord.java:93) Added Node: attr(148234918498458899) name=svg
DEBUG 2016-12-21 20:39:46,202 (XMPPConnectionService.java:439) started Socks5 proxy on port: 7777 [listening on all interfaces]
DEBUG 2016-12-21 20:39:49,751 (XMPPConnectionService.java:459) using autodetected addresses: [192.168.2.108, 10.8.15.166, fe80:0:0:0:4d4f:2e3a:6f68:2a21%eth1, fe80:0:0:0:50fa:8586:2f83:e7%eth3]
DEBUG 2016-12-21 20:39:49,766 (XMPPConnectionService.java:398)  new connection state == CONNECTING
DEBUG 2016-12-21 20:39:51,080 (XMPPConnectionService.java:398) xzer@saros-con.imp.fu-berlin.de/Saros new connection state == CONNECTED
DEBUG 2016-12-21 20:39:51,081 (DataTransferManager.java:467) used transport order for the current XMPP connection: [XMPP-Socks5-Transport, XMPP-IBB-Transport]
DEBUG 2016-12-21 20:39:51,084 (SkypeManager.java:289) Refreshing Skype username cache...
DEBUG 2016-12-21 20:39:51,658 (DiscoveryManager.java:382) Inserted DiscoveryInfo into Cache for: eazycode@saros-con.imp.fu-berlin.de/Saros
DEBUG 2016-12-21 20:39:57,486 (VersionManager.java:90) received version request from eazycode@saros-con.imp.fu-berlin.de/Saros
DEBUG 2016-12-21 20:39:57,488 (VersionManager.java:160) send version response to eazycode@saros-con.imp.fu-berlin.de/Saros
INFO  2016-12-21 20:39:58,566 (InvitationHandler.java:115) received invitation from eazycode@saros-con.imp.fu-berlin.de/Saros [invitation id: -4533537543611253513, session id: 610135577, version: 14.10.31]
WARN  2016-12-21 20:40:00,851 (StunServiceImpl.java:420) received no response from STUN server stunserver.org/69.172.201.153:3478 at local address /10.8.15.166:0
WARN  2016-12-21 20:40:00,852 (StunServiceImpl.java:420) received no response from STUN server stunserver.org/69.172.201.153:3478 at local address /192.168.2.108:0
DEBUG 2016-12-21 20:40:01,888 (IncomingSessionNegotiation.java:103) ISN [remote side: eazycode@saros-con.imp.fu-berlin.de/Saros] : invitation accepted
DEBUG 2016-12-21 20:40:01,892 (IncomingSessionNegotiation.java:188) ISN [remote side: eazycode@saros-con.imp.fu-berlin.de/Saros] : sending invitation accepted confirmation
DEBUG 2016-12-21 20:40:01,893 (IncomingSessionNegotiation.java:219) ISN [remote side: eazycode@saros-con.imp.fu-berlin.de/Saros] : sending session negotiation data
DEBUG 2016-12-21 20:40:01,894 (IncomingSessionNegotiation.java:232) ISN [remote side: eazycode@saros-con.imp.fu-berlin.de/Saros] : waiting for host's session parameters
DEBUG 2016-12-21 20:40:02,283 (IncomingSessionNegotiation.java:252) ISN [remote side: eazycode@saros-con.imp.fu-berlin.de/Saros] : received host's session parameters
DEBUG 2016-12-21 20:40:02,284 (IncomingSessionNegotiation.java:265) ISN [remote side: eazycode@saros-con.imp.fu-berlin.de/Saros] : initializing session
DEBUG 2016-12-21 20:40:02,284 (MUCNegotiationManager.java:143) Got hosts Communication Config: server conference.saros-con.imp.fu-berlin.de room SAROS_610135577 pw -1743235735
INFO  2016-12-21 20:40:02,318 (StatisticManager.java:184) Current feedback settings:
  Feedback disabled: false
  Feedback interval: 5
  Statistic submission allowed: false
  Pseudonym submission allowed: false
INFO  2016-12-21 20:40:02,328 (ErrorLogManager.java:257) Current error log settings:
  Error log submission allowed: false
  Full Error log submission allowed: false
INFO  2016-12-21 20:40:02,335 (SarosSessionManager.java:281) joined uninitialized Saros session
INFO  2016-12-21 20:40:02,336 (DataTransferManager.java:409) establishing connection to eazycode@saros-con.imp.fu-berlin.de/Saros from xzer@saros-con.imp.fu-berlin.de/Saros using transport XMPP-Socks5-Transport
DEBUG 2016-12-21 20:40:02,337 (ByteStreamTransport.java:45) establishing bytestream connection to eazycode@saros-con.imp.fu-berlin.de/Saros
DEBUG 2016-12-21 20:40:02,338 (Socks5Transport.java:493) [SOCKS5Transport] establishing connection to eazycode@saros-con.imp.fu-berlin.de/Saroswith local SOCKS5 proxy running [port=7777, configured streamhosts=[192.168.2.108, 10.8.15.166, fe80:0:0:0:4d4f:2e3a:6f68:2a21%eth1, fe80:0:0:0:50fa:8586:2f83:e7%eth3]]...
DEBUG 2016-12-21 20:40:04,944 (ByteStreamTransport.java:72) received request to establish a  bytestream connection to eazycode@saros-con.imp.fu-berlin.de/Saros [de.fu_berlin.inf.dpp.net.internal.ByteStreamTransport$1@59dca307]
DEBUG 2016-12-21 20:40:04,945 (Socks5Transport.java:311) [SOCKS5Transport] receiving response connection from eazycode@saros-con.imp.fu-berlin.de/Saroswith local SOCKS5 proxy running [port=7777, configured streamhosts=[192.168.2.108, 10.8.15.166, fe80:0:0:0:4d4f:2e3a:6f68:2a21%eth1, fe80:0:0:0:50fa:8586:2f83:e7%eth3]]
WARN  2016-12-21 20:40:13,999 (Socks5Transport.java:544) [SOCKS5Transport] could not establish a connection to eazycode@saros-con.imp.fu-berlin.de/Saros, remote side could not connect to any offered stream hosts: item-not-found(404) Could not establish socket with any provided host
DEBUG 2016-12-21 20:40:14,011 (Socks5Transport.java:567) [SOCKS5Transport] waiting for eazycode@saros-con.imp.fu-berlin.de/Saros to establish a connection...
ERROR 2016-12-21 20:40:15,121 (ByteStreamTransport.java:105) could not establish bytestream connection to eazycode@saros-con.imp.fu-berlin.de/Saros
Could not establish socket with any provided host: item-not-found(404) Could not establish socket with any provided host
	at org.jivesoftware.smackx.bytestreams.socks5.Socks5BytestreamRequest.cancelRequest(Socks5BytestreamRequest.java:277)
	at org.jivesoftware.smackx.bytestreams.socks5.Socks5BytestreamRequest.accept(Socks5BytestreamRequest.java:247)
	at org.jivesoftware.smackx.bytestreams.socks5.Socks5BytestreamRequest.accept(Socks5BytestreamRequest.java:34)
	at de.fu_berlin.inf.dpp.net.internal.Socks5Transport.handleResponse(Socks5Transport.java:315)
	at de.fu_berlin.inf.dpp.net.internal.Socks5Transport.acceptRequest(Socks5Transport.java:471)
	at de.fu_berlin.inf.dpp.net.internal.ByteStreamTransport$1.incomingBytestreamRequest(ByteStreamTransport.java:77)
	at org.jivesoftware.smackx.bytestreams.socks5.InitiationListener.processRequest(InitiationListener.java:91)
	at org.jivesoftware.smackx.bytestreams.socks5.InitiationListener.access$000(InitiationListener.java:37)
	at org.jivesoftware.smackx.bytestreams.socks5.InitiationListener$1.run(InitiationListener.java:63)
	at java.util.concurrent.ThreadPoolExecutor.runWorker(Unknown Source)
	at java.util.concurrent.ThreadPoolExecutor$Worker.run(Unknown Source)
	at java.lang.Thread.run(Unknown Source)
WARN  2016-12-21 20:40:44,014 (DataTransferManager.java:415) failed to connect to eazycode@saros-con.imp.fu-berlin.de/Saros using transport: XMPP-Socks5-Transport
java.io.IOException: [SOCKS5Transport] waiting for a response session timed out (30000ms) and could not establish a connection from this side, too:
	at de.fu_berlin.inf.dpp.net.internal.Socks5Transport.establishBinaryChannel(Socks5Transport.java:592)
	at de.fu_berlin.inf.dpp.net.internal.ByteStreamTransport.connect(ByteStreamTransport.java:48)
	at de.fu_berlin.inf.dpp.net.internal.DataTransferManager.connectInternal(DataTransferManager.java:412)
	at de.fu_berlin.inf.dpp.net.internal.DataTransferManager.connect(DataTransferManager.java:297)
	at de.fu_berlin.inf.dpp.negotiation.IncomingSessionNegotiation.accept(IncomingSessionNegotiation.java:167)
	at de.fu_berlin.inf.dpp.ui.wizards.JoinSessionWizard$2.run(JoinSessionWizard.java:128)
	at org.eclipse.jface.operation.ModalContext$ModalContextThread.run(ModalContext.java:119)
Caused by: item-not-found(404) Could not establish socket with any provided host
	at org.jivesoftware.smack.util.SyncPacketSend.getReply(SyncPacketSend.java:54)
	at org.jivesoftware.smackx.bytestreams.socks5.Socks5BytestreamManager.establishSession(Socks5BytestreamManager.java:481)
	at org.jivesoftware.smackx.bytestreams.socks5.Socks5BytestreamManager.establishSession(Socks5BytestreamManager.java:83)
	at de.fu_berlin.inf.dpp.net.internal.Socks5Transport.establishBinaryChannel(Socks5Transport.java:512)
	... 6 more
INFO  2016-12-21 20:40:44,038 (DataTransferManager.java:409) establishing connection to eazycode@saros-con.imp.fu-berlin.de/Saros from xzer@saros-con.imp.fu-berlin.de/Saros using transport XMPP-IBB-Transport
DEBUG 2016-12-21 20:40:44,039 (ByteStreamTransport.java:45) establishing bytestream connection to eazycode@saros-con.imp.fu-berlin.de/Saros
DEBUG 2016-12-21 20:40:44,202 (DataTransferManager.java:136) bytestream connection changed [mode=IBB, id=saros-main-session] eazycode@saros-con.imp.fu-berlin.de/Saros, inc=false, pool id=saros-main-session:out:eazycode@saros-con.imp.fu-berlin.de/Saros]
DEBUG 2016-12-21 20:40:44,204 (IncomingSessionNegotiation.java:304) ISN [remote side: eazycode@saros-con.imp.fu-berlin.de/Saros] : starting session
DEBUG 2016-12-21 20:40:44,204 (BinaryChannelConnection.java:103) [mode=IBB, id=saros-main-session] eazycode@saros-con.imp.fu-berlin.de/Saros ReceiverThread started.
INFO  2016-12-21 20:40:44,207 (StatisticManager.java:163) Session count: 7
INFO  2016-12-21 20:40:44,209 (ParticipantCollector.java:134) Session started: Current number of participants: 2
DEBUG 2016-12-21 20:40:44,209 (MultiUserChatService.java:100) Joining MUC...
DEBUG 2016-12-21 20:40:44,211 (XStreamExtensionProvider.java:149) Registering new converter of class de.fu_berlin.inf.dpp.misc.xstream.SPathConverter
DEBUG 2016-12-21 20:40:44,212 (XStreamExtensionProvider.java:194) Registering new converter of class de.fu_berlin.inf.dpp.misc.xstream.UserConverter
DEBUG 2016-12-21 20:40:44,215 (MultiUserChat.java:264) Trying to create room on server conference.saros-con.imp.fu-berlin.de
DEBUG 2016-12-21 20:40:44,220 (ConsistencyAction.java:173) Inconsistency indicator goes: off
DEBUG 2016-12-21 20:40:44,221 (WhiteboardManager.java:108) Preparing Whiteboard for receiving an invitation
DEBUG 2016-12-21 20:40:44,222 (ActivityHandler.java:89) activity dispatcher started
WARN  2016-12-21 20:40:44,277 (SubscriptionHandler.java:148) received error presence package from saros_610135577@conference.saros-con.imp.fu-berlin.de/xzer@saros-con.imp.fu-berlin.de/Saros, condition: not-authorized, message: A password is required to enter this room
DEBUG 2016-12-21 20:40:44,299 (ColorUtils.java:21) set foregroundcolor RGB {237, 237, 169}
DEBUG 2016-12-21 20:40:44,303 (IncomingSessionNegotiation.java:318) ISN [remote side: eazycode@saros-con.imp.fu-berlin.de/Saros] : invitation has completed successfully
DEBUG 2016-12-21 20:40:44,345 (MultiUserChat.java:297) MUC joined. Server: conference.saros-con.imp.fu-berlin.de Room: SAROS_610135577 Password -1743235735
DEBUG 2016-12-21 20:40:44,346 (MultiUserChatStateManager.java:101) Incoming Message from saros_610135577@conference.saros-con.imp.fu-berlin.de/eazycode@saros-con.imp.fu-berlin.de/Saros with state: active
DEBUG 2016-12-21 20:40:44,347 (MultiUserChat.java:79) stateChanged fired with state: active
DEBUG 2016-12-21 20:40:44,349 (MultiUserChat.java:133) processPacket called
DEBUG 2016-12-21 20:40:44,552 (MultiUserChatStateManager.java:101) Incoming Message from saros_610135577@conference.saros-con.imp.fu-berlin.de/xzer@saros-con.imp.fu-berlin.de/Saros with state: active
DEBUG 2016-12-21 20:40:44,552 (MultiUserChat.java:79) stateChanged fired with state: active
DEBUG 2016-12-21 20:40:44,554 (MultiUserChat.java:133) processPacket called
DEBUG 2016-12-21 20:40:45,343 (IncomingSessionNegotiation.java:331) ISN [remote side: eazycode@saros-con.imp.fu-berlin.de/Saros] : invitation complete confirmation sent
DEBUG 2016-12-21 20:40:45,852 (UserInformationHandler.java:293) received user list from eazycode@saros-con.imp.fu-berlin.de/Saros
DEBUG 2016-12-21 20:40:45,852 (UserInformationHandler.java:317) updating permissions for user: xzer@saros-con.imp.fu-berlin.de/Saros [WRITE_ACCESS]
DEBUG 2016-12-21 20:40:45,853 (UserInformationHandler.java:317) updating permissions for user: eazycode@saros-con.imp.fu-berlin.de/Saros [WRITE_ACCESS]
DEBUG 2016-12-21 20:40:45,853 (UserInformationHandler.java:347) sending user list received confirmation to eazycode@saros-con.imp.fu-berlin.de/Saros
DEBUG 2016-12-21 20:40:47,041 (ActivitySequencer.java:546) rcvd (001) eazycode@saros-con.imp.fu-berlin.de/Saros
DEBUG 2016-12-21 20:40:47,044 (ChangeColorManager.java:238) received color id change fo user : eazycode@saros-con.imp.fu-berlin.de/Saros [1]
DEBUG 2016-12-21 20:40:47,046 (ChangeColorManager.java:634) updating color id set: [xzer@saros-con.imp.fu-berlin.de, eazycode@saros-con.imp.fu-berlin.de]
DEBUG 2016-12-21 20:40:47,814 (CancelableProcess.java:353) process ISN [remote side: eazycode@saros-con.imp.fu-berlin.de/Saros] exit status: OK
DEBUG 2016-12-21 20:40:48,447 (ActivitySequencer.java:546) rcvd (001) eazycode@saros-con.imp.fu-berlin.de/Saros
DEBUG 2016-12-21 20:40:48,448 (ChangeColorManager.java:238) received color id change fo user : xzer@saros-con.imp.fu-berlin.de/Saros [3]
DEBUG 2016-12-21 20:40:48,449 (ChangeColorManager.java:634) updating color id set: [xzer@saros-con.imp.fu-berlin.de, eazycode@saros-con.imp.fu-berlin.de]
DEBUG 2016-12-21 20:40:49,002 (ByteStreamTransport.java:72) received request to establish a  bytestream connection to eazycode@saros-con.imp.fu-berlin.de/Saros [de.fu_berlin.inf.dpp.net.internal.ByteStreamTransport$1@59dca307]
DEBUG 2016-12-21 20:40:49,003 (Socks5Transport.java:368) [SOCKS5Transport] receiving request from eazycode@saros-con.imp.fu-berlin.de/Saroswith local SOCKS5 proxy running [port=7777, configured streamhosts=[192.168.2.108, 10.8.15.166, fe80:0:0:0:4d4f:2e3a:6f68:2a21%eth1, fe80:0:0:0:50fa:8586:2f83:e7%eth3]]
DEBUG 2016-12-21 20:40:49,005 (Socks5Transport.java:624) [SOCKS5Transport] Start to establish new response connection
WARN  2016-12-21 20:40:59,255 (Socks5Transport.java:411) [SOCKS5Transport] Couldn't accept request but still trying to establish a response connection: Could not establish socket with any provided host
DEBUG 2016-12-21 20:41:14,862 (SarosSessionManager.java:330) terminating all running negotiation processes
WARN  2016-12-21 20:41:14,864 (SWTUtils.java:144) could not execute runnable de.fu_berlin.inf.dpp.ui.actions.RemoveUserAction$2$2@7c015221, UI thread is not available
StackTrace:
	at de.fu_berlin.inf.dpp.ui.util.SWTUtils.runSafeSWTAsync(SWTUtils.java:145)
	at de.fu_berlin.inf.dpp.ui.actions.RemoveUserAction$2.sessionEnding(RemoveUserAction.java:64)
	at de.fu_berlin.inf.dpp.project.SarosSessionManager.sessionEnding(SarosSessionManager.java:701)
	at de.fu_berlin.inf.dpp.project.SarosSessionManager.stopSarosSession(SarosSessionManager.java:335)
	at de.fu_berlin.inf.dpp.Saros$1.run(Saros.java:303)
	at de.fu_berlin.inf.dpp.util.ThreadUtils$1.run(ThreadUtils.java:38)
	at java.lang.Thread.run(Unknown Source)
DEBUG 2016-12-21 20:41:14,882 (SarosSessionManager.java:337) Leave message sent.
DEBUG 2016-12-21 20:41:14,884 (ActivityHandler.java:109) activity dispatcher stopped
INFO  2016-12-21 20:41:14,887 (FeedbackManager.java:104) Session lasted 0 min 30 s
DEBUG 2016-12-21 20:41:14,889 (FollowModeCollector.java:177) Processing follow mode changes took 0.0 s
INFO  2016-12-21 20:41:14,892 (ParticipantCollector.java:145) Session ended: Current number of participants: 2
DEBUG 2016-12-21 20:41:14,901 (StatisticManager.java:329) Session statistic:
  auto.followmode.enabled=false
  data_transfer.IBB.average_throughput_kbs=0.6
  data_transfer.IBB.number_of_events=6
  data_transfer.IBB.total_size_kb=0
  data_transfer.IBB.total_time_ms=1777
  feedback.disabled=false
  feedback.survey.interval=5
  followmode.time.percent=0
  followmode.time.total=0.0
  followmode.toggles=0
  gesture.count=0
  java.version=1.8.0_101
  jumped.count=0
  jumped.driver.count=0
  jumped.observer.count=0
  observer.selection.count.witnessed=0
  observer.selection.count=0
  os.name=Windows 10
  platform.version=3.12.0.v20160606-1342
  random.user.id=2016-12-21_19-02-41_1789355881
  role.1.duration=0.51
  role.1=write_access
  role.changes=0
  role.driver.duration=0.51
  role.driver.percent=100
  role.observer.duration=0.0
  role.observer.percent=0
  saros.version=14.10.31
  session.count=7
  session.id=610135577
  session.local.start=2016-12-21T19:41:14Z
  session.shared.project.complete.count=0
  session.shared.project.partial.count=0
  session.shared.project.partial.files.count=0
  session.time.users.2.percent=100
  session.time.users.2=0.51
  session.time=0.51
  session.users.total=2
  textedits.chars=0
  textedits.count=0
  textedits.nonparallel.chars=0
  textedits.nonparallel.percent=0
  textedits.pastes.chars=0
  textedits.pastes=0
  user.is.host=false
INFO  2016-12-21 20:41:14,902 (StatisticManager.java:243) User does not allow to submit session statistics
WARN  2016-12-21 20:41:14,911 (SWTUtils.java:193) could not execute runnable de.fu_berlin.inf.dpp.editor.EditorManager$3$1@19cb467c, UI thread is not available
StackTrace:
	at de.fu_berlin.inf.dpp.ui.util.SWTUtils.runSafeSWTSync(SWTUtils.java:194)
	at de.fu_berlin.inf.dpp.editor.EditorManager$3.execute(EditorManager.java:262)
	at de.fu_berlin.inf.dpp.editor.EditorManager$3.unblock(EditorManager.java:253)
	at de.fu_berlin.inf.dpp.synchronize.StopManager.lockSession(StopManager.java:408)
	at de.fu_berlin.inf.dpp.synchronize.StopManager.stop(StopManager.java:579)
	at sun.reflect.GeneratedMethodAccessor43.invoke(Unknown Source)
	at sun.reflect.DelegatingMethodAccessorImpl.invoke(Unknown Source)
	at java.lang.reflect.Method.invoke(Unknown Source)
	at org.picocontainer.lifecycle.StartableLifecycleStrategy.doLifecycleMethod(StartableLifecycleStrategy.java:101)
	at org.picocontainer.lifecycle.StartableLifecycleStrategy.stopComponent(StartableLifecycleStrategy.java:113)
	at org.picocontainer.lifecycle.StartableLifecycleStrategy.stop(StartableLifecycleStrategy.java:126)
	at org.picocontainer.injectors.AbstractInjectionFactory$LifecycleAdapter.stop(AbstractInjectionFactory.java:88)
	at org.picocontainer.behaviors.AbstractBehavior.stop(AbstractBehavior.java:179)
	at org.picocontainer.behaviors.Stored$RealComponentLifecycle.stop(Stored.java:141)
	at org.picocontainer.behaviors.Stored.stop(Stored.java:118)
	at org.picocontainer.DefaultPicoContainer.stopAdapters(DefaultPicoContainer.java:1036)
	at org.picocontainer.DefaultPicoContainer.stop(DefaultPicoContainer.java:791)
	at de.fu_berlin.inf.dpp.project.internal.SarosSession.stop(SarosSession.java:639)
	at de.fu_berlin.inf.dpp.project.SarosSessionManager.stopSarosSession(SarosSessionManager.java:340)
	at de.fu_berlin.inf.dpp.Saros$1.run(Saros.java:303)
	at de.fu_berlin.inf.dpp.util.ThreadUtils$1.run(ThreadUtils.java:38)
	at java.lang.Thread.run(Unknown Source)
WARN  2016-12-21 20:41:18,608 (ByteStreamTransport.java:102) interrupted while establishing bytestream connection to eazycode@saros-con.imp.fu-berlin.de/Saros
DEBUG 2016-12-21 20:41:18,610 (DiscoveryManager.java:98) clearing cache entry of contact eazycode@saros-con.imp.fu-berlin.de/Saros: <query xmlns="http://jabber.org/protocol/disco#info"><identity category="client" name="Smack" type="pc"/><feature var="http://jabber.org/protocol/disco#items"/><feature var="http://jabber.org/protocol/bytestreams"/><feature var="http://jabber.org/protocol/ibb"/><feature var="http://jabber.org/protocol/si"/><feature var="http://jabber.org/protocol/xhtml-im"/><feature var="http://jabber.org/protocol/chatstates"/><feature var="http://jabber.org/protocol/si/profile/file-transfer"/><feature var="urn:xmpp:ping"/><feature var="jabber:iq:last"/><feature var="http://jabber.org/protocol/commands"/><feature var="http://jabber.org/protocol/muc"/><feature var="de.fu_berlin.inf.dpp"/><feature var="http://jabber.org/protocol/disco#info"/></query>
ERROR 2016-12-21 20:41:18,692 (XMPPConnectionService.java:101) XMPP connection error: 
java.net.SocketTimeoutException: Read timed out
	at java.net.SocketInputStream.socketRead0(Native Method)
	at java.net.SocketInputStream.socketRead(Unknown Source)
	at java.net.SocketInputStream.read(Unknown Source)
	at java.net.SocketInputStream.read(Unknown Source)
	at sun.security.ssl.InputRecord.readFully(Unknown Source)
	at sun.security.ssl.InputRecord.read(Unknown Source)
	at sun.security.ssl.SSLSocketImpl.readRecord(Unknown Source)
	at sun.security.ssl.SSLSocketImpl.readDataRecord(Unknown Source)
	at sun.security.ssl.AppInputStream.read(Unknown Source)
	at sun.nio.cs.StreamDecoder.readBytes(Unknown Source)
	at sun.nio.cs.StreamDecoder.implRead(Unknown Source)
	at sun.nio.cs.StreamDecoder.read(Unknown Source)
	at java.io.InputStreamReader.read(Unknown Source)
	at java.io.BufferedReader.fill(Unknown Source)
	at java.io.BufferedReader.read1(Unknown Source)
	at java.io.BufferedReader.read(Unknown Source)
	at org.xmlpull.mxp1.MXParser.fillBuf(MXParser.java:2992)
	at org.xmlpull.mxp1.MXParser.more(MXParser.java:3046)
	at org.xmlpull.mxp1.MXParser.nextImpl(MXParser.java:1144)
	at org.xmlpull.mxp1.MXParser.next(MXParser.java:1093)
	at org.jivesoftware.smack.PacketReader.parsePackets(PacketReader.java:312)
	at org.jivesoftware.smack.PacketReader.access$000(PacketReader.java:48)
	at org.jivesoftware.smack.PacketReader$1.run(PacketReader.java:76)
ERROR 2016-12-21 20:41:18,755 (XMPPConnectionService.java:400)  new connection state == ERROR
java.net.SocketTimeoutException: Read timed out
	at java.net.SocketInputStream.socketRead0(Native Method)
	at java.net.SocketInputStream.socketRead(Unknown Source)
	at java.net.SocketInputStream.read(Unknown Source)
	at java.net.SocketInputStream.read(Unknown Source)
	at sun.security.ssl.InputRecord.readFully(Unknown Source)
	at sun.security.ssl.InputRecord.read(Unknown Source)
	at sun.security.ssl.SSLSocketImpl.readRecord(Unknown Source)
	at sun.security.ssl.SSLSocketImpl.readDataRecord(Unknown Source)
	at sun.security.ssl.AppInputStream.read(Unknown Source)
	at sun.nio.cs.StreamDecoder.readBytes(Unknown Source)
	at sun.nio.cs.StreamDecoder.implRead(Unknown Source)
	at sun.nio.cs.StreamDecoder.read(Unknown Source)
	at java.io.InputStreamReader.read(Unknown Source)
	at java.io.BufferedReader.fill(Unknown Source)
	at java.io.BufferedReader.read1(Unknown Source)
	at java.io.BufferedReader.read(Unknown Source)
	at org.xmlpull.mxp1.MXParser.fillBuf(MXParser.java:2992)
	at org.xmlpull.mxp1.MXParser.more(MXParser.java:3046)
	at org.xmlpull.mxp1.MXParser.nextImpl(MXParser.java:1144)
	at org.xmlpull.mxp1.MXParser.next(MXParser.java:1093)
	at org.jivesoftware.smack.PacketReader.parsePackets(PacketReader.java:312)
	at org.jivesoftware.smack.PacketReader.access$000(PacketReader.java:48)
	at org.jivesoftware.smack.PacketReader$1.run(PacketReader.java:76)
ERROR 2016-12-21 20:41:24,860 (Saros.java:323) could not shutdown Saros gracefully
