INFO  2021-01-28 12:17:03,439 (Saros.java:220) Starting Saros 14.10.31 running:
  Java Version: 1.8.0_101
  Java Vendor: Oracle Corporation
  Eclipse Runtime Version: 3.12.0.v20160606-1342
  Operating System: Windows 10 (10.0)
  Hardware Architecture: amd64
INFO  2021-01-28 12:17:03,479 (SarosContext.java:153) creating Saros runtime context...
DEBUG 2021-01-28 12:17:03,528 (XMPPAccountStore.java:117) loading accounts from file: C:\Users\xyzer\.saros\config.dat
DEBUG 2021-01-28 12:17:03,699 (XMPPAccountStore.java:176) loaded 1 account(s)
INFO  2021-01-28 12:17:03,864 (SarosContext.java:199) successfully created Saros runtime context
DEBUG 2021-01-28 12:17:03,892 (DataTransferManager.java:467) used transport order for the current XMPP connection: [XMPP-Socks5-Transport, XMPP-IBB-Transport]
INFO  2021-01-28 12:17:03,913 (PreferenceInitializer.java:50) initializing preference default values
DEBUG 2021-01-28 12:17:03,949 (SarosAnnotation.java:117) resetting annotation colors
DEBUG 2021-01-28 12:17:03,957 (Saros.java:430) skipping conversion of old XMPP accounts, because there are already new ones
DEBUG 2021-01-28 12:17:13,311 (WhiteboardManager.java:194) WhiteboardManager instantiated
DEBUG 2021-01-28 12:17:13,359 (DocumentRecord.java:93) Added Node: attr(161183263335320634) name=svg
DEBUG 2021-01-28 12:17:13,616 (XMPPConnectionService.java:439) started Socks5 proxy on port: 7777 [listening on all interfaces]
DEBUG 2021-01-28 12:17:16,186 (XMPPConnectionService.java:459) using autodetected addresses: [192.168.2.111, fe80:0:0:0:c43a:c7fe:21a5:635e%eth0]
DEBUG 2021-01-28 12:17:16,197 (XMPPConnectionService.java:398)  new connection state == CONNECTING
DEBUG 2021-01-28 12:17:16,697 (XMPPConnectionService.java:398) xzer@saros-con.imp.fu-berlin.de/Saros new connection state == CONNECTED
DEBUG 2021-01-28 12:17:16,697 (DataTransferManager.java:467) used transport order for the current XMPP connection: [XMPP-Socks5-Transport, XMPP-IBB-Transport]
DEBUG 2021-01-28 12:17:16,699 (SkypeManager.java:289) Refreshing Skype username cache...
WARN  2021-01-28 12:17:27,453 (StunServiceImpl.java:420) received no response from STUN server stunserver.org/67.227.226.240:3478 at local address /192.168.2.111:0
DEBUG 2021-01-28 12:17:37,528 (SharedDocumentProvider.java:77) SharedDocumentProvider created by Eclipse
DEBUG 2021-01-28 12:18:15,812 (XMPPConnectionService.java:398) xzer@saros-con.imp.fu-berlin.de/Saros new connection state == DISCONNECTING
DEBUG 2021-01-28 12:18:15,981 (XMPPConnectionService.java:398)  new connection state == NOT_CONNECTED
DEBUG 2021-01-28 12:18:15,984 (UPnPServiceImpl.java:295) deleting existing port mappings
