INFO  2019-12-27 15:49:10,929 (Saros.java:220) Starting Saros 14.10.31 running:
  Java Version: 1.8.0_101
  Java Vendor: Oracle Corporation
  Eclipse Runtime Version: 3.12.0.v20160606-1342
  Operating System: Windows 10 (10.0)
  Hardware Architecture: amd64
INFO  2019-12-27 15:49:10,970 (SarosContext.java:153) creating Saros runtime context...
DEBUG 2019-12-27 15:49:11,017 (XMPPAccountStore.java:117) loading accounts from file: C:\Users\xyzer\.saros\config.dat
DEBUG 2019-12-27 15:49:11,323 (XMPPAccountStore.java:176) loaded 1 account(s)
INFO  2019-12-27 15:49:11,504 (SarosContext.java:199) successfully created Saros runtime context
DEBUG 2019-12-27 15:49:11,525 (DataTransferManager.java:467) used transport order for the current XMPP connection: [XMPP-Socks5-Transport, XMPP-IBB-Transport]
INFO  2019-12-27 15:49:11,544 (PreferenceInitializer.java:50) initializing preference default values
DEBUG 2019-12-27 15:49:11,579 (SarosAnnotation.java:117) resetting annotation colors
DEBUG 2019-12-27 15:49:11,587 (Saros.java:430) skipping conversion of old XMPP accounts, because there are already new ones
DEBUG 2019-12-27 15:49:18,070 (SharedDocumentProvider.java:77) SharedDocumentProvider created by Eclipse
DEBUG 2019-12-27 15:49:26,702 (WhiteboardManager.java:194) WhiteboardManager instantiated
DEBUG 2019-12-27 15:49:26,728 (DocumentRecord.java:93) Added Node: attr(157745816672326767) name=svg
DEBUG 2019-12-27 15:49:26,936 (XMPPConnectionService.java:439) started Socks5 proxy on port: 7777 [listening on all interfaces]
DEBUG 2019-12-27 15:49:28,993 (XMPPConnectionService.java:459) using autodetected addresses: [192.168.2.117, fe80:0:0:0:3825:1d6e:3ae2:61c4%eth1]
DEBUG 2019-12-27 15:49:29,001 (XMPPConnectionService.java:398)  new connection state == CONNECTING
DEBUG 2019-12-27 15:49:30,993 (XMPPConnectionService.java:398) xzer@saros-con.imp.fu-berlin.de/Saros new connection state == CONNECTED
DEBUG 2019-12-27 15:49:30,993 (DataTransferManager.java:467) used transport order for the current XMPP connection: [XMPP-Socks5-Transport, XMPP-IBB-Transport]
DEBUG 2019-12-27 15:49:30,995 (SkypeManager.java:289) Refreshing Skype username cache...
WARN  2019-12-27 15:49:39,507 (StunServiceImpl.java:420) received no response from STUN server stunserver.org/67.227.226.240:3478 at local address /192.168.2.117:0
DEBUG 2019-12-27 15:50:56,059 (XMPPConnectionService.java:398) xzer@saros-con.imp.fu-berlin.de/Saros new connection state == DISCONNECTING
DEBUG 2019-12-27 15:50:56,214 (XMPPConnectionService.java:398)  new connection state == NOT_CONNECTED
DEBUG 2019-12-27 15:50:56,215 (UPnPServiceImpl.java:295) deleting existing port mappings
