INFO  2017-02-21 16:50:29,477 (Saros.java:220) Starting Saros 14.10.31 running:
  Java Version: 1.8.0_101
  Java Vendor: Oracle Corporation
  Eclipse Runtime Version: 3.12.0.v20160606-1342
  Operating System: Windows 10 (10.0)
  Hardware Architecture: amd64
INFO  2017-02-21 16:50:29,557 (SarosContext.java:153) creating Saros runtime context...
DEBUG 2017-02-21 16:50:29,732 (XMPPAccountStore.java:117) loading accounts from file: C:\Users\xyzer\.saros\config.dat
DEBUG 2017-02-21 16:50:30,686 (XMPPAccountStore.java:176) loaded 1 account(s)
INFO  2017-02-21 16:50:30,987 (SarosContext.java:199) successfully created Saros runtime context
DEBUG 2017-02-21 16:50:31,047 (DataTransferManager.java:467) used transport order for the current XMPP connection: [XMPP-Socks5-Transport, XMPP-IBB-Transport]
INFO  2017-02-21 16:50:31,085 (PreferenceInitializer.java:50) initializing preference default values
DEBUG 2017-02-21 16:50:31,145 (SarosAnnotation.java:117) resetting annotation colors
DEBUG 2017-02-21 16:50:31,157 (Saros.java:430) skipping conversion of old XMPP accounts, because there are already new ones
DEBUG 2017-02-21 16:50:43,695 (SharedDocumentProvider.java:77) SharedDocumentProvider created by Eclipse
DEBUG 2017-02-21 16:51:18,285 (WhiteboardManager.java:194) WhiteboardManager instantiated
DEBUG 2017-02-21 16:51:18,325 (DocumentRecord.java:93) Added Node: attr(148769227831967749) name=svg
DEBUG 2017-02-21 16:51:18,476 (XMPPConnectionService.java:439) started Socks5 proxy on port: 7777 [listening on all interfaces]
DEBUG 2017-02-21 16:51:23,703 (XMPPConnectionService.java:459) using autodetected addresses: [192.168.2.110, 2001:0:2854:18dd:2c3a:1cdd:a20b:74a8, fe80:0:0:0:2c3a:1cdd:a20b:74a8%net0, fe80:0:0:0:50fa:8586:2f83:e7%eth2]
DEBUG 2017-02-21 16:51:23,722 (XMPPConnectionService.java:398)  new connection state == CONNECTING
DEBUG 2017-02-21 16:51:27,081 (XMPPConnectionService.java:398) xzer@saros-con.imp.fu-berlin.de/Saros new connection state == CONNECTED
DEBUG 2017-02-21 16:51:27,082 (DataTransferManager.java:467) used transport order for the current XMPP connection: [XMPP-Socks5-Transport, XMPP-IBB-Transport]
DEBUG 2017-02-21 16:51:27,086 (SkypeManager.java:289) Refreshing Skype username cache...
WARN  2017-02-21 16:51:34,433 (StunServiceImpl.java:420) received no response from STUN server stunserver.org/69.172.201.153:3478 at local address /192.168.2.110:0
DEBUG 2017-02-21 17:27:35,183 (XMPPConnectionService.java:398) xzer@saros-con.imp.fu-berlin.de/Saros new connection state == DISCONNECTING
DEBUG 2017-02-21 17:27:35,346 (XMPPConnectionService.java:398)  new connection state == NOT_CONNECTED
DEBUG 2017-02-21 17:27:35,349 (UPnPServiceImpl.java:295) deleting existing port mappings
