INFO  2017-06-27 16:42:18,103 (Saros.java:220) Starting Saros 14.10.31 running:
  Java Version: 1.8.0_101
  Java Vendor: Oracle Corporation
  Eclipse Runtime Version: 3.12.0.v20160606-1342
  Operating System: Windows 10 (10.0)
  Hardware Architecture: amd64
INFO  2017-06-27 16:42:18,149 (SarosContext.java:153) creating Saros runtime context...
DEBUG 2017-06-27 16:42:18,220 (XMPPAccountStore.java:117) loading accounts from file: C:\Users\xyzer\.saros\config.dat
DEBUG 2017-06-27 16:42:18,657 (XMPPAccountStore.java:176) loaded 1 account(s)
INFO  2017-06-27 16:42:18,873 (SarosContext.java:199) successfully created Saros runtime context
DEBUG 2017-06-27 16:42:18,901 (DataTransferManager.java:467) used transport order for the current XMPP connection: [XMPP-Socks5-Transport, XMPP-IBB-Transport]
INFO  2017-06-27 16:42:18,932 (PreferenceInitializer.java:50) initializing preference default values
DEBUG 2017-06-27 16:42:18,977 (SarosAnnotation.java:117) resetting annotation colors
DEBUG 2017-06-27 16:42:18,988 (Saros.java:430) skipping conversion of old XMPP accounts, because there are already new ones
DEBUG 2017-06-27 16:42:26,112 (SharedDocumentProvider.java:77) SharedDocumentProvider created by Eclipse
DEBUG 2017-06-27 16:42:44,180 (WhiteboardManager.java:194) WhiteboardManager instantiated
DEBUG 2017-06-27 16:42:44,204 (DocumentRecord.java:93) Added Node: attr(149857456419915869) name=svg
DEBUG 2017-06-27 16:42:44,744 (XMPPConnectionService.java:439) started Socks5 proxy on port: 7777 [listening on all interfaces]
DEBUG 2017-06-27 16:42:48,058 (XMPPConnectionService.java:459) using autodetected addresses: [192.168.2.105, fe80:0:0:0:50fa:8586:2f83:e7%eth3]
DEBUG 2017-06-27 16:42:48,071 (XMPPConnectionService.java:398)  new connection state == CONNECTING
DEBUG 2017-06-27 16:42:49,061 (XMPPConnectionService.java:398) xzer@saros-con.imp.fu-berlin.de/Saros new connection state == CONNECTED
DEBUG 2017-06-27 16:42:49,061 (DataTransferManager.java:467) used transport order for the current XMPP connection: [XMPP-Socks5-Transport, XMPP-IBB-Transport]
DEBUG 2017-06-27 16:42:49,070 (SkypeManager.java:289) Refreshing Skype username cache...
WARN  2017-06-27 16:42:58,381 (StunServiceImpl.java:420) received no response from STUN server stunserver.org/184.168.221.96:3478 at local address /192.168.2.105:0
