INFO  2017-11-28 18:16:33,014 (Saros.java:220) Starting Saros 14.10.31 running:
  Java Version: 1.8.0_101
  Java Vendor: Oracle Corporation
  Eclipse Runtime Version: 3.12.0.v20160606-1342
  Operating System: Windows 10 (10.0)
  Hardware Architecture: amd64
INFO  2017-11-28 18:16:33,036 (SarosContext.java:153) creating Saros runtime context...
DEBUG 2017-11-28 18:16:33,066 (XMPPAccountStore.java:117) loading accounts from file: C:\Users\xyzer\.saros\config.dat
DEBUG 2017-11-28 18:16:33,160 (XMPPAccountStore.java:176) loaded 1 account(s)
INFO  2017-11-28 18:16:33,289 (SarosContext.java:199) successfully created Saros runtime context
DEBUG 2017-11-28 18:16:33,307 (DataTransferManager.java:467) used transport order for the current XMPP connection: [XMPP-Socks5-Transport, XMPP-IBB-Transport]
INFO  2017-11-28 18:16:33,324 (PreferenceInitializer.java:50) initializing preference default values
DEBUG 2017-11-28 18:16:33,351 (SarosAnnotation.java:117) resetting annotation colors
DEBUG 2017-11-28 18:16:33,356 (Saros.java:430) skipping conversion of old XMPP accounts, because there are already new ones
DEBUG 2017-11-28 18:16:35,866 (SharedDocumentProvider.java:77) SharedDocumentProvider created by Eclipse
DEBUG 2017-11-28 18:16:39,162 (WhiteboardManager.java:194) WhiteboardManager instantiated
DEBUG 2017-11-28 18:16:39,197 (DocumentRecord.java:93) Added Node: attr(151188939919668339) name=svg
DEBUG 2017-11-28 18:16:39,287 (XMPPConnectionService.java:439) started Socks5 proxy on port: 7778 [listening on all interfaces]
DEBUG 2017-11-28 18:16:40,509 (XMPPConnectionService.java:459) using autodetected addresses: [192.168.2.107, 2003:d5:e3ee:e670:3825:1d6e:3ae2:61c4, 2003:d5:e3ee:e670:8c2f:3ac3:e562:c418, fe80:0:0:0:3825:1d6e:3ae2:61c4%eth1, 2001:0:9d38:78cf:149c:94:a870:e1de, fe80:0:0:0:149c:94:a870:e1de%net3]
DEBUG 2017-11-28 18:16:40,515 (XMPPConnectionService.java:398)  new connection state == CONNECTING
DEBUG 2017-11-28 18:16:41,436 (XMPPConnectionService.java:398) xzer@saros-con.imp.fu-berlin.de/Saros new connection state == CONNECTED
DEBUG 2017-11-28 18:16:41,437 (DataTransferManager.java:467) used transport order for the current XMPP connection: [XMPP-Socks5-Transport, XMPP-IBB-Transport]
DEBUG 2017-11-28 18:16:41,444 (SkypeManager.java:289) Refreshing Skype username cache...
WARN  2017-11-28 18:16:50,634 (StunServiceImpl.java:420) received no response from STUN server stunserver.org/67.227.226.240:3478 at local address /192.168.2.107:0
DEBUG 2017-11-28 21:23:32,026 (XMPPConnectionService.java:398) xzer@saros-con.imp.fu-berlin.de/Saros new connection state == DISCONNECTING
DEBUG 2017-11-28 21:23:32,180 (XMPPConnectionService.java:398)  new connection state == NOT_CONNECTED
DEBUG 2017-11-28 21:23:32,181 (UPnPServiceImpl.java:295) deleting existing port mappings
