INFO  2017-11-06 21:22:08,621 (Saros.java:220) Starting Saros 14.10.31 running:
  Java Version: 1.8.0_101
  Java Vendor: Oracle Corporation
  Eclipse Runtime Version: 3.12.0.v20160606-1342
  Operating System: Windows 10 (10.0)
  Hardware Architecture: amd64
INFO  2017-11-06 21:22:08,639 (SarosContext.java:153) creating Saros runtime context...
DEBUG 2017-11-06 21:22:08,671 (XMPPAccountStore.java:117) loading accounts from file: C:\Users\xyzer\.saros\config.dat
DEBUG 2017-11-06 21:22:08,892 (XMPPAccountStore.java:176) loaded 1 account(s)
INFO  2017-11-06 21:22:08,990 (SarosContext.java:199) successfully created Saros runtime context
DEBUG 2017-11-06 21:22:09,003 (DataTransferManager.java:467) used transport order for the current XMPP connection: [XMPP-Socks5-Transport, XMPP-IBB-Transport]
INFO  2017-11-06 21:22:09,018 (PreferenceInitializer.java:50) initializing preference default values
DEBUG 2017-11-06 21:22:09,041 (SarosAnnotation.java:117) resetting annotation colors
DEBUG 2017-11-06 21:22:09,045 (Saros.java:430) skipping conversion of old XMPP accounts, because there are already new ones
DEBUG 2017-11-06 21:22:13,885 (SharedDocumentProvider.java:77) SharedDocumentProvider created by Eclipse
DEBUG 2017-11-06 21:22:20,257 (WhiteboardManager.java:194) WhiteboardManager instantiated
DEBUG 2017-11-06 21:22:20,269 (DocumentRecord.java:93) Added Node: attr(150999974026727101) name=svg
DEBUG 2017-11-06 21:22:20,315 (XMPPConnectionService.java:439) started Socks5 proxy on port: 7778 [listening on all interfaces]
DEBUG 2017-11-06 21:22:21,210 (XMPPConnectionService.java:459) using autodetected addresses: [192.168.2.107, 2003:d5:e3ee:e685:3825:1d6e:3ae2:61c4, 2003:d5:e3ee:e685:1437:499:c0e2:47f0, fe80:0:0:0:3825:1d6e:3ae2:61c4%eth1]
DEBUG 2017-11-06 21:22:21,228 (XMPPConnectionService.java:398)  new connection state == CONNECTING
DEBUG 2017-11-06 21:22:22,122 (XMPPConnectionService.java:398) xzer@saros-con.imp.fu-berlin.de/Saros new connection state == CONNECTED
DEBUG 2017-11-06 21:22:22,123 (DataTransferManager.java:467) used transport order for the current XMPP connection: [XMPP-Socks5-Transport, XMPP-IBB-Transport]
DEBUG 2017-11-06 21:22:22,129 (SkypeManager.java:289) Refreshing Skype username cache...
WARN  2017-11-06 21:22:31,512 (StunServiceImpl.java:420) received no response from STUN server stunserver.org/67.227.226.240:3478 at local address /192.168.2.107:0
