INFO  2019-12-03 22:43:43,240 (Saros.java:220) Starting Saros 14.10.31 running:
  Java Version: 1.8.0_101
  Java Vendor: Oracle Corporation
  Eclipse Runtime Version: 3.12.0.v20160606-1342
  Operating System: Windows 10 (10.0)
  Hardware Architecture: amd64
INFO  2019-12-03 22:43:43,269 (SarosContext.java:153) creating Saros runtime context...
DEBUG 2019-12-03 22:43:43,344 (XMPPAccountStore.java:117) loading accounts from file: C:\Users\xyzer\.saros\config.dat
DEBUG 2019-12-03 22:43:43,479 (XMPPAccountStore.java:176) loaded 1 account(s)
INFO  2019-12-03 22:43:43,638 (SarosContext.java:199) successfully created Saros runtime context
DEBUG 2019-12-03 22:43:43,657 (DataTransferManager.java:467) used transport order for the current XMPP connection: [XMPP-Socks5-Transport, XMPP-IBB-Transport]
INFO  2019-12-03 22:43:43,682 (PreferenceInitializer.java:50) initializing preference default values
DEBUG 2019-12-03 22:43:43,713 (SarosAnnotation.java:117) resetting annotation colors
DEBUG 2019-12-03 22:43:43,720 (Saros.java:430) skipping conversion of old XMPP accounts, because there are already new ones
DEBUG 2019-12-03 22:43:54,114 (WhiteboardManager.java:194) WhiteboardManager instantiated
DEBUG 2019-12-03 22:43:54,149 (DocumentRecord.java:93) Added Node: attr(157540943414688190) name=svg
DEBUG 2019-12-03 22:43:54,223 (XMPPConnectionService.java:439) started Socks5 proxy on port: 7777 [listening on all interfaces]
DEBUG 2019-12-03 22:43:55,416 (XMPPConnectionService.java:459) using autodetected addresses: [192.168.2.117, fe80:0:0:0:3825:1d6e:3ae2:61c4%eth1]
DEBUG 2019-12-03 22:43:55,421 (XMPPConnectionService.java:398)  new connection state == CONNECTING
DEBUG 2019-12-03 22:43:56,364 (XMPPConnectionService.java:398) xzer@saros-con.imp.fu-berlin.de/Saros new connection state == CONNECTED
DEBUG 2019-12-03 22:43:56,365 (DataTransferManager.java:467) used transport order for the current XMPP connection: [XMPP-Socks5-Transport, XMPP-IBB-Transport]
DEBUG 2019-12-03 22:43:56,440 (SkypeManager.java:289) Refreshing Skype username cache...
WARN  2019-12-03 22:44:10,503 (StunServiceImpl.java:420) received no response from STUN server stunserver.org/67.227.226.240:3478 at local address /192.168.2.117:0
DEBUG 2019-12-03 22:46:47,784 (SharedDocumentProvider.java:77) SharedDocumentProvider created by Eclipse
DEBUG 2019-12-03 22:52:41,021 (XMPPConnectionService.java:398) xzer@saros-con.imp.fu-berlin.de/Saros new connection state == DISCONNECTING
DEBUG 2019-12-03 22:52:41,177 (XMPPConnectionService.java:398)  new connection state == NOT_CONNECTED
DEBUG 2019-12-03 22:52:41,178 (UPnPServiceImpl.java:295) deleting existing port mappings
