INFO  2017-03-26 11:41:48,157 (Saros.java:220) Starting Saros 14.10.31 running:
  Java Version: 1.8.0_101
  Java Vendor: Oracle Corporation
  Eclipse Runtime Version: 3.12.0.v20160606-1342
  Operating System: Windows 10 (10.0)
  Hardware Architecture: amd64
INFO  2017-03-26 11:41:48,199 (SarosContext.java:153) creating Saros runtime context...
DEBUG 2017-03-26 11:41:48,257 (XMPPAccountStore.java:117) loading accounts from file: C:\Users\xyzer\.saros\config.dat
DEBUG 2017-03-26 11:41:48,607 (XMPPAccountStore.java:176) loaded 1 account(s)
INFO  2017-03-26 11:41:48,800 (SarosContext.java:199) successfully created Saros runtime context
DEBUG 2017-03-26 11:41:48,826 (DataTransferManager.java:467) used transport order for the current XMPP connection: [XMPP-Socks5-Transport, XMPP-IBB-Transport]
INFO  2017-03-26 11:41:48,850 (PreferenceInitializer.java:50) initializing preference default values
DEBUG 2017-03-26 11:41:48,891 (SarosAnnotation.java:117) resetting annotation colors
DEBUG 2017-03-26 11:41:48,900 (Saros.java:430) skipping conversion of old XMPP accounts, because there are already new ones
DEBUG 2017-03-26 11:41:55,019 (SharedDocumentProvider.java:77) SharedDocumentProvider created by Eclipse
DEBUG 2017-03-26 11:42:10,350 (WhiteboardManager.java:194) WhiteboardManager instantiated
DEBUG 2017-03-26 11:42:10,379 (DocumentRecord.java:93) Added Node: attr(149052133037361526) name=svg
DEBUG 2017-03-26 11:42:10,529 (XMPPConnectionService.java:439) started Socks5 proxy on port: 7777 [listening on all interfaces]
DEBUG 2017-03-26 11:42:14,313 (XMPPConnectionService.java:459) using autodetected addresses: [192.168.2.110, 2001:0:9d38:78cf:1ccf:24aa:a20b:74a8, fe80:0:0:0:1ccf:24aa:a20b:74a8%net1, fe80:0:0:0:50fa:8586:2f83:e7%eth1]
DEBUG 2017-03-26 11:42:14,359 (XMPPConnectionService.java:398)  new connection state == CONNECTING
DEBUG 2017-03-26 11:42:15,406 (XMPPConnectionService.java:398) xzer@saros-con.imp.fu-berlin.de/Saros new connection state == CONNECTED
DEBUG 2017-03-26 11:42:15,407 (DataTransferManager.java:467) used transport order for the current XMPP connection: [XMPP-Socks5-Transport, XMPP-IBB-Transport]
DEBUG 2017-03-26 11:42:15,409 (SkypeManager.java:289) Refreshing Skype username cache...
WARN  2017-03-26 11:42:25,410 (StunServiceImpl.java:420) received no response from STUN server stunserver.org/69.172.201.153:3478 at local address /192.168.2.110:0
DEBUG 2017-03-26 15:26:03,245 (XMPPConnectionService.java:398) xzer@saros-con.imp.fu-berlin.de/Saros new connection state == DISCONNECTING
DEBUG 2017-03-26 15:26:03,411 (XMPPConnectionService.java:398)  new connection state == NOT_CONNECTED
DEBUG 2017-03-26 15:26:03,413 (UPnPServiceImpl.java:295) deleting existing port mappings
