INFO  2017-01-21 12:29:29,967 (Saros.java:220) Starting Saros 14.10.31 running:
  Java Version: 1.8.0_101
  Java Vendor: Oracle Corporation
  Eclipse Runtime Version: 3.12.0.v20160606-1342
  Operating System: Windows 10 (10.0)
  Hardware Architecture: amd64
INFO  2017-01-21 12:29:30,019 (SarosContext.java:153) creating Saros runtime context...
DEBUG 2017-01-21 12:29:30,106 (XMPPAccountStore.java:117) loading accounts from file: C:\Users\xyzer\.saros\config.dat
DEBUG 2017-01-21 12:29:30,464 (XMPPAccountStore.java:176) loaded 1 account(s)
INFO  2017-01-21 12:29:30,713 (SarosContext.java:199) successfully created Saros runtime context
DEBUG 2017-01-21 12:29:30,749 (DataTransferManager.java:467) used transport order for the current XMPP connection: [XMPP-Socks5-Transport, XMPP-IBB-Transport]
INFO  2017-01-21 12:29:30,779 (PreferenceInitializer.java:50) initializing preference default values
DEBUG 2017-01-21 12:29:30,827 (SarosAnnotation.java:117) resetting annotation colors
DEBUG 2017-01-21 12:29:30,838 (Saros.java:430) skipping conversion of old XMPP accounts, because there are already new ones
DEBUG 2017-01-21 12:29:40,495 (SharedDocumentProvider.java:77) SharedDocumentProvider created by Eclipse
DEBUG 2017-01-21 12:30:03,889 (WhiteboardManager.java:194) WhiteboardManager instantiated
DEBUG 2017-01-21 12:30:03,920 (DocumentRecord.java:93) Added Node: attr(148499820391787133) name=svg
DEBUG 2017-01-21 12:30:04,598 (XMPPConnectionService.java:439) started Socks5 proxy on port: 7777 [listening on all interfaces]
DEBUG 2017-01-21 12:30:07,567 (XMPPConnectionService.java:459) using autodetected addresses: [192.168.2.110, 2001:0:5ef5:79fb:4d7:1906:3f57:fd91, fe80:0:0:0:4d7:1906:3f57:fd91%net2, fe80:0:0:0:50fa:8586:2f83:e7%eth2]
DEBUG 2017-01-21 12:30:07,578 (XMPPConnectionService.java:398)  new connection state == CONNECTING
DEBUG 2017-01-21 12:30:09,355 (XMPPConnectionService.java:398) xzer@saros-con.imp.fu-berlin.de/Saros new connection state == CONNECTED
DEBUG 2017-01-21 12:30:09,355 (DataTransferManager.java:467) used transport order for the current XMPP connection: [XMPP-Socks5-Transport, XMPP-IBB-Transport]
DEBUG 2017-01-21 12:30:09,358 (SkypeManager.java:289) Refreshing Skype username cache...
WARN  2017-01-21 12:30:18,075 (StunServiceImpl.java:420) received no response from STUN server stunserver.org/69.172.201.153:3478 at local address /192.168.2.110:0
DEBUG 2017-01-21 12:52:41,490 (XMPPConnectionService.java:398) xzer@saros-con.imp.fu-berlin.de/Saros new connection state == DISCONNECTING
DEBUG 2017-01-21 12:52:41,653 (XMPPConnectionService.java:398)  new connection state == NOT_CONNECTED
DEBUG 2017-01-21 12:52:41,654 (UPnPServiceImpl.java:295) deleting existing port mappings
