INFO  2017-08-11 20:17:55,870 (Saros.java:220) Starting Saros 14.10.31 running:
  Java Version: 1.8.0_101
  Java Vendor: Oracle Corporation
  Eclipse Runtime Version: 3.12.0.v20160606-1342
  Operating System: Windows 10 (10.0)
  Hardware Architecture: amd64
INFO  2017-08-11 20:17:55,916 (SarosContext.java:153) creating Saros runtime context...
DEBUG 2017-08-11 20:17:55,990 (XMPPAccountStore.java:117) loading accounts from file: C:\Users\xyzer\.saros\config.dat
DEBUG 2017-08-11 20:17:56,197 (XMPPAccountStore.java:176) loaded 1 account(s)
INFO  2017-08-11 20:17:56,414 (SarosContext.java:199) successfully created Saros runtime context
DEBUG 2017-08-11 20:17:56,443 (DataTransferManager.java:467) used transport order for the current XMPP connection: [XMPP-Socks5-Transport, XMPP-IBB-Transport]
INFO  2017-08-11 20:17:56,474 (PreferenceInitializer.java:50) initializing preference default values
DEBUG 2017-08-11 20:17:56,516 (SarosAnnotation.java:117) resetting annotation colors
DEBUG 2017-08-11 20:17:56,526 (Saros.java:430) skipping conversion of old XMPP accounts, because there are already new ones
DEBUG 2017-08-11 20:18:04,175 (SharedDocumentProvider.java:77) SharedDocumentProvider created by Eclipse
DEBUG 2017-08-11 20:18:22,382 (WhiteboardManager.java:194) WhiteboardManager instantiated
DEBUG 2017-08-11 20:18:22,411 (DocumentRecord.java:93) Added Node: attr(150247550240754244) name=svg
DEBUG 2017-08-11 20:18:23,033 (XMPPConnectionService.java:439) started Socks5 proxy on port: 7777 [listening on all interfaces]
DEBUG 2017-08-11 20:18:25,482 (XMPPConnectionService.java:459) using autodetected addresses: [192.168.2.105, fe80:0:0:0:50fa:8586:2f83:e7%eth3, 2001:0:9d38:78cf:1c9a:2172:a87b:d0c0, fe80:0:0:0:1c9a:2172:a87b:d0c0%net2]
DEBUG 2017-08-11 20:18:25,491 (XMPPConnectionService.java:398)  new connection state == CONNECTING
DEBUG 2017-08-11 20:18:26,468 (XMPPConnectionService.java:398) xzer@saros-con.imp.fu-berlin.de/Saros new connection state == CONNECTED
DEBUG 2017-08-11 20:18:26,469 (DataTransferManager.java:467) used transport order for the current XMPP connection: [XMPP-Socks5-Transport, XMPP-IBB-Transport]
DEBUG 2017-08-11 20:18:26,470 (SkypeManager.java:289) Refreshing Skype username cache...
WARN  2017-08-11 20:18:35,837 (StunServiceImpl.java:420) received no response from STUN server stunserver.org/67.227.226.240:3478 at local address /192.168.2.105:0
DEBUG 2017-08-11 20:30:33,671 (XMPPConnectionService.java:398) xzer@saros-con.imp.fu-berlin.de/Saros new connection state == DISCONNECTING
DEBUG 2017-08-11 20:30:33,825 (XMPPConnectionService.java:398)  new connection state == NOT_CONNECTED
DEBUG 2017-08-11 20:30:33,825 (UPnPServiceImpl.java:295) deleting existing port mappings
