#
# A fatal error has been detected by the Java Runtime Environment:
#
#  EXCEPTION_ACCESS_VIOLATION (0xc0000005) at pc=0x0000000052d4a0a5, pid=2100, tid=0x0000000000001f44
#
# JRE version: Java(TM) SE Runtime Environment (8.0_101-b13) (build 1.8.0_101-b13)
# Java VM: Java HotSpot(TM) 64-Bit Server VM (25.101-b13 mixed mode windows-amd64 compressed oops)
# Problematic frame:
# V  [jvm.dll+0x12a0a5]
#
# Failed to write core dump. Minidumps are not enabled by default on client versions of Windows
#
# If you would like to submit a bug report, please visit:
#   http://bugreport.java.com/bugreport/crash.jsp
#

---------------  T H R E A D  ---------------

Current thread (0x000000001620f800):  JavaThread "JDWP Transport Listener: dt_socket" daemon [_thread_in_vm, id=8004, stack(0x0000000016e30000,0x0000000016f30000)]

siginfo: ExceptionCode=0xc0000005, reading address 0xffffffffffffffff

Registers:
RAX=0x0000000016f2f201, RBX=0x000000001620f800, RCX=0x74636570736f7274, RDX=0x0000000000000000
RSP=0x0000000016f2f240, RBP=0x74636570736f7274, RSI=0x0000000016f2f358, RDI=0x000000000241b910
R8 =0x000000001620f800, R9 =0x0000000000008000, R10=0x0000000018a05b70, R11=0x0000000016f2f525
R12=0x0000000000000000, R13=0x0000000016203ae8, R14=0x0000000000000000, R15=0x0000000000000000
RIP=0x0000000052d4a0a5, EFLAGS=0x0000000000010206

Top of Stack: (sp=0x0000000016f2f240)
0x0000000016f2f240:   000000001620f800 000000001620f800
0x0000000016f2f250:   0000000016f2f308 0000000052f52f0b
0x0000000016f2f260:   000000001620f800 0000000052f6f76d
0x0000000016f2f270:   0000000000000000 0000000052a49155
0x0000000016f2f280:   0000000018354da8 0000000052a5291e
0x0000000016f2f290:   000000001620f800 0000000000000000
0x0000000016f2f2a0:   0000000000000000 0000000000000000
0x0000000016f2f2b0:   74636570736f7274 0000000052a51a15
0x0000000016f2f2c0:   0000000016f2f358 0000000016f2f330
0x0000000016f2f2d0:   0000000000000001 0000000018354da8
0x0000000016f2f2e0:   74636570736f7274 0000000052a353b3
0x0000000016f2f2f0:   0000000016f2f420 0000000000000001
0x0000000016f2f300:   0000000000000001 0000000018354da8
0x0000000016f2f310:   0000000000000001 0000000000000000
0x0000000016f2f320:   0000000000000000 0000000000000000
0x0000000016f2f330:   0000000000000001 0000000052a35571 

Instructions: (pc=0x0000000052d4a0a5)
0x0000000052d4a085:   cc cc cc cc cc cc cc cc cc cc cc 48 83 ec 28 48
0x0000000052d4a095:   85 c9 75 07 33 c0 48 83 c4 28 c3 48 89 5c 24 20
0x0000000052d4a0a5:   48 8b 19 48 85 db 74 20 48 83 fb 37 74 1a 48 8b
0x0000000052d4a0b5:   13 48 8b cb ff 52 10 84 c0 74 0d 48 8b c3 48 8b 


Register to memory mapping:

RAX=0x0000000016f2f201 is pointing into the stack for thread: 0x000000001620f800
RBX=0x000000001620f800 is a thread
RCX=0x74636570736f7274 is an unknown value
RDX=0x0000000000000000 is an unknown value
RSP=0x0000000016f2f240 is pointing into the stack for thread: 0x000000001620f800
RBP=0x74636570736f7274 is an unknown value
RSI=0x0000000016f2f358 is pointing into the stack for thread: 0x000000001620f800
RDI=0x000000000241b910 is an unknown value
R8 =0x000000001620f800 is a thread
R9 =0x0000000000008000 is an unknown value
R10=0x0000000018a05b70 is an unknown value
R11=0x0000000016f2f525 is pointing into the stack for thread: 0x000000001620f800
R12=0x0000000000000000 is an unknown value
R13=0x0000000016203ae8 is an unknown value
R14=0x0000000000000000 is an unknown value
R15=0x0000000000000000 is an unknown value


Stack: [0x0000000016e30000,0x0000000016f30000],  sp=0x0000000016f2f240,  free space=1020k
Native frames: (J=compiled Java code, j=interpreted, Vv=VM code, C=native code)
V  [jvm.dll+0x12a0a5]
V  [jvm.dll+0x34f76d]
C  [jdwp.dll+0x21a15]
C  [jdwp.dll+0x53b3]
C  [jdwp.dll+0x5571]
C  [jdwp.dll+0xf0a8]
C  [jdwp.dll+0x1f2d5]
C  [jdwp.dll+0x1f4aa]
V  [jvm.dll+0x1bd258]
V  [jvm.dll+0x2451a4]
V  [jvm.dll+0x29c18a]
C  [msvcr100.dll+0x21d9f]
C  [msvcr100.dll+0x21e3b]
C  [KERNEL32.DLL+0x12774]
C  [ntdll.dll+0x70d51]


---------------  P R O C E S S  ---------------

Java Threads: ( => current thread )
  0x000000001a30e800 JavaThread "LWJGL Timer" daemon [_thread_blocked, id=13204, stack(0x000000003a5c0000,0x000000003a6c0000)]
  0x00000000183e8000 JavaThread "AWT-Windows" daemon [_thread_in_native, id=4668, stack(0x000000002f780000,0x000000002f880000)]
  0x0000000017ba6000 JavaThread "Chunk Batcher 1" daemon [_thread_blocked, id=3320, stack(0x000000002bdd0000,0x000000002bed0000)]
  0x0000000018c94800 JavaThread "Chunk Batcher 0" daemon [_thread_blocked, id=4068, stack(0x000000002bcd0000,0x000000002bdd0000)]
  0x00000000178df000 JavaThread "Thread-8" [_thread_blocked, id=9444, stack(0x0000000025650000,0x0000000025750000)]
  0x00000000180b3000 JavaThread "Thread-7" [_thread_blocked, id=5584, stack(0x0000000025530000,0x0000000025630000)]
  0x0000000018487000 JavaThread "Java2D Disposer" daemon [_thread_blocked, id=11484, stack(0x000000001b760000,0x000000001b860000)]
  0x0000000018486000 JavaThread "Timer hack thread" daemon [_thread_blocked, id=5180, stack(0x000000001b660000,0x000000001b760000)]
  0x000000001858d000 JavaThread "Snooper Timer" daemon [_thread_blocked, id=9764, stack(0x000000001afd0000,0x000000001b0d0000)]
  0x00000000181d3800 JavaThread "Snooper Timer" daemon [_thread_blocked, id=7020, stack(0x000000001abd0000,0x000000001acd0000)]
  0x000000001628c800 JavaThread "Service Thread" daemon [_thread_blocked, id=2616, stack(0x0000000017430000,0x0000000017530000)]
  0x0000000016288000 JavaThread "C1 CompilerThread2" daemon [_thread_blocked, id=2620, stack(0x0000000017330000,0x0000000017430000)]
  0x0000000016280000 JavaThread "C2 CompilerThread1" daemon [_thread_blocked, id=6408, stack(0x0000000017230000,0x0000000017330000)]
  0x0000000016226000 JavaThread "C2 CompilerThread0" daemon [_thread_blocked, id=8352, stack(0x0000000017130000,0x0000000017230000)]
  0x000000001621a800 JavaThread "JDWP Command Reader" daemon [_thread_in_native, id=4696, stack(0x0000000017030000,0x0000000017130000)]
  0x0000000016219800 JavaThread "JDWP Event Helper Thread" daemon [_thread_blocked, id=9976, stack(0x0000000016f30000,0x0000000017030000)]
=>0x000000001620f800 JavaThread "JDWP Transport Listener: dt_socket" daemon [_thread_in_vm, id=8004, stack(0x0000000016e30000,0x0000000016f30000)]
  0x0000000016200000 JavaThread "Attach Listener" daemon [_thread_blocked, id=9152, stack(0x00000000169f0000,0x0000000016af0000)]
  0x00000000161ff000 JavaThread "Signal Dispatcher" daemon [_thread_blocked, id=7076, stack(0x00000000168f0000,0x00000000169f0000)]
  0x00000000161fe000 JavaThread "Surrogate Locker Thread (Concurrent GC)" daemon [_thread_blocked, id=9652, stack(0x00000000167f0000,0x00000000168f0000)]
  0x00000000161f0800 JavaThread "Finalizer" daemon [_thread_blocked, id=7624, stack(0x00000000165d0000,0x00000000166d0000)]
  0x00000000157be000 JavaThread "Reference Handler" daemon [_thread_blocked, id=7932, stack(0x00000000160d0000,0x00000000161d0000)]
  0x0000000002543800 JavaThread "Client thread" [_thread_blocked, id=13192, stack(0x0000000002440000,0x0000000002540000)]

Other Threads:
  0x00000000157b1000 VMThread [stack: 0x0000000015fd0000,0x00000000160d0000] [id=10752]
  0x00000000162a9000 WatcherThread [stack: 0x0000000017530000,0x0000000017630000] [id=10788]

VM state:not at safepoint (normal execution)

VM Mutex/Monitor currently owned by a thread: None

Heap:
 par new generation   total 306688K, used 68451K [0x00000000c0000000, 0x00000000d4cc0000, 0x00000000d4cc0000)
  eden space 272640K,  24% used [0x00000000c0000000, 0x00000000c3ff57b8, 0x00000000d0a40000)
  from space 34048K,   8% used [0x00000000d2b80000, 0x00000000d2e63700, 0x00000000d4cc0000)
  to   space 34048K,   0% used [0x00000000d0a40000, 0x00000000d0a40000, 0x00000000d2b80000)
 concurrent mark-sweep generation total 707840K, used 139852K [0x00000000d4cc0000, 0x0000000100000000, 0x0000000100000000)
 Metaspace       used 40365K, capacity 40697K, committed 41132K, reserved 1085440K
  class space    used 4682K, capacity 4769K, committed 4852K, reserved 1048576K

Card table byte_map: [0x0000000011e00000,0x0000000012010000] byte_map_base: 0x0000000011800000

Marking Bits: (CMSBitMap*) 0x000000000259cfb8
 Bits: [0x00000000125b0000, 0x000000001307d000)

Mod Union Table: (CMSBitMap*) 0x000000000259d078
 Bits: [0x0000000002330000, 0x000000000235b340)

Polling page: 0x0000000000a40000

CodeCache: size=245760Kb used=14305Kb max_used=14661Kb free=231454Kb
 bounds [0x0000000002640000, 0x0000000003500000, 0x0000000011640000]
 total_blobs=4773 nmethods=3948 adapters=746
 compilation: enabled

Compilation events (10 events):
Event: 1271.008 Thread 0x0000000016288000 5185       3       java.util.regex.Pattern::range (279 bytes)
Event: 1271.013 Thread 0x0000000016288000 nmethod 5185 0x0000000002bb5690 code [0x0000000002bb5b40, 0x0000000002bb8508]
Event: 1271.207 Thread 0x0000000016288000 5186   !   3       net.minecraft.client.audio.SoundManager$SoundSystemStarterThread::playing (72 bytes)
Event: 1271.208 Thread 0x0000000016288000 nmethod 5186 0x0000000003472450 code [0x0000000003472620, 0x0000000003473118]
Event: 1273.542 Thread 0x0000000016288000 5187       3       me.EaZy.client.gui.Start2::drawScreen (220 bytes)
Event: 1273.551 Thread 0x0000000016288000 nmethod 5187 0x0000000003333d50 code [0x0000000003334880, 0x000000000333aab8]
Event: 1277.806 Thread 0x0000000016288000 5188       3       me.EaZy.client.gui.Start2::updateScreen (1 bytes)
Event: 1277.806 Thread 0x0000000016288000 nmethod 5188 0x000000000293c790 code [0x000000000293c8e0, 0x000000000293ca30]
Event: 1281.807 Thread 0x0000000016280000 5189       4       java.util.EnumMap::get (29 bytes)
Event: 1281.810 Thread 0x0000000016280000 nmethod 5189 0x00000000030cf910 code [0x00000000030cfa60, 0x00000000030cfc18]

GC Heap History (10 events):
Event: 504.748 GC heap before
{Heap before GC invocations=8 (full 5):
 par new generation   total 306688K, used 278847K [0x00000000c0000000, 0x00000000d4cc0000, 0x00000000d4cc0000)
  eden space 272640K, 100% used [0x00000000c0000000, 0x00000000d0a40000, 0x00000000d0a40000)
  from space 34048K,  18% used [0x00000000d0a40000, 0x00000000d104ff90, 0x00000000d2b80000)
  to   space 34048K,   0% used [0x00000000d2b80000, 0x00000000d2b80000, 0x00000000d4cc0000)
 concurrent mark-sweep generation total 707840K, used 138303K [0x00000000d4cc0000, 0x0000000100000000, 0x0000000100000000)
 Metaspace       used 40281K, capacity 40667K, committed 41132K, reserved 1085440K
  class space    used 4679K, capacity 4778K, committed 4852K, reserved 1048576K
Event: 504.753 GC heap after
Heap after GC invocations=9 (full 5):
 par new generation   total 306688K, used 4098K [0x00000000c0000000, 0x00000000d4cc0000, 0x00000000d4cc0000)
  eden space 272640K,   0% used [0x00000000c0000000, 0x00000000c0000000, 0x00000000d0a40000)
  from space 34048K,  12% used [0x00000000d2b80000, 0x00000000d2f80840, 0x00000000d4cc0000)
  to   space 34048K,   0% used [0x00000000d0a40000, 0x00000000d0a40000, 0x00000000d2b80000)
 concurrent mark-sweep generation total 707840K, used 138303K [0x00000000d4cc0000, 0x0000000100000000, 0x0000000100000000)
 Metaspace       used 40281K, capacity 40667K, committed 41132K, reserved 1085440K
  class space    used 4679K, capacity 4778K, committed 4852K, reserved 1048576K
}
Event: 689.319 GC heap before
{Heap before GC invocations=9 (full 6):
 par new generation   total 306688K, used 276738K [0x00000000c0000000, 0x00000000d4cc0000, 0x00000000d4cc0000)
  eden space 272640K, 100% used [0x00000000c0000000, 0x00000000d0a40000, 0x00000000d0a40000)
  from space 34048K,  12% used [0x00000000d2b80000, 0x00000000d2f80840, 0x00000000d4cc0000)
  to   space 34048K,   0% used [0x00000000d0a40000, 0x00000000d0a40000, 0x00000000d2b80000)
 concurrent mark-sweep generation total 707840K, used 138296K [0x00000000d4cc0000, 0x0000000100000000, 0x0000000100000000)
 Metaspace       used 40321K, capacity 40667K, committed 41132K, reserved 1085440K
  class space    used 4681K, capacity 4778K, committed 4852K, reserved 1048576K
Event: 689.326 GC heap after
Heap after GC invocations=10 (full 6):
 par new generation   total 306688K, used 3052K [0x00000000c0000000, 0x00000000d4cc0000, 0x00000000d4cc0000)
  eden space 272640K,   0% used [0x00000000c0000000, 0x00000000c0000000, 0x00000000d0a40000)
  from space 34048K,   8% used [0x00000000d0a40000, 0x00000000d0d3b100, 0x00000000d2b80000)
  to   space 34048K,   0% used [0x00000000d2b80000, 0x00000000d2b80000, 0x00000000d4cc0000)
 concurrent mark-sweep generation total 707840K, used 138296K [0x00000000d4cc0000, 0x0000000100000000, 0x0000000100000000)
 Metaspace       used 40321K, capacity 40667K, committed 41132K, reserved 1085440K
  class space    used 4681K, capacity 4778K, committed 4852K, reserved 1048576K
}
Event: 876.498 GC heap before
{Heap before GC invocations=10 (full 7):
 par new generation   total 306688K, used 275692K [0x00000000c0000000, 0x00000000d4cc0000, 0x00000000d4cc0000)
  eden space 272640K, 100% used [0x00000000c0000000, 0x00000000d0a40000, 0x00000000d0a40000)
  from space 34048K,   8% used [0x00000000d0a40000, 0x00000000d0d3b100, 0x00000000d2b80000)
  to   space 34048K,   0% used [0x00000000d2b80000, 0x00000000d2b80000, 0x00000000d4cc0000)
 concurrent mark-sweep generation total 707840K, used 138296K [0x00000000d4cc0000, 0x0000000100000000, 0x0000000100000000)
 Metaspace       used 40332K, capacity 40667K, committed 41132K, reserved 1085440K
  class space    used 4681K, capacity 4778K, committed 4852K, reserved 1048576K
Event: 876.505 GC heap after
Heap after GC invocations=11 (full 7):
 par new generation   total 306688K, used 3595K [0x00000000c0000000, 0x00000000d4cc0000, 0x00000000d4cc0000)
  eden space 272640K,   0% used [0x00000000c0000000, 0x00000000c0000000, 0x00000000d0a40000)
  from space 34048K,  10% used [0x00000000d2b80000, 0x00000000d2f02c90, 0x00000000d4cc0000)
  to   space 34048K,   0% used [0x00000000d0a40000, 0x00000000d0a40000, 0x00000000d2b80000)
 concurrent mark-sweep generation total 707840K, used 138296K [0x00000000d4cc0000, 0x0000000100000000, 0x0000000100000000)
 Metaspace       used 40332K, capacity 40667K, committed 41132K, reserved 1085440K
  class space    used 4681K, capacity 4778K, committed 4852K, reserved 1048576K
}
Event: 1057.035 GC heap before
{Heap before GC invocations=11 (full 8):
 par new generation   total 306688K, used 276235K [0x00000000c0000000, 0x00000000d4cc0000, 0x00000000d4cc0000)
  eden space 272640K, 100% used [0x00000000c0000000, 0x00000000d0a40000, 0x00000000d0a40000)
  from space 34048K,  10% used [0x00000000d2b80000, 0x00000000d2f02c90, 0x00000000d4cc0000)
  to   space 34048K,   0% used [0x00000000d0a40000, 0x00000000d0a40000, 0x00000000d2b80000)
 concurrent mark-sweep generation total 707840K, used 137669K [0x00000000d4cc0000, 0x0000000100000000, 0x0000000100000000)
 Metaspace       used 40330K, capacity 40691K, committed 41132K, reserved 1085440K
  class space    used 4677K, capacity 4768K, committed 4852K, reserved 1048576K
Event: 1057.042 GC heap after
Heap after GC invocations=12 (full 8):
 par new generation   total 306688K, used 4351K [0x00000000c0000000, 0x00000000d4cc0000, 0x00000000d4cc0000)
  eden space 272640K,   0% used [0x00000000c0000000, 0x00000000c0000000, 0x00000000d0a40000)
  from space 34048K,  12% used [0x00000000d0a40000, 0x00000000d0e7fdb0, 0x00000000d2b80000)
  to   space 34048K,   0% used [0x00000000d2b80000, 0x00000000d2b80000, 0x00000000d4cc0000)
 concurrent mark-sweep generation total 707840K, used 137669K [0x00000000d4cc0000, 0x0000000100000000, 0x0000000100000000)
 Metaspace       used 40330K, capacity 40691K, committed 41132K, reserved 1085440K
  class space    used 4677K, capacity 4768K, committed 4852K, reserved 1048576K
}
Event: 1244.063 GC heap before
{Heap before GC invocations=12 (full 9):
 par new generation   total 306688K, used 276991K [0x00000000c0000000, 0x00000000d4cc0000, 0x00000000d4cc0000)
  eden space 272640K, 100% used [0x00000000c0000000, 0x00000000d0a40000, 0x00000000d0a40000)
  from space 34048K,  12% used [0x00000000d0a40000, 0x00000000d0e7fdb0, 0x00000000d2b80000)
  to   space 34048K,   0% used [0x00000000d2b80000, 0x00000000d2b80000, 0x00000000d4cc0000)
 concurrent mark-sweep generation total 707840K, used 137669K [0x00000000d4cc0000, 0x0000000100000000, 0x0000000100000000)
 Metaspace       used 40343K, capacity 40691K, committed 41132K, reserved 1085440K
  class space    used 4677K, capacity 4768K, committed 4852K, reserved 1048576K
Event: 1244.069 GC heap after
Heap after GC invocations=13 (full 9):
 par new generation   total 306688K, used 2957K [0x00000000c0000000, 0x00000000d4cc0000, 0x00000000d4cc0000)
  eden space 272640K,   0% used [0x00000000c0000000, 0x00000000c0000000, 0x00000000d0a40000)
  from space 34048K,   8% used [0x00000000d2b80000, 0x00000000d2e63700, 0x00000000d4cc0000)
  to   space 34048K,   0% used [0x00000000d0a40000, 0x00000000d0a40000, 0x00000000d2b80000)
 concurrent mark-sweep generation total 707840K, used 139852K [0x00000000d4cc0000, 0x0000000100000000, 0x0000000100000000)
 Metaspace       used 40343K, capacity 40691K, committed 41132K, reserved 1085440K
  class space    used 4677K, capacity 4768K, committed 4852K, reserved 1048576K
}

Deoptimization events (10 events):
Event: 1263.644 Thread 0x0000000002543800 Uncommon trap: reason=bimorphic action=maybe_recompile pc=0x000000000343c5ac method=net.minecraft.client.gui.GuiScreen.drawDefaultBackground(II)V @ 4
Event: 1263.671 Thread 0x0000000002543800 Uncommon trap: reason=bimorphic action=maybe_recompile pc=0x000000000343c5ac method=net.minecraft.client.gui.GuiScreen.drawDefaultBackground(II)V @ 4
Event: 1263.708 Thread 0x0000000002543800 Uncommon trap: reason=bimorphic action=maybe_recompile pc=0x0000000003477834 method=net.minecraft.client.gui.GuiScreen.handleInput()V @ 10
Event: 1263.708 Thread 0x0000000002543800 Uncommon trap: reason=bimorphic action=maybe_recompile pc=0x000000000343c5ac method=net.minecraft.client.gui.GuiScreen.drawDefaultBackground(II)V @ 4
Event: 1263.741 Thread 0x0000000002543800 Uncommon trap: reason=bimorphic action=maybe_recompile pc=0x0000000003477834 method=net.minecraft.client.gui.GuiScreen.handleInput()V @ 10
Event: 1263.742 Thread 0x0000000002543800 Uncommon trap: reason=bimorphic action=maybe_recompile pc=0x000000000343c5ac method=net.minecraft.client.gui.GuiScreen.drawDefaultBackground(II)V @ 4
Event: 1263.806 Thread 0x0000000002543800 Uncommon trap: reason=bimorphic action=maybe_recompile pc=0x0000000003477834 method=net.minecraft.client.gui.GuiScreen.handleInput()V @ 10
Event: 1263.842 Thread 0x0000000002543800 Uncommon trap: reason=bimorphic action=maybe_recompile pc=0x0000000003477774 method=net.minecraft.client.Minecraft.runTick()V @ 270
Event: 1263.907 Thread 0x0000000002543800 Uncommon trap: reason=bimorphic action=maybe_recompile pc=0x0000000003477774 method=net.minecraft.client.Minecraft.runTick()V @ 270
Event: 1263.940 Thread 0x0000000002543800 Uncommon trap: reason=bimorphic action=maybe_recompile pc=0x0000000003477774 method=net.minecraft.client.Minecraft.runTick()V @ 270

Internal exceptions (10 events):
Event: 1271.008 Thread 0x00000000180b3000 Exception <a 'java/lang/InterruptedException': sleep interrupted> (0x00000000c1f6a850) thrown at [C:\re\workspace\8-2-build-windows-amd64-cygwin\jdk8u101\7261\hotspot\src\share\vm\prims\jvm.cpp, line 3215]
Event: 1271.009 Thread 0x00000000180b3000 Exception <a 'java/lang/InterruptedException': sleep interrupted> (0x00000000c1f6d260) thrown at [C:\re\workspace\8-2-build-windows-amd64-cygwin\jdk8u101\7261\hotspot\src\share\vm\prims\jvm.cpp, line 3167]
Event: 1271.207 Thread 0x00000000180b3000 Exception <a 'java/lang/InterruptedException': sleep interrupted> (0x00000000c1f6d4b8) thrown at [C:\re\workspace\8-2-build-windows-amd64-cygwin\jdk8u101\7261\hotspot\src\share\vm\prims\jvm.cpp, line 3215]
Event: 1271.208 Thread 0x00000000180b3000 Exception <a 'java/lang/InterruptedException': sleep interrupted> (0x00000000c1f6e2e8) thrown at [C:\re\workspace\8-2-build-windows-amd64-cygwin\jdk8u101\7261\hotspot\src\share\vm\prims\jvm.cpp, line 3167]
Event: 1271.341 Thread 0x00000000180b3000 Exception <a 'java/lang/InterruptedException': sleep interrupted> (0x00000000c1f6e540) thrown at [C:\re\workspace\8-2-build-windows-amd64-cygwin\jdk8u101\7261\hotspot\src\share\vm\prims\jvm.cpp, line 3215]
Event: 1271.341 Thread 0x00000000180b3000 Exception <a 'java/lang/InterruptedException': sleep interrupted> (0x00000000c1f6f370) thrown at [C:\re\workspace\8-2-build-windows-amd64-cygwin\jdk8u101\7261\hotspot\src\share\vm\prims\jvm.cpp, line 3167]
Event: 1271.639 Thread 0x00000000180b3000 Exception <a 'java/lang/InterruptedException': sleep interrupted> (0x00000000c1f6f5c8) thrown at [C:\re\workspace\8-2-build-windows-amd64-cygwin\jdk8u101\7261\hotspot\src\share\vm\prims\jvm.cpp, line 3215]
Event: 1271.940 Thread 0x00000000180b3000 Exception <a 'java/lang/InterruptedException': sleep interrupted> (0x00000000c1f6f820) thrown at [C:\re\workspace\8-2-build-windows-amd64-cygwin\jdk8u101\7261\hotspot\src\share\vm\prims\jvm.cpp, line 3215]
Event: 1272.140 Thread 0x00000000180b3000 Exception <a 'java/lang/InterruptedException': sleep interrupted> (0x00000000c1f6fa78) thrown at [C:\re\workspace\8-2-build-windows-amd64-cygwin\jdk8u101\7261\hotspot\src\share\vm\prims\jvm.cpp, line 3215]
Event: 1272.274 Thread 0x00000000180b3000 Exception <a 'java/lang/InterruptedException': sleep interrupted> (0x00000000c1f6fcd0) thrown at [C:\re\workspace\8-2-build-windows-amd64-cygwin\jdk8u101\7261\hotspot\src\share\vm\prims\jvm.cpp, line 3215]

Events (10 events):
Event: 1270.742 Executing VM operation: RevokeBias
Event: 1270.743 Executing VM operation: RevokeBias done
Event: 1271.042 Executing VM operation: RevokeBias
Event: 1271.042 Executing VM operation: RevokeBias done
Event: 1271.239 Executing VM operation: RevokeBias
Event: 1271.240 Executing VM operation: RevokeBias done
Event: 1271.407 Executing VM operation: RevokeBias
Event: 1271.407 Executing VM operation: RevokeBias done
Event: 1286.129 Executing VM operation: RedefineClasses
Event: 1286.165 Executing VM operation: RedefineClasses done


Dynamic libraries:
0x00007ff755630000 - 0x00007ff755667000 	C:\Program Files\Java\jre1.8.0_101\bin\javaw.exe
0x00007ffee3690000 - 0x00007ffee386b000 	C:\WINDOWS\SYSTEM32\ntdll.dll
0x00007ffee2c20000 - 0x00007ffee2cce000 	C:\WINDOWS\System32\KERNEL32.DLL
0x00007ffedfd80000 - 0x00007ffedffc9000 	C:\WINDOWS\System32\KERNELBASE.dll
0x00007ffee0e00000 - 0x00007ffee0ea1000 	C:\WINDOWS\System32\ADVAPI32.dll
0x00007ffee2b80000 - 0x00007ffee2c1d000 	C:\WINDOWS\System32\msvcrt.dll
0x00007ffee2b20000 - 0x00007ffee2b79000 	C:\WINDOWS\System32\sechost.dll
0x00007ffee3250000 - 0x00007ffee3375000 	C:\WINDOWS\System32\RPCRT4.dll
0x00007ffee0f30000 - 0x00007ffee107a000 	C:\WINDOWS\System32\USER32.dll
0x00007ffee09a0000 - 0x00007ffee09be000 	C:\WINDOWS\System32\win32u.dll
0x00007ffee3380000 - 0x00007ffee33a7000 	C:\WINDOWS\System32\GDI32.dll
0x00007ffee0a60000 - 0x00007ffee0be8000 	C:\WINDOWS\System32\gdi32full.dll
0x00007ffee09c0000 - 0x00007ffee0a5a000 	C:\WINDOWS\System32\msvcp_win.dll
0x00007ffee08a0000 - 0x00007ffee0996000 	C:\WINDOWS\System32\ucrtbase.dll
0x00007ffed3d20000 - 0x00007ffed3f87000 	C:\WINDOWS\WinSxS\amd64_microsoft.windows.common-controls_6595b64144ccf1df_6.0.15063.483_none_26002d27e7c744a2\COMCTL32.dll
0x00007ffee2cd0000 - 0x00007ffee2fc9000 	C:\WINDOWS\System32\combase.dll
0x00007ffee07e0000 - 0x00007ffee084a000 	C:\WINDOWS\System32\bcryptPrimitives.dll
0x00007ffee0bf0000 - 0x00007ffee0c1d000 	C:\WINDOWS\System32\IMM32.DLL
0x0000000052a70000 - 0x0000000052b42000 	C:\Program Files\Java\jre1.8.0_101\bin\msvcr100.dll
0x0000000052c20000 - 0x00000000534ba000 	C:\Program Files\Java\jre1.8.0_101\bin\server\jvm.dll
0x00007ffee33b0000 - 0x00007ffee33b8000 	C:\WINDOWS\System32\PSAPI.DLL
0x00007ffebc0d0000 - 0x00007ffebc0d9000 	C:\WINDOWS\SYSTEM32\WSOCK32.dll
0x00007ffee0d90000 - 0x00007ffee0dfc000 	C:\WINDOWS\System32\WS2_32.dll
0x00007ffeddc50000 - 0x00007ffeddc73000 	C:\WINDOWS\SYSTEM32\WINMM.dll
0x00007ffeda7a0000 - 0x00007ffeda7aa000 	C:\WINDOWS\SYSTEM32\VERSION.dll
0x00007ffeddbf0000 - 0x00007ffeddc1b000 	C:\WINDOWS\SYSTEM32\winmmbase.dll
0x00007ffee0850000 - 0x00007ffee0899000 	C:\WINDOWS\System32\cfgmgr32.dll
0x0000000052c10000 - 0x0000000052c1f000 	C:\Program Files\Java\jre1.8.0_101\bin\verify.dll
0x0000000052be0000 - 0x0000000052c09000 	C:\Program Files\Java\jre1.8.0_101\bin\java.dll
0x0000000052a30000 - 0x0000000052a65000 	C:\Program Files\Java\jre1.8.0_101\bin\jdwp.dll
0x0000000052a20000 - 0x0000000052a28000 	C:\Program Files\Java\jre1.8.0_101\bin\npt.dll
0x0000000052bc0000 - 0x0000000052bd6000 	C:\Program Files\Java\jre1.8.0_101\bin\zip.dll
0x00007ffee16e0000 - 0x00007ffee2b17000 	C:\WINDOWS\System32\SHELL32.dll
0x00007ffee1080000 - 0x00007ffee112a000 	C:\WINDOWS\System32\shcore.dll
0x00007ffee00e0000 - 0x00007ffee07d2000 	C:\WINDOWS\System32\windows.storage.dll
0x00007ffee2fd0000 - 0x00007ffee3021000 	C:\WINDOWS\System32\shlwapi.dll
0x00007ffedfb90000 - 0x00007ffedfba1000 	C:\WINDOWS\System32\kernel.appcore.dll
0x00007ffedfb00000 - 0x00007ffedfb4c000 	C:\WINDOWS\System32\powrprof.dll
0x00007ffedfb70000 - 0x00007ffedfb85000 	C:\WINDOWS\System32\profapi.dll
0x0000000052a10000 - 0x0000000052a19000 	C:\Program Files\Java\jre1.8.0_101\bin\dt_socket.dll
0x00007ffec9840000 - 0x00007ffec9856000 	C:\WINDOWS\system32\napinsp.dll
0x00007ffec97f0000 - 0x00007ffec980a000 	C:\WINDOWS\system32\pnrpnsp.dll
0x00007ffedca70000 - 0x00007ffedca88000 	C:\WINDOWS\system32\NLAapi.dll
0x00007ffedf410000 - 0x00007ffedf46c000 	C:\WINDOWS\System32\mswsock.dll
0x00007ffedf1f0000 - 0x00007ffedf294000 	C:\WINDOWS\SYSTEM32\DNSAPI.dll
0x00007ffee33d0000 - 0x00007ffee33d8000 	C:\WINDOWS\System32\NSI.dll
0x00007ffedf1b0000 - 0x00007ffedf1e7000 	C:\WINDOWS\SYSTEM32\IPHLPAPI.DLL
0x00007ffecc0d0000 - 0x00007ffecc0de000 	C:\WINDOWS\System32\winrnr.dll
0x00007ffeda8c0000 - 0x00007ffeda92b000 	C:\WINDOWS\System32\fwpuclnt.dll
0x00007ffedf6c0000 - 0x00007ffedf6e5000 	C:\WINDOWS\SYSTEM32\bcrypt.dll
0x00007ffed9b40000 - 0x00007ffed9b4a000 	C:\Windows\System32\rasadhlp.dll
0x0000000052a00000 - 0x0000000052a0d000 	C:\Program Files\Java\jre1.8.0_101\bin\management.dll
0x0000000052ba0000 - 0x0000000052bba000 	C:\Program Files\Java\jre1.8.0_101\bin\net.dll
0x0000000052b80000 - 0x0000000052b91000 	C:\Program Files\Java\jre1.8.0_101\bin\nio.dll
0x0000000180000000 - 0x0000000180051000 	C:\Users\xyzer\Desktop\EaZy\jars\versions\1.8\1.8-natives\lwjgl64.dll
0x00007ffec5830000 - 0x00007ffec5951000 	C:\WINDOWS\SYSTEM32\OPENGL32.dll
0x00007ffed3330000 - 0x00007ffed335c000 	C:\WINDOWS\SYSTEM32\GLU32.dll
0x00007ffedf5b0000 - 0x00007ffedf5c7000 	C:\WINDOWS\SYSTEM32\CRYPTSP.dll
0x00007ffedf030000 - 0x00007ffedf064000 	C:\WINDOWS\system32\rsaenh.dll
0x00007ffedfa30000 - 0x00007ffedfa59000 	C:\WINDOWS\SYSTEM32\USERENV.dll
0x00007ffedf5d0000 - 0x00007ffedf5db000 	C:\WINDOWS\SYSTEM32\CRYPTBASE.dll
0x00007ffedbb40000 - 0x00007ffedbb56000 	C:\WINDOWS\SYSTEM32\dhcpcsvc6.DLL
0x00007ffedbb20000 - 0x00007ffedbb3a000 	C:\WINDOWS\SYSTEM32\dhcpcsvc.DLL
0x0000000052850000 - 0x00000000529e8000 	C:\Program Files\Java\jre1.8.0_101\bin\awt.dll
0x00007ffee3530000 - 0x00007ffee35f0000 	C:\WINDOWS\System32\OLEAUT32.dll
0x00007ffede0d0000 - 0x00007ffede14e000 	C:\WINDOWS\SYSTEM32\apphelp.dll
0x00007ffede320000 - 0x00007ffede3b5000 	C:\WINDOWS\system32\uxtheme.dll
0x00007ffee0c20000 - 0x00007ffee0d86000 	C:\WINDOWS\System32\MSCTF.dll
0x00007ffedc9a0000 - 0x00007ffedc9ca000 	C:\WINDOWS\system32\dwmapi.dll
0x0000000050650000 - 0x000000005284a000 	C:\WINDOWS\SYSTEM32\nvoglv64.DLL
0x00007ffee1240000 - 0x00007ffee167b000 	C:\WINDOWS\System32\SETUPAPI.dll
0x00007ffedc620000 - 0x00007ffedc633000 	C:\WINDOWS\SYSTEM32\WTSAPI32.dll
0x00007ffede5a0000 - 0x00007ffede5c8000 	C:\WINDOWS\SYSTEM32\DEVOBJ.dll
0x00007ffee0080000 - 0x00007ffee00d6000 	C:\WINDOWS\System32\WINTRUST.dll
0x00007ffedfb50000 - 0x00007ffedfb61000 	C:\WINDOWS\System32\MSASN1.dll
0x00007ffedfbb0000 - 0x00007ffedfd79000 	C:\WINDOWS\System32\CRYPT32.dll
0x00007ffedee60000 - 0x00007ffedee91000 	C:\WINDOWS\SYSTEM32\ntmarta.dll
0x00007ffed5730000 - 0x00007ffed5905000 	C:\WINDOWS\system32\nvspcap64.dll
0x00007ffee33e0000 - 0x00007ffee3525000 	C:\WINDOWS\System32\ole32.dll
0x00007ffed5910000 - 0x00007ffed59e7000 	C:\WINDOWS\SYSTEM32\WINHTTP.dll
0x00007ffed5110000 - 0x00007ffed5531000 	C:\WINDOWS\system32\nvapi64.dll
0x00007ffede970000 - 0x00007ffedea14000 	C:\WINDOWS\SYSTEM32\dxgi.dll
0x00007ffed3f90000 - 0x00007ffed4023000 	C:\WINDOWS\SYSTEM32\mscms.dll
0x00007ffeb06e0000 - 0x00007ffeb0721000 	C:\WINDOWS\SYSTEM32\icm32.dll
0x00007ffedec60000 - 0x00007ffedecb5000 	C:\WINDOWS\SYSTEM32\WINSTA.dll
0x0000000070a40000 - 0x0000000070adc000 	C:\Users\xyzer\Desktop\EaZy\jars\versions\1.8\1.8-natives\avutil-ttv-51.dll
0x0000000065980000 - 0x00000000659d6000 	C:\Users\xyzer\Desktop\EaZy\jars\versions\1.8\1.8-natives\swresample-ttv-0.dll
0x000000006eb80000 - 0x000000006ec50000 	C:\Users\xyzer\Desktop\EaZy\jars\versions\1.8\1.8-natives\libmp3lame-ttv.dll
0x00007ffea9860000 - 0x00007ffeaac04000 	C:\Users\xyzer\Desktop\EaZy\jars\versions\1.8\1.8-natives\libmfxsw64.dll
0x00007ffec56c0000 - 0x00007ffec582d000 	C:\Users\xyzer\Desktop\EaZy\jars\versions\1.8\1.8-natives\twitchsdk.dll
0x00007ffec4b70000 - 0x00007ffec4e9e000 	C:\WINDOWS\SYSTEM32\WININET.dll
0x0000000025750000 - 0x00000000257b4000 	C:\Users\xyzer\Desktop\EaZy\jars\versions\1.8\1.8-natives\OpenAL64.dll
0x00007ffee35f0000 - 0x00007ffee368e000 	C:\WINDOWS\System32\clbcatq.dll
0x00007ffeda5b0000 - 0x00007ffeda617000 	C:\WINDOWS\System32\MMDevApi.dll
0x00007ffedc690000 - 0x00007ffedc826000 	C:\WINDOWS\System32\PROPSYS.dll
0x00007ffec5630000 - 0x00007ffec56bc000 	C:\WINDOWS\SYSTEM32\dsound.dll
0x00007ffed7b50000 - 0x00007ffed7c55000 	C:\WINDOWS\SYSTEM32\AUDIOSES.DLL
0x00007ffedbec0000 - 0x00007ffedbff9000 	C:\WINDOWS\SYSTEM32\wintypes.dll
0x00007ffedafe0000 - 0x00007ffedafeb000 	C:\WINDOWS\SYSTEM32\AVRT.dll
0x0000000050600000 - 0x0000000050647000 	C:\Program Files\Java\jre1.8.0_101\bin\fontmanager.dll
0x00007ffeb7500000 - 0x00007ffeb7689000 	C:\WINDOWS\system32\d3d9.dll
0x00007ffed99c0000 - 0x00007ffed9a9f000 	C:\WINDOWS\System32\DriverStore\FileRepository\nv_ref_pubwu.inf_amd64_f9309145156afb40\nvldumdx.dll
0x00007ffee3230000 - 0x00007ffee324d000 	C:\WINDOWS\System32\imagehlp.dll
0x00007ffeb0a40000 - 0x00007ffeb1a55000 	C:\WINDOWS\System32\DriverStore\FileRepository\nv_ref_pubwu.inf_amd64_f9309145156afb40\nvd3dumx.dll
0x00007ffecf980000 - 0x00007ffecfa69000 	C:\Program Files (x86)\NVIDIA Corporation\3D Vision\nvSCPAPI64.dll
0x00000000505b0000 - 0x00000000505f2000 	C:\Program Files\Java\jre1.8.0_101\bin\t2k.dll
0x0000000050580000 - 0x00000000505aa000 	C:\Program Files\Java\jre1.8.0_101\bin\dcpr.dll
0x0000000050540000 - 0x0000000050571000 	C:\Program Files\Java\jre1.8.0_101\bin\jpeg.dll
0x00007ffed9b70000 - 0x00007ffed9bf2000 	C:\WINDOWS\System32\TextInputFramework.dll
0x00007ffedaa00000 - 0x00007ffedacd2000 	C:\WINDOWS\System32\CoreUIComponents.dll
0x00007ffedd9a0000 - 0x00007ffedda83000 	C:\WINDOWS\System32\CoreMessaging.dll
0x00007ffedc960000 - 0x00007ffedc975000 	C:\WINDOWS\SYSTEM32\usermgrcli.dll
0x0000000052b50000 - 0x0000000052b74000 	C:\Program Files\Java\jre1.8.0_101\bin\sunec.dll
0x00007ffed0490000 - 0x00007ffed0639000 	C:\WINDOWS\SYSTEM32\dbghelp.dll

VM Arguments:
jvm_args: -agentlib:jdwp=transport=dt_socket,suspend=y,address=localhost:51031 -Xincgc -Xmx1024M -Xms1024M -Djava.library.path=C:\Users\xyzer\Desktop\EaZy\jars\versions\1.8\1.8-natives -Dfile.encoding=Cp1252 
java_command: Start
java_class_path (initial): C:\Users\xyzer\Desktop\EaZy\eclipse\Client\bin;C:\Users\xyzer\Desktop\EaZy\jars\versions\1.8\1.8.jar;C:\Users\xyzer\Desktop\EaZy\jars\libraries\java3d\vecmath\1.5.2\vecmath-1.5.2.jar;C:\Users\xyzer\Desktop\EaZy\jars\libraries\net\sf\trove4j\trove4j\3.0.3\trove4j-3.0.3.jar;C:\Users\xyzer\Desktop\EaZy\jars\libraries\com\ibm\icu\icu4j-core-mojang\51.2\icu4j-core-mojang-51.2.jar;C:\Users\xyzer\Desktop\EaZy\jars\libraries\net\sf\jopt-simple\jopt-simple\4.6\jopt-simple-4.6.jar;C:\Users\xyzer\Desktop\EaZy\jars\libraries\com\paulscode\codecjorbis\20101023\codecjorbis-20101023.jar;C:\Users\xyzer\Desktop\EaZy\jars\libraries\com\paulscode\codecwav\20101023\codecwav-20101023.jar;C:\Users\xyzer\Desktop\EaZy\jars\libraries\com\paulscode\libraryjavasound\20101123\libraryjavasound-20101123.jar;C:\Users\xyzer\Desktop\EaZy\jars\libraries\com\paulscode\librarylwjglopenal\20100824\librarylwjglopenal-20100824.jar;C:\Users\xyzer\Desktop\EaZy\jars\libraries\com\paulscode\soundsystem\20120107\soundsystem-20120107.jar;C:\Users\xyzer\Desktop\EaZy\jars\libraries\io\netty\netty-all\4.0.15.Final\netty-all-4.0.15.Final.jar;C:\Users\xyzer\Desktop\EaZy\jars\libraries\com\google\guava\guava\17.0\guava-17.0.jar;C:\Users\xyzer\Desktop\EaZy\jars\libraries\org\apache\commons\commons-lang3\3.3.2\commons-lang3-3.3.2.jar;C:\Users\xyzer\Desktop\EaZy\jars\libraries\commons-io\commons-io\2.4\commons-io-2.4.jar;C:\Users\xyzer\Desktop\EaZy\jars\libraries\commons-codec\commons-codec\1.9\commons-codec-1.9.jar;C:\Users\xyzer\Desktop\EaZy\jars\libraries\net\java\jinput\jinput\2.0.5\jinput-2.0.5.jar;C:\Users\xyzer\Desktop\EaZy\jars\libraries\net\java\jutils\jutils\1.0.0\jutils-1.0.0.jar;C:\Users\xyzer\Desktop\EaZy\jars\libraries\com\google\code\gson\gson\2.2.4\gson-2.2.4.jar;C:\Users\xyzer\Desktop\EaZy\jars\libraries\com\mojang\authlib\1.5.21\authlib-1.5.21.jar;C:\Users\xyzer\Desktop\EaZy\jars\libraries\com\mojang\realms\1.6.1\realms-1.6.1.jar;C:\Users\xyzer\Desktop\EaZy\jars\libraries\
Launcher Type: SUN_STANDARD

Environment Variables:
PATH=C:/Program Files/Java/jre1.8.0_101/bin/server;C:/Program Files/Java/jre1.8.0_101/bin;C:/Program Files/Java/jre1.8.0_101/lib/amd64;C:\Program Files (x86)\Common Files\Intel\Shared Libraries\redist\intel64\compiler;C:\Program Files (x86)\Razer Chroma SDK\bin;C:\Program Files\Razer Chroma SDK\bin;C:\Program Files (x86)\NVIDIA Corporation\PhysX\Common;C:\ProgramData\Oracle\Java\javapath;C:\WINDOWS\system32;C:\WINDOWS;C:\WINDOWS\System32\Wbem;C:\WINDOWS\System32\WindowsPowerShell\v1.0\;C:\Program Files\Git\cmd;C:\Users\xyzer\Desktop\Stuff\ffmpeg-20160901-be07c25-win64-static\bin;C:\Users\xyzer\AppData\Local\pamfax\bin;C:\Users\xyzer\AppData\Local\Microsoft\WindowsApps;C:\Program Files (x86)\Skype\Phone\;C:\WINDOWS\system32;C:\WINDOWS;C:\WINDOWS\System32\Wbem;C:\WINDOWS\System32\WindowsPowerShell\v1.0\;C:\Users\xyzer\Desktop\Stuff\ffmpeg-20160901-be07c25-win64-static\bin;C:\ProgramData\Oracle\Java\javapath;C:\WINDOWS\system32;C:\WINDOWS;C:\WINDOWS\System32\Wbem;C:\WINDOWS\System32\WindowsPowerShell\v1.0\;C:\Program Files (x86)\Skype\Phone\;C:\Program Files\Git\cmd;C:\Users\xyzer\AppData\Local\Microsoft\WindowsApps;X:\Programme\Microsoft VS Code\bin;;C:\WINDOWS\system32;
USERNAME=xyzer
OS=Windows_NT
PROCESSOR_IDENTIFIER=AMD64 Family 21 Model 2 Stepping 0, AuthenticAMD



---------------  S Y S T E M  ---------------

OS: Windows 10.0 , 64 bit Build 15063 (10.0.15063.296)

CPU:total 4 (4 cores per cpu, 1 threads per core) family 21 model 2 stepping 0, cmov, cx8, fxsr, mmx, sse, sse2, sse3, ssse3, sse4.1, sse4.2, popcnt, avx, aes, clmul, mmxext, 3dnowpref, lzcnt, sse4a, tsc, tscinvbit, tscinv, bmi1

Memory: 4k page, physical 8335420k(3860516k free), swap 11219004k(4421512k free)

vm_info: Java HotSpot(TM) 64-Bit Server VM (25.101-b13) for windows-amd64 JRE (1.8.0_101-b13), built on Jun 22 2016 01:21:29 by "java_re" with MS VC++ 10.0 (VS2010)

time: Fri Jul 28 19:41:01 2017
elapsed time: 1286 seconds (0d 0h 21m 26s)

