INFO  2016-12-23 15:41:41,379 (Saros.java:220) Starting Saros 14.10.31 running:
  Java Version: 1.8.0_101
  Java Vendor: Oracle Corporation
  Eclipse Runtime Version: 3.12.0.v20160606-1342
  Operating System: Windows 10 (10.0)
  Hardware Architecture: amd64
INFO  2016-12-23 15:41:41,410 (SarosContext.java:153) creating Saros runtime context...
DEBUG 2016-12-23 15:41:41,466 (XMPPAccountStore.java:117) loading accounts from file: C:\Users\xyzer\.saros\config.dat
DEBUG 2016-12-23 15:41:41,669 (XMPPAccountStore.java:176) loaded 1 account(s)
INFO  2016-12-23 15:41:41,849 (SarosContext.java:199) successfully created Saros runtime context
DEBUG 2016-12-23 15:41:41,873 (DataTransferManager.java:467) used transport order for the current XMPP connection: [XMPP-Socks5-Transport, XMPP-IBB-Transport]
INFO  2016-12-23 15:41:41,897 (PreferenceInitializer.java:50) initializing preference default values
DEBUG 2016-12-23 15:41:41,953 (SarosAnnotation.java:117) resetting annotation colors
DEBUG 2016-12-23 15:41:41,959 (Saros.java:430) skipping conversion of old XMPP accounts, because there are already new ones
DEBUG 2016-12-23 15:41:51,663 (WhiteboardManager.java:194) WhiteboardManager instantiated
DEBUG 2016-12-23 15:41:51,777 (DocumentRecord.java:93) Added Node: attr(14825041117749687) name=svg
DEBUG 2016-12-23 15:41:52,062 (XMPPConnectionService.java:439) started Socks5 proxy on port: 7777 [listening on all interfaces]
DEBUG 2016-12-23 15:41:55,101 (XMPPConnectionService.java:459) using autodetected addresses: [192.168.2.108, fe80:0:0:0:50fa:8586:2f83:e7%eth2, 2001:0:5ef5:79fb:2c74:1ed5:a20b:34aa, fe80:0:0:0:2c74:1ed5:a20b:34aa%net6]
DEBUG 2016-12-23 15:41:55,243 (XMPPConnectionService.java:398)  new connection state == CONNECTING
DEBUG 2016-12-23 15:41:56,265 (XMPPConnectionService.java:398) xzer@saros-con.imp.fu-berlin.de/Saros new connection state == CONNECTED
DEBUG 2016-12-23 15:41:56,266 (DataTransferManager.java:467) used transport order for the current XMPP connection: [XMPP-Socks5-Transport, XMPP-IBB-Transport]
DEBUG 2016-12-23 15:41:56,274 (SkypeManager.java:289) Refreshing Skype username cache...
WARN  2016-12-23 15:42:05,744 (StunServiceImpl.java:420) received no response from STUN server stunserver.org/69.172.201.153:3478 at local address /192.168.2.108:0
DEBUG 2016-12-23 16:36:51,520 (SharedDocumentProvider.java:77) SharedDocumentProvider created by Eclipse
DEBUG 2016-12-23 16:41:25,140 (VersionManager.java:90) received version request from eazycode@saros-con.imp.fu-berlin.de/Saros
DEBUG 2016-12-23 16:41:25,143 (VersionManager.java:160) send version response to eazycode@saros-con.imp.fu-berlin.de/Saros
INFO  2016-12-23 16:41:25,619 (InvitationHandler.java:115) received invitation from eazycode@saros-con.imp.fu-berlin.de/Saros [invitation id: -5245188305337313593, session id: 2019194294, version: 14.10.31]
DEBUG 2016-12-23 16:41:26,044 (DiscoveryManager.java:382) Inserted DiscoveryInfo into Cache for: eazycode@saros-con.imp.fu-berlin.de/Saros
DEBUG 2016-12-23 16:41:27,060 (IncomingSessionNegotiation.java:103) ISN [remote side: eazycode@saros-con.imp.fu-berlin.de/Saros] : invitation accepted
DEBUG 2016-12-23 16:41:27,063 (IncomingSessionNegotiation.java:188) ISN [remote side: eazycode@saros-con.imp.fu-berlin.de/Saros] : sending invitation accepted confirmation
DEBUG 2016-12-23 16:41:27,064 (IncomingSessionNegotiation.java:219) ISN [remote side: eazycode@saros-con.imp.fu-berlin.de/Saros] : sending session negotiation data
DEBUG 2016-12-23 16:41:27,065 (IncomingSessionNegotiation.java:232) ISN [remote side: eazycode@saros-con.imp.fu-berlin.de/Saros] : waiting for host's session parameters
DEBUG 2016-12-23 16:41:27,270 (IncomingSessionNegotiation.java:252) ISN [remote side: eazycode@saros-con.imp.fu-berlin.de/Saros] : received host's session parameters
DEBUG 2016-12-23 16:41:27,271 (IncomingSessionNegotiation.java:265) ISN [remote side: eazycode@saros-con.imp.fu-berlin.de/Saros] : initializing session
DEBUG 2016-12-23 16:41:27,272 (MUCNegotiationManager.java:143) Got hosts Communication Config: server conference.saros-con.imp.fu-berlin.de room SAROS_2019194294 pw -1779867640
INFO  2016-12-23 16:41:27,307 (StatisticManager.java:184) Current feedback settings:
  Feedback disabled: false
  Feedback interval: 5
  Statistic submission allowed: false
  Pseudonym submission allowed: false
INFO  2016-12-23 16:41:27,316 (ErrorLogManager.java:257) Current error log settings:
  Error log submission allowed: false
  Full Error log submission allowed: false
INFO  2016-12-23 16:41:27,320 (SarosSessionManager.java:281) joined uninitialized Saros session
INFO  2016-12-23 16:41:27,321 (DataTransferManager.java:409) establishing connection to eazycode@saros-con.imp.fu-berlin.de/Saros from xzer@saros-con.imp.fu-berlin.de/Saros using transport XMPP-Socks5-Transport
DEBUG 2016-12-23 16:41:27,321 (ByteStreamTransport.java:45) establishing bytestream connection to eazycode@saros-con.imp.fu-berlin.de/Saros
DEBUG 2016-12-23 16:41:27,321 (Socks5Transport.java:493) [SOCKS5Transport] establishing connection to eazycode@saros-con.imp.fu-berlin.de/Saroswith local SOCKS5 proxy running [port=7777, configured streamhosts=[192.168.2.108, fe80:0:0:0:50fa:8586:2f83:e7%eth2, 2001:0:5ef5:79fb:2c74:1ed5:a20b:34aa, fe80:0:0:0:2c74:1ed5:a20b:34aa%net6]]...
DEBUG 2016-12-23 16:41:30,074 (ByteStreamTransport.java:72) received request to establish a  bytestream connection to eazycode@saros-con.imp.fu-berlin.de/Saros [de.fu_berlin.inf.dpp.net.internal.ByteStreamTransport$1@4aa10af8]
DEBUG 2016-12-23 16:41:30,074 (Socks5Transport.java:311) [SOCKS5Transport] receiving response connection from eazycode@saros-con.imp.fu-berlin.de/Saroswith local SOCKS5 proxy running [port=7777, configured streamhosts=[192.168.2.108, fe80:0:0:0:50fa:8586:2f83:e7%eth2, 2001:0:5ef5:79fb:2c74:1ed5:a20b:34aa, fe80:0:0:0:2c74:1ed5:a20b:34aa%net6]]
WARN  2016-12-23 16:41:33,977 (Socks5Transport.java:544) [SOCKS5Transport] could not establish a connection to eazycode@saros-con.imp.fu-berlin.de/Saros, remote side could not connect to any offered stream hosts: item-not-found(404) Could not establish socket with any provided host
DEBUG 2016-12-23 16:41:33,989 (Socks5Transport.java:567) [SOCKS5Transport] waiting for eazycode@saros-con.imp.fu-berlin.de/Saros to establish a connection...
ERROR 2016-12-23 16:41:40,232 (ByteStreamTransport.java:105) could not establish bytestream connection to eazycode@saros-con.imp.fu-berlin.de/Saros
Could not establish socket with any provided host: item-not-found(404) Could not establish socket with any provided host
	at org.jivesoftware.smackx.bytestreams.socks5.Socks5BytestreamRequest.cancelRequest(Socks5BytestreamRequest.java:277)
	at org.jivesoftware.smackx.bytestreams.socks5.Socks5BytestreamRequest.accept(Socks5BytestreamRequest.java:247)
	at org.jivesoftware.smackx.bytestreams.socks5.Socks5BytestreamRequest.accept(Socks5BytestreamRequest.java:34)
	at de.fu_berlin.inf.dpp.net.internal.Socks5Transport.handleResponse(Socks5Transport.java:315)
	at de.fu_berlin.inf.dpp.net.internal.Socks5Transport.acceptRequest(Socks5Transport.java:471)
	at de.fu_berlin.inf.dpp.net.internal.ByteStreamTransport$1.incomingBytestreamRequest(ByteStreamTransport.java:77)
	at org.jivesoftware.smackx.bytestreams.socks5.InitiationListener.processRequest(InitiationListener.java:91)
	at org.jivesoftware.smackx.bytestreams.socks5.InitiationListener.access$000(InitiationListener.java:37)
	at org.jivesoftware.smackx.bytestreams.socks5.InitiationListener$1.run(InitiationListener.java:63)
	at java.util.concurrent.ThreadPoolExecutor.runWorker(Unknown Source)
	at java.util.concurrent.ThreadPoolExecutor$Worker.run(Unknown Source)
	at java.lang.Thread.run(Unknown Source)
WARN  2016-12-23 16:42:03,991 (DataTransferManager.java:415) failed to connect to eazycode@saros-con.imp.fu-berlin.de/Saros using transport: XMPP-Socks5-Transport
java.io.IOException: [SOCKS5Transport] waiting for a response session timed out (30000ms) and could not establish a connection from this side, too:
	at de.fu_berlin.inf.dpp.net.internal.Socks5Transport.establishBinaryChannel(Socks5Transport.java:592)
	at de.fu_berlin.inf.dpp.net.internal.ByteStreamTransport.connect(ByteStreamTransport.java:48)
	at de.fu_berlin.inf.dpp.net.internal.DataTransferManager.connectInternal(DataTransferManager.java:412)
	at de.fu_berlin.inf.dpp.net.internal.DataTransferManager.connect(DataTransferManager.java:297)
	at de.fu_berlin.inf.dpp.negotiation.IncomingSessionNegotiation.accept(IncomingSessionNegotiation.java:167)
	at de.fu_berlin.inf.dpp.ui.wizards.JoinSessionWizard$2.run(JoinSessionWizard.java:128)
	at org.eclipse.jface.operation.ModalContext$ModalContextThread.run(ModalContext.java:119)
Caused by: item-not-found(404) Could not establish socket with any provided host
	at org.jivesoftware.smack.util.SyncPacketSend.getReply(SyncPacketSend.java:54)
	at org.jivesoftware.smackx.bytestreams.socks5.Socks5BytestreamManager.establishSession(Socks5BytestreamManager.java:481)
	at org.jivesoftware.smackx.bytestreams.socks5.Socks5BytestreamManager.establishSession(Socks5BytestreamManager.java:83)
	at de.fu_berlin.inf.dpp.net.internal.Socks5Transport.establishBinaryChannel(Socks5Transport.java:512)
	... 6 more
INFO  2016-12-23 16:42:04,008 (DataTransferManager.java:409) establishing connection to eazycode@saros-con.imp.fu-berlin.de/Saros from xzer@saros-con.imp.fu-berlin.de/Saros using transport XMPP-IBB-Transport
DEBUG 2016-12-23 16:42:04,009 (ByteStreamTransport.java:45) establishing bytestream connection to eazycode@saros-con.imp.fu-berlin.de/Saros
DEBUG 2016-12-23 16:42:04,122 (DataTransferManager.java:136) bytestream connection changed [mode=IBB, id=saros-main-session] eazycode@saros-con.imp.fu-berlin.de/Saros, inc=false, pool id=saros-main-session:out:eazycode@saros-con.imp.fu-berlin.de/Saros]
DEBUG 2016-12-23 16:42:04,124 (IncomingSessionNegotiation.java:304) ISN [remote side: eazycode@saros-con.imp.fu-berlin.de/Saros] : starting session
DEBUG 2016-12-23 16:42:04,126 (BinaryChannelConnection.java:103) [mode=IBB, id=saros-main-session] eazycode@saros-con.imp.fu-berlin.de/Saros ReceiverThread started.
INFO  2016-12-23 16:42:04,128 (StatisticManager.java:163) Session count: 9
INFO  2016-12-23 16:42:04,130 (ParticipantCollector.java:134) Session started: Current number of participants: 2
DEBUG 2016-12-23 16:42:04,132 (MultiUserChatService.java:100) Joining MUC...
DEBUG 2016-12-23 16:42:04,139 (ActivityHandler.java:89) activity dispatcher started
DEBUG 2016-12-23 16:42:04,139 (XStreamExtensionProvider.java:149) Registering new converter of class de.fu_berlin.inf.dpp.misc.xstream.SPathConverter
DEBUG 2016-12-23 16:42:04,141 (XStreamExtensionProvider.java:194) Registering new converter of class de.fu_berlin.inf.dpp.misc.xstream.UserConverter
DEBUG 2016-12-23 16:42:04,145 (MultiUserChat.java:264) Trying to create room on server conference.saros-con.imp.fu-berlin.de
DEBUG 2016-12-23 16:42:04,148 (WhiteboardManager.java:108) Preparing Whiteboard for receiving an invitation
DEBUG 2016-12-23 16:42:04,157 (ColorUtils.java:21) set foregroundcolor RGB {237, 237, 169}
DEBUG 2016-12-23 16:42:04,183 (ConsistencyAction.java:173) Inconsistency indicator goes: off
DEBUG 2016-12-23 16:42:04,187 (IncomingSessionNegotiation.java:318) ISN [remote side: eazycode@saros-con.imp.fu-berlin.de/Saros] : invitation has completed successfully
WARN  2016-12-23 16:42:04,196 (SubscriptionHandler.java:148) received error presence package from saros_2019194294@conference.saros-con.imp.fu-berlin.de/xzer@saros-con.imp.fu-berlin.de/Saros, condition: not-authorized, message: A password is required to enter this room
DEBUG 2016-12-23 16:42:04,309 (MultiUserChat.java:297) MUC joined. Server: conference.saros-con.imp.fu-berlin.de Room: SAROS_2019194294 Password -1779867640
DEBUG 2016-12-23 16:42:04,846 (MultiUserChatStateManager.java:101) Incoming Message from saros_2019194294@conference.saros-con.imp.fu-berlin.de/xzer@saros-con.imp.fu-berlin.de/Saros with state: active
DEBUG 2016-12-23 16:42:04,847 (MultiUserChat.java:79) stateChanged fired with state: active
DEBUG 2016-12-23 16:42:04,848 (MultiUserChat.java:133) processPacket called
DEBUG 2016-12-23 16:42:05,247 (IncomingSessionNegotiation.java:331) ISN [remote side: eazycode@saros-con.imp.fu-berlin.de/Saros] : invitation complete confirmation sent
DEBUG 2016-12-23 16:42:05,758 (UserInformationHandler.java:293) received user list from eazycode@saros-con.imp.fu-berlin.de/Saros
DEBUG 2016-12-23 16:42:05,758 (UserInformationHandler.java:317) updating permissions for user: xzer@saros-con.imp.fu-berlin.de/Saros [WRITE_ACCESS]
DEBUG 2016-12-23 16:42:05,758 (UserInformationHandler.java:317) updating permissions for user: eazycode@saros-con.imp.fu-berlin.de/Saros [WRITE_ACCESS]
DEBUG 2016-12-23 16:42:05,759 (UserInformationHandler.java:347) sending user list received confirmation to eazycode@saros-con.imp.fu-berlin.de/Saros
DEBUG 2016-12-23 16:42:06,932 (ActivitySequencer.java:546) rcvd (002) eazycode@saros-con.imp.fu-berlin.de/Saros
DEBUG 2016-12-23 16:42:06,938 (ChangeColorManager.java:238) received color id change fo user : eazycode@saros-con.imp.fu-berlin.de/Saros [1]
DEBUG 2016-12-23 16:42:06,947 (ChangeColorManager.java:634) updating color id set: [xzer@saros-con.imp.fu-berlin.de, eazycode@saros-con.imp.fu-berlin.de]
DEBUG 2016-12-23 16:42:06,952 (ChangeColorManager.java:238) received color id change fo user : xzer@saros-con.imp.fu-berlin.de/Saros [3]
DEBUG 2016-12-23 16:42:06,953 (ChangeColorManager.java:634) updating color id set: [xzer@saros-con.imp.fu-berlin.de, eazycode@saros-con.imp.fu-berlin.de]
DEBUG 2016-12-23 16:42:07,721 (CancelableProcess.java:353) process ISN [remote side: eazycode@saros-con.imp.fu-berlin.de/Saros] exit status: OK
DEBUG 2016-12-23 16:42:08,303 (ByteStreamTransport.java:72) received request to establish a  bytestream connection to eazycode@saros-con.imp.fu-berlin.de/Saros [de.fu_berlin.inf.dpp.net.internal.ByteStreamTransport$1@4aa10af8]
DEBUG 2016-12-23 16:42:08,303 (Socks5Transport.java:368) [SOCKS5Transport] receiving request from eazycode@saros-con.imp.fu-berlin.de/Saroswith local SOCKS5 proxy running [port=7777, configured streamhosts=[192.168.2.108, fe80:0:0:0:50fa:8586:2f83:e7%eth2, 2001:0:5ef5:79fb:2c74:1ed5:a20b:34aa, fe80:0:0:0:2c74:1ed5:a20b:34aa%net6]]
DEBUG 2016-12-23 16:42:08,305 (Socks5Transport.java:624) [SOCKS5Transport] Start to establish new response connection
WARN  2016-12-23 16:42:18,448 (Socks5Transport.java:411) [SOCKS5Transport] Couldn't accept request but still trying to establish a response connection: Could not establish socket with any provided host
ERROR 2016-12-23 16:42:18,456 (Socks5Transport.java:440) An error occurred while establishing a response connection 
item-not-found(404) Could not establish socket with any provided host
	at org.jivesoftware.smack.util.SyncPacketSend.getReply(SyncPacketSend.java:54)
	at org.jivesoftware.smackx.bytestreams.socks5.Socks5BytestreamManager.establishSession(Socks5BytestreamManager.java:481)
	at org.jivesoftware.smackx.bytestreams.socks5.Socks5BytestreamManager.establishSession(Socks5BytestreamManager.java:83)
	at de.fu_berlin.inf.dpp.net.internal.Socks5Transport.establishResponseSession(Socks5Transport.java:631)
	at de.fu_berlin.inf.dpp.net.internal.Socks5Transport$1.call(Socks5Transport.java:108)
	at de.fu_berlin.inf.dpp.net.internal.Socks5Transport$1.call(Socks5Transport.java:1)
	at java.util.concurrent.FutureTask.run(Unknown Source)
	at java.util.concurrent.ThreadPoolExecutor.runWorker(Unknown Source)
	at java.util.concurrent.ThreadPoolExecutor$Worker.run(Unknown Source)
	at java.lang.Thread.run(Unknown Source)
ERROR 2016-12-23 16:42:18,466 (ByteStreamTransport.java:105) could not establish bytestream connection to eazycode@saros-con.imp.fu-berlin.de/Saros
java.io.IOException: [SOCKS5Transport] Neither connection could be established. 
	at de.fu_berlin.inf.dpp.net.internal.Socks5Transport.acceptNewRequest(Socks5Transport.java:446)
	at de.fu_berlin.inf.dpp.net.internal.Socks5Transport.acceptRequest(Socks5Transport.java:474)
	at de.fu_berlin.inf.dpp.net.internal.ByteStreamTransport$1.incomingBytestreamRequest(ByteStreamTransport.java:77)
	at org.jivesoftware.smackx.bytestreams.socks5.InitiationListener.processRequest(InitiationListener.java:91)
	at org.jivesoftware.smackx.bytestreams.socks5.InitiationListener.access$000(InitiationListener.java:37)
	at org.jivesoftware.smackx.bytestreams.socks5.InitiationListener$1.run(InitiationListener.java:63)
	at java.util.concurrent.ThreadPoolExecutor.runWorker(Unknown Source)
	at java.util.concurrent.ThreadPoolExecutor$Worker.run(Unknown Source)
	at java.lang.Thread.run(Unknown Source)
DEBUG 2016-12-23 16:42:48,590 (ByteStreamTransport.java:72) received request to establish a  bytestream connection to eazycode@saros-con.imp.fu-berlin.de/Saros [de.fu_berlin.inf.dpp.net.internal.ByteStreamTransport$1@3f5eabc9]
DEBUG 2016-12-23 16:42:48,591 (DataTransferManager.java:136) bytestream connection changed [mode=IBB, id=default] eazycode@saros-con.imp.fu-berlin.de/Saros, inc=true, pool id=default:in:eazycode@saros-con.imp.fu-berlin.de/Saros]
DEBUG 2016-12-23 16:42:48,591 (BinaryChannelConnection.java:103) [mode=IBB, id=default] eazycode@saros-con.imp.fu-berlin.de/Saros ReceiverThread started.
DEBUG 2016-12-23 16:42:49,084 (SXEIncomingSynchronizationProcess.java:65) SXE(2471) invitation from eazycode@saros-con.imp.fu-berlin.de/Saros received
DEBUG 2016-12-23 16:42:49,085 (SXEController.java:537) Whiteboard state changed from INIT to CONNECTING
DEBUG 2016-12-23 16:42:49,085 (SXEIncomingSynchronizationProcess.java:87) SXE(2471) queue incoming records from now
DEBUG 2016-12-23 16:42:49,086 (SarosSXETransmitter.java:151) SXE send accept-state to eazycode@saros-con.imp.fu-berlin.de/Saros waiting for [state]
DEBUG 2016-12-23 16:42:49,908 (SXEIncomingSynchronizationProcess.java:99) SXE(2471) state received
DEBUG 2016-12-23 16:42:49,909 (SXEController.java:137) SXE (2471): receive state and start session at invitee side
DEBUG 2016-12-23 16:42:49,910 (DocumentRecord.java:93) Added Node: attr(148250224399747484) name=svg
INFO  2016-12-23 16:43:20,926 (InvitationHandler.java:179) received project negotiation from eazycode@saros-con.imp.fu-berlin.de/Saros with session id: 2019194294 and negotiation id: 979250700401705856
INFO  2016-12-23 16:43:20,937 (ProjectNegotiationObservable.java:51) This is ProjectNegotiation number 1 in this session. There are 0 process(es) in this session
DEBUG 2016-12-23 16:43:27,869 (IncomingProjectNegotiation.java:388) compute required files for project de.fu_berlin.inf.dpp.filesystem.EclipseProjectImpl@684201c1 - P/Client2 with ID: 324912812
DEBUG 2016-12-23 16:43:27,902 (IncomingProjectNegotiation.java:612) IPN [remote side: eazycode@saros-con.imp.fu-berlin.de/Saros] : computing file list difference
DEBUG 2016-12-23 16:43:27,966 (IncomingProjectNegotiation.java:583) IPN [remote side: eazycode@saros-con.imp.fu-berlin.de/Saros] : 2994 file(s) must be synchronized
DEBUG 2016-12-23 16:43:41,834 (ActivitySequencer.java:546) rcvd (001) eazycode@saros-con.imp.fu-berlin.de/Saros
DEBUG 2016-12-23 16:43:41,836 (EditorManager.java:1697) locking all editors
DEBUG 2016-12-23 16:43:41,837 (ActivitySequencer.java:496) send (001) eazycode@saros-con.imp.fu-berlin.de/Saros
DEBUG 2016-12-23 16:43:43,166 (SarosProjectMapper.java:179) added project de.fu_berlin.inf.dpp.filesystem.EclipseProjectImpl@684201c1 - P/Client2 with ID 324912812 [completely shared:false]
DEBUG 2016-12-23 16:43:43,723 (IncomingProjectNegotiation.java:865) waiting for incoming archive stream request
DEBUG 2016-12-23 16:43:49,140 (IncomingProjectNegotiation.java:882) IPN [remote side: eazycode@saros-con.imp.fu-berlin.de/Saros] : receiving archive
DEBUG 2016-12-23 16:43:49,467 (ActivitySequencer.java:546) rcvd (001) eazycode@saros-con.imp.fu-berlin.de/Saros
DEBUG 2016-12-23 16:43:49,468 (EditorManager.java:1697) unlocking all editors
DEBUG 2016-12-23 16:43:49,468 (ActivitySequencer.java:496) send (001) eazycode@saros-con.imp.fu-berlin.de/Saros
DEBUG 2016-12-23 16:43:58,066 (MultiUserChatStateManager.java:101) Incoming Message from saros_2019194294@conference.saros-con.imp.fu-berlin.de/xzer@saros-con.imp.fu-berlin.de/Saros with state: composing
DEBUG 2016-12-23 16:43:58,066 (MultiUserChat.java:79) stateChanged fired with state: composing
DEBUG 2016-12-23 16:43:58,067 (MultiUserChat.java:133) processPacket called
DEBUG 2016-12-23 16:43:58,508 (MultiUserChat.java:133) processPacket called
DEBUG 2016-12-23 16:43:58,509 (MultiUserChatStateManager.java:101) Incoming Message from saros_2019194294@conference.saros-con.imp.fu-berlin.de/xzer@saros-con.imp.fu-berlin.de/Saros with state: inactive
DEBUG 2016-12-23 16:43:58,509 (MultiUserChat.java:79) stateChanged fired with state: inactive
DEBUG 2016-12-23 16:43:58,510 (MultiUserChat.java:133) processPacket called
DEBUG 2016-12-23 16:44:04,655 (ActivitySequencer.java:546) rcvd (001) eazycode@saros-con.imp.fu-berlin.de/Saros
DEBUG 2016-12-23 16:44:05,718 (ActivitySequencer.java:496) send (001) eazycode@saros-con.imp.fu-berlin.de/Saros
DEBUG 2016-12-23 16:44:11,267 (ActivitySequencer.java:546) rcvd (005) eazycode@saros-con.imp.fu-berlin.de/Saros
DEBUG 2016-12-23 16:44:11,326 (ActivitySequencer.java:496) send (001) eazycode@saros-con.imp.fu-berlin.de/Saros
DEBUG 2016-12-23 16:44:18,071 (ActivitySequencer.java:546) rcvd (003) eazycode@saros-con.imp.fu-berlin.de/Saros
DEBUG 2016-12-23 16:44:30,838 (ActivitySequencer.java:546) rcvd (003) eazycode@saros-con.imp.fu-berlin.de/Saros
DEBUG 2016-12-23 16:44:44,065 (ActivitySequencer.java:546) rcvd (002) eazycode@saros-con.imp.fu-berlin.de/Saros
DEBUG 2016-12-23 16:44:50,870 (ActivitySequencer.java:546) rcvd (004) eazycode@saros-con.imp.fu-berlin.de/Saros
DEBUG 2016-12-23 16:45:00,944 (ActivitySequencer.java:546) rcvd (001) eazycode@saros-con.imp.fu-berlin.de/Saros
DEBUG 2016-12-23 16:45:07,582 (ActivitySequencer.java:546) rcvd (002) eazycode@saros-con.imp.fu-berlin.de/Saros
DEBUG 2016-12-23 16:45:20,766 (ActivitySequencer.java:546) rcvd (003) eazycode@saros-con.imp.fu-berlin.de/Saros
DEBUG 2016-12-23 16:45:27,641 (ActivitySequencer.java:546) rcvd (003) eazycode@saros-con.imp.fu-berlin.de/Saros
DEBUG 2016-12-23 16:45:34,373 (ActivitySequencer.java:546) rcvd (003) eazycode@saros-con.imp.fu-berlin.de/Saros
DEBUG 2016-12-23 16:45:41,114 (ActivitySequencer.java:546) rcvd (003) eazycode@saros-con.imp.fu-berlin.de/Saros
DEBUG 2016-12-23 16:45:51,162 (ActivitySequencer.java:546) rcvd (002) eazycode@saros-con.imp.fu-berlin.de/Saros
DEBUG 2016-12-23 16:46:04,323 (ActivitySequencer.java:546) rcvd (001) eazycode@saros-con.imp.fu-berlin.de/Saros
DEBUG 2016-12-23 16:46:11,102 (ActivitySequencer.java:546) rcvd (006) eazycode@saros-con.imp.fu-berlin.de/Saros
DEBUG 2016-12-23 16:46:21,219 (ActivitySequencer.java:546) rcvd (002) eazycode@saros-con.imp.fu-berlin.de/Saros
DEBUG 2016-12-23 16:46:27,896 (ActivitySequencer.java:546) rcvd (001) eazycode@saros-con.imp.fu-berlin.de/Saros
DEBUG 2016-12-23 16:46:38,134 (ActivitySequencer.java:546) rcvd (003) eazycode@saros-con.imp.fu-berlin.de/Saros
DEBUG 2016-12-23 16:46:47,904 (ActivitySequencer.java:546) rcvd (003) eazycode@saros-con.imp.fu-berlin.de/Saros
DEBUG 2016-12-23 16:46:54,725 (ActivitySequencer.java:546) rcvd (003) eazycode@saros-con.imp.fu-berlin.de/Saros
DEBUG 2016-12-23 16:47:01,515 (ActivitySequencer.java:546) rcvd (003) eazycode@saros-con.imp.fu-berlin.de/Saros
DEBUG 2016-12-23 16:47:11,573 (ActivitySequencer.java:546) rcvd (001) eazycode@saros-con.imp.fu-berlin.de/Saros
DEBUG 2016-12-23 16:47:24,761 (ActivitySequencer.java:546) rcvd (002) eazycode@saros-con.imp.fu-berlin.de/Saros
DEBUG 2016-12-23 16:47:31,450 (ActivitySequencer.java:546) rcvd (006) eazycode@saros-con.imp.fu-berlin.de/Saros
DEBUG 2016-12-23 16:47:41,568 (ActivitySequencer.java:546) rcvd (001) eazycode@saros-con.imp.fu-berlin.de/Saros
DEBUG 2016-12-23 16:47:48,209 (ActivitySequencer.java:546) rcvd (002) eazycode@saros-con.imp.fu-berlin.de/Saros
DEBUG 2016-12-23 16:47:58,495 (ActivitySequencer.java:546) rcvd (003) eazycode@saros-con.imp.fu-berlin.de/Saros
DEBUG 2016-12-23 16:48:08,270 (ActivitySequencer.java:546) rcvd (003) eazycode@saros-con.imp.fu-berlin.de/Saros
DEBUG 2016-12-23 16:48:15,007 (ActivitySequencer.java:546) rcvd (003) eazycode@saros-con.imp.fu-berlin.de/Saros
DEBUG 2016-12-23 16:48:21,751 (ActivitySequencer.java:546) rcvd (003) eazycode@saros-con.imp.fu-berlin.de/Saros
DEBUG 2016-12-23 16:48:31,822 (ActivitySequencer.java:546) rcvd (003) eazycode@saros-con.imp.fu-berlin.de/Saros
DEBUG 2016-12-23 16:48:45,016 (ActivitySequencer.java:546) rcvd (001) eazycode@saros-con.imp.fu-berlin.de/Saros
DEBUG 2016-12-23 16:48:51,783 (ActivitySequencer.java:546) rcvd (005) eazycode@saros-con.imp.fu-berlin.de/Saros
DEBUG 2016-12-23 16:49:01,887 (ActivitySequencer.java:546) rcvd (003) eazycode@saros-con.imp.fu-berlin.de/Saros
DEBUG 2016-12-23 16:49:11,935 (ActivitySequencer.java:546) rcvd (002) eazycode@saros-con.imp.fu-berlin.de/Saros
DEBUG 2016-12-23 16:49:22,204 (ActivitySequencer.java:546) rcvd (001) eazycode@saros-con.imp.fu-berlin.de/Saros
DEBUG 2016-12-23 16:49:31,958 (ActivitySequencer.java:546) rcvd (003) eazycode@saros-con.imp.fu-berlin.de/Saros
DEBUG 2016-12-23 16:49:38,681 (ActivitySequencer.java:546) rcvd (003) eazycode@saros-con.imp.fu-berlin.de/Saros
DEBUG 2016-12-23 16:49:45,411 (ActivitySequencer.java:546) rcvd (003) eazycode@saros-con.imp.fu-berlin.de/Saros
DEBUG 2016-12-23 16:49:52,158 (ActivitySequencer.java:546) rcvd (003) eazycode@saros-con.imp.fu-berlin.de/Saros
DEBUG 2016-12-23 16:50:05,381 (ActivitySequencer.java:546) rcvd (002) eazycode@saros-con.imp.fu-berlin.de/Saros
DEBUG 2016-12-23 16:50:12,196 (ActivitySequencer.java:546) rcvd (004) eazycode@saros-con.imp.fu-berlin.de/Saros
DEBUG 2016-12-23 16:50:22,297 (ActivitySequencer.java:546) rcvd (002) eazycode@saros-con.imp.fu-berlin.de/Saros
DEBUG 2016-12-23 16:50:28,959 (ActivitySequencer.java:546) rcvd (001) eazycode@saros-con.imp.fu-berlin.de/Saros
DEBUG 2016-12-23 16:50:35,613 (ActivitySequencer.java:546) rcvd (003) eazycode@saros-con.imp.fu-berlin.de/Saros
DEBUG 2016-12-23 16:50:48,838 (ActivitySequencer.java:546) rcvd (003) eazycode@saros-con.imp.fu-berlin.de/Saros
DEBUG 2016-12-23 16:50:55,709 (ActivitySequencer.java:546) rcvd (003) eazycode@saros-con.imp.fu-berlin.de/Saros
DEBUG 2016-12-23 16:51:02,547 (ActivitySequencer.java:546) rcvd (003) eazycode@saros-con.imp.fu-berlin.de/Saros
DEBUG 2016-12-23 16:51:12,498 (ActivitySequencer.java:546) rcvd (002) eazycode@saros-con.imp.fu-berlin.de/Saros
DEBUG 2016-12-23 16:51:22,739 (ActivitySequencer.java:546) rcvd (001) eazycode@saros-con.imp.fu-berlin.de/Saros
DEBUG 2016-12-23 16:51:32,256 (ActivitySequencer.java:546) rcvd (003) eazycode@saros-con.imp.fu-berlin.de/Saros
DEBUG 2016-12-23 16:51:39,012 (ActivitySequencer.java:546) rcvd (003) eazycode@saros-con.imp.fu-berlin.de/Saros
DEBUG 2016-12-23 16:51:45,737 (ActivitySequencer.java:546) rcvd (003) eazycode@saros-con.imp.fu-berlin.de/Saros
DEBUG 2016-12-23 16:51:52,477 (ActivitySequencer.java:546) rcvd (003) eazycode@saros-con.imp.fu-berlin.de/Saros
DEBUG 2016-12-23 16:52:05,704 (ActivitySequencer.java:546) rcvd (002) eazycode@saros-con.imp.fu-berlin.de/Saros
DEBUG 2016-12-23 16:52:12,516 (ActivitySequencer.java:546) rcvd (004) eazycode@saros-con.imp.fu-berlin.de/Saros
DEBUG 2016-12-23 16:52:22,604 (ActivitySequencer.java:546) rcvd (002) eazycode@saros-con.imp.fu-berlin.de/Saros
DEBUG 2016-12-23 16:52:29,283 (ActivitySequencer.java:546) rcvd (001) eazycode@saros-con.imp.fu-berlin.de/Saros
DEBUG 2016-12-23 16:52:42,423 (ActivitySequencer.java:546) rcvd (003) eazycode@saros-con.imp.fu-berlin.de/Saros
DEBUG 2016-12-23 16:52:49,293 (ActivitySequencer.java:546) rcvd (003) eazycode@saros-con.imp.fu-berlin.de/Saros
DEBUG 2016-12-23 16:52:56,034 (ActivitySequencer.java:546) rcvd (003) eazycode@saros-con.imp.fu-berlin.de/Saros
DEBUG 2016-12-23 16:53:02,773 (ActivitySequencer.java:546) rcvd (003) eazycode@saros-con.imp.fu-berlin.de/Saros
DEBUG 2016-12-23 16:53:12,823 (ActivitySequencer.java:546) rcvd (001) eazycode@saros-con.imp.fu-berlin.de/Saros
DEBUG 2016-12-23 16:53:23,050 (ActivitySequencer.java:546) rcvd (002) eazycode@saros-con.imp.fu-berlin.de/Saros
DEBUG 2016-12-23 16:53:32,809 (ActivitySequencer.java:546) rcvd (003) eazycode@saros-con.imp.fu-berlin.de/Saros
DEBUG 2016-12-23 16:53:39,549 (ActivitySequencer.java:546) rcvd (003) eazycode@saros-con.imp.fu-berlin.de/Saros
DEBUG 2016-12-23 16:53:46,296 (ActivitySequencer.java:546) rcvd (003) eazycode@saros-con.imp.fu-berlin.de/Saros
DEBUG 2016-12-23 16:53:53,034 (ActivitySequencer.java:546) rcvd (003) eazycode@saros-con.imp.fu-berlin.de/Saros
DEBUG 2016-12-23 16:54:06,263 (ActivitySequencer.java:546) rcvd (002) eazycode@saros-con.imp.fu-berlin.de/Saros
DEBUG 2016-12-23 16:54:13,073 (ActivitySequencer.java:546) rcvd (004) eazycode@saros-con.imp.fu-berlin.de/Saros
DEBUG 2016-12-23 16:54:23,170 (ActivitySequencer.java:546) rcvd (002) eazycode@saros-con.imp.fu-berlin.de/Saros
DEBUG 2016-12-23 16:54:29,888 (ActivitySequencer.java:546) rcvd (001) eazycode@saros-con.imp.fu-berlin.de/Saros
DEBUG 2016-12-23 16:54:43,010 (ActivitySequencer.java:546) rcvd (003) eazycode@saros-con.imp.fu-berlin.de/Saros
DEBUG 2016-12-23 16:54:49,927 (ActivitySequencer.java:546) rcvd (003) eazycode@saros-con.imp.fu-berlin.de/Saros
DEBUG 2016-12-23 16:54:56,588 (ActivitySequencer.java:546) rcvd (003) eazycode@saros-con.imp.fu-berlin.de/Saros
DEBUG 2016-12-23 16:55:03,345 (ActivitySequencer.java:546) rcvd (003) eazycode@saros-con.imp.fu-berlin.de/Saros
DEBUG 2016-12-23 16:55:07,197 (ActivitySequencer.java:546) rcvd (001) eazycode@saros-con.imp.fu-berlin.de/Saros
DEBUG 2016-12-23 16:55:20,512 (ActivitySequencer.java:546) rcvd (002) eazycode@saros-con.imp.fu-berlin.de/Saros
DEBUG 2016-12-23 16:55:30,196 (ActivitySequencer.java:546) rcvd (003) eazycode@saros-con.imp.fu-berlin.de/Saros
DEBUG 2016-12-23 16:55:33,997 (ActivitySequencer.java:546) rcvd (003) eazycode@saros-con.imp.fu-berlin.de/Saros
DEBUG 2016-12-23 16:55:43,585 (ActivitySequencer.java:546) rcvd (003) eazycode@saros-con.imp.fu-berlin.de/Saros
DEBUG 2016-12-23 16:55:50,323 (ActivitySequencer.java:546) rcvd (001) eazycode@saros-con.imp.fu-berlin.de/Saros
DEBUG 2016-12-23 16:56:00,641 (ActivitySequencer.java:546) rcvd (002) eazycode@saros-con.imp.fu-berlin.de/Saros
DEBUG 2016-12-23 16:56:10,308 (ActivitySequencer.java:546) rcvd (003) eazycode@saros-con.imp.fu-berlin.de/Saros
DEBUG 2016-12-23 16:56:17,063 (ActivitySequencer.java:546) rcvd (003) eazycode@saros-con.imp.fu-berlin.de/Saros
DEBUG 2016-12-23 16:56:23,891 (ActivitySequencer.java:546) rcvd (003) eazycode@saros-con.imp.fu-berlin.de/Saros
DEBUG 2016-12-23 16:56:30,529 (ActivitySequencer.java:546) rcvd (003) eazycode@saros-con.imp.fu-berlin.de/Saros
DEBUG 2016-12-23 16:56:40,941 (ActivitySequencer.java:546) rcvd (003) eazycode@saros-con.imp.fu-berlin.de/Saros
DEBUG 2016-12-23 16:56:50,627 (ActivitySequencer.java:546) rcvd (002) eazycode@saros-con.imp.fu-berlin.de/Saros
DEBUG 2016-12-23 16:56:54,304 (ActivitySequencer.java:546) rcvd (001) eazycode@saros-con.imp.fu-berlin.de/Saros
DEBUG 2016-12-23 16:56:57,738 (ActivitySequencer.java:546) rcvd (003) eazycode@saros-con.imp.fu-berlin.de/Saros
DEBUG 2016-12-23 16:57:07,261 (ActivitySequencer.java:546) rcvd (003) eazycode@saros-con.imp.fu-berlin.de/Saros
DEBUG 2016-12-23 16:57:23,610 (ActivitySequencer.java:546) rcvd (003) eazycode@saros-con.imp.fu-berlin.de/Saros
DEBUG 2016-12-23 16:57:30,272 (ActivitySequencer.java:546) rcvd (003) eazycode@saros-con.imp.fu-berlin.de/Saros
DEBUG 2016-12-23 16:57:43,319 (ActivitySequencer.java:546) rcvd (003) eazycode@saros-con.imp.fu-berlin.de/Saros
DEBUG 2016-12-23 16:57:53,378 (ActivitySequencer.java:546) rcvd (003) eazycode@saros-con.imp.fu-berlin.de/Saros
DEBUG 2016-12-23 16:58:03,690 (ActivitySequencer.java:546) rcvd (003) eazycode@saros-con.imp.fu-berlin.de/Saros
DEBUG 2016-12-23 16:58:13,234 (ActivitySequencer.java:546) rcvd (003) eazycode@saros-con.imp.fu-berlin.de/Saros
DEBUG 2016-12-23 16:58:23,300 (ActivitySequencer.java:546) rcvd (001) eazycode@saros-con.imp.fu-berlin.de/Saros
DEBUG 2016-12-23 16:58:29,919 (ActivitySequencer.java:546) rcvd (002) eazycode@saros-con.imp.fu-berlin.de/Saros
DEBUG 2016-12-23 16:58:36,625 (ActivitySequencer.java:546) rcvd (003) eazycode@saros-con.imp.fu-berlin.de/Saros
DEBUG 2016-12-23 16:58:49,922 (ActivitySequencer.java:546) rcvd (003) eazycode@saros-con.imp.fu-berlin.de/Saros
DEBUG 2016-12-23 16:58:56,741 (ActivitySequencer.java:546) rcvd (003) eazycode@saros-con.imp.fu-berlin.de/Saros
DEBUG 2016-12-23 16:59:03,464 (ActivitySequencer.java:546) rcvd (003) eazycode@saros-con.imp.fu-berlin.de/Saros
DEBUG 2016-12-23 16:59:07,341 (ActivitySequencer.java:546) rcvd (003) eazycode@saros-con.imp.fu-berlin.de/Saros
DEBUG 2016-12-23 16:59:23,699 (ActivitySequencer.java:546) rcvd (001) eazycode@saros-con.imp.fu-berlin.de/Saros
DEBUG 2016-12-23 16:59:33,355 (ActivitySequencer.java:546) rcvd (002) eazycode@saros-con.imp.fu-berlin.de/Saros
DEBUG 2016-12-23 16:59:40,072 (ActivitySequencer.java:546) rcvd (003) eazycode@saros-con.imp.fu-berlin.de/Saros
DEBUG 2016-12-23 16:59:46,800 (ActivitySequencer.java:546) rcvd (003) eazycode@saros-con.imp.fu-berlin.de/Saros
DEBUG 2016-12-23 16:59:53,540 (ActivitySequencer.java:546) rcvd (003) eazycode@saros-con.imp.fu-berlin.de/Saros
DEBUG 2016-12-23 17:00:06,766 (ActivitySequencer.java:546) rcvd (001) eazycode@saros-con.imp.fu-berlin.de/Saros
DEBUG 2016-12-23 17:00:13,535 (ActivitySequencer.java:546) rcvd (005) eazycode@saros-con.imp.fu-berlin.de/Saros
DEBUG 2016-12-23 17:00:20,443 (ActivitySequencer.java:546) rcvd (002) eazycode@saros-con.imp.fu-berlin.de/Saros
DEBUG 2016-12-23 17:00:27,023 (ActivitySequencer.java:546) rcvd (001) eazycode@saros-con.imp.fu-berlin.de/Saros
DEBUG 2016-12-23 17:00:33,664 (ActivitySequencer.java:546) rcvd (003) eazycode@saros-con.imp.fu-berlin.de/Saros
DEBUG 2016-12-23 17:00:44,063 (ActivitySequencer.java:546) rcvd (003) eazycode@saros-con.imp.fu-berlin.de/Saros
DEBUG 2016-12-23 17:00:53,770 (ActivitySequencer.java:546) rcvd (003) eazycode@saros-con.imp.fu-berlin.de/Saros
DEBUG 2016-12-23 17:01:00,512 (ActivitySequencer.java:546) rcvd (003) eazycode@saros-con.imp.fu-berlin.de/Saros
DEBUG 2016-12-23 17:01:07,443 (ActivitySequencer.java:546) rcvd (001) eazycode@saros-con.imp.fu-berlin.de/Saros
DEBUG 2016-12-23 17:01:17,040 (ActivitySequencer.java:546) rcvd (002) eazycode@saros-con.imp.fu-berlin.de/Saros
DEBUG 2016-12-23 17:01:30,248 (ActivitySequencer.java:546) rcvd (003) eazycode@saros-con.imp.fu-berlin.de/Saros
DEBUG 2016-12-23 17:01:37,131 (ActivitySequencer.java:546) rcvd (003) eazycode@saros-con.imp.fu-berlin.de/Saros
DEBUG 2016-12-23 17:01:43,850 (ActivitySequencer.java:546) rcvd (003) eazycode@saros-con.imp.fu-berlin.de/Saros
DEBUG 2016-12-23 17:01:50,636 (ActivitySequencer.java:546) rcvd (001) eazycode@saros-con.imp.fu-berlin.de/Saros
DEBUG 2016-12-23 17:01:57,281 (ActivitySequencer.java:546) rcvd (002) eazycode@saros-con.imp.fu-berlin.de/Saros
DEBUG 2016-12-23 17:02:10,500 (ActivitySequencer.java:546) rcvd (003) eazycode@saros-con.imp.fu-berlin.de/Saros
DEBUG 2016-12-23 17:02:17,306 (ActivitySequencer.java:546) rcvd (003) eazycode@saros-con.imp.fu-berlin.de/Saros
DEBUG 2016-12-23 17:02:24,055 (ActivitySequencer.java:546) rcvd (003) eazycode@saros-con.imp.fu-berlin.de/Saros
DEBUG 2016-12-23 17:02:30,867 (ActivitySequencer.java:546) rcvd (003) eazycode@saros-con.imp.fu-berlin.de/Saros
DEBUG 2016-12-23 17:02:47,312 (ActivitySequencer.java:546) rcvd (003) eazycode@saros-con.imp.fu-berlin.de/Saros
DEBUG 2016-12-23 17:02:54,228 (ActivitySequencer.java:546) rcvd (003) eazycode@saros-con.imp.fu-berlin.de/Saros
DEBUG 2016-12-23 17:03:00,923 (ActivitySequencer.java:546) rcvd (003) eazycode@saros-con.imp.fu-berlin.de/Saros
DEBUG 2016-12-23 17:03:10,971 (ActivitySequencer.java:546) rcvd (001) eazycode@saros-con.imp.fu-berlin.de/Saros
DEBUG 2016-12-23 17:03:17,616 (ActivitySequencer.java:546) rcvd (002) eazycode@saros-con.imp.fu-berlin.de/Saros
DEBUG 2016-12-23 17:03:30,834 (ActivitySequencer.java:546) rcvd (003) eazycode@saros-con.imp.fu-berlin.de/Saros
DEBUG 2016-12-23 17:03:37,670 (ActivitySequencer.java:546) rcvd (003) eazycode@saros-con.imp.fu-berlin.de/Saros
DEBUG 2016-12-23 17:03:44,408 (ActivitySequencer.java:546) rcvd (003) eazycode@saros-con.imp.fu-berlin.de/Saros
DEBUG 2016-12-23 17:03:51,159 (ActivitySequencer.java:546) rcvd (003) eazycode@saros-con.imp.fu-berlin.de/Saros
DEBUG 2016-12-23 17:04:01,269 (ActivitySequencer.java:546) rcvd (002) eazycode@saros-con.imp.fu-berlin.de/Saros
DEBUG 2016-12-23 17:04:11,572 (ActivitySequencer.java:546) rcvd (001) eazycode@saros-con.imp.fu-berlin.de/Saros
DEBUG 2016-12-23 17:04:21,235 (ActivitySequencer.java:546) rcvd (003) eazycode@saros-con.imp.fu-berlin.de/Saros
DEBUG 2016-12-23 17:04:27,931 (ActivitySequencer.java:546) rcvd (003) eazycode@saros-con.imp.fu-berlin.de/Saros
DEBUG 2016-12-23 17:04:34,691 (ActivitySequencer.java:546) rcvd (003) eazycode@saros-con.imp.fu-berlin.de/Saros
DEBUG 2016-12-23 17:04:41,417 (ActivitySequencer.java:546) rcvd (003) eazycode@saros-con.imp.fu-berlin.de/Saros
DEBUG 2016-12-23 17:04:51,811 (ActivitySequencer.java:546) rcvd (001) eazycode@saros-con.imp.fu-berlin.de/Saros
DEBUG 2016-12-23 17:05:01,561 (ActivitySequencer.java:546) rcvd (002) eazycode@saros-con.imp.fu-berlin.de/Saros
DEBUG 2016-12-23 17:05:08,174 (ActivitySequencer.java:546) rcvd (003) eazycode@saros-con.imp.fu-berlin.de/Saros
DEBUG 2016-12-23 17:05:14,916 (ActivitySequencer.java:546) rcvd (003) eazycode@saros-con.imp.fu-berlin.de/Saros
DEBUG 2016-12-23 17:05:21,655 (ActivitySequencer.java:546) rcvd (003) eazycode@saros-con.imp.fu-berlin.de/Saros
DEBUG 2016-12-23 17:05:31,988 (ActivitySequencer.java:546) rcvd (002) eazycode@saros-con.imp.fu-berlin.de/Saros
DEBUG 2016-12-23 17:05:41,736 (ActivitySequencer.java:546) rcvd (001) eazycode@saros-con.imp.fu-berlin.de/Saros
DEBUG 2016-12-23 17:05:45,385 (ActivitySequencer.java:546) rcvd (003) eazycode@saros-con.imp.fu-berlin.de/Saros
DEBUG 2016-12-23 17:05:52,128 (ActivitySequencer.java:546) rcvd (003) eazycode@saros-con.imp.fu-berlin.de/Saros
DEBUG 2016-12-23 17:06:02,178 (ActivitySequencer.java:546) rcvd (003) eazycode@saros-con.imp.fu-berlin.de/Saros
DEBUG 2016-12-23 17:06:12,582 (ActivitySequencer.java:546) rcvd (001) eazycode@saros-con.imp.fu-berlin.de/Saros
DEBUG 2016-12-23 17:06:22,238 (ActivitySequencer.java:546) rcvd (002) eazycode@saros-con.imp.fu-berlin.de/Saros
DEBUG 2016-12-23 17:06:28,949 (ActivitySequencer.java:546) rcvd (003) eazycode@saros-con.imp.fu-berlin.de/Saros
DEBUG 2016-12-23 17:06:35,691 (ActivitySequencer.java:546) rcvd (003) eazycode@saros-con.imp.fu-berlin.de/Saros
DEBUG 2016-12-23 17:06:42,436 (ActivitySequencer.java:546) rcvd (003) eazycode@saros-con.imp.fu-berlin.de/Saros
DEBUG 2016-12-23 17:06:52,840 (ActivitySequencer.java:546) rcvd (001) eazycode@saros-con.imp.fu-berlin.de/Saros
DEBUG 2016-12-23 17:07:02,492 (ActivitySequencer.java:546) rcvd (002) eazycode@saros-con.imp.fu-berlin.de/Saros
DEBUG 2016-12-23 17:07:09,205 (ActivitySequencer.java:546) rcvd (003) eazycode@saros-con.imp.fu-berlin.de/Saros
DEBUG 2016-12-23 17:07:15,949 (ActivitySequencer.java:546) rcvd (003) eazycode@saros-con.imp.fu-berlin.de/Saros
DEBUG 2016-12-23 17:07:22,694 (ActivitySequencer.java:546) rcvd (003) eazycode@saros-con.imp.fu-berlin.de/Saros
DEBUG 2016-12-23 17:07:33,095 (ActivitySequencer.java:546) rcvd (003) eazycode@saros-con.imp.fu-berlin.de/Saros
DEBUG 2016-12-23 17:07:42,803 (ActivitySequencer.java:546) rcvd (002) eazycode@saros-con.imp.fu-berlin.de/Saros
DEBUG 2016-12-23 17:07:49,489 (ActivitySequencer.java:546) rcvd (001) eazycode@saros-con.imp.fu-berlin.de/Saros
DEBUG 2016-12-23 17:07:56,143 (ActivitySequencer.java:546) rcvd (003) eazycode@saros-con.imp.fu-berlin.de/Saros
DEBUG 2016-12-23 17:08:02,885 (ActivitySequencer.java:546) rcvd (003) eazycode@saros-con.imp.fu-berlin.de/Saros
DEBUG 2016-12-23 17:08:13,161 (ActivitySequencer.java:546) rcvd (001) eazycode@saros-con.imp.fu-berlin.de/Saros
DEBUG 2016-12-23 17:08:22,777 (ActivitySequencer.java:546) rcvd (002) eazycode@saros-con.imp.fu-berlin.de/Saros
DEBUG 2016-12-23 17:08:26,528 (ActivitySequencer.java:546) rcvd (003) eazycode@saros-con.imp.fu-berlin.de/Saros
DEBUG 2016-12-23 17:08:36,134 (ActivitySequencer.java:546) rcvd (003) eazycode@saros-con.imp.fu-berlin.de/Saros
DEBUG 2016-12-23 17:08:42,874 (ActivitySequencer.java:546) rcvd (003) eazycode@saros-con.imp.fu-berlin.de/Saros
DEBUG 2016-12-23 17:08:53,278 (ActivitySequencer.java:546) rcvd (003) eazycode@saros-con.imp.fu-berlin.de/Saros
DEBUG 2016-12-23 17:09:02,986 (ActivitySequencer.java:546) rcvd (001) eazycode@saros-con.imp.fu-berlin.de/Saros
DEBUG 2016-12-23 17:09:09,627 (ActivitySequencer.java:546) rcvd (002) eazycode@saros-con.imp.fu-berlin.de/Saros
DEBUG 2016-12-23 17:09:16,338 (ActivitySequencer.java:546) rcvd (003) eazycode@saros-con.imp.fu-berlin.de/Saros
DEBUG 2016-12-23 17:09:23,081 (ActivitySequencer.java:546) rcvd (003) eazycode@saros-con.imp.fu-berlin.de/Saros
DEBUG 2016-12-23 17:09:33,438 (ActivitySequencer.java:546) rcvd (001) eazycode@saros-con.imp.fu-berlin.de/Saros
DEBUG 2016-12-23 17:09:39,919 (ActivitySequencer.java:546) rcvd (002) eazycode@saros-con.imp.fu-berlin.de/Saros
DEBUG 2016-12-23 17:09:46,630 (ActivitySequencer.java:546) rcvd (003) eazycode@saros-con.imp.fu-berlin.de/Saros
DEBUG 2016-12-23 17:09:53,374 (ActivitySequencer.java:546) rcvd (003) eazycode@saros-con.imp.fu-berlin.de/Saros
DEBUG 2016-12-23 17:10:03,423 (ActivitySequencer.java:546) rcvd (001) eazycode@saros-con.imp.fu-berlin.de/Saros
DEBUG 2016-12-23 17:10:13,724 (ActivitySequencer.java:546) rcvd (002) eazycode@saros-con.imp.fu-berlin.de/Saros
DEBUG 2016-12-23 17:10:23,417 (ActivitySequencer.java:546) rcvd (003) eazycode@saros-con.imp.fu-berlin.de/Saros
DEBUG 2016-12-23 17:10:30,162 (ActivitySequencer.java:546) rcvd (003) eazycode@saros-con.imp.fu-berlin.de/Saros
DEBUG 2016-12-23 17:10:36,904 (ActivitySequencer.java:546) rcvd (003) eazycode@saros-con.imp.fu-berlin.de/Saros
DEBUG 2016-12-23 17:10:43,648 (ActivitySequencer.java:546) rcvd (003) eazycode@saros-con.imp.fu-berlin.de/Saros
DEBUG 2016-12-23 17:10:54,006 (ActivitySequencer.java:546) rcvd (002) eazycode@saros-con.imp.fu-berlin.de/Saros
DEBUG 2016-12-23 17:10:57,547 (ActivitySequencer.java:546) rcvd (001) eazycode@saros-con.imp.fu-berlin.de/Saros
DEBUG 2016-12-23 17:11:07,211 (ActivitySequencer.java:546) rcvd (003) eazycode@saros-con.imp.fu-berlin.de/Saros
DEBUG 2016-12-23 17:11:13,954 (ActivitySequencer.java:546) rcvd (003) eazycode@saros-con.imp.fu-berlin.de/Saros
DEBUG 2016-12-23 17:11:20,699 (ActivitySequencer.java:546) rcvd (002) eazycode@saros-con.imp.fu-berlin.de/Saros
DEBUG 2016-12-23 17:11:31,048 (ActivitySequencer.java:546) rcvd (001) eazycode@saros-con.imp.fu-berlin.de/Saros
DEBUG 2016-12-23 17:11:40,703 (ActivitySequencer.java:546) rcvd (003) eazycode@saros-con.imp.fu-berlin.de/Saros
DEBUG 2016-12-23 17:11:47,448 (ActivitySequencer.java:546) rcvd (003) eazycode@saros-con.imp.fu-berlin.de/Saros
DEBUG 2016-12-23 17:11:54,192 (ActivitySequencer.java:546) rcvd (003) eazycode@saros-con.imp.fu-berlin.de/Saros
DEBUG 2016-12-23 17:12:00,940 (ActivitySequencer.java:546) rcvd (001) eazycode@saros-con.imp.fu-berlin.de/Saros
DEBUG 2016-12-23 17:12:11,244 (ActivitySequencer.java:546) rcvd (002) eazycode@saros-con.imp.fu-berlin.de/Saros
DEBUG 2016-12-23 17:12:21,009 (ActivitySequencer.java:546) rcvd (003) eazycode@saros-con.imp.fu-berlin.de/Saros
DEBUG 2016-12-23 17:12:27,680 (ActivitySequencer.java:546) rcvd (003) eazycode@saros-con.imp.fu-berlin.de/Saros
DEBUG 2016-12-23 17:12:34,428 (ActivitySequencer.java:546) rcvd (003) eazycode@saros-con.imp.fu-berlin.de/Saros
DEBUG 2016-12-23 17:12:41,226 (ActivitySequencer.java:546) rcvd (003) eazycode@saros-con.imp.fu-berlin.de/Saros
DEBUG 2016-12-23 17:12:54,440 (ActivitySequencer.java:546) rcvd (001) eazycode@saros-con.imp.fu-berlin.de/Saros
DEBUG 2016-12-23 17:13:01,273 (ActivitySequencer.java:546) rcvd (005) eazycode@saros-con.imp.fu-berlin.de/Saros
DEBUG 2016-12-23 17:13:11,284 (ActivitySequencer.java:546) rcvd (001) eazycode@saros-con.imp.fu-berlin.de/Saros
DEBUG 2016-12-23 17:13:17,945 (ActivitySequencer.java:546) rcvd (002) eazycode@saros-con.imp.fu-berlin.de/Saros
DEBUG 2016-12-23 17:13:31,213 (ActivitySequencer.java:546) rcvd (003) eazycode@saros-con.imp.fu-berlin.de/Saros
DEBUG 2016-12-23 17:13:38,005 (ActivitySequencer.java:546) rcvd (003) eazycode@saros-con.imp.fu-berlin.de/Saros
DEBUG 2016-12-23 17:13:44,742 (ActivitySequencer.java:546) rcvd (003) eazycode@saros-con.imp.fu-berlin.de/Saros
DEBUG 2016-12-23 17:13:51,485 (ActivitySequencer.java:546) rcvd (003) eazycode@saros-con.imp.fu-berlin.de/Saros
DEBUG 2016-12-23 17:14:01,559 (ActivitySequencer.java:546) rcvd (002) eazycode@saros-con.imp.fu-berlin.de/Saros
DEBUG 2016-12-23 17:14:11,886 (ActivitySequencer.java:546) rcvd (001) eazycode@saros-con.imp.fu-berlin.de/Saros
DEBUG 2016-12-23 17:14:21,567 (ActivitySequencer.java:546) rcvd (003) eazycode@saros-con.imp.fu-berlin.de/Saros
DEBUG 2016-12-23 17:14:28,286 (ActivitySequencer.java:546) rcvd (003) eazycode@saros-con.imp.fu-berlin.de/Saros
DEBUG 2016-12-23 17:14:35,030 (ActivitySequencer.java:546) rcvd (003) eazycode@saros-con.imp.fu-berlin.de/Saros
DEBUG 2016-12-23 17:14:41,775 (ActivitySequencer.java:546) rcvd (003) eazycode@saros-con.imp.fu-berlin.de/Saros
DEBUG 2016-12-23 17:14:52,048 (ActivitySequencer.java:546) rcvd (001) eazycode@saros-con.imp.fu-berlin.de/Saros
DEBUG 2016-12-23 17:15:01,665 (ActivitySequencer.java:546) rcvd (002) eazycode@saros-con.imp.fu-berlin.de/Saros
DEBUG 2016-12-23 17:15:08,402 (ActivitySequencer.java:546) rcvd (003) eazycode@saros-con.imp.fu-berlin.de/Saros
DEBUG 2016-12-23 17:15:15,117 (ActivitySequencer.java:546) rcvd (003) eazycode@saros-con.imp.fu-berlin.de/Saros
DEBUG 2016-12-23 17:15:21,860 (ActivitySequencer.java:546) rcvd (003) eazycode@saros-con.imp.fu-berlin.de/Saros
DEBUG 2016-12-23 17:15:32,266 (ActivitySequencer.java:546) rcvd (001) eazycode@saros-con.imp.fu-berlin.de/Saros
DEBUG 2016-12-23 17:15:41,920 (ActivitySequencer.java:546) rcvd (002) eazycode@saros-con.imp.fu-berlin.de/Saros
DEBUG 2016-12-23 17:15:48,659 (ActivitySequencer.java:546) rcvd (003) eazycode@saros-con.imp.fu-berlin.de/Saros
DEBUG 2016-12-23 17:15:52,506 (ActivitySequencer.java:546) rcvd (003) eazycode@saros-con.imp.fu-berlin.de/Saros
DEBUG 2016-12-23 17:16:02,213 (ActivitySequencer.java:546) rcvd (003) eazycode@saros-con.imp.fu-berlin.de/Saros
DEBUG 2016-12-23 17:16:12,411 (ActivitySequencer.java:546) rcvd (001) eazycode@saros-con.imp.fu-berlin.de/Saros
DEBUG 2016-12-23 17:16:22,111 (ActivitySequencer.java:546) rcvd (002) eazycode@saros-con.imp.fu-berlin.de/Saros
DEBUG 2016-12-23 17:16:28,823 (ActivitySequencer.java:546) rcvd (003) eazycode@saros-con.imp.fu-berlin.de/Saros
DEBUG 2016-12-23 17:16:32,613 (ActivitySequencer.java:546) rcvd (003) eazycode@saros-con.imp.fu-berlin.de/Saros
DEBUG 2016-12-23 17:16:42,208 (ActivitySequencer.java:546) rcvd (002) eazycode@saros-con.imp.fu-berlin.de/Saros
DEBUG 2016-12-23 17:16:52,554 (ActivitySequencer.java:546) rcvd (001) eazycode@saros-con.imp.fu-berlin.de/Saros
DEBUG 2016-12-23 17:17:02,236 (ActivitySequencer.java:546) rcvd (003) eazycode@saros-con.imp.fu-berlin.de/Saros
DEBUG 2016-12-23 17:17:08,957 (ActivitySequencer.java:546) rcvd (003) eazycode@saros-con.imp.fu-berlin.de/Saros
DEBUG 2016-12-23 17:17:15,701 (ActivitySequencer.java:546) rcvd (003) eazycode@saros-con.imp.fu-berlin.de/Saros
DEBUG 2016-12-23 17:17:22,444 (ActivitySequencer.java:546) rcvd (003) eazycode@saros-con.imp.fu-berlin.de/Saros
DEBUG 2016-12-23 17:17:32,854 (ActivitySequencer.java:546) rcvd (001) eazycode@saros-con.imp.fu-berlin.de/Saros
DEBUG 2016-12-23 17:17:42,503 (ActivitySequencer.java:546) rcvd (002) eazycode@saros-con.imp.fu-berlin.de/Saros
DEBUG 2016-12-23 17:17:49,214 (ActivitySequencer.java:546) rcvd (003) eazycode@saros-con.imp.fu-berlin.de/Saros
DEBUG 2016-12-23 17:17:55,958 (ActivitySequencer.java:546) rcvd (003) eazycode@saros-con.imp.fu-berlin.de/Saros
DEBUG 2016-12-23 17:18:02,702 (ActivitySequencer.java:546) rcvd (003) eazycode@saros-con.imp.fu-berlin.de/Saros
DEBUG 2016-12-23 17:18:13,111 (ActivitySequencer.java:546) rcvd (002) eazycode@saros-con.imp.fu-berlin.de/Saros
DEBUG 2016-12-23 17:18:22,781 (ActivitySequencer.java:546) rcvd (001) eazycode@saros-con.imp.fu-berlin.de/Saros
DEBUG 2016-12-23 17:18:29,436 (ActivitySequencer.java:546) rcvd (003) eazycode@saros-con.imp.fu-berlin.de/Saros
DEBUG 2016-12-23 17:18:36,179 (ActivitySequencer.java:546) rcvd (003) eazycode@saros-con.imp.fu-berlin.de/Saros
DEBUG 2016-12-23 17:18:42,921 (ActivitySequencer.java:546) rcvd (003) eazycode@saros-con.imp.fu-berlin.de/Saros
DEBUG 2016-12-23 17:18:53,331 (ActivitySequencer.java:546) rcvd (002) eazycode@saros-con.imp.fu-berlin.de/Saros
DEBUG 2016-12-23 17:19:03,004 (ActivitySequencer.java:546) rcvd (001) eazycode@saros-con.imp.fu-berlin.de/Saros
DEBUG 2016-12-23 17:19:06,703 (ActivitySequencer.java:546) rcvd (003) eazycode@saros-con.imp.fu-berlin.de/Saros
DEBUG 2016-12-23 17:19:16,305 (ActivitySequencer.java:546) rcvd (003) eazycode@saros-con.imp.fu-berlin.de/Saros
DEBUG 2016-12-23 17:19:23,047 (ActivitySequencer.java:546) rcvd (003) eazycode@saros-con.imp.fu-berlin.de/Saros
DEBUG 2016-12-23 17:19:33,458 (ActivitySequencer.java:546) rcvd (001) eazycode@saros-con.imp.fu-berlin.de/Saros
DEBUG 2016-12-23 17:19:43,106 (ActivitySequencer.java:546) rcvd (002) eazycode@saros-con.imp.fu-berlin.de/Saros
DEBUG 2016-12-23 17:19:49,818 (ActivitySequencer.java:546) rcvd (003) eazycode@saros-con.imp.fu-berlin.de/Saros
DEBUG 2016-12-23 17:19:56,560 (ActivitySequencer.java:546) rcvd (003) eazycode@saros-con.imp.fu-berlin.de/Saros
DEBUG 2016-12-23 17:20:03,304 (ActivitySequencer.java:546) rcvd (003) eazycode@saros-con.imp.fu-berlin.de/Saros
DEBUG 2016-12-23 17:20:13,711 (ActivitySequencer.java:546) rcvd (001) eazycode@saros-con.imp.fu-berlin.de/Saros
DEBUG 2016-12-23 17:20:23,365 (ActivitySequencer.java:546) rcvd (002) eazycode@saros-con.imp.fu-berlin.de/Saros
DEBUG 2016-12-23 17:20:30,077 (ActivitySequencer.java:546) rcvd (003) eazycode@saros-con.imp.fu-berlin.de/Saros
DEBUG 2016-12-23 17:20:36,822 (ActivitySequencer.java:546) rcvd (003) eazycode@saros-con.imp.fu-berlin.de/Saros
DEBUG 2016-12-23 17:20:43,564 (ActivitySequencer.java:546) rcvd (003) eazycode@saros-con.imp.fu-berlin.de/Saros
DEBUG 2016-12-23 17:20:53,713 (ActivitySequencer.java:546) rcvd (001) eazycode@saros-con.imp.fu-berlin.de/Saros
DEBUG 2016-12-23 17:21:00,794 (ActivitySequencer.java:546) rcvd (002) eazycode@saros-con.imp.fu-berlin.de/Saros
DEBUG 2016-12-23 17:21:10,550 (ActivitySequencer.java:546) rcvd (003) eazycode@saros-con.imp.fu-berlin.de/Saros
DEBUG 2016-12-23 17:21:17,292 (ActivitySequencer.java:546) rcvd (003) eazycode@saros-con.imp.fu-berlin.de/Saros
DEBUG 2016-12-23 17:21:24,037 (ActivitySequencer.java:546) rcvd (003) eazycode@saros-con.imp.fu-berlin.de/Saros
DEBUG 2016-12-23 17:21:37,337 (ActivitySequencer.java:546) rcvd (002) eazycode@saros-con.imp.fu-berlin.de/Saros
DEBUG 2016-12-23 17:21:44,020 (ActivitySequencer.java:546) rcvd (004) eazycode@saros-con.imp.fu-berlin.de/Saros
DEBUG 2016-12-23 17:21:50,803 (ActivitySequencer.java:546) rcvd (002) eazycode@saros-con.imp.fu-berlin.de/Saros
DEBUG 2016-12-23 17:21:57,488 (ActivitySequencer.java:546) rcvd (001) eazycode@saros-con.imp.fu-berlin.de/Saros
DEBUG 2016-12-23 17:22:04,142 (ActivitySequencer.java:546) rcvd (003) eazycode@saros-con.imp.fu-berlin.de/Saros
DEBUG 2016-12-23 17:22:14,480 (ActivitySequencer.java:546) rcvd (002) eazycode@saros-con.imp.fu-berlin.de/Saros
DEBUG 2016-12-23 17:22:24,223 (ActivitySequencer.java:546) rcvd (004) eazycode@saros-con.imp.fu-berlin.de/Saros
DEBUG 2016-12-23 17:22:31,011 (ActivitySequencer.java:546) rcvd (002) eazycode@saros-con.imp.fu-berlin.de/Saros
DEBUG 2016-12-23 17:22:37,694 (ActivitySequencer.java:546) rcvd (001) eazycode@saros-con.imp.fu-berlin.de/Saros
DEBUG 2016-12-23 17:22:44,351 (ActivitySequencer.java:546) rcvd (003) eazycode@saros-con.imp.fu-berlin.de/Saros
DEBUG 2016-12-23 17:22:54,758 (ActivitySequencer.java:546) rcvd (003) eazycode@saros-con.imp.fu-berlin.de/Saros
DEBUG 2016-12-23 17:23:04,461 (ActivitySequencer.java:546) rcvd (003) eazycode@saros-con.imp.fu-berlin.de/Saros
DEBUG 2016-12-23 17:23:11,206 (ActivitySequencer.java:546) rcvd (003) eazycode@saros-con.imp.fu-berlin.de/Saros
DEBUG 2016-12-23 17:23:21,256 (ActivitySequencer.java:546) rcvd (001) eazycode@saros-con.imp.fu-berlin.de/Saros
DEBUG 2016-12-23 17:23:31,563 (ActivitySequencer.java:546) rcvd (002) eazycode@saros-con.imp.fu-berlin.de/Saros
DEBUG 2016-12-23 17:23:41,254 (ActivitySequencer.java:546) rcvd (003) eazycode@saros-con.imp.fu-berlin.de/Saros
DEBUG 2016-12-23 17:23:47,996 (ActivitySequencer.java:546) rcvd (003) eazycode@saros-con.imp.fu-berlin.de/Saros
DEBUG 2016-12-23 17:23:54,740 (ActivitySequencer.java:546) rcvd (003) eazycode@saros-con.imp.fu-berlin.de/Saros
DEBUG 2016-12-23 17:24:01,482 (ActivitySequencer.java:546) rcvd (003) eazycode@saros-con.imp.fu-berlin.de/Saros
DEBUG 2016-12-23 17:24:14,716 (ActivitySequencer.java:546) rcvd (002) eazycode@saros-con.imp.fu-berlin.de/Saros
DEBUG 2016-12-23 17:24:18,525 (ActivitySequencer.java:546) rcvd (004) eazycode@saros-con.imp.fu-berlin.de/Saros
DEBUG 2016-12-23 17:24:31,203 (ActivitySequencer.java:546) rcvd (001) eazycode@saros-con.imp.fu-berlin.de/Saros
DEBUG 2016-12-23 17:24:37,849 (ActivitySequencer.java:546) rcvd (002) eazycode@saros-con.imp.fu-berlin.de/Saros
DEBUG 2016-12-23 17:24:44,560 (ActivitySequencer.java:546) rcvd (003) eazycode@saros-con.imp.fu-berlin.de/Saros
DEBUG 2016-12-23 17:24:54,967 (ActivitySequencer.java:546) rcvd (003) eazycode@saros-con.imp.fu-berlin.de/Saros
DEBUG 2016-12-23 17:25:04,673 (ActivitySequencer.java:546) rcvd (003) eazycode@saros-con.imp.fu-berlin.de/Saros
DEBUG 2016-12-23 17:25:11,417 (ActivitySequencer.java:546) rcvd (003) eazycode@saros-con.imp.fu-berlin.de/Saros
DEBUG 2016-12-23 17:25:21,467 (ActivitySequencer.java:546) rcvd (001) eazycode@saros-con.imp.fu-berlin.de/Saros
DEBUG 2016-12-23 17:25:31,774 (ActivitySequencer.java:546) rcvd (002) eazycode@saros-con.imp.fu-berlin.de/Saros
DEBUG 2016-12-23 17:25:41,465 (ActivitySequencer.java:546) rcvd (003) eazycode@saros-con.imp.fu-berlin.de/Saros
DEBUG 2016-12-23 17:25:48,208 (ActivitySequencer.java:546) rcvd (003) eazycode@saros-con.imp.fu-berlin.de/Saros
DEBUG 2016-12-23 17:25:52,093 (ActivitySequencer.java:546) rcvd (003) eazycode@saros-con.imp.fu-berlin.de/Saros
DEBUG 2016-12-23 17:26:01,787 (ActivitySequencer.java:546) rcvd (001) eazycode@saros-con.imp.fu-berlin.de/Saros
DEBUG 2016-12-23 17:26:12,094 (ActivitySequencer.java:546) rcvd (002) eazycode@saros-con.imp.fu-berlin.de/Saros
DEBUG 2016-12-23 17:26:21,786 (ActivitySequencer.java:546) rcvd (003) eazycode@saros-con.imp.fu-berlin.de/Saros
DEBUG 2016-12-23 17:26:28,529 (ActivitySequencer.java:546) rcvd (003) eazycode@saros-con.imp.fu-berlin.de/Saros
DEBUG 2016-12-23 17:26:35,271 (ActivitySequencer.java:546) rcvd (003) eazycode@saros-con.imp.fu-berlin.de/Saros
DEBUG 2016-12-23 17:26:42,015 (ActivitySequencer.java:546) rcvd (003) eazycode@saros-con.imp.fu-berlin.de/Saros
DEBUG 2016-12-23 17:26:52,421 (ActivitySequencer.java:546) rcvd (002) eazycode@saros-con.imp.fu-berlin.de/Saros
DEBUG 2016-12-23 17:27:02,095 (ActivitySequencer.java:546) rcvd (001) eazycode@saros-con.imp.fu-berlin.de/Saros
DEBUG 2016-12-23 17:27:08,765 (ActivitySequencer.java:546) rcvd (003) eazycode@saros-con.imp.fu-berlin.de/Saros
DEBUG 2016-12-23 17:27:15,495 (ActivitySequencer.java:546) rcvd (003) eazycode@saros-con.imp.fu-berlin.de/Saros
DEBUG 2016-12-23 17:27:22,238 (ActivitySequencer.java:546) rcvd (003) eazycode@saros-con.imp.fu-berlin.de/Saros
DEBUG 2016-12-23 17:27:32,649 (ActivitySequencer.java:546) rcvd (001) eazycode@saros-con.imp.fu-berlin.de/Saros
DEBUG 2016-12-23 17:27:42,299 (ActivitySequencer.java:546) rcvd (002) eazycode@saros-con.imp.fu-berlin.de/Saros
DEBUG 2016-12-23 17:27:49,012 (ActivitySequencer.java:546) rcvd (003) eazycode@saros-con.imp.fu-berlin.de/Saros
DEBUG 2016-12-23 17:27:55,753 (ActivitySequencer.java:546) rcvd (003) eazycode@saros-con.imp.fu-berlin.de/Saros
DEBUG 2016-12-23 17:28:02,496 (ActivitySequencer.java:546) rcvd (003) eazycode@saros-con.imp.fu-berlin.de/Saros
DEBUG 2016-12-23 17:28:12,833 (ActivitySequencer.java:546) rcvd (002) eazycode@saros-con.imp.fu-berlin.de/Saros
DEBUG 2016-12-23 17:28:22,599 (ActivitySequencer.java:546) rcvd (001) eazycode@saros-con.imp.fu-berlin.de/Saros
DEBUG 2016-12-23 17:28:29,277 (ActivitySequencer.java:546) rcvd (003) eazycode@saros-con.imp.fu-berlin.de/Saros
DEBUG 2016-12-23 17:28:35,991 (ActivitySequencer.java:546) rcvd (003) eazycode@saros-con.imp.fu-berlin.de/Saros
DEBUG 2016-12-23 17:28:42,720 (ActivitySequencer.java:546) rcvd (003) eazycode@saros-con.imp.fu-berlin.de/Saros
DEBUG 2016-12-23 17:28:53,126 (ActivitySequencer.java:546) rcvd (002) eazycode@saros-con.imp.fu-berlin.de/Saros
DEBUG 2016-12-23 17:29:02,798 (ActivitySequencer.java:546) rcvd (001) eazycode@saros-con.imp.fu-berlin.de/Saros
DEBUG 2016-12-23 17:29:09,477 (ActivitySequencer.java:546) rcvd (003) eazycode@saros-con.imp.fu-berlin.de/Saros
DEBUG 2016-12-23 17:29:13,241 (ActivitySequencer.java:546) rcvd (003) eazycode@saros-con.imp.fu-berlin.de/Saros
DEBUG 2016-12-23 17:29:22,861 (ActivitySequencer.java:546) rcvd (002) eazycode@saros-con.imp.fu-berlin.de/Saros
DEBUG 2016-12-23 17:29:29,531 (ActivitySequencer.java:546) rcvd (001) eazycode@saros-con.imp.fu-berlin.de/Saros
DEBUG 2016-12-23 17:29:36,179 (ActivitySequencer.java:546) rcvd (003) eazycode@saros-con.imp.fu-berlin.de/Saros
DEBUG 2016-12-23 17:29:46,519 (ActivitySequencer.java:546) rcvd (003) eazycode@saros-con.imp.fu-berlin.de/Saros
DEBUG 2016-12-23 17:29:56,052 (ActivitySequencer.java:546) rcvd (003) eazycode@saros-con.imp.fu-berlin.de/Saros
DEBUG 2016-12-23 17:30:02,796 (ActivitySequencer.java:546) rcvd (003) eazycode@saros-con.imp.fu-berlin.de/Saros
DEBUG 2016-12-23 17:30:12,846 (ActivitySequencer.java:546) rcvd (001) eazycode@saros-con.imp.fu-berlin.de/Saros
DEBUG 2016-12-23 17:30:19,489 (ActivitySequencer.java:546) rcvd (002) eazycode@saros-con.imp.fu-berlin.de/Saros
DEBUG 2016-12-23 17:30:29,863 (ActivitySequencer.java:546) rcvd (003) eazycode@saros-con.imp.fu-berlin.de/Saros
DEBUG 2016-12-23 17:30:39,569 (ActivitySequencer.java:546) rcvd (003) eazycode@saros-con.imp.fu-berlin.de/Saros
DEBUG 2016-12-23 17:30:43,358 (ActivitySequencer.java:546) rcvd (003) eazycode@saros-con.imp.fu-berlin.de/Saros
DEBUG 2016-12-23 17:30:52,959 (ActivitySequencer.java:546) rcvd (001) eazycode@saros-con.imp.fu-berlin.de/Saros
DEBUG 2016-12-23 17:30:56,729 (ActivitySequencer.java:546) rcvd (002) eazycode@saros-con.imp.fu-berlin.de/Saros
DEBUG 2016-12-23 17:31:09,889 (ActivitySequencer.java:546) rcvd (003) eazycode@saros-con.imp.fu-berlin.de/Saros
DEBUG 2016-12-23 17:31:19,595 (ActivitySequencer.java:546) rcvd (003) eazycode@saros-con.imp.fu-berlin.de/Saros
DEBUG 2016-12-23 17:31:29,645 (ActivitySequencer.java:546) rcvd (003) eazycode@saros-con.imp.fu-berlin.de/Saros
DEBUG 2016-12-23 17:31:36,390 (ActivitySequencer.java:546) rcvd (003) eazycode@saros-con.imp.fu-berlin.de/Saros
DEBUG 2016-12-23 17:31:46,817 (ActivitySequencer.java:546) rcvd (003) eazycode@saros-con.imp.fu-berlin.de/Saros
DEBUG 2016-12-23 17:31:56,503 (ActivitySequencer.java:546) rcvd (003) eazycode@saros-con.imp.fu-berlin.de/Saros
DEBUG 2016-12-23 17:32:03,248 (ActivitySequencer.java:546) rcvd (003) eazycode@saros-con.imp.fu-berlin.de/Saros
DEBUG 2016-12-23 17:32:13,299 (ActivitySequencer.java:546) rcvd (002) eazycode@saros-con.imp.fu-berlin.de/Saros
DEBUG 2016-12-23 17:32:26,477 (ActivitySequencer.java:546) rcvd (001) eazycode@saros-con.imp.fu-berlin.de/Saros
DEBUG 2016-12-23 17:32:33,257 (ActivitySequencer.java:546) rcvd (006) eazycode@saros-con.imp.fu-berlin.de/Saros
DEBUG 2016-12-23 17:32:43,379 (ActivitySequencer.java:546) rcvd (001) eazycode@saros-con.imp.fu-berlin.de/Saros
DEBUG 2016-12-23 17:32:50,017 (ActivitySequencer.java:546) rcvd (002) eazycode@saros-con.imp.fu-berlin.de/Saros
DEBUG 2016-12-23 17:33:00,395 (ActivitySequencer.java:546) rcvd (003) eazycode@saros-con.imp.fu-berlin.de/Saros
DEBUG 2016-12-23 17:33:10,097 (ActivitySequencer.java:546) rcvd (003) eazycode@saros-con.imp.fu-berlin.de/Saros
DEBUG 2016-12-23 17:33:16,843 (ActivitySequencer.java:546) rcvd (003) eazycode@saros-con.imp.fu-berlin.de/Saros
DEBUG 2016-12-23 17:33:23,591 (ActivitySequencer.java:546) rcvd (003) eazycode@saros-con.imp.fu-berlin.de/Saros
DEBUG 2016-12-23 17:33:33,636 (ActivitySequencer.java:546) rcvd (003) eazycode@saros-con.imp.fu-berlin.de/Saros
DEBUG 2016-12-23 17:33:46,944 (ActivitySequencer.java:546) rcvd (002) eazycode@saros-con.imp.fu-berlin.de/Saros
DEBUG 2016-12-23 17:33:53,621 (ActivitySequencer.java:546) rcvd (004) eazycode@saros-con.imp.fu-berlin.de/Saros
DEBUG 2016-12-23 17:34:03,715 (ActivitySequencer.java:546) rcvd (001) eazycode@saros-con.imp.fu-berlin.de/Saros
DEBUG 2016-12-23 17:34:10,356 (ActivitySequencer.java:546) rcvd (002) eazycode@saros-con.imp.fu-berlin.de/Saros
DEBUG 2016-12-23 17:34:17,067 (ActivitySequencer.java:546) rcvd (003) eazycode@saros-con.imp.fu-berlin.de/Saros
DEBUG 2016-12-23 17:34:27,470 (ActivitySequencer.java:546) rcvd (003) eazycode@saros-con.imp.fu-berlin.de/Saros
DEBUG 2016-12-23 17:34:37,177 (ActivitySequencer.java:546) rcvd (003) eazycode@saros-con.imp.fu-berlin.de/Saros
DEBUG 2016-12-23 17:34:43,920 (ActivitySequencer.java:546) rcvd (003) eazycode@saros-con.imp.fu-berlin.de/Saros
DEBUG 2016-12-23 17:34:50,663 (ActivitySequencer.java:546) rcvd (002) eazycode@saros-con.imp.fu-berlin.de/Saros
DEBUG 2016-12-23 17:34:57,350 (ActivitySequencer.java:546) rcvd (001) eazycode@saros-con.imp.fu-berlin.de/Saros
DEBUG 2016-12-23 17:35:07,439 (ActivitySequencer.java:546) rcvd (003) eazycode@saros-con.imp.fu-berlin.de/Saros
DEBUG 2016-12-23 17:35:17,223 (ActivitySequencer.java:546) rcvd (003) eazycode@saros-con.imp.fu-berlin.de/Saros
DEBUG 2016-12-23 17:35:21,012 (ActivitySequencer.java:546) rcvd (003) eazycode@saros-con.imp.fu-berlin.de/Saros
DEBUG 2016-12-23 17:35:33,605 (ActivitySequencer.java:546) rcvd (001) eazycode@saros-con.imp.fu-berlin.de/Saros
DEBUG 2016-12-23 17:35:43,909 (ActivitySequencer.java:546) rcvd (002) eazycode@saros-con.imp.fu-berlin.de/Saros
DEBUG 2016-12-23 17:35:53,599 (ActivitySequencer.java:546) rcvd (003) eazycode@saros-con.imp.fu-berlin.de/Saros
DEBUG 2016-12-23 17:36:00,342 (ActivitySequencer.java:546) rcvd (003) eazycode@saros-con.imp.fu-berlin.de/Saros
DEBUG 2016-12-23 17:36:07,087 (ActivitySequencer.java:546) rcvd (003) eazycode@saros-con.imp.fu-berlin.de/Saros
DEBUG 2016-12-23 17:36:13,829 (ActivitySequencer.java:546) rcvd (003) eazycode@saros-con.imp.fu-berlin.de/Saros
DEBUG 2016-12-23 17:36:24,240 (ActivitySequencer.java:546) rcvd (003) eazycode@saros-con.imp.fu-berlin.de/Saros
DEBUG 2016-12-23 17:36:33,089 (CancelableProcess.java:156) process IPN [remote side: eazycode@saros-con.imp.fu-berlin.de/Saros] was cancelled by the local side, error: none
DEBUG 2016-12-23 17:36:33,094 (CancelableProcess.java:401) process IPN [remote side: eazycode@saros-con.imp.fu-berlin.de/Saros] was cancelled manually by the local user
DEBUG 2016-12-23 17:36:33,096 (ProjectNegotiation.java:137) notifying remote contact eazycode@saros-con.imp.fu-berlin.de/Saros of the local project negotiation cancellation
INFO  2016-12-23 17:36:33,104 (ConsistencyWatchdogClient.java:455) Inconsistencies have been detected
DEBUG 2016-12-23 17:36:33,106 (ConsistencyAction.java:173) Inconsistency indicator goes: on
DEBUG 2016-12-23 17:36:33,110 (ConsistencyAction.java:173) Inconsistency indicator goes: on
DEBUG 2016-12-23 17:36:33,110 (ConsistencyAction.java:173) Inconsistency indicator goes: on
DEBUG 2016-12-23 17:36:33,946 (ActivitySequencer.java:546) rcvd (003) eazycode@saros-con.imp.fu-berlin.de/Saros
DEBUG 2016-12-23 17:36:37,877 (ActivitySequencer.java:496) send (001) eazycode@saros-con.imp.fu-berlin.de/Saros
DEBUG 2016-12-23 17:36:37,925 (CancelableProcess.java:349) executing cancellation for process IPN [remote side: eazycode@saros-con.imp.fu-berlin.de/Saros]
DEBUG 2016-12-23 17:36:37,926 (SarosProjectMapper.java:208) removed project de.fu_berlin.inf.dpp.filesystem.EclipseProjectImpl@684201c1 - P/Client2 with ID 324912812
DEBUG 2016-12-23 17:36:37,927 (SarosSessionManager.java:330) terminating all running negotiation processes
DEBUG 2016-12-23 17:36:37,929 (SarosSessionManager.java:337) Leave message sent.
DEBUG 2016-12-23 17:36:37,931 (ActivityHandler.java:109) activity dispatcher stopped
INFO  2016-12-23 17:36:37,932 (FeedbackManager.java:104) Session lasted 54 min 33 s
INFO  2016-12-23 17:36:37,933 (FeedbackManager.java:119) Sessions until next survey: 3
DEBUG 2016-12-23 17:36:37,934 (FollowModeCollector.java:177) Processing follow mode changes took 0.0 s
INFO  2016-12-23 17:36:37,936 (ParticipantCollector.java:145) Session ended: Current number of participants: 2
DEBUG 2016-12-23 17:36:37,948 (StatisticManager.java:329) Session statistic:
  auto.followmode.enabled=false
  data_transfer.IBB.average_throughput_kbs=0.3
  data_transfer.IBB.number_of_events=557
  data_transfer.IBB.total_size_kb=190
  data_transfer.IBB.total_time_ms=631098
  feedback.disabled=false
  feedback.survey.interval=5
  followmode.time.percent=0
  followmode.time.total=0.0
  followmode.toggles=0
  gesture.count=0
  java.version=1.8.0_101
  jumped.count=0
  jumped.driver.count=0
  jumped.observer.count=0
  observer.selection.count.witnessed=0
  observer.selection.count=0
  os.name=Windows 10
  platform.version=3.12.0.v20160606-1342
  random.user.id=2016-12-21_19-02-41_1789355881
  role.1.duration=54.56
  role.1=write_access
  role.changes=0
  role.driver.duration=54.56
  role.driver.percent=100
  role.observer.duration=0.0
  role.observer.percent=0
  saros.version=14.10.31
  session.count=9
  session.id=2019194294
  session.local.start=2016-12-23T16:36:37Z
  session.shared.project.complete.count=0
  session.shared.project.partial.count=0
  session.shared.project.partial.files.count=0
  session.time.users.2.percent=100
  session.time.users.2=54.56
  session.time=54.56
  session.users.total=2
  textedits.chars=0
  textedits.count=0
  textedits.nonparallel.chars=0
  textedits.nonparallel.percent=0
  textedits.pastes.chars=0
  textedits.pastes=0
  user.is.host=false
INFO  2016-12-23 17:36:37,948 (StatisticManager.java:243) User does not allow to submit session statistics
WARN  2016-12-23 17:36:41,121 (CancelProjectSharingHandler.java:74) Inv[unknown user]: Received invitation cancel message
DEBUG 2016-12-23 17:36:41,557 (EditorManager.java:1697) unlocking all editors
ERROR 2016-12-23 17:36:41,872 (SPathConverter.java:80) Could not create SPath because there is no shared project for id '324912812'
ERROR 2016-12-23 17:36:41,891 (SPathConverter.java:80) Could not create SPath because there is no shared project for id '324912812'
ERROR 2016-12-23 17:36:41,905 (SPathConverter.java:80) Could not create SPath because there is no shared project for id '324912812'
DEBUG 2016-12-23 17:36:42,874 (BinaryChannelConnection.java:112) [mode=IBB, id=saros-main-session] eazycode@saros-con.imp.fu-berlin.de/Saros connection closed remotely:null
DEBUG 2016-12-23 17:36:42,892 (DataTransferManager.java:330) closed connection [pool id=saros-main-session:out:eazycode@saros-con.imp.fu-berlin.de/Saros]: [mode=IBB, id=saros-main-session] eazycode@saros-con.imp.fu-berlin.de/Saros
DEBUG 2016-12-23 17:36:42,893 (XStreamExtensionProvider.java:169) Unregistering (resetting) converter of class de.fu_berlin.inf.dpp.misc.xstream.SPathConverter
DEBUG 2016-12-23 17:36:42,893 (XStreamExtensionProvider.java:216) Unregistering (resetting) converter of class de.fu_berlin.inf.dpp.misc.xstream.UserConverter
DEBUG 2016-12-23 17:36:42,995 (SharedProjectDecorator.java:93) clearing project decoration for all shared projects
DEBUG 2016-12-23 17:36:42,997 (DocumentRecord.java:93) Added Node: attr(148251100299737181) name=svg
DEBUG 2016-12-23 17:36:43,035 (MultiUserChatService.java:135) leaving multi user chat de.fu_berlin.inf.dpp.communication.chat.muc.MultiUserChat@da3cc40
INFO  2016-12-23 17:36:43,038 (SarosSessionManager.java:351) session stopped
DEBUG 2016-12-23 17:36:43,038 (CancelableProcess.java:353) process IPN [remote side: eazycode@saros-con.imp.fu-berlin.de/Saros] exit status: CANCEL
DEBUG 2016-12-23 17:38:29,547 (DiscoveryManager.java:98) clearing cache entry of contact eazycode@saros-con.imp.fu-berlin.de/Saros: <query xmlns="http://jabber.org/protocol/disco#info"><identity category="client" name="Smack" type="pc"/><feature var="http://jabber.org/protocol/disco#items"/><feature var="http://jabber.org/protocol/bytestreams"/><feature var="http://jabber.org/protocol/ibb"/><feature var="http://jabber.org/protocol/si"/><feature var="http://jabber.org/protocol/xhtml-im"/><feature var="http://jabber.org/protocol/chatstates"/><feature var="http://jabber.org/protocol/si/profile/file-transfer"/><feature var="urn:xmpp:ping"/><feature var="jabber:iq:last"/><feature var="http://jabber.org/protocol/commands"/><feature var="http://jabber.org/protocol/muc"/><feature var="de.fu_berlin.inf.dpp"/><feature var="http://jabber.org/protocol/disco#info"/></query>
DEBUG 2016-12-23 17:38:29,550 (BinaryChannelConnection.java:112) [mode=IBB, id=default] eazycode@saros-con.imp.fu-berlin.de/Saros connection closed remotely:null
ERROR 2016-12-23 17:38:29,595 (BinaryChannelConnection.java:176) failed to gracefully close connection [mode=IBB, id=default] eazycode@saros-con.imp.fu-berlin.de/Saros
java.io.IOException: Error while closing stream: service-unavailable(503)
	at org.jivesoftware.smackx.bytestreams.ibb.InBandBytestreamSession.closeByLocal(InBandBytestreamSession.java:213)
	at org.jivesoftware.smackx.bytestreams.ibb.InBandBytestreamSession.close(InBandBytestreamSession.java:153)
	at de.fu_berlin.inf.dpp.net.internal.XMPPByteStreamAdapter.close(XMPPByteStreamAdapter.java:32)
	at de.fu_berlin.inf.dpp.net.internal.BinaryChannelConnection.close(BinaryChannelConnection.java:174)
	at de.fu_berlin.inf.dpp.net.internal.BinaryChannelConnection$ReceiverThread.run(BinaryChannelConnection.java:119)
DEBUG 2016-12-23 17:38:29,602 (DataTransferManager.java:336) closed connection [pool id=default:in:eazycode@saros-con.imp.fu-berlin.de/Saros]: [mode=IBB, id=default] eazycode@saros-con.imp.fu-berlin.de/Saros
DEBUG 2016-12-23 18:11:14,322 (XMPPConnectionService.java:398) xzer@saros-con.imp.fu-berlin.de/Saros new connection state == DISCONNECTING
DEBUG 2016-12-23 18:11:14,751 (XMPPConnectionService.java:398)  new connection state == NOT_CONNECTED
DEBUG 2016-12-23 18:11:14,752 (UPnPServiceImpl.java:295) deleting existing port mappings
