INFO  2018-01-18 19:58:18,263 (Saros.java:220) Starting Saros 14.10.31 running:
  Java Version: 1.8.0_101
  Java Vendor: Oracle Corporation
  Eclipse Runtime Version: 3.12.0.v20160606-1342
  Operating System: Windows 10 (10.0)
  Hardware Architecture: amd64
INFO  2018-01-18 19:58:18,290 (SarosContext.java:153) creating Saros runtime context...
DEBUG 2018-01-18 19:58:18,323 (XMPPAccountStore.java:117) loading accounts from file: C:\Users\xyzer\.saros\config.dat
DEBUG 2018-01-18 19:58:18,423 (XMPPAccountStore.java:176) loaded 1 account(s)
INFO  2018-01-18 19:58:18,526 (SarosContext.java:199) successfully created Saros runtime context
DEBUG 2018-01-18 19:58:18,540 (DataTransferManager.java:467) used transport order for the current XMPP connection: [XMPP-Socks5-Transport, XMPP-IBB-Transport]
INFO  2018-01-18 19:58:18,557 (PreferenceInitializer.java:50) initializing preference default values
DEBUG 2018-01-18 19:58:18,585 (SarosAnnotation.java:117) resetting annotation colors
DEBUG 2018-01-18 19:58:18,591 (Saros.java:430) skipping conversion of old XMPP accounts, because there are already new ones
DEBUG 2018-01-18 19:58:21,125 (SharedDocumentProvider.java:77) SharedDocumentProvider created by Eclipse
DEBUG 2018-01-18 19:58:27,485 (WhiteboardManager.java:194) WhiteboardManager instantiated
DEBUG 2018-01-18 19:58:27,532 (DocumentRecord.java:93) Added Node: attr(151630190751935423) name=svg
DEBUG 2018-01-18 19:58:27,654 (XMPPConnectionService.java:439) started Socks5 proxy on port: 7778 [listening on all interfaces]
DEBUG 2018-01-18 19:58:28,930 (XMPPConnectionService.java:459) using autodetected addresses: [192.168.2.107, 2003:d5:e3de:1e82:3825:1d6e:3ae2:61c4, 2003:d5:e3de:1e82:4968:8dc5:9425:ef1c, fe80:0:0:0:3825:1d6e:3ae2:61c4%eth2]
DEBUG 2018-01-18 19:58:28,937 (XMPPConnectionService.java:398)  new connection state == CONNECTING
DEBUG 2018-01-18 19:58:34,685 (XMPPConnectionService.java:398) xzer@saros-con.imp.fu-berlin.de/Saros new connection state == CONNECTED
DEBUG 2018-01-18 19:58:34,685 (DataTransferManager.java:467) used transport order for the current XMPP connection: [XMPP-Socks5-Transport, XMPP-IBB-Transport]
DEBUG 2018-01-18 19:58:34,687 (SkypeManager.java:289) Refreshing Skype username cache...
WARN  2018-01-18 19:58:39,935 (StunServiceImpl.java:420) received no response from STUN server stunserver.org/67.227.226.240:3478 at local address /192.168.2.107:0
DEBUG 2018-01-18 20:26:24,563 (XMPPConnectionService.java:398) xzer@saros-con.imp.fu-berlin.de/Saros new connection state == DISCONNECTING
DEBUG 2018-01-18 20:26:24,717 (XMPPConnectionService.java:398)  new connection state == NOT_CONNECTED
DEBUG 2018-01-18 20:26:24,718 (UPnPServiceImpl.java:295) deleting existing port mappings
