INFO  2017-07-03 18:47:49,525 (Saros.java:220) Starting Saros 14.10.31 running:
  Java Version: 1.8.0_101
  Java Vendor: Oracle Corporation
  Eclipse Runtime Version: 3.12.0.v20160606-1342
  Operating System: Windows 10 (10.0)
  Hardware Architecture: amd64
INFO  2017-07-03 18:47:49,581 (SarosContext.java:153) creating Saros runtime context...
DEBUG 2017-07-03 18:47:49,653 (XMPPAccountStore.java:117) loading accounts from file: C:\Users\xyzer\.saros\config.dat
DEBUG 2017-07-03 18:47:49,926 (XMPPAccountStore.java:176) loaded 1 account(s)
INFO  2017-07-03 18:47:50,262 (SarosContext.java:199) successfully created Saros runtime context
DEBUG 2017-07-03 18:47:50,298 (DataTransferManager.java:467) used transport order for the current XMPP connection: [XMPP-Socks5-Transport, XMPP-IBB-Transport]
INFO  2017-07-03 18:47:50,329 (PreferenceInitializer.java:50) initializing preference default values
DEBUG 2017-07-03 18:47:50,406 (SarosAnnotation.java:117) resetting annotation colors
DEBUG 2017-07-03 18:47:50,417 (Saros.java:430) skipping conversion of old XMPP accounts, because there are already new ones
DEBUG 2017-07-03 18:47:59,806 (SharedDocumentProvider.java:77) SharedDocumentProvider created by Eclipse
DEBUG 2017-07-03 18:48:13,306 (WhiteboardManager.java:194) WhiteboardManager instantiated
DEBUG 2017-07-03 18:48:13,599 (DocumentRecord.java:93) Added Node: attr(14991004935932429) name=svg
DEBUG 2017-07-03 18:48:13,952 (XMPPConnectionService.java:439) started Socks5 proxy on port: 7777 [listening on all interfaces]
DEBUG 2017-07-03 18:48:19,850 (XMPPConnectionService.java:459) using autodetected addresses: [192.168.2.105, fe80:0:0:0:50fa:8586:2f83:e7%eth3, 2001:0:9d38:78cf:1c2e:fbff:a87b:9476, fe80:0:0:0:1c2e:fbff:a87b:9476%net2]
DEBUG 2017-07-03 18:48:20,012 (XMPPConnectionService.java:398)  new connection state == CONNECTING
DEBUG 2017-07-03 18:48:21,912 (XMPPConnectionService.java:398) xzer@saros-con.imp.fu-berlin.de/Saros new connection state == CONNECTED
DEBUG 2017-07-03 18:48:21,913 (DataTransferManager.java:467) used transport order for the current XMPP connection: [XMPP-Socks5-Transport, XMPP-IBB-Transport]
DEBUG 2017-07-03 18:48:21,927 (SkypeManager.java:289) Refreshing Skype username cache...
WARN  2017-07-03 18:48:33,300 (StunServiceImpl.java:420) received no response from STUN server stunserver.org/184.168.221.96:3478 at local address /192.168.2.105:0
DEBUG 2017-07-03 19:00:00,257 (XMPPConnectionService.java:398) xzer@saros-con.imp.fu-berlin.de/Saros new connection state == DISCONNECTING
DEBUG 2017-07-03 19:00:00,525 (XMPPConnectionService.java:398)  new connection state == NOT_CONNECTED
DEBUG 2017-07-03 19:00:00,526 (UPnPServiceImpl.java:295) deleting existing port mappings
