INFO  2017-02-01 18:18:18,088 (Saros.java:220) Starting Saros 14.10.31 running:
  Java Version: 1.8.0_101
  Java Vendor: Oracle Corporation
  Eclipse Runtime Version: 3.12.0.v20160606-1342
  Operating System: Windows 10 (10.0)
  Hardware Architecture: amd64
INFO  2017-02-01 18:18:18,136 (SarosContext.java:153) creating Saros runtime context...
DEBUG 2017-02-01 18:18:18,564 (XMPPAccountStore.java:117) loading accounts from file: C:\Users\xyzer\.saros\config.dat
DEBUG 2017-02-01 18:18:19,349 (XMPPAccountStore.java:176) loaded 1 account(s)
INFO  2017-02-01 18:18:19,606 (SarosContext.java:199) successfully created Saros runtime context
DEBUG 2017-02-01 18:18:19,636 (DataTransferManager.java:467) used transport order for the current XMPP connection: [XMPP-Socks5-Transport, XMPP-IBB-Transport]
INFO  2017-02-01 18:18:19,662 (PreferenceInitializer.java:50) initializing preference default values
DEBUG 2017-02-01 18:18:19,733 (SarosAnnotation.java:117) resetting annotation colors
DEBUG 2017-02-01 18:18:19,744 (Saros.java:430) skipping conversion of old XMPP accounts, because there are already new ones
DEBUG 2017-02-01 18:18:29,091 (SharedDocumentProvider.java:77) SharedDocumentProvider created by Eclipse
DEBUG 2017-02-01 18:18:50,035 (WhiteboardManager.java:194) WhiteboardManager instantiated
DEBUG 2017-02-01 18:18:51,409 (DocumentRecord.java:93) Added Node: attr(148596953126076324) name=svg
DEBUG 2017-02-01 18:18:52,678 (XMPPConnectionService.java:439) started Socks5 proxy on port: 7777 [listening on all interfaces]
DEBUG 2017-02-01 18:18:55,610 (XMPPConnectionService.java:459) using autodetected addresses: [192.168.2.110, fe80:0:0:0:50fa:8586:2f83:e7%eth2, 2001:0:34ae:348:10a8:24ff:a20b:90ec, fe80:0:0:0:10a8:24ff:a20b:90ec%net3]
DEBUG 2017-02-01 18:18:55,618 (XMPPConnectionService.java:398)  new connection state == CONNECTING
DEBUG 2017-02-01 18:18:56,829 (XMPPConnectionService.java:398) xzer@saros-con.imp.fu-berlin.de/Saros new connection state == CONNECTED
DEBUG 2017-02-01 18:18:56,830 (DataTransferManager.java:467) used transport order for the current XMPP connection: [XMPP-Socks5-Transport, XMPP-IBB-Transport]
DEBUG 2017-02-01 18:18:56,833 (SkypeManager.java:289) Refreshing Skype username cache...
WARN  2017-02-01 18:19:06,505 (StunServiceImpl.java:420) received no response from STUN server stunserver.org/69.172.201.153:3478 at local address /192.168.2.110:0
DEBUG 2017-02-01 20:06:18,260 (XMPPConnectionService.java:398) xzer@saros-con.imp.fu-berlin.de/Saros new connection state == DISCONNECTING
DEBUG 2017-02-01 20:06:18,423 (XMPPConnectionService.java:398)  new connection state == NOT_CONNECTED
DEBUG 2017-02-01 20:06:18,424 (UPnPServiceImpl.java:295) deleting existing port mappings
