INFO  2017-12-29 19:59:43,418 (Saros.java:220) Starting Saros 14.10.31 running:
  Java Version: 1.8.0_101
  Java Vendor: Oracle Corporation
  Eclipse Runtime Version: 3.12.0.v20160606-1342
  Operating System: Windows 10 (10.0)
  Hardware Architecture: amd64
INFO  2017-12-29 19:59:43,452 (SarosContext.java:153) creating Saros runtime context...
DEBUG 2017-12-29 19:59:43,489 (XMPPAccountStore.java:117) loading accounts from file: C:\Users\xyzer\.saros\config.dat
DEBUG 2017-12-29 19:59:43,647 (XMPPAccountStore.java:176) loaded 1 account(s)
INFO  2017-12-29 19:59:43,774 (SarosContext.java:199) successfully created Saros runtime context
DEBUG 2017-12-29 19:59:43,792 (DataTransferManager.java:467) used transport order for the current XMPP connection: [XMPP-Socks5-Transport, XMPP-IBB-Transport]
INFO  2017-12-29 19:59:43,811 (PreferenceInitializer.java:50) initializing preference default values
DEBUG 2017-12-29 19:59:43,841 (SarosAnnotation.java:117) resetting annotation colors
DEBUG 2017-12-29 19:59:43,848 (Saros.java:430) skipping conversion of old XMPP accounts, because there are already new ones
DEBUG 2017-12-29 19:59:48,004 (SharedDocumentProvider.java:77) SharedDocumentProvider created by Eclipse
DEBUG 2017-12-29 19:59:56,902 (WhiteboardManager.java:194) WhiteboardManager instantiated
DEBUG 2017-12-29 19:59:56,922 (DocumentRecord.java:93) Added Node: attr(151457399691936702) name=svg
DEBUG 2017-12-29 19:59:57,004 (XMPPConnectionService.java:439) started Socks5 proxy on port: 7778 [listening on all interfaces]
DEBUG 2017-12-29 19:59:58,137 (XMPPConnectionService.java:459) using autodetected addresses: [192.168.2.107, 2003:d5:e3e0:1407:3825:1d6e:3ae2:61c4, 2003:d5:e3e0:1407:d539:9e03:90e0:dd57, fe80:0:0:0:3825:1d6e:3ae2:61c4%eth2, 2001:0:9d38:78cf:24b8:1fe:3f57:fd94, fe80:0:0:0:24b8:1fe:3f57:fd94%net4]
DEBUG 2017-12-29 19:59:58,145 (XMPPConnectionService.java:398)  new connection state == CONNECTING
WARN  2017-12-29 20:00:09,285 (StunServiceImpl.java:420) received no response from STUN server stunserver.org/67.227.226.240:3478 at local address /192.168.2.107:0
DEBUG 2017-12-29 20:00:12,907 (XMPPConnectionService.java:398) xzer@saros-con.imp.fu-berlin.de/Saros new connection state == CONNECTED
DEBUG 2017-12-29 20:00:12,907 (DataTransferManager.java:467) used transport order for the current XMPP connection: [XMPP-Socks5-Transport, XMPP-IBB-Transport]
DEBUG 2017-12-29 20:00:12,911 (SkypeManager.java:289) Refreshing Skype username cache...
ERROR 2017-12-29 23:15:43,717 (XMPPConnectionService.java:101) XMPP connection error: 
java.net.SocketTimeoutException: Read timed out
	at java.net.SocketInputStream.socketRead0(Native Method)
	at java.net.SocketInputStream.socketRead(Unknown Source)
	at java.net.SocketInputStream.read(Unknown Source)
	at java.net.SocketInputStream.read(Unknown Source)
	at sun.security.ssl.InputRecord.readFully(Unknown Source)
	at sun.security.ssl.InputRecord.read(Unknown Source)
	at sun.security.ssl.SSLSocketImpl.readRecord(Unknown Source)
	at sun.security.ssl.SSLSocketImpl.readDataRecord(Unknown Source)
	at sun.security.ssl.AppInputStream.read(Unknown Source)
	at sun.nio.cs.StreamDecoder.readBytes(Unknown Source)
	at sun.nio.cs.StreamDecoder.implRead(Unknown Source)
	at sun.nio.cs.StreamDecoder.read(Unknown Source)
	at java.io.InputStreamReader.read(Unknown Source)
	at java.io.BufferedReader.fill(Unknown Source)
	at java.io.BufferedReader.read1(Unknown Source)
	at java.io.BufferedReader.read(Unknown Source)
	at org.xmlpull.mxp1.MXParser.fillBuf(MXParser.java:2992)
	at org.xmlpull.mxp1.MXParser.more(MXParser.java:3046)
	at org.xmlpull.mxp1.MXParser.nextImpl(MXParser.java:1144)
	at org.xmlpull.mxp1.MXParser.next(MXParser.java:1093)
	at org.jivesoftware.smack.PacketReader.parsePackets(PacketReader.java:312)
	at org.jivesoftware.smack.PacketReader.access$000(PacketReader.java:48)
	at org.jivesoftware.smack.PacketReader$1.run(PacketReader.java:76)
ERROR 2017-12-29 23:15:43,737 (XMPPConnectionService.java:400)  new connection state == ERROR
java.net.SocketTimeoutException: Read timed out
	at java.net.SocketInputStream.socketRead0(Native Method)
	at java.net.SocketInputStream.socketRead(Unknown Source)
	at java.net.SocketInputStream.read(Unknown Source)
	at java.net.SocketInputStream.read(Unknown Source)
	at sun.security.ssl.InputRecord.readFully(Unknown Source)
	at sun.security.ssl.InputRecord.read(Unknown Source)
	at sun.security.ssl.SSLSocketImpl.readRecord(Unknown Source)
	at sun.security.ssl.SSLSocketImpl.readDataRecord(Unknown Source)
	at sun.security.ssl.AppInputStream.read(Unknown Source)
	at sun.nio.cs.StreamDecoder.readBytes(Unknown Source)
	at sun.nio.cs.StreamDecoder.implRead(Unknown Source)
	at sun.nio.cs.StreamDecoder.read(Unknown Source)
	at java.io.InputStreamReader.read(Unknown Source)
	at java.io.BufferedReader.fill(Unknown Source)
	at java.io.BufferedReader.read1(Unknown Source)
	at java.io.BufferedReader.read(Unknown Source)
	at org.xmlpull.mxp1.MXParser.fillBuf(MXParser.java:2992)
	at org.xmlpull.mxp1.MXParser.more(MXParser.java:3046)
	at org.xmlpull.mxp1.MXParser.nextImpl(MXParser.java:1144)
	at org.xmlpull.mxp1.MXParser.next(MXParser.java:1093)
	at org.jivesoftware.smack.PacketReader.parsePackets(PacketReader.java:312)
	at org.jivesoftware.smack.PacketReader.access$000(PacketReader.java:48)
	at org.jivesoftware.smack.PacketReader$1.run(PacketReader.java:76)
DEBUG 2017-12-29 23:15:43,751 (XMPPConnectionService.java:398)  new connection state == NOT_CONNECTED
