INFO  2017-01-14 15:08:57,606 (Saros.java:220) Starting Saros 14.10.31 running:
  Java Version: 1.8.0_101
  Java Vendor: Oracle Corporation
  Eclipse Runtime Version: 3.12.0.v20160606-1342
  Operating System: Windows 10 (10.0)
  Hardware Architecture: amd64
INFO  2017-01-14 15:08:57,656 (SarosContext.java:153) creating Saros runtime context...
DEBUG 2017-01-14 15:08:57,720 (XMPPAccountStore.java:117) loading accounts from file: C:\Users\xyzer\.saros\config.dat
DEBUG 2017-01-14 15:08:58,101 (XMPPAccountStore.java:176) loaded 1 account(s)
INFO  2017-01-14 15:08:58,295 (SarosContext.java:199) successfully created Saros runtime context
DEBUG 2017-01-14 15:08:58,324 (DataTransferManager.java:467) used transport order for the current XMPP connection: [XMPP-Socks5-Transport, XMPP-IBB-Transport]
INFO  2017-01-14 15:08:58,349 (PreferenceInitializer.java:50) initializing preference default values
DEBUG 2017-01-14 15:08:58,399 (SarosAnnotation.java:117) resetting annotation colors
DEBUG 2017-01-14 15:08:58,407 (Saros.java:430) skipping conversion of old XMPP accounts, because there are already new ones
DEBUG 2017-01-14 15:09:05,202 (SharedDocumentProvider.java:77) SharedDocumentProvider created by Eclipse
DEBUG 2017-01-14 15:09:21,840 (WhiteboardManager.java:194) WhiteboardManager instantiated
DEBUG 2017-01-14 15:09:21,872 (DocumentRecord.java:93) Added Node: attr(148440296186813805) name=svg
DEBUG 2017-01-14 15:09:21,958 (XMPPConnectionService.java:439) started Socks5 proxy on port: 7777 [listening on all interfaces]
DEBUG 2017-01-14 15:09:24,146 (XMPPConnectionService.java:459) using autodetected addresses: [192.168.2.110, fe80:0:0:0:50fa:8586:2f83:e7%eth2, 2001:0:5ef5:79fb:284a:1ed5:a20a:574b, fe80:0:0:0:284a:1ed5:a20a:574b%net4]
DEBUG 2017-01-14 15:09:24,153 (XMPPConnectionService.java:398)  new connection state == CONNECTING
DEBUG 2017-01-14 15:09:25,193 (XMPPConnectionService.java:398) xzer@saros-con.imp.fu-berlin.de/Saros new connection state == CONNECTED
DEBUG 2017-01-14 15:09:25,193 (DataTransferManager.java:467) used transport order for the current XMPP connection: [XMPP-Socks5-Transport, XMPP-IBB-Transport]
DEBUG 2017-01-14 15:09:25,195 (SkypeManager.java:289) Refreshing Skype username cache...
WARN  2017-01-14 15:09:34,508 (StunServiceImpl.java:420) received no response from STUN server stunserver.org/69.172.201.153:3478 at local address /192.168.2.110:0
DEBUG 2017-01-14 15:14:10,762 (XMPPConnectionService.java:398) xzer@saros-con.imp.fu-berlin.de/Saros new connection state == DISCONNECTING
DEBUG 2017-01-14 15:14:11,058 (XMPPConnectionService.java:398)  new connection state == NOT_CONNECTED
DEBUG 2017-01-14 15:14:11,074 (UPnPServiceImpl.java:295) deleting existing port mappings
