INFO  2017-09-20 19:28:13,555 (Saros.java:220) Starting Saros 14.10.31 running:
  Java Version: 1.8.0_101
  Java Vendor: Oracle Corporation
  Eclipse Runtime Version: 3.12.0.v20160606-1342
  Operating System: Windows 10 (10.0)
  Hardware Architecture: amd64
INFO  2017-09-20 19:28:13,588 (SarosContext.java:153) creating Saros runtime context...
DEBUG 2017-09-20 19:28:13,633 (XMPPAccountStore.java:117) loading accounts from file: C:\Users\xyzer\.saros\config.dat
DEBUG 2017-09-20 19:28:13,840 (XMPPAccountStore.java:176) loaded 1 account(s)
INFO  2017-09-20 19:28:14,058 (SarosContext.java:199) successfully created Saros runtime context
DEBUG 2017-09-20 19:28:14,094 (DataTransferManager.java:467) used transport order for the current XMPP connection: [XMPP-Socks5-Transport, XMPP-IBB-Transport]
INFO  2017-09-20 19:28:14,122 (PreferenceInitializer.java:50) initializing preference default values
DEBUG 2017-09-20 19:28:14,165 (SarosAnnotation.java:117) resetting annotation colors
DEBUG 2017-09-20 19:28:14,171 (Saros.java:430) skipping conversion of old XMPP accounts, because there are already new ones
DEBUG 2017-09-20 19:28:18,965 (SharedDocumentProvider.java:77) SharedDocumentProvider created by Eclipse
DEBUG 2017-09-20 19:28:26,944 (WhiteboardManager.java:194) WhiteboardManager instantiated
DEBUG 2017-09-20 19:28:27,043 (DocumentRecord.java:93) Added Node: attr(15059285070406826) name=svg
DEBUG 2017-09-20 19:28:27,183 (XMPPConnectionService.java:439) started Socks5 proxy on port: 7777 [listening on all interfaces]
DEBUG 2017-09-20 19:28:31,936 (XMPPConnectionService.java:459) using autodetected addresses: [192.168.2.104, fe80:0:0:0:50fa:8586:2f83:e7%eth3, 2001:0:9d38:78cf:248a:94:af6d:ccd5, fe80:0:0:0:248a:94:af6d:ccd5%net4]
DEBUG 2017-09-20 19:28:31,945 (XMPPConnectionService.java:398)  new connection state == CONNECTING
DEBUG 2017-09-20 19:28:39,030 (XMPPConnectionService.java:398) xzer@saros-con.imp.fu-berlin.de/Saros new connection state == CONNECTED
DEBUG 2017-09-20 19:28:39,030 (DataTransferManager.java:467) used transport order for the current XMPP connection: [XMPP-Socks5-Transport, XMPP-IBB-Transport]
DEBUG 2017-09-20 19:28:39,037 (SkypeManager.java:289) Refreshing Skype username cache...
WARN  2017-09-20 19:28:42,198 (StunServiceImpl.java:420) received no response from STUN server stunserver.org/67.227.226.240:3478 at local address /192.168.2.104:0
DEBUG 2017-09-20 19:29:34,021 (XMPPConnectionService.java:398) xzer@saros-con.imp.fu-berlin.de/Saros new connection state == DISCONNECTING
DEBUG 2017-09-20 19:29:34,194 (XMPPConnectionService.java:398)  new connection state == NOT_CONNECTED
DEBUG 2017-09-20 19:29:34,195 (UPnPServiceImpl.java:295) deleting existing port mappings
