INFO  2017-03-19 13:55:26,189 (Saros.java:220) Starting Saros 14.10.31 running:
  Java Version: 1.8.0_101
  Java Vendor: Oracle Corporation
  Eclipse Runtime Version: 3.12.0.v20160606-1342
  Operating System: Windows 10 (10.0)
  Hardware Architecture: amd64
INFO  2017-03-19 13:55:26,226 (SarosContext.java:153) creating Saros runtime context...
DEBUG 2017-03-19 13:55:26,290 (XMPPAccountStore.java:117) loading accounts from file: C:\Users\xyzer\.saros\config.dat
DEBUG 2017-03-19 13:55:26,639 (XMPPAccountStore.java:176) loaded 1 account(s)
INFO  2017-03-19 13:55:26,893 (SarosContext.java:199) successfully created Saros runtime context
DEBUG 2017-03-19 13:55:26,926 (DataTransferManager.java:467) used transport order for the current XMPP connection: [XMPP-Socks5-Transport, XMPP-IBB-Transport]
INFO  2017-03-19 13:55:26,966 (PreferenceInitializer.java:50) initializing preference default values
DEBUG 2017-03-19 13:55:27,015 (SarosAnnotation.java:117) resetting annotation colors
DEBUG 2017-03-19 13:55:27,025 (Saros.java:430) skipping conversion of old XMPP accounts, because there are already new ones
DEBUG 2017-03-19 13:55:32,304 (SharedDocumentProvider.java:77) SharedDocumentProvider created by Eclipse
DEBUG 2017-03-19 13:55:38,104 (WhiteboardManager.java:194) WhiteboardManager instantiated
DEBUG 2017-03-19 13:55:38,159 (DocumentRecord.java:93) Added Node: attr(148992813813845740) name=svg
DEBUG 2017-03-19 13:55:38,379 (XMPPConnectionService.java:439) started Socks5 proxy on port: 7777 [listening on all interfaces]
DEBUG 2017-03-19 13:55:41,541 (XMPPConnectionService.java:459) using autodetected addresses: [192.168.2.110, fe80:0:0:0:50fa:8586:2f83:e7%eth1, 2001:0:9d38:78cf:1ccf:24aa:a20b:74a8, fe80:0:0:0:1ccf:24aa:a20b:74a8%net3]
DEBUG 2017-03-19 13:55:41,552 (XMPPConnectionService.java:398)  new connection state == CONNECTING
DEBUG 2017-03-19 13:55:42,734 (XMPPConnectionService.java:398) xzer@saros-con.imp.fu-berlin.de/Saros new connection state == CONNECTED
DEBUG 2017-03-19 13:55:42,735 (DataTransferManager.java:467) used transport order for the current XMPP connection: [XMPP-Socks5-Transport, XMPP-IBB-Transport]
DEBUG 2017-03-19 13:55:42,738 (SkypeManager.java:289) Refreshing Skype username cache...
WARN  2017-03-19 13:55:51,904 (StunServiceImpl.java:420) received no response from STUN server stunserver.org/69.172.201.153:3478 at local address /192.168.2.110:0
ERROR 2017-03-19 17:25:59,609 (XMPPConnectionService.java:101) XMPP connection error: 
java.net.SocketTimeoutException: Read timed out
	at java.net.SocketInputStream.socketRead0(Native Method)
	at java.net.SocketInputStream.socketRead(Unknown Source)
	at java.net.SocketInputStream.read(Unknown Source)
	at java.net.SocketInputStream.read(Unknown Source)
	at sun.security.ssl.InputRecord.readFully(Unknown Source)
	at sun.security.ssl.InputRecord.read(Unknown Source)
	at sun.security.ssl.SSLSocketImpl.readRecord(Unknown Source)
	at sun.security.ssl.SSLSocketImpl.readDataRecord(Unknown Source)
	at sun.security.ssl.AppInputStream.read(Unknown Source)
	at sun.nio.cs.StreamDecoder.readBytes(Unknown Source)
	at sun.nio.cs.StreamDecoder.implRead(Unknown Source)
	at sun.nio.cs.StreamDecoder.read(Unknown Source)
	at java.io.InputStreamReader.read(Unknown Source)
	at java.io.BufferedReader.fill(Unknown Source)
	at java.io.BufferedReader.read1(Unknown Source)
	at java.io.BufferedReader.read(Unknown Source)
	at org.xmlpull.mxp1.MXParser.fillBuf(MXParser.java:2992)
	at org.xmlpull.mxp1.MXParser.more(MXParser.java:3046)
	at org.xmlpull.mxp1.MXParser.nextImpl(MXParser.java:1144)
	at org.xmlpull.mxp1.MXParser.next(MXParser.java:1093)
	at org.jivesoftware.smack.PacketReader.parsePackets(PacketReader.java:312)
	at org.jivesoftware.smack.PacketReader.access$000(PacketReader.java:48)
	at org.jivesoftware.smack.PacketReader$1.run(PacketReader.java:76)
ERROR 2017-03-19 17:25:59,633 (XMPPConnectionService.java:400)  new connection state == ERROR
java.net.SocketTimeoutException: Read timed out
	at java.net.SocketInputStream.socketRead0(Native Method)
	at java.net.SocketInputStream.socketRead(Unknown Source)
	at java.net.SocketInputStream.read(Unknown Source)
	at java.net.SocketInputStream.read(Unknown Source)
	at sun.security.ssl.InputRecord.readFully(Unknown Source)
	at sun.security.ssl.InputRecord.read(Unknown Source)
	at sun.security.ssl.SSLSocketImpl.readRecord(Unknown Source)
	at sun.security.ssl.SSLSocketImpl.readDataRecord(Unknown Source)
	at sun.security.ssl.AppInputStream.read(Unknown Source)
	at sun.nio.cs.StreamDecoder.readBytes(Unknown Source)
	at sun.nio.cs.StreamDecoder.implRead(Unknown Source)
	at sun.nio.cs.StreamDecoder.read(Unknown Source)
	at java.io.InputStreamReader.read(Unknown Source)
	at java.io.BufferedReader.fill(Unknown Source)
	at java.io.BufferedReader.read1(Unknown Source)
	at java.io.BufferedReader.read(Unknown Source)
	at org.xmlpull.mxp1.MXParser.fillBuf(MXParser.java:2992)
	at org.xmlpull.mxp1.MXParser.more(MXParser.java:3046)
	at org.xmlpull.mxp1.MXParser.nextImpl(MXParser.java:1144)
	at org.xmlpull.mxp1.MXParser.next(MXParser.java:1093)
	at org.jivesoftware.smack.PacketReader.parsePackets(PacketReader.java:312)
	at org.jivesoftware.smack.PacketReader.access$000(PacketReader.java:48)
	at org.jivesoftware.smack.PacketReader$1.run(PacketReader.java:76)
DEBUG 2017-03-19 17:25:59,647 (XMPPConnectionService.java:398)  new connection state == NOT_CONNECTED
