INFO  2017-02-02 15:21:04,537 (Saros.java:220) Starting Saros 14.10.31 running:
  Java Version: 1.8.0_101
  Java Vendor: Oracle Corporation
  Eclipse Runtime Version: 3.12.0.v20160606-1342
  Operating System: Windows 10 (10.0)
  Hardware Architecture: amd64
INFO  2017-02-02 15:21:04,614 (SarosContext.java:153) creating Saros runtime context...
DEBUG 2017-02-02 15:21:04,905 (XMPPAccountStore.java:117) loading accounts from file: C:\Users\xyzer\.saros\config.dat
DEBUG 2017-02-02 15:21:05,472 (XMPPAccountStore.java:176) loaded 1 account(s)
INFO  2017-02-02 15:21:05,883 (SarosContext.java:199) successfully created Saros runtime context
DEBUG 2017-02-02 15:21:05,914 (DataTransferManager.java:467) used transport order for the current XMPP connection: [XMPP-Socks5-Transport, XMPP-IBB-Transport]
INFO  2017-02-02 15:21:05,953 (PreferenceInitializer.java:50) initializing preference default values
DEBUG 2017-02-02 15:21:06,119 (SarosAnnotation.java:117) resetting annotation colors
DEBUG 2017-02-02 15:21:06,139 (Saros.java:430) skipping conversion of old XMPP accounts, because there are already new ones
DEBUG 2017-02-02 15:21:15,416 (SharedDocumentProvider.java:77) SharedDocumentProvider created by Eclipse
DEBUG 2017-02-02 15:21:37,136 (WhiteboardManager.java:194) WhiteboardManager instantiated
DEBUG 2017-02-02 15:21:37,174 (DocumentRecord.java:93) Added Node: attr(148604529716610023) name=svg
DEBUG 2017-02-02 15:21:37,360 (XMPPConnectionService.java:439) started Socks5 proxy on port: 7777 [listening on all interfaces]
DEBUG 2017-02-02 15:21:40,640 (XMPPConnectionService.java:459) using autodetected addresses: [192.168.2.110, fe80:0:0:0:50fa:8586:2f83:e7%eth2, 2001:0:34ae:348:10a8:24ff:a20b:90ec, fe80:0:0:0:10a8:24ff:a20b:90ec%net3]
DEBUG 2017-02-02 15:21:40,654 (XMPPConnectionService.java:398)  new connection state == CONNECTING
DEBUG 2017-02-02 15:21:41,696 (XMPPConnectionService.java:398) xzer@saros-con.imp.fu-berlin.de/Saros new connection state == CONNECTED
DEBUG 2017-02-02 15:21:41,697 (DataTransferManager.java:467) used transport order for the current XMPP connection: [XMPP-Socks5-Transport, XMPP-IBB-Transport]
DEBUG 2017-02-02 15:21:41,699 (SkypeManager.java:289) Refreshing Skype username cache...
WARN  2017-02-02 15:21:51,074 (StunServiceImpl.java:420) received no response from STUN server stunserver.org/69.172.201.153:3478 at local address /192.168.2.110:0
ERROR 2017-02-02 17:58:48,792 (XMPPConnectionService.java:101) XMPP connection error: 
java.net.SocketTimeoutException: Read timed out
	at java.net.SocketInputStream.socketRead0(Native Method)
	at java.net.SocketInputStream.socketRead(Unknown Source)
	at java.net.SocketInputStream.read(Unknown Source)
	at java.net.SocketInputStream.read(Unknown Source)
	at sun.security.ssl.InputRecord.readFully(Unknown Source)
	at sun.security.ssl.InputRecord.read(Unknown Source)
	at sun.security.ssl.SSLSocketImpl.readRecord(Unknown Source)
	at sun.security.ssl.SSLSocketImpl.readDataRecord(Unknown Source)
	at sun.security.ssl.AppInputStream.read(Unknown Source)
	at sun.nio.cs.StreamDecoder.readBytes(Unknown Source)
	at sun.nio.cs.StreamDecoder.implRead(Unknown Source)
	at sun.nio.cs.StreamDecoder.read(Unknown Source)
	at java.io.InputStreamReader.read(Unknown Source)
	at java.io.BufferedReader.fill(Unknown Source)
	at java.io.BufferedReader.read1(Unknown Source)
	at java.io.BufferedReader.read(Unknown Source)
	at org.xmlpull.mxp1.MXParser.fillBuf(MXParser.java:2992)
	at org.xmlpull.mxp1.MXParser.more(MXParser.java:3046)
	at org.xmlpull.mxp1.MXParser.nextImpl(MXParser.java:1144)
	at org.xmlpull.mxp1.MXParser.next(MXParser.java:1093)
	at org.jivesoftware.smack.PacketReader.parsePackets(PacketReader.java:312)
	at org.jivesoftware.smack.PacketReader.access$000(PacketReader.java:48)
	at org.jivesoftware.smack.PacketReader$1.run(PacketReader.java:76)
ERROR 2017-02-02 17:58:48,821 (XMPPConnectionService.java:400)  new connection state == ERROR
java.net.SocketTimeoutException: Read timed out
	at java.net.SocketInputStream.socketRead0(Native Method)
	at java.net.SocketInputStream.socketRead(Unknown Source)
	at java.net.SocketInputStream.read(Unknown Source)
	at java.net.SocketInputStream.read(Unknown Source)
	at sun.security.ssl.InputRecord.readFully(Unknown Source)
	at sun.security.ssl.InputRecord.read(Unknown Source)
	at sun.security.ssl.SSLSocketImpl.readRecord(Unknown Source)
	at sun.security.ssl.SSLSocketImpl.readDataRecord(Unknown Source)
	at sun.security.ssl.AppInputStream.read(Unknown Source)
	at sun.nio.cs.StreamDecoder.readBytes(Unknown Source)
	at sun.nio.cs.StreamDecoder.implRead(Unknown Source)
	at sun.nio.cs.StreamDecoder.read(Unknown Source)
	at java.io.InputStreamReader.read(Unknown Source)
	at java.io.BufferedReader.fill(Unknown Source)
	at java.io.BufferedReader.read1(Unknown Source)
	at java.io.BufferedReader.read(Unknown Source)
	at org.xmlpull.mxp1.MXParser.fillBuf(MXParser.java:2992)
	at org.xmlpull.mxp1.MXParser.more(MXParser.java:3046)
	at org.xmlpull.mxp1.MXParser.nextImpl(MXParser.java:1144)
	at org.xmlpull.mxp1.MXParser.next(MXParser.java:1093)
	at org.jivesoftware.smack.PacketReader.parsePackets(PacketReader.java:312)
	at org.jivesoftware.smack.PacketReader.access$000(PacketReader.java:48)
	at org.jivesoftware.smack.PacketReader$1.run(PacketReader.java:76)
DEBUG 2017-02-02 17:58:48,843 (XMPPConnectionService.java:398)  new connection state == NOT_CONNECTED
DEBUG 2017-02-02 23:14:32,064 (UPnPServiceImpl.java:295) deleting existing port mappings
