INFO  2017-07-28 19:19:01,039 (Saros.java:220) Starting Saros 14.10.31 running:
  Java Version: 1.8.0_101
  Java Vendor: Oracle Corporation
  Eclipse Runtime Version: 3.12.0.v20160606-1342
  Operating System: Windows 10 (10.0)
  Hardware Architecture: amd64
INFO  2017-07-28 19:19:01,115 (SarosContext.java:153) creating Saros runtime context...
DEBUG 2017-07-28 19:19:01,240 (XMPPAccountStore.java:117) loading accounts from file: C:\Users\xyzer\.saros\config.dat
DEBUG 2017-07-28 19:19:01,716 (XMPPAccountStore.java:176) loaded 1 account(s)
INFO  2017-07-28 19:19:01,949 (SarosContext.java:199) successfully created Saros runtime context
DEBUG 2017-07-28 19:19:01,982 (DataTransferManager.java:467) used transport order for the current XMPP connection: [XMPP-Socks5-Transport, XMPP-IBB-Transport]
INFO  2017-07-28 19:19:02,013 (PreferenceInitializer.java:50) initializing preference default values
DEBUG 2017-07-28 19:19:02,060 (SarosAnnotation.java:117) resetting annotation colors
DEBUG 2017-07-28 19:19:02,072 (Saros.java:430) skipping conversion of old XMPP accounts, because there are already new ones
DEBUG 2017-07-28 19:19:13,044 (SharedDocumentProvider.java:77) SharedDocumentProvider created by Eclipse
DEBUG 2017-07-28 19:19:37,337 (WhiteboardManager.java:194) WhiteboardManager instantiated
DEBUG 2017-07-28 19:19:37,360 (DocumentRecord.java:93) Added Node: attr(150126237735732793) name=svg
DEBUG 2017-07-28 19:19:37,462 (XMPPConnectionService.java:439) started Socks5 proxy on port: 7777 [listening on all interfaces]
DEBUG 2017-07-28 19:19:39,769 (XMPPConnectionService.java:459) using autodetected addresses: [192.168.2.105, fe80:0:0:0:50fa:8586:2f83:e7%eth3]
DEBUG 2017-07-28 19:19:39,792 (XMPPConnectionService.java:398)  new connection state == CONNECTING
DEBUG 2017-07-28 19:19:40,811 (XMPPConnectionService.java:398) xzer@saros-con.imp.fu-berlin.de/Saros new connection state == CONNECTED
DEBUG 2017-07-28 19:19:40,811 (DataTransferManager.java:467) used transport order for the current XMPP connection: [XMPP-Socks5-Transport, XMPP-IBB-Transport]
DEBUG 2017-07-28 19:19:40,814 (SkypeManager.java:289) Refreshing Skype username cache...
WARN  2017-07-28 19:19:50,191 (StunServiceImpl.java:420) received no response from STUN server stunserver.org/184.168.221.96:3478 at local address /192.168.2.105:0
