INFO  2017-11-29 16:41:38,251 (Saros.java:220) Starting Saros 14.10.31 running:
  Java Version: 1.8.0_101
  Java Vendor: Oracle Corporation
  Eclipse Runtime Version: 3.12.0.v20160606-1342
  Operating System: Windows 10 (10.0)
  Hardware Architecture: amd64
INFO  2017-11-29 16:41:38,280 (SarosContext.java:153) creating Saros runtime context...
DEBUG 2017-11-29 16:41:38,318 (XMPPAccountStore.java:117) loading accounts from file: C:\Users\xyzer\.saros\config.dat
DEBUG 2017-11-29 16:41:38,622 (XMPPAccountStore.java:176) loaded 1 account(s)
INFO  2017-11-29 16:41:38,762 (SarosContext.java:199) successfully created Saros runtime context
DEBUG 2017-11-29 16:41:38,780 (DataTransferManager.java:467) used transport order for the current XMPP connection: [XMPP-Socks5-Transport, XMPP-IBB-Transport]
INFO  2017-11-29 16:41:38,798 (PreferenceInitializer.java:50) initializing preference default values
DEBUG 2017-11-29 16:41:38,824 (SarosAnnotation.java:117) resetting annotation colors
DEBUG 2017-11-29 16:41:38,831 (Saros.java:430) skipping conversion of old XMPP accounts, because there are already new ones
DEBUG 2017-11-29 16:41:44,047 (SharedDocumentProvider.java:77) SharedDocumentProvider created by Eclipse
DEBUG 2017-11-29 16:41:50,112 (WhiteboardManager.java:194) WhiteboardManager instantiated
DEBUG 2017-11-29 16:41:50,125 (DocumentRecord.java:93) Added Node: attr(151197011012350596) name=svg
DEBUG 2017-11-29 16:41:50,228 (XMPPConnectionService.java:439) started Socks5 proxy on port: 7777 [listening on all interfaces]
DEBUG 2017-11-29 16:41:51,252 (XMPPConnectionService.java:459) using autodetected addresses: [192.168.2.107, 2003:d5:e3ee:e628:3825:1d6e:3ae2:61c4, 2003:d5:e3ee:e628:5dfc:69f3:892a:b1b0, fe80:0:0:0:3825:1d6e:3ae2:61c4%eth1, 2001:0:9d38:78cf:149c:94:a870:e1de, fe80:0:0:0:149c:94:a870:e1de%net3]
DEBUG 2017-11-29 16:41:51,258 (XMPPConnectionService.java:398)  new connection state == CONNECTING
DEBUG 2017-11-29 16:41:52,168 (XMPPConnectionService.java:398) xzer@saros-con.imp.fu-berlin.de/Saros new connection state == CONNECTED
DEBUG 2017-11-29 16:41:52,168 (DataTransferManager.java:467) used transport order for the current XMPP connection: [XMPP-Socks5-Transport, XMPP-IBB-Transport]
DEBUG 2017-11-29 16:41:52,170 (SkypeManager.java:289) Refreshing Skype username cache...
WARN  2017-11-29 16:42:01,363 (StunServiceImpl.java:420) received no response from STUN server stunserver.org/67.227.226.240:3478 at local address /192.168.2.107:0
ERROR 2017-11-29 17:14:55,453 (XMPPConnectionService.java:101) XMPP connection error: 
stream:error (conflict) text: Replaced by new connection
	at org.jivesoftware.smack.PacketReader.parsePackets(PacketReader.java:247)
	at org.jivesoftware.smack.PacketReader.access$000(PacketReader.java:48)
	at org.jivesoftware.smack.PacketReader$1.run(PacketReader.java:76)
ERROR 2017-11-29 17:14:55,526 (XMPPConnectionService.java:400)  new connection state == ERROR
stream:error (conflict) text: Replaced by new connection
	at org.jivesoftware.smack.PacketReader.parsePackets(PacketReader.java:247)
	at org.jivesoftware.smack.PacketReader.access$000(PacketReader.java:48)
	at org.jivesoftware.smack.PacketReader$1.run(PacketReader.java:76)
DEBUG 2017-11-29 17:14:55,540 (XMPPConnectionService.java:398)  new connection state == NOT_CONNECTED
