INFO  2017-11-07 18:16:35,956 (Saros.java:220) Starting Saros 14.10.31 running:
  Java Version: 1.8.0_101
  Java Vendor: Oracle Corporation
  Eclipse Runtime Version: 3.12.0.v20160606-1342
  Operating System: Windows 10 (10.0)
  Hardware Architecture: amd64
INFO  2017-11-07 18:16:35,979 (SarosContext.java:153) creating Saros runtime context...
DEBUG 2017-11-07 18:16:36,013 (XMPPAccountStore.java:117) loading accounts from file: C:\Users\xyzer\.saros\config.dat
DEBUG 2017-11-07 18:16:36,110 (XMPPAccountStore.java:176) loaded 1 account(s)
INFO  2017-11-07 18:16:36,219 (SarosContext.java:199) successfully created Saros runtime context
DEBUG 2017-11-07 18:16:36,234 (DataTransferManager.java:467) used transport order for the current XMPP connection: [XMPP-Socks5-Transport, XMPP-IBB-Transport]
INFO  2017-11-07 18:16:36,249 (PreferenceInitializer.java:50) initializing preference default values
DEBUG 2017-11-07 18:16:36,273 (SarosAnnotation.java:117) resetting annotation colors
DEBUG 2017-11-07 18:16:36,277 (Saros.java:430) skipping conversion of old XMPP accounts, because there are already new ones
DEBUG 2017-11-07 18:16:38,938 (SharedDocumentProvider.java:77) SharedDocumentProvider created by Eclipse
DEBUG 2017-11-07 18:16:43,125 (WhiteboardManager.java:194) WhiteboardManager instantiated
DEBUG 2017-11-07 18:16:43,157 (DocumentRecord.java:93) Added Node: attr(151007500314551575) name=svg
DEBUG 2017-11-07 18:16:43,264 (XMPPConnectionService.java:439) started Socks5 proxy on port: 7778 [listening on all interfaces]
DEBUG 2017-11-07 18:16:44,946 (XMPPConnectionService.java:459) using autodetected addresses: [192.168.2.107, 2003:d5:e3ee:e605:3825:1d6e:3ae2:61c4, 2003:d5:e3ee:e605:a4ce:4bf2:51b6:7cba, fe80:0:0:0:3825:1d6e:3ae2:61c4%eth1]
DEBUG 2017-11-07 18:16:44,989 (XMPPConnectionService.java:398)  new connection state == CONNECTING
DEBUG 2017-11-07 18:16:46,014 (XMPPConnectionService.java:398) xzer@saros-con.imp.fu-berlin.de/Saros new connection state == CONNECTED
DEBUG 2017-11-07 18:16:46,014 (DataTransferManager.java:467) used transport order for the current XMPP connection: [XMPP-Socks5-Transport, XMPP-IBB-Transport]
DEBUG 2017-11-07 18:16:46,019 (SkypeManager.java:289) Refreshing Skype username cache...
WARN  2017-11-07 18:16:55,486 (StunServiceImpl.java:420) received no response from STUN server stunserver.org/67.227.226.240:3478 at local address /192.168.2.107:0
DEBUG 2017-11-07 19:07:20,778 (XMPPConnectionService.java:398) xzer@saros-con.imp.fu-berlin.de/Saros new connection state == DISCONNECTING
DEBUG 2017-11-07 19:07:20,931 (XMPPConnectionService.java:398)  new connection state == NOT_CONNECTED
DEBUG 2017-11-07 19:07:20,932 (UPnPServiceImpl.java:295) deleting existing port mappings
