INFO  2017-04-15 18:26:24,568 (Saros.java:220) Starting Saros 14.10.31 running:
  Java Version: 1.8.0_101
  Java Vendor: Oracle Corporation
  Eclipse Runtime Version: 3.12.0.v20160606-1342
  Operating System: Windows 10 (10.0)
  Hardware Architecture: amd64
INFO  2017-04-15 18:26:24,640 (SarosContext.java:153) creating Saros runtime context...
DEBUG 2017-04-15 18:26:24,744 (XMPPAccountStore.java:117) loading accounts from file: C:\Users\xyzer\.saros\config.dat
DEBUG 2017-04-15 18:26:25,198 (XMPPAccountStore.java:176) loaded 1 account(s)
INFO  2017-04-15 18:26:25,760 (SarosContext.java:199) successfully created Saros runtime context
DEBUG 2017-04-15 18:26:25,845 (DataTransferManager.java:467) used transport order for the current XMPP connection: [XMPP-Socks5-Transport, XMPP-IBB-Transport]
INFO  2017-04-15 18:26:25,922 (PreferenceInitializer.java:50) initializing preference default values
DEBUG 2017-04-15 18:26:26,012 (SarosAnnotation.java:117) resetting annotation colors
DEBUG 2017-04-15 18:26:26,026 (Saros.java:430) skipping conversion of old XMPP accounts, because there are already new ones
DEBUG 2017-04-15 18:26:41,496 (SharedDocumentProvider.java:77) SharedDocumentProvider created by Eclipse
DEBUG 2017-04-15 18:26:56,741 (WhiteboardManager.java:194) WhiteboardManager instantiated
DEBUG 2017-04-15 18:26:56,838 (DocumentRecord.java:93) Added Node: attr(149227361677728338) name=svg
DEBUG 2017-04-15 18:26:56,993 (XMPPConnectionService.java:439) started Socks5 proxy on port: 7778 [listening on all interfaces]
DEBUG 2017-04-15 18:26:59,431 (XMPPConnectionService.java:459) using autodetected addresses: [192.168.2.105, 192.168.56.1, 2001:0:9d38:78cf:349c:24aa:a87a:ac7f, fe80:0:0:0:349c:24aa:a87a:ac7f%net1, fe80:0:0:0:da7:f5a0:b3aa:e5a0%eth1, fe80:0:0:0:50fa:8586:2f83:e7%eth2]
DEBUG 2017-04-15 18:26:59,460 (XMPPConnectionService.java:398)  new connection state == CONNECTING
ERROR 2017-04-15 18:26:59,469 (ThreadUtils.java:40) Internal Error:
java.lang.NullPointerException
	at de.fu_berlin.inf.dpp.serviceProviders.SarosSourceProvider.refreshUIElements(SarosSourceProvider.java:153)
	at de.fu_berlin.inf.dpp.serviceProviders.SarosSourceProvider.access$3(SarosSourceProvider.java:150)
	at de.fu_berlin.inf.dpp.serviceProviders.SarosSourceProvider$3.run(SarosSourceProvider.java:128)
	at de.fu_berlin.inf.dpp.util.ThreadUtils$1.run(ThreadUtils.java:38)
	at org.eclipse.swt.widgets.RunnableLock.run(RunnableLock.java:35)
	at org.eclipse.swt.widgets.Synchronizer.runAsyncMessages(Synchronizer.java:182)
	at org.eclipse.swt.widgets.Display.runAsyncMessages(Display.java:4203)
	at org.eclipse.swt.widgets.Display.readAndDispatch(Display.java:3819)
	at org.eclipse.jface.operation.ModalContext$ModalContextThread.block(ModalContext.java:165)
	at org.eclipse.jface.operation.ModalContext.run(ModalContext.java:369)
	at org.eclipse.jface.dialogs.ProgressMonitorDialog.run(ProgressMonitorDialog.java:481)
	at org.eclipse.ui.internal.progress.ProgressMonitorJobsDialog.run(ProgressMonitorJobsDialog.java:242)
	at org.eclipse.ui.internal.ide.application.IDEWorkbenchAdvisor.disconnectFromWorkspace(IDEWorkbenchAdvisor.java:463)
	at org.eclipse.ui.internal.ide.application.IDEWorkbenchAdvisor.postShutdown(IDEWorkbenchAdvisor.java:309)
	at org.eclipse.ui.internal.Workbench.shutdown(Workbench.java:3111)
	at org.eclipse.ui.internal.Workbench.busyClose(Workbench.java:1200)
	at org.eclipse.ui.internal.Workbench.access$22(Workbench.java:1112)
	at org.eclipse.ui.internal.Workbench$19.run(Workbench.java:1453)
	at org.eclipse.swt.custom.BusyIndicator.showWhile(BusyIndicator.java:70)
	at org.eclipse.ui.internal.Workbench.close(Workbench.java:1450)
	at org.eclipse.ui.internal.Workbench.close(Workbench.java:1423)
	at org.eclipse.ui.internal.WorkbenchWindow.busyClose(WorkbenchWindow.java:1594)
	at org.eclipse.ui.internal.WorkbenchWindow.access$16(WorkbenchWindow.java:1540)
	at org.eclipse.ui.internal.WorkbenchWindow$11.run(WorkbenchWindow.java:1626)
	at org.eclipse.swt.custom.BusyIndicator.showWhile(BusyIndicator.java:70)
	at org.eclipse.ui.internal.WorkbenchWindow.close(WorkbenchWindow.java:1623)
	at org.eclipse.ui.internal.WorkbenchWindow.close(WorkbenchWindow.java:1637)
	at org.eclipse.ui.internal.WorkbenchWindow$6.close(WorkbenchWindow.java:524)
	at org.eclipse.e4.ui.workbench.renderers.swt.WBWRenderer$7.shellClosed(WBWRenderer.java:629)
	at org.eclipse.swt.widgets.TypedListener.handleEvent(TypedListener.java:99)
	at org.eclipse.swt.widgets.EventTable.sendEvent(EventTable.java:84)
	at org.eclipse.swt.widgets.Display.sendEvent(Display.java:4410)
	at org.eclipse.swt.widgets.Widget.sendEvent(Widget.java:1079)
	at org.eclipse.swt.widgets.Widget.sendEvent(Widget.java:1103)
	at org.eclipse.swt.widgets.Widget.sendEvent(Widget.java:1088)
	at org.eclipse.swt.widgets.Decorations.closeWidget(Decorations.java:315)
	at org.eclipse.swt.widgets.Decorations.WM_CLOSE(Decorations.java:1728)
	at org.eclipse.swt.widgets.Control.windowProc(Control.java:4793)
	at org.eclipse.swt.widgets.Canvas.windowProc(Canvas.java:359)
	at org.eclipse.swt.widgets.Decorations.windowProc(Decorations.java:1656)
	at org.eclipse.swt.widgets.Shell.windowProc(Shell.java:2199)
	at org.eclipse.swt.widgets.Display.windowProc(Display.java:5102)
	at org.eclipse.swt.internal.win32.OS.DefWindowProcW(Native Method)
	at org.eclipse.swt.internal.win32.OS.DefWindowProc(OS.java:2547)
	at org.eclipse.swt.widgets.Shell.callWindowProc(Shell.java:506)
	at org.eclipse.swt.widgets.Control.windowProc(Control.java:4889)
	at org.eclipse.swt.widgets.Canvas.windowProc(Canvas.java:359)
	at org.eclipse.swt.widgets.Decorations.windowProc(Decorations.java:1656)
	at org.eclipse.swt.widgets.Shell.windowProc(Shell.java:2199)
	at org.eclipse.swt.widgets.Display.windowProc(Display.java:5102)
	at org.eclipse.swt.internal.win32.OS.PeekMessageW(Native Method)
	at org.eclipse.swt.internal.win32.OS.PeekMessage(OS.java:3144)
	at org.eclipse.swt.widgets.Display.readAndDispatch(Display.java:3811)
	at org.eclipse.e4.ui.internal.workbench.swt.PartRenderingEngine$4.run(PartRenderingEngine.java:1121)
	at org.eclipse.core.databinding.observable.Realm.runWithDefault(Realm.java:336)
	at org.eclipse.e4.ui.internal.workbench.swt.PartRenderingEngine.run(PartRenderingEngine.java:1022)
	at org.eclipse.e4.ui.internal.workbench.E4Workbench.createAndRunUI(E4Workbench.java:150)
	at org.eclipse.ui.internal.Workbench$5.run(Workbench.java:687)
	at org.eclipse.core.databinding.observable.Realm.runWithDefault(Realm.java:336)
	at org.eclipse.ui.internal.Workbench.createAndRunWorkbench(Workbench.java:604)
	at org.eclipse.ui.PlatformUI.createAndRunWorkbench(PlatformUI.java:148)
	at org.eclipse.ui.internal.ide.application.IDEApplication.start(IDEApplication.java:138)
	at org.eclipse.equinox.internal.app.EclipseAppHandle.run(EclipseAppHandle.java:196)
	at org.eclipse.core.runtime.internal.adaptor.EclipseAppLauncher.runApplication(EclipseAppLauncher.java:134)
	at org.eclipse.core.runtime.internal.adaptor.EclipseAppLauncher.start(EclipseAppLauncher.java:104)
	at org.eclipse.core.runtime.adaptor.EclipseStarter.run(EclipseStarter.java:388)
	at org.eclipse.core.runtime.adaptor.EclipseStarter.run(EclipseStarter.java:243)
	at sun.reflect.NativeMethodAccessorImpl.invoke0(Native Method)
	at sun.reflect.NativeMethodAccessorImpl.invoke(Unknown Source)
	at sun.reflect.DelegatingMethodAccessorImpl.invoke(Unknown Source)
	at java.lang.reflect.Method.invoke(Unknown Source)
	at org.eclipse.equinox.launcher.Main.invokeFramework(Main.java:673)
	at org.eclipse.equinox.launcher.Main.basicRun(Main.java:610)
	at org.eclipse.equinox.launcher.Main.run(Main.java:1519)
ERROR 2017-04-15 18:26:59,550 (ThreadUtils.java:41) Original caller:
StackTrace:
	at de.fu_berlin.inf.dpp.util.ThreadUtils.wrapSafe(ThreadUtils.java:32)
	at de.fu_berlin.inf.dpp.ui.util.SWTUtils.runSafeSWTAsync(SWTUtils.java:139)
	at de.fu_berlin.inf.dpp.serviceProviders.SarosSourceProvider.connectionChanged(SarosSourceProvider.java:124)
	at de.fu_berlin.inf.dpp.serviceProviders.SarosSourceProvider.access$0(SarosSourceProvider.java:123)
	at de.fu_berlin.inf.dpp.serviceProviders.SarosSourceProvider$1.connectionStateChanged(SarosSourceProvider.java:70)
	at de.fu_berlin.inf.dpp.communication.connection.ConnectionHandler.setConnectionState(ConnectionHandler.java:397)
	at de.fu_berlin.inf.dpp.communication.connection.ConnectionHandler.access$1(ConnectionHandler.java:389)
	at de.fu_berlin.inf.dpp.communication.connection.ConnectionHandler$1.connectionStateChanged(ConnectionHandler.java:79)
	at de.fu_berlin.inf.dpp.net.xmpp.XMPPConnectionService.setConnectionState(XMPPConnectionService.java:405)
	at de.fu_berlin.inf.dpp.net.xmpp.XMPPConnectionService.connect(XMPPConnectionService.java:266)
	at de.fu_berlin.inf.dpp.communication.connection.ConnectionHandler.connectXMPPInternal(ConnectionHandler.java:332)
	at de.fu_berlin.inf.dpp.communication.connection.ConnectionHandler.connect(ConnectionHandler.java:190)
	at de.fu_berlin.inf.dpp.StartupSaros$1.run(StartupSaros.java:113)
	at de.fu_berlin.inf.dpp.util.ThreadUtils$1.run(ThreadUtils.java:38)
	at java.lang.Thread.run(Unknown Source)
DEBUG 2017-04-15 18:27:00,562 (XMPPConnectionService.java:398) xzer@saros-con.imp.fu-berlin.de/Saros new connection state == CONNECTED
DEBUG 2017-04-15 18:27:00,562 (DataTransferManager.java:467) used transport order for the current XMPP connection: [XMPP-Socks5-Transport, XMPP-IBB-Transport]
ERROR 2017-04-15 18:27:00,565 (ThreadUtils.java:40) Internal Error:
java.lang.NullPointerException
	at de.fu_berlin.inf.dpp.serviceProviders.SarosSourceProvider.refreshUIElements(SarosSourceProvider.java:153)
	at de.fu_berlin.inf.dpp.serviceProviders.SarosSourceProvider.access$3(SarosSourceProvider.java:150)
	at de.fu_berlin.inf.dpp.serviceProviders.SarosSourceProvider$3.run(SarosSourceProvider.java:128)
	at de.fu_berlin.inf.dpp.util.ThreadUtils$1.run(ThreadUtils.java:38)
	at org.eclipse.swt.widgets.RunnableLock.run(RunnableLock.java:35)
	at org.eclipse.swt.widgets.Synchronizer.runAsyncMessages(Synchronizer.java:182)
	at org.eclipse.swt.widgets.Display.runAsyncMessages(Display.java:4203)
	at org.eclipse.swt.widgets.Display.readAndDispatch(Display.java:3819)
	at org.eclipse.jface.operation.ModalContext$ModalContextThread.block(ModalContext.java:165)
	at org.eclipse.jface.operation.ModalContext.run(ModalContext.java:369)
	at org.eclipse.jface.dialogs.ProgressMonitorDialog.run(ProgressMonitorDialog.java:481)
	at org.eclipse.ui.internal.progress.ProgressMonitorJobsDialog.run(ProgressMonitorJobsDialog.java:242)
	at org.eclipse.ui.internal.ide.application.IDEWorkbenchAdvisor.disconnectFromWorkspace(IDEWorkbenchAdvisor.java:463)
	at org.eclipse.ui.internal.ide.application.IDEWorkbenchAdvisor.postShutdown(IDEWorkbenchAdvisor.java:309)
	at org.eclipse.ui.internal.Workbench.shutdown(Workbench.java:3111)
	at org.eclipse.ui.internal.Workbench.busyClose(Workbench.java:1200)
	at org.eclipse.ui.internal.Workbench.access$22(Workbench.java:1112)
	at org.eclipse.ui.internal.Workbench$19.run(Workbench.java:1453)
	at org.eclipse.swt.custom.BusyIndicator.showWhile(BusyIndicator.java:70)
	at org.eclipse.ui.internal.Workbench.close(Workbench.java:1450)
	at org.eclipse.ui.internal.Workbench.close(Workbench.java:1423)
	at org.eclipse.ui.internal.WorkbenchWindow.busyClose(WorkbenchWindow.java:1594)
	at org.eclipse.ui.internal.WorkbenchWindow.access$16(WorkbenchWindow.java:1540)
	at org.eclipse.ui.internal.WorkbenchWindow$11.run(WorkbenchWindow.java:1626)
	at org.eclipse.swt.custom.BusyIndicator.showWhile(BusyIndicator.java:70)
	at org.eclipse.ui.internal.WorkbenchWindow.close(WorkbenchWindow.java:1623)
	at org.eclipse.ui.internal.WorkbenchWindow.close(WorkbenchWindow.java:1637)
	at org.eclipse.ui.internal.WorkbenchWindow$6.close(WorkbenchWindow.java:524)
	at org.eclipse.e4.ui.workbench.renderers.swt.WBWRenderer$7.shellClosed(WBWRenderer.java:629)
	at org.eclipse.swt.widgets.TypedListener.handleEvent(TypedListener.java:99)
	at org.eclipse.swt.widgets.EventTable.sendEvent(EventTable.java:84)
	at org.eclipse.swt.widgets.Display.sendEvent(Display.java:4410)
	at org.eclipse.swt.widgets.Widget.sendEvent(Widget.java:1079)
	at org.eclipse.swt.widgets.Widget.sendEvent(Widget.java:1103)
	at org.eclipse.swt.widgets.Widget.sendEvent(Widget.java:1088)
	at org.eclipse.swt.widgets.Decorations.closeWidget(Decorations.java:315)
	at org.eclipse.swt.widgets.Decorations.WM_CLOSE(Decorations.java:1728)
	at org.eclipse.swt.widgets.Control.windowProc(Control.java:4793)
	at org.eclipse.swt.widgets.Canvas.windowProc(Canvas.java:359)
	at org.eclipse.swt.widgets.Decorations.windowProc(Decorations.java:1656)
	at org.eclipse.swt.widgets.Shell.windowProc(Shell.java:2199)
	at org.eclipse.swt.widgets.Display.windowProc(Display.java:5102)
	at org.eclipse.swt.internal.win32.OS.DefWindowProcW(Native Method)
	at org.eclipse.swt.internal.win32.OS.DefWindowProc(OS.java:2547)
	at org.eclipse.swt.widgets.Shell.callWindowProc(Shell.java:506)
	at org.eclipse.swt.widgets.Control.windowProc(Control.java:4889)
	at org.eclipse.swt.widgets.Canvas.windowProc(Canvas.java:359)
	at org.eclipse.swt.widgets.Decorations.windowProc(Decorations.java:1656)
	at org.eclipse.swt.widgets.Shell.windowProc(Shell.java:2199)
	at org.eclipse.swt.widgets.Display.windowProc(Display.java:5102)
	at org.eclipse.swt.internal.win32.OS.PeekMessageW(Native Method)
	at org.eclipse.swt.internal.win32.OS.PeekMessage(OS.java:3144)
	at org.eclipse.swt.widgets.Display.readAndDispatch(Display.java:3811)
	at org.eclipse.e4.ui.internal.workbench.swt.PartRenderingEngine$4.run(PartRenderingEngine.java:1121)
	at org.eclipse.core.databinding.observable.Realm.runWithDefault(Realm.java:336)
	at org.eclipse.e4.ui.internal.workbench.swt.PartRenderingEngine.run(PartRenderingEngine.java:1022)
	at org.eclipse.e4.ui.internal.workbench.E4Workbench.createAndRunUI(E4Workbench.java:150)
	at org.eclipse.ui.internal.Workbench$5.run(Workbench.java:687)
	at org.eclipse.core.databinding.observable.Realm.runWithDefault(Realm.java:336)
	at org.eclipse.ui.internal.Workbench.createAndRunWorkbench(Workbench.java:604)
	at org.eclipse.ui.PlatformUI.createAndRunWorkbench(PlatformUI.java:148)
	at org.eclipse.ui.internal.ide.application.IDEApplication.start(IDEApplication.java:138)
	at org.eclipse.equinox.internal.app.EclipseAppHandle.run(EclipseAppHandle.java:196)
	at org.eclipse.core.runtime.internal.adaptor.EclipseAppLauncher.runApplication(EclipseAppLauncher.java:134)
	at org.eclipse.core.runtime.internal.adaptor.EclipseAppLauncher.start(EclipseAppLauncher.java:104)
	at org.eclipse.core.runtime.adaptor.EclipseStarter.run(EclipseStarter.java:388)
	at org.eclipse.core.runtime.adaptor.EclipseStarter.run(EclipseStarter.java:243)
	at sun.reflect.NativeMethodAccessorImpl.invoke0(Native Method)
	at sun.reflect.NativeMethodAccessorImpl.invoke(Unknown Source)
	at sun.reflect.DelegatingMethodAccessorImpl.invoke(Unknown Source)
	at java.lang.reflect.Method.invoke(Unknown Source)
	at org.eclipse.equinox.launcher.Main.invokeFramework(Main.java:673)
	at org.eclipse.equinox.launcher.Main.basicRun(Main.java:610)
	at org.eclipse.equinox.launcher.Main.run(Main.java:1519)
ERROR 2017-04-15 18:27:00,589 (ThreadUtils.java:41) Original caller:
StackTrace:
	at de.fu_berlin.inf.dpp.util.ThreadUtils.wrapSafe(ThreadUtils.java:32)
	at de.fu_berlin.inf.dpp.ui.util.SWTUtils.runSafeSWTAsync(SWTUtils.java:139)
	at de.fu_berlin.inf.dpp.serviceProviders.SarosSourceProvider.connectionChanged(SarosSourceProvider.java:124)
	at de.fu_berlin.inf.dpp.serviceProviders.SarosSourceProvider.access$0(SarosSourceProvider.java:123)
	at de.fu_berlin.inf.dpp.serviceProviders.SarosSourceProvider$1.connectionStateChanged(SarosSourceProvider.java:70)
	at de.fu_berlin.inf.dpp.communication.connection.ConnectionHandler.setConnectionState(ConnectionHandler.java:397)
	at de.fu_berlin.inf.dpp.communication.connection.ConnectionHandler.access$1(ConnectionHandler.java:389)
	at de.fu_berlin.inf.dpp.communication.connection.ConnectionHandler$1.connectionStateChanged(ConnectionHandler.java:79)
	at de.fu_berlin.inf.dpp.net.xmpp.XMPPConnectionService.setConnectionState(XMPPConnectionService.java:405)
	at de.fu_berlin.inf.dpp.net.xmpp.XMPPConnectionService.connect(XMPPConnectionService.java:280)
	at de.fu_berlin.inf.dpp.communication.connection.ConnectionHandler.connectXMPPInternal(ConnectionHandler.java:332)
	at de.fu_berlin.inf.dpp.communication.connection.ConnectionHandler.connect(ConnectionHandler.java:190)
	at de.fu_berlin.inf.dpp.StartupSaros$1.run(StartupSaros.java:113)
	at de.fu_berlin.inf.dpp.util.ThreadUtils$1.run(ThreadUtils.java:38)
	at java.lang.Thread.run(Unknown Source)
DEBUG 2017-04-15 18:27:00,567 (SkypeManager.java:289) Refreshing Skype username cache...
WARN  2017-04-15 18:27:11,223 (StunServiceImpl.java:420) received no response from STUN server stunserver.org/69.172.201.153:3478 at local address /192.168.2.105:0
WARN  2017-04-15 18:27:11,223 (StunServiceImpl.java:420) received no response from STUN server stunserver.org/69.172.201.153:3478 at local address /192.168.56.1:0
DEBUG 2017-04-15 18:28:52,856 (XMPPConnectionService.java:398) xzer@saros-con.imp.fu-berlin.de/Saros new connection state == DISCONNECTING
DEBUG 2017-04-15 18:28:53,084 (XMPPConnectionService.java:398)  new connection state == NOT_CONNECTED
DEBUG 2017-04-15 18:28:53,085 (UPnPServiceImpl.java:295) deleting existing port mappings
