WARN  2017-04-22 20:35:15,832 (StunServiceImpl.java:420) received no response from STUN server stunserver.org/69.172.201.153:3478 at local address /192.168.2.105:0
WARN  2017-04-22 20:35:15,833 (StunServiceImpl.java:420) received no response from STUN server stunserver.org/69.172.201.153:3478 at local address /192.168.56.1:0
ERROR 2017-04-23 09:47:36,112 (XMPPConnectionService.java:101) XMPP connection error: 
java.net.SocketException: Connection reset
	at java.net.SocketInputStream.read(Unknown Source)
	at java.net.SocketInputStream.read(Unknown Source)
	at sun.security.ssl.InputRecord.readFully(Unknown Source)
	at sun.security.ssl.InputRecord.read(Unknown Source)
	at sun.security.ssl.SSLSocketImpl.readRecord(Unknown Source)
	at sun.security.ssl.SSLSocketImpl.readDataRecord(Unknown Source)
	at sun.security.ssl.AppInputStream.read(Unknown Source)
	at sun.nio.cs.StreamDecoder.readBytes(Unknown Source)
	at sun.nio.cs.StreamDecoder.implRead(Unknown Source)
	at sun.nio.cs.StreamDecoder.read(Unknown Source)
	at java.io.InputStreamReader.read(Unknown Source)
	at java.io.BufferedReader.fill(Unknown Source)
	at java.io.BufferedReader.read1(Unknown Source)
	at java.io.BufferedReader.read(Unknown Source)
	at org.xmlpull.mxp1.MXParser.fillBuf(MXParser.java:2992)
	at org.xmlpull.mxp1.MXParser.more(MXParser.java:3046)
	at org.xmlpull.mxp1.MXParser.nextImpl(MXParser.java:1144)
	at org.xmlpull.mxp1.MXParser.next(MXParser.java:1093)
	at org.jivesoftware.smack.PacketReader.parsePackets(PacketReader.java:312)
	at org.jivesoftware.smack.PacketReader.access$000(PacketReader.java:48)
	at org.jivesoftware.smack.PacketReader$1.run(PacketReader.java:76)
ERROR 2017-04-23 09:47:36,197 (XMPPConnectionService.java:400)  new connection state == ERROR
java.net.SocketException: Connection reset
	at java.net.SocketInputStream.read(Unknown Source)
	at java.net.SocketInputStream.read(Unknown Source)
	at sun.security.ssl.InputRecord.readFully(Unknown Source)
	at sun.security.ssl.InputRecord.read(Unknown Source)
	at sun.security.ssl.SSLSocketImpl.readRecord(Unknown Source)
	at sun.security.ssl.SSLSocketImpl.readDataRecord(Unknown Source)
	at sun.security.ssl.AppInputStream.read(Unknown Source)
	at sun.nio.cs.StreamDecoder.readBytes(Unknown Source)
	at sun.nio.cs.StreamDecoder.implRead(Unknown Source)
	at sun.nio.cs.StreamDecoder.read(Unknown Source)
	at java.io.InputStreamReader.read(Unknown Source)
	at java.io.BufferedReader.fill(Unknown Source)
	at java.io.BufferedReader.read1(Unknown Source)
	at java.io.BufferedReader.read(Unknown Source)
	at org.xmlpull.mxp1.MXParser.fillBuf(MXParser.java:2992)
	at org.xmlpull.mxp1.MXParser.more(MXParser.java:3046)
	at org.xmlpull.mxp1.MXParser.nextImpl(MXParser.java:1144)
	at org.xmlpull.mxp1.MXParser.next(MXParser.java:1093)
	at org.jivesoftware.smack.PacketReader.parsePackets(PacketReader.java:312)
	at org.jivesoftware.smack.PacketReader.access$000(PacketReader.java:48)
	at org.jivesoftware.smack.PacketReader$1.run(PacketReader.java:76)
