INFO  2016-12-29 14:01:41,891 (Saros.java:220) Starting Saros 14.10.31 running:
  Java Version: 1.8.0_101
  Java Vendor: Oracle Corporation
  Eclipse Runtime Version: 3.12.0.v20160606-1342
  Operating System: Windows 10 (10.0)
  Hardware Architecture: amd64
INFO  2016-12-29 14:01:41,945 (SarosContext.java:153) creating Saros runtime context...
DEBUG 2016-12-29 14:01:42,014 (XMPPAccountStore.java:117) loading accounts from file: C:\Users\xyzer\.saros\config.dat
DEBUG 2016-12-29 14:01:42,364 (XMPPAccountStore.java:176) loaded 1 account(s)
INFO  2016-12-29 14:01:42,554 (SarosContext.java:199) successfully created Saros runtime context
DEBUG 2016-12-29 14:01:42,583 (DataTransferManager.java:467) used transport order for the current XMPP connection: [XMPP-Socks5-Transport, XMPP-IBB-Transport]
INFO  2016-12-29 14:01:42,608 (PreferenceInitializer.java:50) initializing preference default values
DEBUG 2016-12-29 14:01:42,659 (SarosAnnotation.java:117) resetting annotation colors
DEBUG 2016-12-29 14:01:42,668 (Saros.java:430) skipping conversion of old XMPP accounts, because there are already new ones
DEBUG 2016-12-29 14:02:03,201 (WhiteboardManager.java:194) WhiteboardManager instantiated
DEBUG 2016-12-29 14:02:03,235 (DocumentRecord.java:93) Added Node: attr(148301652323251615) name=svg
DEBUG 2016-12-29 14:02:03,307 (XMPPConnectionService.java:439) started Socks5 proxy on port: 7777 [listening on all interfaces]
DEBUG 2016-12-29 14:02:05,736 (XMPPConnectionService.java:459) using autodetected addresses: [192.168.2.110, fe80:0:0:0:50fa:8586:2f83:e7%eth2, 2001:0:5ef5:79fb:34e4:1ed5:a20b:8d53, fe80:0:0:0:34e4:1ed5:a20b:8d53%net6]
DEBUG 2016-12-29 14:02:05,746 (XMPPConnectionService.java:398)  new connection state == CONNECTING
DEBUG 2016-12-29 14:02:06,883 (XMPPConnectionService.java:398) xzer@saros-con.imp.fu-berlin.de/Saros new connection state == CONNECTED
DEBUG 2016-12-29 14:02:06,884 (DataTransferManager.java:467) used transport order for the current XMPP connection: [XMPP-Socks5-Transport, XMPP-IBB-Transport]
DEBUG 2016-12-29 14:02:06,888 (SkypeManager.java:289) Refreshing Skype username cache...
WARN  2016-12-29 14:02:16,034 (StunServiceImpl.java:420) received no response from STUN server stunserver.org/69.172.201.153:3478 at local address /192.168.2.110:0
DEBUG 2016-12-29 14:02:17,853 (SharedDocumentProvider.java:77) SharedDocumentProvider created by Eclipse
